<?xml version="1.0" encoding="UTF-8"?>
<coverage generated="1682728273126" clover="3.2.0">
  <project timestamp="1682728273126" name="All files">
    <metrics statements="16991" coveredstatements="10884" conditionals="4842" coveredconditionals="2661" methods="3008" coveredmethods="1754" elements="24841" coveredelements="15299" complexity="0" loc="16991" ncloc="16991" packages="87" files="199" classes="199"/>
    <package name="src">
      <metrics statements="4" coveredstatements="3" conditionals="2" coveredconditionals="1" methods="1" coveredmethods="0"/>
      <file name="main.ts" path="/Users/juliabian/Desktop/RecipeSage/packages/frontend/src/main.ts">
        <metrics statements="3" coveredstatements="2" conditionals="2" coveredconditionals="1" methods="1" coveredmethods="0"/>
        <line num="5" count="133" type="cond" truecount="1" falsecount="1"/>
        <line num="6" count="0" type="stmt"/>
        <line num="8" count="133" type="stmt"/>
      </file>
      <file name="polyfills.ts" path="/Users/juliabian/Desktop/RecipeSage/packages/frontend/src/polyfills.ts">
        <metrics statements="0" coveredstatements="0" conditionals="0" coveredconditionals="0" methods="0" coveredmethods="0"/>
      </file>
      <file name="zone-flags.ts" path="/Users/juliabian/Desktop/RecipeSage/packages/frontend/src/zone-flags.ts">
        <metrics statements="1" coveredstatements="1" conditionals="0" coveredconditionals="0" methods="0" coveredmethods="0"/>
        <line num="5" count="133" type="stmt"/>
      </file>
    </package>
    <package name="src.app">
      <metrics statements="335" coveredstatements="281" conditionals="96" coveredconditionals="68" methods="123" coveredmethods="112"/>
      <file name="app-routing.module.ts" path="/Users/juliabian/Desktop/RecipeSage/packages/frontend/src/app/app-routing.module.ts">
        <metrics statements="40" coveredstatements="40" conditionals="2" coveredconditionals="2" methods="68" coveredmethods="68"/>
        <line num="7" count="133" type="stmt"/>
        <line num="9" count="133" type="stmt"/>
        <line num="15" count="133" type="stmt"/>
        <line num="19" count="133" type="stmt"/>
        <line num="22" count="133" type="stmt"/>
        <line num="26" count="133" type="stmt"/>
        <line num="30" count="133" type="stmt"/>
        <line num="34" count="133" type="stmt"/>
        <line num="38" count="133" type="stmt"/>
        <line num="42" count="133" type="stmt"/>
        <line num="46" count="133" type="stmt"/>
        <line num="50" count="133" type="stmt"/>
        <line num="54" count="133" type="stmt"/>
        <line num="58" count="133" type="stmt"/>
        <line num="62" count="133" type="stmt"/>
        <line num="66" count="133" type="stmt"/>
        <line num="70" count="133" type="stmt"/>
        <line num="74" count="133" type="stmt"/>
        <line num="78" count="133" type="stmt"/>
        <line num="82" count="133" type="stmt"/>
        <line num="86" count="133" type="stmt"/>
        <line num="90" count="133" type="stmt"/>
        <line num="94" count="133" type="stmt"/>
        <line num="98" count="133" type="stmt"/>
        <line num="102" count="133" type="stmt"/>
        <line num="106" count="133" type="stmt"/>
        <line num="110" count="133" type="stmt"/>
        <line num="114" count="133" type="stmt"/>
        <line num="118" count="133" type="stmt"/>
        <line num="122" count="133" type="stmt"/>
        <line num="126" count="133" type="stmt"/>
        <line num="130" count="133" type="stmt"/>
        <line num="134" count="133" type="stmt"/>
        <line num="154" count="133" type="stmt"/>
        <line num="156" count="133" type="stmt"/>
        <line num="158" count="133" type="stmt"/>
        <line num="159" count="133" type="cond" truecount="2" falsecount="0"/>
        <line num="161" count="133" type="stmt"/>
        <line num="164" count="133" type="stmt"/>
        <line num="170" count="133" type="stmt"/>
      </file>
      <file name="app.component.ts" path="/Users/juliabian/Desktop/RecipeSage/packages/frontend/src/app/app.component.ts">
        <metrics statements="244" coveredstatements="195" conditionals="72" coveredconditionals="51" methods="43" coveredmethods="32"/>
        <line num="42" count="531" type="cond" truecount="2" falsecount="0"/>
        <line num="43" count="7" type="stmt"/>
        <line num="44" count="7" type="stmt"/>
        <line num="45" count="7" type="stmt"/>
        <line num="47" count="531" type="cond" truecount="2" falsecount="0"/>
        <line num="48" count="524" type="stmt"/>
        <line num="49" count="524" type="stmt"/>
        <line num="50" count="524" type="stmt"/>
        <line num="54" count="0" type="cond" truecount="0" falsecount="2"/>
        <line num="55" count="0" type="stmt"/>
        <line num="56" count="0" type="stmt"/>
        <line num="57" count="0" type="stmt"/>
        <line num="59" count="0" type="cond" truecount="0" falsecount="2"/>
        <line num="60" count="0" type="stmt"/>
        <line num="61" count="0" type="stmt"/>
        <line num="62" count="0" type="stmt"/>
        <line num="65" count="133" type="stmt"/>
        <line num="66" count="6457" type="stmt"/>
        <line num="69" count="313986" type="cond" truecount="2" falsecount="0"/>
        <line num="70" count="6324" type="stmt"/>
        <line num="71" count="6324" type="stmt"/>
        <line num="72" count="6324" type="stmt"/>
        <line num="73" count="6324" type="stmt"/>
        <line num="74" count="6324" type="stmt"/>
        <line num="75" count="6324" type="stmt"/>
        <line num="76" count="6324" type="stmt"/>
        <line num="77" count="6324" type="stmt"/>
        <line num="79" count="313986" type="cond" truecount="2" falsecount="0"/>
        <line num="80" count="307662" type="stmt"/>
        <line num="81" count="307662" type="stmt"/>
        <line num="82" count="307662" type="stmt"/>
        <line num="83" count="307662" type="stmt"/>
        <line num="84" count="307662" type="stmt"/>
        <line num="85" count="307662" type="stmt"/>
        <line num="86" count="307662" type="stmt"/>
        <line num="87" count="307662" type="stmt"/>
        <line num="88" count="307662" type="stmt"/>
        <line num="89" count="307662" type="cond" truecount="2" falsecount="0"/>
        <line num="90" count="307662" type="stmt"/>
        <line num="91" count="307662" type="cond" truecount="2" falsecount="0"/>
        <line num="95" count="16694" type="cond" truecount="2" falsecount="0"/>
        <line num="96" count="119" type="stmt"/>
        <line num="97" count="119" type="stmt"/>
        <line num="98" count="119" type="stmt"/>
        <line num="99" count="8" type="stmt"/>
        <line num="100" count="8" type="stmt"/>
        <line num="101" count="8" type="stmt"/>
        <line num="103" count="119" type="stmt"/>
        <line num="104" count="119" type="stmt"/>
        <line num="105" count="119" type="stmt"/>
        <line num="106" count="119" type="stmt"/>
        <line num="110" count="31" type="cond" truecount="2" falsecount="0"/>
        <line num="111" count="1" type="stmt"/>
        <line num="114" count="133" type="stmt"/>
        <line num="115" count="134" type="stmt"/>
        <line num="119" count="133" type="stmt"/>
        <line num="122" count="133" type="stmt"/>
        <line num="123" count="133" type="stmt"/>
        <line num="124" count="133" type="stmt"/>
        <line num="125" count="133" type="stmt"/>
        <line num="126" count="133" type="stmt"/>
        <line num="127" count="133" type="stmt"/>
        <line num="128" count="133" type="stmt"/>
        <line num="129" count="133" type="stmt"/>
        <line num="130" count="133" type="stmt"/>
        <line num="131" count="133" type="stmt"/>
        <line num="132" count="133" type="stmt"/>
        <line num="133" count="133" type="stmt"/>
        <line num="134" count="133" type="stmt"/>
        <line num="135" count="133" type="stmt"/>
        <line num="136" count="133" type="stmt"/>
        <line num="137" count="133" type="stmt"/>
        <line num="138" count="133" type="stmt"/>
        <line num="139" count="133" type="stmt"/>
        <line num="140" count="133" type="stmt"/>
        <line num="141" count="133" type="stmt"/>
        <line num="142" count="133" type="stmt"/>
        <line num="143" count="133" type="stmt"/>
        <line num="144" count="133" type="stmt"/>
        <line num="145" count="133" type="stmt"/>
        <line num="146" count="133" type="stmt"/>
        <line num="147" count="133" type="stmt"/>
        <line num="148" count="133" type="stmt"/>
        <line num="149" count="133" type="stmt"/>
        <line num="150" count="133" type="stmt"/>
        <line num="151" count="133" type="stmt"/>
        <line num="152" count="133" type="cond" truecount="2" falsecount="0"/>
        <line num="153" count="133" type="cond" truecount="1" falsecount="1"/>
        <line num="154" count="0" type="stmt"/>
        <line num="156" count="133" type="stmt"/>
        <line num="157" count="133" type="stmt"/>
        <line num="158" count="133" type="stmt"/>
        <line num="159" count="133" type="stmt"/>
        <line num="160" count="133" type="stmt"/>
        <line num="161" count="133" type="cond" truecount="5" falsecount="0"/>
        <line num="162" count="4" type="stmt"/>
        <line num="164" count="133" type="stmt"/>
        <line num="165" count="133" type="stmt"/>
        <line num="169" count="589" type="stmt"/>
        <line num="170" count="589" type="cond" truecount="2" falsecount="3"/>
        <line num="171" count="0" type="stmt"/>
        <line num="172" count="0" type="stmt"/>
        <line num="173" count="0" type="stmt"/>
        <line num="174" count="0" type="stmt"/>
        <line num="180" count="0" type="stmt"/>
        <line num="181" count="0" type="stmt"/>
        <line num="185" count="0" type="stmt"/>
        <line num="190" count="0" type="cond" truecount="0" falsecount="2"/>
        <line num="193" count="0" type="stmt"/>
        <line num="194" count="0" type="stmt"/>
        <line num="195" count="0" type="stmt"/>
        <line num="196" count="0" type="stmt"/>
        <line num="197" count="0" type="stmt"/>
        <line num="198" count="0" type="stmt"/>
        <line num="199" count="0" type="stmt"/>
        <line num="200" count="0" type="stmt"/>
        <line num="201" count="0" type="stmt"/>
        <line num="202" count="0" type="stmt"/>
        <line num="203" count="0" type="stmt"/>
        <line num="204" count="0" type="stmt"/>
        <line num="207" count="133" type="stmt"/>
        <line num="210" count="133" type="stmt"/>
        <line num="211" count="0" type="stmt"/>
        <line num="213" count="133" type="stmt"/>
        <line num="214" count="0" type="stmt"/>
        <line num="216" count="133" type="stmt"/>
        <line num="217" count="0" type="stmt"/>
        <line num="219" count="133" type="stmt"/>
        <line num="220" count="115" type="stmt"/>
        <line num="221" count="115" type="stmt"/>
        <line num="222" count="115" type="stmt"/>
        <line num="223" count="115" type="stmt"/>
        <line num="225" count="133" type="stmt"/>
        <line num="226" count="0" type="cond" truecount="0" falsecount="2"/>
        <line num="227" count="0" type="cond" truecount="0" falsecount="2"/>
        <line num="228" count="0" type="stmt"/>
        <line num="229" count="0" type="stmt"/>
        <line num="236" count="0" type="stmt"/>
        <line num="240" count="0" type="stmt"/>
        <line num="244" count="837" type="stmt"/>
        <line num="247" count="837" type="stmt"/>
        <line num="248" count="837" type="stmt"/>
        <line num="252" count="837" type="stmt"/>
        <line num="253" count="837" type="stmt"/>
        <line num="254" count="837" type="stmt"/>
        <line num="255" count="837" type="stmt"/>
        <line num="256" count="837" type="stmt"/>
        <line num="257" count="837" type="stmt"/>
        <line num="258" count="837" type="stmt"/>
        <line num="259" count="837" type="stmt"/>
        <line num="260" count="837" type="stmt"/>
        <line num="261" count="837" type="stmt"/>
        <line num="262" count="837" type="stmt"/>
        <line num="263" count="837" type="stmt"/>
        <line num="264" count="837" type="stmt"/>
        <line num="265" count="837" type="stmt"/>
        <line num="266" count="837" type="stmt"/>
        <line num="267" count="837" type="stmt"/>
        <line num="268" count="837" type="stmt"/>
        <line num="269" count="837" type="stmt"/>
        <line num="270" count="837" type="stmt"/>
        <line num="301" count="837" type="stmt"/>
        <line num="362" count="837" type="cond" truecount="2" falsecount="0"/>
        <line num="363" count="7656" type="stmt"/>
        <line num="367" count="248" type="stmt"/>
        <line num="368" count="248" type="cond" truecount="2" falsecount="0"/>
        <line num="369" count="119" type="stmt"/>
        <line num="372" count="118" type="cond" truecount="1" falsecount="1"/>
        <line num="373" count="118" type="stmt"/>
        <line num="378" count="248" type="stmt"/>
        <line num="379" count="248" type="cond" truecount="2" falsecount="0"/>
        <line num="380" count="119" type="stmt"/>
        <line num="383" count="118" type="cond" truecount="1" falsecount="1"/>
        <line num="384" count="118" type="cond" truecount="5" falsecount="1"/>
        <line num="388" count="133" type="stmt"/>
        <line num="389" count="133" type="stmt"/>
        <line num="390" count="133" type="stmt"/>
        <line num="391" count="133" type="stmt"/>
        <line num="394" count="133" type="stmt"/>
        <line num="395" count="18971" type="cond" truecount="2" falsecount="0"/>
        <line num="396" count="589" type="stmt"/>
        <line num="397" count="589" type="stmt"/>
        <line num="398" count="589" type="stmt"/>
        <line num="399" count="589" type="stmt"/>
        <line num="400" count="589" type="stmt"/>
        <line num="401" count="589" type="stmt"/>
        <line num="402" count="589" type="cond" truecount="1" falsecount="1"/>
        <line num="403" count="0" type="cond" truecount="0" falsecount="2"/>
        <line num="404" count="0" type="stmt"/>
        <line num="405" count="0" type="stmt"/>
        <line num="406" count="0" type="stmt"/>
        <line num="408" count="0" type="stmt"/>
        <line num="409" count="0" type="stmt"/>
        <line num="411" count="0" type="stmt"/>
        <line num="412" count="0" type="stmt"/>
        <line num="413" count="0" type="stmt"/>
        <line num="414" count="0" type="stmt"/>
        <line num="416" count="0" type="stmt"/>
        <line num="421" count="8" type="stmt"/>
        <line num="422" count="8" type="stmt"/>
        <line num="425" count="8" type="stmt"/>
        <line num="426" count="8" type="stmt"/>
        <line num="429" count="8" type="stmt"/>
        <line num="432" count="133" type="stmt"/>
        <line num="433" count="133" type="cond" truecount="2" falsecount="0"/>
        <line num="435" count="133" type="stmt"/>
        <line num="442" count="35538" type="cond" truecount="2" falsecount="0"/>
        <line num="443" count="133" type="stmt"/>
        <line num="444" count="133" type="stmt"/>
        <line num="445" count="133" type="stmt"/>
        <line num="446" count="133" type="stmt"/>
        <line num="447" count="133" type="stmt"/>
        <line num="448" count="133" type="stmt"/>
        <line num="449" count="133" type="stmt"/>
        <line num="450" count="133" type="stmt"/>
        <line num="451" count="133" type="stmt"/>
        <line num="452" count="133" type="stmt"/>
        <line num="453" count="133" type="stmt"/>
        <line num="454" count="133" type="stmt"/>
        <line num="455" count="133" type="stmt"/>
        <line num="456" count="133" type="stmt"/>
        <line num="457" count="133" type="stmt"/>
        <line num="458" count="133" type="stmt"/>
        <line num="459" count="133" type="stmt"/>
        <line num="460" count="133" type="stmt"/>
        <line num="462" count="35538" type="cond" truecount="2" falsecount="0"/>
        <line num="463" count="35405" type="stmt"/>
        <line num="464" count="35405" type="stmt"/>
        <line num="465" count="35405" type="cond" truecount="2" falsecount="0"/>
        <line num="466" count="35405" type="stmt"/>
        <line num="467" count="35405" type="cond" truecount="1" falsecount="1"/>
        <line num="468" count="35405" type="stmt"/>
        <line num="469" count="35405" type="stmt"/>
        <line num="470" count="35405" type="stmt"/>
        <line num="471" count="35405" type="stmt"/>
        <line num="472" count="35405" type="stmt"/>
        <line num="473" count="35405" type="stmt"/>
        <line num="474" count="35405" type="stmt"/>
        <line num="475" count="35405" type="stmt"/>
        <line num="476" count="35405" type="stmt"/>
        <line num="477" count="35405" type="stmt"/>
        <line num="478" count="35405" type="stmt"/>
        <line num="479" count="35405" type="stmt"/>
        <line num="485" count="133" type="stmt"/>
      </file>
      <file name="app.module.ts" path="/Users/juliabian/Desktop/RecipeSage/packages/frontend/src/app/app.module.ts">
        <metrics statements="45" coveredstatements="40" conditionals="20" coveredconditionals="13" methods="10" coveredmethods="10"/>
        <line num="22" count="133" type="stmt"/>
        <line num="23" count="140" type="stmt"/>
        <line num="24" count="140" type="stmt"/>
        <line num="25" count="140" type="cond" truecount="2" falsecount="2"/>
        <line num="26" count="0" type="stmt"/>
        <line num="27" count="0" type="stmt"/>
        <line num="28" count="0" type="cond" truecount="0" falsecount="2"/>
        <line num="29" count="0" type="stmt"/>
        <line num="32" count="140" type="stmt"/>
        <line num="34" count="133" type="stmt"/>
        <line num="35" count="58" type="stmt"/>
        <line num="36" count="58" type="stmt"/>
        <line num="38" count="133" type="stmt"/>
        <line num="39" count="133" type="stmt"/>
        <line num="40" count="82" type="stmt"/>
        <line num="41" count="82" type="stmt"/>
        <line num="43" count="82" type="stmt"/>
        <line num="45" count="133" type="stmt"/>
        <line num="51" count="58" type="stmt"/>
        <line num="52" count="58" type="cond" truecount="1" falsecount="1"/>
        <line num="53" count="58" type="cond" truecount="1" falsecount="1"/>
        <line num="54" count="58" type="stmt"/>
        <line num="58" count="133" type="stmt"/>
        <line num="59" count="133" type="stmt"/>
        <line num="60" count="133" type="stmt"/>
        <line num="62" count="133" type="stmt"/>
        <line num="65" count="82" type="stmt"/>
        <line num="66" count="82" type="stmt"/>
        <line num="67" count="82" type="stmt"/>
        <line num="68" count="82" type="stmt"/>
        <line num="70" count="82" type="stmt"/>
        <line num="71" count="82" type="stmt"/>
        <line num="76" count="82" type="cond" truecount="2" falsecount="0"/>
        <line num="78" count="0" type="stmt"/>
        <line num="82" count="133" type="stmt"/>
        <line num="84" count="133" type="stmt"/>
        <line num="85" count="133" type="cond" truecount="4" falsecount="0"/>
        <line num="88" count="133" type="stmt"/>
        <line num="92" count="133" type="stmt"/>
        <line num="94" count="133" type="stmt"/>
        <line num="96" count="133" type="stmt"/>
        <line num="97" count="133" type="cond" truecount="2" falsecount="0"/>
        <line num="99" count="133" type="stmt"/>
        <line num="103" count="133" type="stmt"/>
        <line num="120" count="133" type="stmt"/>
      </file>
      <file name="global.module.ts" path="/Users/juliabian/Desktop/RecipeSage/packages/frontend/src/app/global.module.ts">
        <metrics statements="6" coveredstatements="6" conditionals="2" coveredconditionals="2" methods="2" coveredmethods="2"/>
        <line num="3" count="133" type="stmt"/>
        <line num="5" count="133" type="stmt"/>
        <line num="6" count="4522" type="cond" truecount="2" falsecount="0"/>
        <line num="8" count="133" type="stmt"/>
        <line num="11" count="133" type="stmt"/>
        <line num="14" count="133" type="stmt"/>
      </file>
    </package>
    <package name="src.app.components.cooking-toolbar">
      <metrics statements="66" coveredstatements="48" conditionals="18" coveredconditionals="14" methods="15" coveredmethods="8"/>
      <file name="cooking-toolbar.component.ts" path="/Users/juliabian/Desktop/RecipeSage/packages/frontend/src/app/components/cooking-toolbar/cooking-toolbar.component.ts">
        <metrics statements="60" coveredstatements="42" conditionals="16" coveredconditionals="12" methods="13" coveredmethods="6"/>
        <line num="12" count="0" type="cond" truecount="0" falsecount="2"/>
        <line num="13" count="0" type="stmt"/>
        <line num="15" count="0" type="cond" truecount="0" falsecount="2"/>
        <line num="16" count="0" type="stmt"/>
        <line num="17" count="0" type="stmt"/>
        <line num="21" count="31" type="cond" truecount="2" falsecount="0"/>
        <line num="22" count="1" type="stmt"/>
        <line num="26" count="31" type="cond" truecount="2" falsecount="0"/>
        <line num="27" count="1" type="stmt"/>
        <line num="28" count="1" type="stmt"/>
        <line num="29" count="1" type="stmt"/>
        <line num="30" count="0" type="stmt"/>
        <line num="31" count="0" type="stmt"/>
        <line num="32" count="0" type="stmt"/>
        <line num="33" count="0" type="stmt"/>
        <line num="35" count="1" type="stmt"/>
        <line num="36" count="1" type="stmt"/>
        <line num="37" count="1" type="stmt"/>
        <line num="38" count="1" type="stmt"/>
        <line num="39" count="1" type="stmt"/>
        <line num="40" count="1" type="stmt"/>
        <line num="41" count="1" type="stmt"/>
        <line num="43" count="31" type="cond" truecount="2" falsecount="0"/>
        <line num="44" count="30" type="stmt"/>
        <line num="45" count="30" type="stmt"/>
        <line num="46" count="30" type="stmt"/>
        <line num="47" count="30" type="stmt"/>
        <line num="48" count="30" type="stmt"/>
        <line num="49" count="30" type="stmt"/>
        <line num="50" count="30" type="stmt"/>
        <line num="53" count="133" type="stmt"/>
        <line num="56" count="1" type="stmt"/>
        <line num="57" count="1" type="stmt"/>
        <line num="58" count="1" type="stmt"/>
        <line num="59" count="1" type="stmt"/>
        <line num="62" count="0" type="stmt"/>
        <line num="65" count="0" type="stmt"/>
        <line num="66" count="0" type="stmt"/>
        <line num="67" count="0" type="stmt"/>
        <line num="68" count="0" type="stmt"/>
        <line num="69" count="0" type="stmt"/>
        <line num="77" count="0" type="stmt"/>
        <line num="81" count="0" type="stmt"/>
        <line num="85" count="133" type="stmt"/>
        <line num="86" count="1" type="cond" truecount="2" falsecount="0"/>
        <line num="88" count="133" type="stmt"/>
        <line num="95" count="31" type="cond" truecount="2" falsecount="0"/>
        <line num="96" count="1" type="stmt"/>
        <line num="97" count="1" type="stmt"/>
        <line num="98" count="1" type="stmt"/>
        <line num="99" count="1" type="stmt"/>
        <line num="100" count="1" type="stmt"/>
        <line num="101" count="1" type="stmt"/>
        <line num="102" count="1" type="stmt"/>
        <line num="103" count="0" type="stmt"/>
        <line num="105" count="1" type="stmt"/>
        <line num="107" count="31" type="cond" truecount="2" falsecount="0"/>
        <line num="108" count="30" type="stmt"/>
        <line num="109" count="30" type="stmt"/>
        <line num="115" count="133" type="stmt"/>
      </file>
      <file name="cooking-toolbar.module.ts" path="/Users/juliabian/Desktop/RecipeSage/packages/frontend/src/app/components/cooking-toolbar/cooking-toolbar.module.ts">
        <metrics statements="6" coveredstatements="6" conditionals="2" coveredconditionals="2" methods="2" coveredmethods="2"/>
        <line num="5" count="133" type="stmt"/>
        <line num="7" count="133" type="stmt"/>
        <line num="8" count="133" type="cond" truecount="2" falsecount="0"/>
        <line num="10" count="133" type="stmt"/>
        <line num="13" count="133" type="stmt"/>
        <line num="16" count="133" type="stmt"/>
      </file>
    </package>
    <package name="src.app.components.copy-with-webshare">
      <metrics statements="79" coveredstatements="60" conditionals="20" coveredconditionals="16" methods="15" coveredmethods="9"/>
      <file name="copy-with-webshare.component.ts" path="/Users/juliabian/Desktop/RecipeSage/packages/frontend/src/app/components/copy-with-webshare/copy-with-webshare.component.ts">
        <metrics statements="73" coveredstatements="54" conditionals="18" coveredconditionals="14" methods="13" coveredmethods="7"/>
        <line num="8" count="12" type="cond" truecount="2" falsecount="0"/>
        <line num="9" count="1" type="stmt"/>
        <line num="10" count="1" type="stmt"/>
        <line num="11" count="1" type="stmt"/>
        <line num="12" count="1" type="stmt"/>
        <line num="14" count="12" type="cond" truecount="2" falsecount="0"/>
        <line num="15" count="11" type="stmt"/>
        <line num="16" count="11" type="stmt"/>
        <line num="20" count="0" type="cond" truecount="0" falsecount="2"/>
        <line num="21" count="0" type="stmt"/>
        <line num="22" count="0" type="stmt"/>
        <line num="23" count="0" type="stmt"/>
        <line num="24" count="0" type="stmt"/>
        <line num="25" count="0" type="stmt"/>
        <line num="26" count="0" type="stmt"/>
        <line num="28" count="0" type="stmt"/>
        <line num="29" count="0" type="stmt"/>
        <line num="33" count="12" type="cond" truecount="2" falsecount="0"/>
        <line num="34" count="1" type="stmt"/>
        <line num="35" count="1" type="stmt"/>
        <line num="36" count="1" type="stmt"/>
        <line num="37" count="0" type="stmt"/>
        <line num="38" count="0" type="stmt"/>
        <line num="39" count="0" type="stmt"/>
        <line num="41" count="1" type="stmt"/>
        <line num="42" count="1" type="stmt"/>
        <line num="45" count="133" type="stmt"/>
        <line num="46" count="1" type="stmt"/>
        <line num="50" count="133" type="stmt"/>
        <line num="53" count="1" type="stmt"/>
        <line num="54" count="1" type="stmt"/>
        <line num="57" count="0" type="stmt"/>
        <line num="58" count="0" type="cond" truecount="0" falsecount="2"/>
        <line num="59" count="0" type="stmt"/>
        <line num="60" count="0" type="stmt"/>
        <line num="72" count="0" type="stmt"/>
        <line num="73" count="0" type="stmt"/>
        <line num="74" count="0" type="stmt"/>
        <line num="77" count="133" type="stmt"/>
        <line num="78" count="1" type="cond" truecount="2" falsecount="0"/>
        <line num="80" count="133" type="stmt"/>
        <line num="93" count="12" type="cond" truecount="2" falsecount="0"/>
        <line num="94" count="1" type="stmt"/>
        <line num="95" count="1" type="stmt"/>
        <line num="96" count="1" type="stmt"/>
        <line num="97" count="1" type="stmt"/>
        <line num="98" count="1" type="stmt"/>
        <line num="99" count="1" type="stmt"/>
        <line num="100" count="1" type="stmt"/>
        <line num="101" count="1" type="stmt"/>
        <line num="102" count="1" type="stmt"/>
        <line num="103" count="1" type="stmt"/>
        <line num="104" count="1" type="stmt"/>
        <line num="105" count="1" type="stmt"/>
        <line num="106" count="1" type="stmt"/>
        <line num="107" count="1" type="stmt"/>
        <line num="108" count="1" type="stmt"/>
        <line num="110" count="12" type="cond" truecount="2" falsecount="0"/>
        <line num="111" count="11" type="stmt"/>
        <line num="112" count="11" type="stmt"/>
        <line num="113" count="11" type="stmt"/>
        <line num="114" count="11" type="stmt"/>
        <line num="115" count="11" type="stmt"/>
        <line num="116" count="11" type="stmt"/>
        <line num="117" count="11" type="stmt"/>
        <line num="118" count="11" type="stmt"/>
        <line num="119" count="11" type="stmt"/>
        <line num="120" count="11" type="stmt"/>
        <line num="121" count="11" type="stmt"/>
        <line num="122" count="11" type="cond" truecount="2" falsecount="0"/>
        <line num="123" count="11" type="stmt"/>
        <line num="124" count="11" type="stmt"/>
        <line num="130" count="133" type="stmt"/>
      </file>
      <file name="copy-with-webshare.module.ts" path="/Users/juliabian/Desktop/RecipeSage/packages/frontend/src/app/components/copy-with-webshare/copy-with-webshare.module.ts">
        <metrics statements="6" coveredstatements="6" conditionals="2" coveredconditionals="2" methods="2" coveredmethods="2"/>
        <line num="6" count="133" type="stmt"/>
        <line num="8" count="133" type="stmt"/>
        <line num="9" count="399" type="cond" truecount="2" falsecount="0"/>
        <line num="11" count="133" type="stmt"/>
        <line num="14" count="133" type="stmt"/>
        <line num="17" count="133" type="stmt"/>
      </file>
    </package>
    <package name="src.app.components.logo-icon">
      <metrics statements="22" coveredstatements="22" conditionals="8" coveredconditionals="8" methods="7" coveredmethods="7"/>
      <file name="logo-icon.component.ts" path="/Users/juliabian/Desktop/RecipeSage/packages/frontend/src/app/components/logo-icon/logo-icon.component.ts">
        <metrics statements="16" coveredstatements="16" conditionals="6" coveredconditionals="6" methods="5" coveredmethods="5"/>
        <line num="3" count="133" type="stmt"/>
        <line num="4" count="157" type="stmt"/>
        <line num="8" count="133" type="stmt"/>
        <line num="12" count="133" type="stmt"/>
        <line num="13" count="157" type="cond" truecount="2" falsecount="0"/>
        <line num="15" count="133" type="stmt"/>
        <line num="26" count="5985" type="cond" truecount="2" falsecount="0"/>
        <line num="27" count="157" type="stmt"/>
        <line num="28" count="157" type="stmt"/>
        <line num="29" count="157" type="stmt"/>
        <line num="31" count="5985" type="cond" truecount="2" falsecount="0"/>
        <line num="32" count="5828" type="stmt"/>
        <line num="33" count="5828" type="stmt"/>
        <line num="34" count="5828" type="stmt"/>
        <line num="35" count="5828" type="stmt"/>
        <line num="41" count="133" type="stmt"/>
      </file>
      <file name="logo-icon.module.ts" path="/Users/juliabian/Desktop/RecipeSage/packages/frontend/src/app/components/logo-icon/logo-icon.module.ts">
        <metrics statements="6" coveredstatements="6" conditionals="2" coveredconditionals="2" methods="2" coveredmethods="2"/>
        <line num="5" count="133" type="stmt"/>
        <line num="7" count="133" type="stmt"/>
        <line num="8" count="798" type="cond" truecount="2" falsecount="0"/>
        <line num="10" count="133" type="stmt"/>
        <line num="13" count="133" type="stmt"/>
        <line num="16" count="133" type="stmt"/>
      </file>
    </package>
    <package name="src.app.components.meal-calendar">
      <metrics statements="337" coveredstatements="191" conditionals="119" coveredconditionals="60" methods="64" coveredmethods="37"/>
      <file name="meal-calendar.component.ts" path="/Users/juliabian/Desktop/RecipeSage/packages/frontend/src/app/components/meal-calendar/meal-calendar.component.ts">
        <metrics statements="331" coveredstatements="185" conditionals="117" coveredconditionals="58" methods="62" coveredmethods="35"/>
        <line num="13" count="13797" type="cond" truecount="2" falsecount="0"/>
        <line num="14" count="91" type="stmt"/>
        <line num="15" count="91" type="stmt"/>
        <line num="16" count="91" type="stmt"/>
        <line num="18" count="13797" type="cond" truecount="2" falsecount="0"/>
        <line num="19" count="13706" type="stmt"/>
        <line num="20" count="13706" type="stmt"/>
        <line num="21" count="13706" type="stmt"/>
        <line num="25" count="82782" type="cond" truecount="2" falsecount="0"/>
        <line num="26" count="546" type="stmt"/>
        <line num="27" count="546" type="stmt"/>
        <line num="28" count="546" type="stmt"/>
        <line num="29" count="6" type="stmt"/>
        <line num="30" count="6" type="stmt"/>
        <line num="31" count="6" type="stmt"/>
        <line num="33" count="0" type="stmt"/>
        <line num="34" count="0" type="stmt"/>
        <line num="35" count="0" type="stmt"/>
        <line num="37" count="546" type="stmt"/>
        <line num="39" count="82782" type="cond" truecount="2" falsecount="0"/>
        <line num="40" count="82236" type="stmt"/>
        <line num="41" count="82236" type="stmt"/>
        <line num="42" count="82236" type="stmt"/>
        <line num="43" count="82236" type="stmt"/>
        <line num="47" count="0" type="cond" truecount="0" falsecount="2"/>
        <line num="48" count="0" type="stmt"/>
        <line num="52" count="0" type="cond" truecount="0" falsecount="2"/>
        <line num="53" count="0" type="stmt"/>
        <line num="54" count="0" type="stmt"/>
        <line num="55" count="0" type="stmt"/>
        <line num="57" count="0" type="cond" truecount="0" falsecount="2"/>
        <line num="58" count="0" type="stmt"/>
        <line num="59" count="0" type="stmt"/>
        <line num="60" count="0" type="stmt"/>
        <line num="61" count="0" type="stmt"/>
        <line num="64" count="133" type="stmt"/>
        <line num="65" count="574" type="stmt"/>
        <line num="70" count="133" type="stmt"/>
        <line num="71" count="574" type="stmt"/>
        <line num="78" count="82782" type="cond" truecount="2" falsecount="0"/>
        <line num="79" count="546" type="stmt"/>
        <line num="80" count="546" type="stmt"/>
        <line num="81" count="546" type="stmt"/>
        <line num="82" count="0" type="stmt"/>
        <line num="83" count="0" type="stmt"/>
        <line num="84" count="0" type="stmt"/>
        <line num="85" count="0" type="stmt"/>
        <line num="87" count="20" type="stmt"/>
        <line num="88" count="20" type="stmt"/>
        <line num="89" count="20" type="stmt"/>
        <line num="90" count="20" type="stmt"/>
        <line num="92" count="20" type="stmt"/>
        <line num="93" count="20" type="stmt"/>
        <line num="94" count="20" type="stmt"/>
        <line num="95" count="20" type="stmt"/>
        <line num="97" count="20" type="stmt"/>
        <line num="98" count="20" type="stmt"/>
        <line num="99" count="20" type="stmt"/>
        <line num="100" count="20" type="stmt"/>
        <line num="102" count="0" type="stmt"/>
        <line num="103" count="0" type="stmt"/>
        <line num="104" count="0" type="stmt"/>
        <line num="105" count="0" type="stmt"/>
        <line num="107" count="0" type="stmt"/>
        <line num="108" count="0" type="stmt"/>
        <line num="109" count="0" type="stmt"/>
        <line num="110" count="0" type="stmt"/>
        <line num="112" count="546" type="stmt"/>
        <line num="113" count="546" type="stmt"/>
        <line num="114" count="546" type="stmt"/>
        <line num="115" count="546" type="stmt"/>
        <line num="116" count="546" type="stmt"/>
        <line num="117" count="546" type="stmt"/>
        <line num="119" count="82782" type="cond" truecount="2" falsecount="0"/>
        <line num="120" count="82236" type="stmt"/>
        <line num="121" count="82236" type="stmt"/>
        <line num="122" count="82236" type="cond" truecount="5" falsecount="0"/>
        <line num="123" count="82236" type="stmt"/>
        <line num="124" count="82236" type="cond" truecount="5" falsecount="0"/>
        <line num="125" count="82236" type="stmt"/>
        <line num="126" count="82236" type="stmt"/>
        <line num="127" count="82236" type="stmt"/>
        <line num="128" count="82236" type="stmt"/>
        <line num="129" count="82236" type="stmt"/>
        <line num="130" count="82236" type="cond" truecount="2" falsecount="0"/>
        <line num="134" count="11826" type="cond" truecount="2" falsecount="0"/>
        <line num="135" count="78" type="stmt"/>
        <line num="136" count="78" type="stmt"/>
        <line num="137" count="78" type="stmt"/>
        <line num="139" count="11826" type="cond" truecount="2" falsecount="0"/>
        <line num="140" count="11748" type="stmt"/>
        <line num="141" count="11748" type="stmt"/>
        <line num="142" count="11748" type="stmt"/>
        <line num="146" count="0" type="cond" truecount="0" falsecount="2"/>
        <line num="147" count="0" type="stmt"/>
        <line num="148" count="0" type="stmt"/>
        <line num="149" count="0" type="stmt"/>
        <line num="150" count="0" type="stmt"/>
        <line num="151" count="0" type="stmt"/>
        <line num="152" count="0" type="stmt"/>
        <line num="154" count="0" type="cond" truecount="0" falsecount="2"/>
        <line num="155" count="0" type="stmt"/>
        <line num="156" count="0" type="stmt"/>
        <line num="157" count="0" type="stmt"/>
        <line num="158" count="0" type="stmt"/>
        <line num="159" count="0" type="stmt"/>
        <line num="163" count="0" type="cond" truecount="0" falsecount="2"/>
        <line num="164" count="0" type="stmt"/>
        <line num="165" count="0" type="stmt"/>
        <line num="166" count="0" type="stmt"/>
        <line num="167" count="0" type="stmt"/>
        <line num="169" count="0" type="cond" truecount="0" falsecount="2"/>
        <line num="170" count="0" type="stmt"/>
        <line num="171" count="0" type="stmt"/>
        <line num="175" count="0" type="cond" truecount="0" falsecount="2"/>
        <line num="176" count="0" type="stmt"/>
        <line num="177" count="0" type="stmt"/>
        <line num="178" count="0" type="stmt"/>
        <line num="179" count="0" type="stmt"/>
        <line num="181" count="0" type="cond" truecount="0" falsecount="2"/>
        <line num="182" count="0" type="stmt"/>
        <line num="183" count="0" type="stmt"/>
        <line num="184" count="0" type="stmt"/>
        <line num="185" count="0" type="stmt"/>
        <line num="186" count="0" type="stmt"/>
        <line num="190" count="0" type="cond" truecount="0" falsecount="2"/>
        <line num="191" count="0" type="stmt"/>
        <line num="192" count="0" type="stmt"/>
        <line num="193" count="0" type="stmt"/>
        <line num="194" count="0" type="stmt"/>
        <line num="195" count="0" type="stmt"/>
        <line num="196" count="0" type="stmt"/>
        <line num="198" count="0" type="cond" truecount="0" falsecount="2"/>
        <line num="199" count="0" type="stmt"/>
        <line num="200" count="0" type="stmt"/>
        <line num="204" count="0" type="cond" truecount="0" falsecount="2"/>
        <line num="205" count="0" type="stmt"/>
        <line num="206" count="0" type="stmt"/>
        <line num="207" count="0" type="stmt"/>
        <line num="208" count="0" type="stmt"/>
        <line num="209" count="0" type="stmt"/>
        <line num="210" count="0" type="stmt"/>
        <line num="212" count="0" type="cond" truecount="0" falsecount="2"/>
        <line num="213" count="0" type="stmt"/>
        <line num="214" count="0" type="stmt"/>
        <line num="218" count="0" type="cond" truecount="0" falsecount="2"/>
        <line num="219" count="0" type="stmt"/>
        <line num="220" count="0" type="stmt"/>
        <line num="221" count="0" type="stmt"/>
        <line num="222" count="0" type="stmt"/>
        <line num="223" count="0" type="stmt"/>
        <line num="224" count="0" type="stmt"/>
        <line num="226" count="0" type="stmt"/>
        <line num="228" count="0" type="cond" truecount="0" falsecount="2"/>
        <line num="229" count="0" type="stmt"/>
        <line num="230" count="0" type="stmt"/>
        <line num="234" count="0" type="cond" truecount="0" falsecount="2"/>
        <line num="235" count="0" type="stmt"/>
        <line num="236" count="0" type="stmt"/>
        <line num="237" count="0" type="stmt"/>
        <line num="238" count="0" type="stmt"/>
        <line num="239" count="0" type="stmt"/>
        <line num="240" count="0" type="stmt"/>
        <line num="241" count="0" type="stmt"/>
        <line num="242" count="0" type="stmt"/>
        <line num="244" count="0" type="cond" truecount="0" falsecount="2"/>
        <line num="245" count="0" type="stmt"/>
        <line num="246" count="0" type="stmt"/>
        <line num="247" count="0" type="stmt"/>
        <line num="248" count="0" type="stmt"/>
        <line num="249" count="0" type="cond" truecount="0" falsecount="2"/>
        <line num="250" count="0" type="stmt"/>
        <line num="251" count="0" type="cond" truecount="0" falsecount="2"/>
        <line num="252" count="0" type="stmt"/>
        <line num="253" count="0" type="stmt"/>
        <line num="256" count="133" type="stmt"/>
        <line num="257" count="13" type="stmt"/>
        <line num="263" count="133" type="stmt"/>
        <line num="266" count="48" type="stmt"/>
        <line num="267" count="48" type="stmt"/>
        <line num="270" count="48" type="stmt"/>
        <line num="273" count="48" type="stmt"/>
        <line num="274" count="48" type="stmt"/>
        <line num="277" count="82411" type="stmt"/>
        <line num="280" count="20" type="stmt"/>
        <line num="281" count="20" type="stmt"/>
        <line num="284" count="164485" type="stmt"/>
        <line num="287" count="13" type="stmt"/>
        <line num="288" count="13" type="stmt"/>
        <line num="289" count="13" type="stmt"/>
        <line num="290" count="13" type="stmt"/>
        <line num="291" count="13" type="stmt"/>
        <line num="292" count="13" type="stmt"/>
        <line num="293" count="13" type="stmt"/>
        <line num="294" count="13" type="stmt"/>
        <line num="295" count="13" type="stmt"/>
        <line num="296" count="13" type="stmt"/>
        <line num="297" count="13" type="stmt"/>
        <line num="298" count="13" type="stmt"/>
        <line num="299" count="13" type="stmt"/>
        <line num="300" count="13" type="stmt"/>
        <line num="301" count="13" type="stmt"/>
        <line num="302" count="13" type="stmt"/>
        <line num="303" count="13" type="stmt"/>
        <line num="304" count="13" type="stmt"/>
        <line num="305" count="13" type="stmt"/>
        <line num="306" count="13" type="stmt"/>
        <line num="308" count="13" type="stmt"/>
        <line num="309" count="13" type="stmt"/>
        <line num="310" count="197" type="stmt"/>
        <line num="318" count="13" type="stmt"/>
        <line num="319" count="13" type="stmt"/>
        <line num="320" count="13" type="stmt"/>
        <line num="321" count="13" type="stmt"/>
        <line num="322" count="13" type="stmt"/>
        <line num="323" count="13" type="stmt"/>
        <line num="324" count="13" type="stmt"/>
        <line num="325" count="13" type="cond" truecount="1" falsecount="1"/>
        <line num="326" count="13" type="stmt"/>
        <line num="327" count="13" type="stmt"/>
        <line num="329" count="13" type="cond" truecount="1" falsecount="1"/>
        <line num="330" count="0" type="stmt"/>
        <line num="333" count="0" type="stmt"/>
        <line num="335" count="13" type="stmt"/>
        <line num="336" count="13" type="stmt"/>
        <line num="337" count="78" type="stmt"/>
        <line num="338" count="78" type="stmt"/>
        <line num="339" count="546" type="stmt"/>
        <line num="340" count="546" type="stmt"/>
        <line num="342" count="78" type="stmt"/>
        <line num="344" count="13" type="stmt"/>
        <line num="348" count="0" type="stmt"/>
        <line num="349" count="0" type="cond" truecount="0" falsecount="2"/>
        <line num="350" count="0" type="stmt"/>
        <line num="353" count="13" type="stmt"/>
        <line num="354" count="13" type="stmt"/>
        <line num="358" count="0" type="stmt"/>
        <line num="359" count="0" type="stmt"/>
        <line num="360" count="0" type="cond" truecount="0" falsecount="4"/>
        <line num="361" count="0" type="stmt"/>
        <line num="365" count="1958" type="stmt"/>
        <line num="366" count="1958" type="cond" truecount="1" falsecount="1"/>
        <line num="369" count="1958" type="stmt"/>
        <line num="374" count="48" type="stmt"/>
        <line num="375" count="48" type="stmt"/>
        <line num="382" count="48" type="stmt"/>
        <line num="383" count="10" type="cond" truecount="2" falsecount="2"/>
        <line num="384" count="10" type="cond" truecount="1" falsecount="1"/>
        <line num="385" count="0" type="stmt"/>
        <line num="387" count="27" type="stmt"/>
        <line num="388" count="27" type="stmt"/>
        <line num="389" count="27" type="cond" truecount="2" falsecount="0"/>
        <line num="390" count="27" type="cond" truecount="2" falsecount="0"/>
        <line num="391" count="27" type="cond" truecount="2" falsecount="0"/>
        <line num="402" count="27" type="stmt"/>
        <line num="403" count="27" type="stmt"/>
        <line num="404" count="27" type="stmt"/>
        <line num="409" count="82236" type="stmt"/>
        <line num="410" count="82236" type="cond" truecount="10" falsecount="0"/>
        <line num="416" count="0" type="stmt"/>
        <line num="417" count="0" type="stmt"/>
        <line num="420" count="0" type="stmt"/>
        <line num="425" count="164472" type="stmt"/>
        <line num="428" count="0" type="stmt"/>
        <line num="429" count="0" type="stmt"/>
        <line num="432" count="20" type="stmt"/>
        <line num="433" count="20" type="cond" truecount="1" falsecount="1"/>
        <line num="434" count="20" type="stmt"/>
        <line num="437" count="0" type="stmt"/>
        <line num="438" count="0" type="stmt"/>
        <line num="439" count="0" type="stmt"/>
        <line num="440" count="0" type="stmt"/>
        <line num="441" count="0" type="stmt"/>
        <line num="442" count="0" type="stmt"/>
        <line num="444" count="0" type="stmt"/>
        <line num="447" count="20" type="cond" truecount="1" falsecount="1"/>
        <line num="448" count="0" type="stmt"/>
        <line num="452" count="20" type="stmt"/>
        <line num="455" count="0" type="stmt"/>
        <line num="456" count="0" type="stmt"/>
        <line num="457" count="0" type="stmt"/>
        <line num="458" count="0" type="stmt"/>
        <line num="459" count="0" type="stmt"/>
        <line num="460" count="0" type="cond" truecount="0" falsecount="2"/>
        <line num="461" count="0" type="stmt"/>
        <line num="462" count="0" type="stmt"/>
        <line num="464" count="0" type="cond" truecount="0" falsecount="5"/>
        <line num="465" count="0" type="stmt"/>
        <line num="471" count="0" type="stmt"/>
        <line num="472" count="0" type="stmt"/>
        <line num="475" count="0" type="stmt"/>
        <line num="478" count="133" type="stmt"/>
        <line num="479" count="13" type="cond" truecount="2" falsecount="0"/>
        <line num="481" count="133" type="stmt"/>
        <line num="500" count="1971" type="cond" truecount="2" falsecount="0"/>
        <line num="501" count="13" type="stmt"/>
        <line num="502" count="13" type="stmt"/>
        <line num="503" count="0" type="stmt"/>
        <line num="505" count="13" type="stmt"/>
        <line num="506" count="13" type="stmt"/>
        <line num="507" count="13" type="stmt"/>
        <line num="508" count="13" type="stmt"/>
        <line num="509" count="13" type="stmt"/>
        <line num="510" count="13" type="stmt"/>
        <line num="511" count="13" type="stmt"/>
        <line num="512" count="0" type="stmt"/>
        <line num="514" count="13" type="stmt"/>
        <line num="515" count="13" type="stmt"/>
        <line num="516" count="13" type="stmt"/>
        <line num="517" count="13" type="stmt"/>
        <line num="518" count="13" type="stmt"/>
        <line num="519" count="13" type="stmt"/>
        <line num="520" count="13" type="stmt"/>
        <line num="521" count="13" type="stmt"/>
        <line num="522" count="13" type="stmt"/>
        <line num="523" count="13" type="stmt"/>
        <line num="524" count="13" type="stmt"/>
        <line num="526" count="1971" type="cond" truecount="2" falsecount="0"/>
        <line num="527" count="1958" type="stmt"/>
        <line num="528" count="1958" type="stmt"/>
        <line num="529" count="1958" type="stmt"/>
        <line num="530" count="1958" type="stmt"/>
        <line num="531" count="1958" type="stmt"/>
        <line num="532" count="1958" type="stmt"/>
        <line num="533" count="1958" type="stmt"/>
        <line num="534" count="1958" type="stmt"/>
        <line num="535" count="1958" type="stmt"/>
        <line num="536" count="1958" type="stmt"/>
        <line num="537" count="1958" type="stmt"/>
        <line num="538" count="1958" type="stmt"/>
        <line num="544" count="133" type="stmt"/>
      </file>
      <file name="meal-calendar.module.ts" path="/Users/juliabian/Desktop/RecipeSage/packages/frontend/src/app/components/meal-calendar/meal-calendar.module.ts">
        <metrics statements="6" coveredstatements="6" conditionals="2" coveredconditionals="2" methods="2" coveredmethods="2"/>
        <line num="7" count="133" type="stmt"/>
        <line num="9" count="133" type="stmt"/>
        <line num="10" count="266" type="cond" truecount="2" falsecount="0"/>
        <line num="12" count="133" type="stmt"/>
        <line num="15" count="133" type="stmt"/>
        <line num="18" count="133" type="stmt"/>
      </file>
    </package>
    <package name="src.app.components.meal-calendar.calendar-item">
      <metrics statements="18" coveredstatements="18" conditionals="12" coveredconditionals="12" methods="6" coveredmethods="6"/>
      <file name="calendar-item.component.ts" path="/Users/juliabian/Desktop/RecipeSage/packages/frontend/src/app/components/meal-calendar/calendar-item/calendar-item.component.ts">
        <metrics statements="12" coveredstatements="12" conditionals="10" coveredconditionals="10" methods="4" coveredmethods="4"/>
        <line num="2" count="133" type="stmt"/>
        <line num="6" count="133" type="stmt"/>
        <line num="7" count="27" type="cond" truecount="2" falsecount="0"/>
        <line num="9" count="133" type="stmt"/>
        <line num="19" count="1002" type="cond" truecount="2" falsecount="0"/>
        <line num="20" count="27" type="stmt"/>
        <line num="21" count="27" type="stmt"/>
        <line num="22" count="27" type="stmt"/>
        <line num="24" count="1002" type="cond" truecount="2" falsecount="0"/>
        <line num="25" count="975" type="stmt"/>
        <line num="26" count="975" type="cond" truecount="4" falsecount="0"/>
        <line num="31" count="133" type="stmt"/>
      </file>
      <file name="calendar-item.module.ts" path="/Users/juliabian/Desktop/RecipeSage/packages/frontend/src/app/components/meal-calendar/calendar-item/calendar-item.module.ts">
        <metrics statements="6" coveredstatements="6" conditionals="2" coveredconditionals="2" methods="2" coveredmethods="2"/>
        <line num="5" count="133" type="stmt"/>
        <line num="7" count="133" type="stmt"/>
        <line num="8" count="266" type="cond" truecount="2" falsecount="0"/>
        <line num="10" count="133" type="stmt"/>
        <line num="13" count="133" type="stmt"/>
        <line num="16" count="133" type="stmt"/>
      </file>
    </package>
    <package name="src.app.components.meal-calendar.meal-group">
      <metrics statements="65" coveredstatements="53" conditionals="20" coveredconditionals="20" methods="15" coveredmethods="11"/>
      <file name="meal-group.component.ts" path="/Users/juliabian/Desktop/RecipeSage/packages/frontend/src/app/components/meal-calendar/meal-group/meal-group.component.ts">
        <metrics statements="59" coveredstatements="47" conditionals="18" coveredconditionals="18" methods="13" coveredmethods="9"/>
        <line num="6" count="777" type="cond" truecount="2" falsecount="0"/>
        <line num="7" count="14" type="stmt"/>
        <line num="8" count="14" type="stmt"/>
        <line num="9" count="14" type="stmt"/>
        <line num="11" count="777" type="cond" truecount="2" falsecount="0"/>
        <line num="12" count="763" type="stmt"/>
        <line num="13" count="763" type="stmt"/>
        <line num="14" count="763" type="stmt"/>
        <line num="17" count="133" type="stmt"/>
        <line num="18" count="27" type="stmt"/>
        <line num="28" count="1002" type="cond" truecount="2" falsecount="0"/>
        <line num="29" count="27" type="stmt"/>
        <line num="30" count="27" type="stmt"/>
        <line num="31" count="27" type="stmt"/>
        <line num="32" count="6" type="stmt"/>
        <line num="33" count="6" type="stmt"/>
        <line num="34" count="6" type="stmt"/>
        <line num="35" count="6" type="stmt"/>
        <line num="37" count="0" type="stmt"/>
        <line num="38" count="0" type="stmt"/>
        <line num="39" count="0" type="stmt"/>
        <line num="40" count="0" type="stmt"/>
        <line num="42" count="0" type="stmt"/>
        <line num="43" count="0" type="stmt"/>
        <line num="44" count="0" type="stmt"/>
        <line num="45" count="0" type="stmt"/>
        <line num="47" count="27" type="stmt"/>
        <line num="49" count="1002" type="cond" truecount="2" falsecount="0"/>
        <line num="50" count="975" type="stmt"/>
        <line num="51" count="975" type="stmt"/>
        <line num="52" count="975" type="stmt"/>
        <line num="53" count="975" type="stmt"/>
        <line num="57" count="3880" type="cond" truecount="2" falsecount="0"/>
        <line num="58" count="65" type="stmt"/>
        <line num="59" count="65" type="stmt"/>
        <line num="60" count="65" type="stmt"/>
        <line num="61" count="65" type="stmt"/>
        <line num="63" count="3880" type="cond" truecount="2" falsecount="0"/>
        <line num="64" count="3815" type="stmt"/>
        <line num="65" count="3815" type="stmt"/>
        <line num="66" count="3815" type="stmt"/>
        <line num="67" count="3815" type="stmt"/>
        <line num="68" count="3815" type="stmt"/>
        <line num="69" count="3815" type="stmt"/>
        <line num="72" count="133" type="stmt"/>
        <line num="75" count="546" type="stmt"/>
        <line num="76" count="546" type="stmt"/>
        <line num="79" count="0" type="stmt"/>
        <line num="80" count="0" type="stmt"/>
        <line num="84" count="0" type="stmt"/>
        <line num="85" count="0" type="stmt"/>
        <line num="88" count="133" type="stmt"/>
        <line num="89" count="546" type="cond" truecount="2" falsecount="0"/>
        <line num="91" count="133" type="stmt"/>
        <line num="106" count="82782" type="cond" truecount="2" falsecount="0"/>
        <line num="107" count="546" type="stmt"/>
        <line num="109" count="82782" type="cond" truecount="2" falsecount="0"/>
        <line num="110" count="82236" type="stmt"/>
        <line num="116" count="133" type="stmt"/>
      </file>
      <file name="meal-group.module.ts" path="/Users/juliabian/Desktop/RecipeSage/packages/frontend/src/app/components/meal-calendar/meal-group/meal-group.module.ts">
        <metrics statements="6" coveredstatements="6" conditionals="2" coveredconditionals="2" methods="2" coveredmethods="2"/>
        <line num="6" count="133" type="stmt"/>
        <line num="8" count="133" type="stmt"/>
        <line num="9" count="266" type="cond" truecount="2" falsecount="0"/>
        <line num="11" count="133" type="stmt"/>
        <line num="14" count="133" type="stmt"/>
        <line num="17" count="133" type="stmt"/>
      </file>
    </package>
    <package name="src.app.components.multi-image-upload">
      <metrics statements="142" coveredstatements="82" conditionals="43" coveredconditionals="28" methods="23" coveredmethods="13"/>
      <file name="multi-image-upload.component.ts" path="/Users/juliabian/Desktop/RecipeSage/packages/frontend/src/app/components/multi-image-upload/multi-image-upload.component.ts">
        <metrics statements="136" coveredstatements="76" conditionals="41" coveredconditionals="26" methods="21" coveredmethods="11"/>
        <line num="19" count="133" type="stmt"/>
        <line num="20" count="0" type="stmt"/>
        <line num="25" count="0" type="cond" truecount="0" falsecount="2"/>
        <line num="26" count="0" type="stmt"/>
        <line num="27" count="0" type="stmt"/>
        <line num="28" count="0" type="stmt"/>
        <line num="29" count="0" type="stmt"/>
        <line num="30" count="0" type="stmt"/>
        <line num="31" count="0" type="stmt"/>
        <line num="32" count="0" type="stmt"/>
        <line num="34" count="0" type="stmt"/>
        <line num="35" count="0" type="stmt"/>
        <line num="36" count="0" type="stmt"/>
        <line num="37" count="0" type="stmt"/>
        <line num="38" count="0" type="stmt"/>
        <line num="39" count="0" type="stmt"/>
        <line num="40" count="0" type="stmt"/>
        <line num="41" count="0" type="stmt"/>
        <line num="42" count="0" type="stmt"/>
        <line num="43" count="0" type="stmt"/>
        <line num="45" count="0" type="stmt"/>
        <line num="47" count="0" type="cond" truecount="0" falsecount="2"/>
        <line num="48" count="0" type="stmt"/>
        <line num="49" count="0" type="stmt"/>
        <line num="50" count="0" type="stmt"/>
        <line num="51" count="0" type="stmt"/>
        <line num="52" count="0" type="stmt"/>
        <line num="53" count="0" type="stmt"/>
        <line num="54" count="0" type="stmt"/>
        <line num="55" count="0" type="stmt"/>
        <line num="59" count="63" type="cond" truecount="2" falsecount="0"/>
        <line num="60" count="4" type="stmt"/>
        <line num="61" count="4" type="stmt"/>
        <line num="62" count="4" type="stmt"/>
        <line num="63" count="0" type="stmt"/>
        <line num="64" count="0" type="stmt"/>
        <line num="65" count="0" type="stmt"/>
        <line num="66" count="0" type="stmt"/>
        <line num="68" count="4" type="stmt"/>
        <line num="69" count="4" type="stmt"/>
        <line num="70" count="4" type="stmt"/>
        <line num="71" count="4" type="stmt"/>
        <line num="72" count="4" type="stmt"/>
        <line num="74" count="63" type="cond" truecount="2" falsecount="0"/>
        <line num="75" count="59" type="stmt"/>
        <line num="76" count="59" type="stmt"/>
        <line num="77" count="59" type="stmt"/>
        <line num="78" count="59" type="stmt"/>
        <line num="79" count="59" type="stmt"/>
        <line num="80" count="59" type="stmt"/>
        <line num="84" count="1532" type="cond" truecount="2" falsecount="0"/>
        <line num="85" count="35" type="stmt"/>
        <line num="86" count="35" type="stmt"/>
        <line num="87" count="35" type="stmt"/>
        <line num="88" count="0" type="stmt"/>
        <line num="89" count="0" type="stmt"/>
        <line num="90" count="0" type="stmt"/>
        <line num="92" count="35" type="stmt"/>
        <line num="93" count="35" type="stmt"/>
        <line num="94" count="35" type="stmt"/>
        <line num="95" count="35" type="stmt"/>
        <line num="96" count="35" type="stmt"/>
        <line num="97" count="35" type="stmt"/>
        <line num="99" count="1532" type="cond" truecount="2" falsecount="0"/>
        <line num="100" count="1497" type="stmt"/>
        <line num="101" count="1497" type="stmt"/>
        <line num="104" count="133" type="stmt"/>
        <line num="107" count="4730" type="cond" truecount="1" falsecount="1"/>
        <line num="110" count="39" type="stmt"/>
        <line num="113" count="35" type="stmt"/>
        <line num="114" count="35" type="stmt"/>
        <line num="115" count="35" type="stmt"/>
        <line num="116" count="35" type="stmt"/>
        <line num="117" count="35" type="stmt"/>
        <line num="118" count="35" type="stmt"/>
        <line num="119" count="35" type="stmt"/>
        <line num="120" count="35" type="stmt"/>
        <line num="123" count="0" type="stmt"/>
        <line num="126" count="1" type="stmt"/>
        <line num="127" count="1" type="cond" truecount="1" falsecount="1"/>
        <line num="128" count="1" type="cond" truecount="3" falsecount="1"/>
        <line num="129" count="0" type="stmt"/>
        <line num="131" count="1" type="cond" truecount="1" falsecount="1"/>
        <line num="132" count="0" type="stmt"/>
        <line num="133" count="0" type="stmt"/>
        <line num="134" count="0" type="stmt"/>
        <line num="141" count="0" type="stmt"/>
        <line num="142" count="0" type="stmt"/>
        <line num="144" count="1" type="stmt"/>
        <line num="145" count="1" type="stmt"/>
        <line num="146" count="1" type="stmt"/>
        <line num="147" count="1" type="stmt"/>
        <line num="148" count="1" type="stmt"/>
        <line num="149" count="1" type="cond" truecount="1" falsecount="1"/>
        <line num="150" count="0" type="stmt"/>
        <line num="151" count="0" type="stmt"/>
        <line num="153" count="1" type="stmt"/>
        <line num="154" count="0" type="stmt"/>
        <line num="156" count="1" type="cond" truecount="1" falsecount="1"/>
        <line num="158" count="1" type="cond" truecount="1" falsecount="1"/>
        <line num="159" count="0" type="stmt"/>
        <line num="160" count="0" type="stmt"/>
        <line num="161" count="0" type="stmt"/>
        <line num="168" count="0" type="stmt"/>
        <line num="170" count="1" type="stmt"/>
        <line num="171" count="1" type="stmt"/>
        <line num="175" count="0" type="stmt"/>
        <line num="176" count="0" type="stmt"/>
        <line num="177" count="0" type="cond" truecount="0" falsecount="2"/>
        <line num="178" count="0" type="cond" truecount="0" falsecount="2"/>
        <line num="179" count="0" type="stmt"/>
        <line num="180" count="0" type="stmt"/>
        <line num="181" count="0" type="stmt"/>
        <line num="184" count="0" type="stmt"/>
        <line num="185" count="0" type="stmt"/>
        <line num="186" count="0" type="stmt"/>
        <line num="189" count="133" type="stmt"/>
        <line num="190" count="35" type="cond" truecount="2" falsecount="0"/>
        <line num="192" count="133" type="stmt"/>
        <line num="205" count="1591" type="cond" truecount="2" falsecount="0"/>
        <line num="206" count="35" type="stmt"/>
        <line num="207" count="35" type="stmt"/>
        <line num="208" count="1" type="stmt"/>
        <line num="210" count="35" type="stmt"/>
        <line num="211" count="35" type="stmt"/>
        <line num="212" count="35" type="stmt"/>
        <line num="213" count="35" type="stmt"/>
        <line num="214" count="35" type="stmt"/>
        <line num="216" count="1591" type="cond" truecount="2" falsecount="0"/>
        <line num="217" count="1556" type="stmt"/>
        <line num="218" count="1556" type="stmt"/>
        <line num="219" count="1556" type="stmt"/>
        <line num="220" count="1556" type="stmt"/>
        <line num="221" count="1556" type="stmt"/>
        <line num="222" count="1556" type="cond" truecount="3" falsecount="0"/>
        <line num="228" count="133" type="stmt"/>
      </file>
      <file name="multi-image-upload.module.ts" path="/Users/juliabian/Desktop/RecipeSage/packages/frontend/src/app/components/multi-image-upload/multi-image-upload.module.ts">
        <metrics statements="6" coveredstatements="6" conditionals="2" coveredconditionals="2" methods="2" coveredmethods="2"/>
        <line num="6" count="133" type="stmt"/>
        <line num="8" count="133" type="stmt"/>
        <line num="9" count="266" type="cond" truecount="2" falsecount="0"/>
        <line num="11" count="133" type="stmt"/>
        <line num="14" count="133" type="stmt"/>
        <line num="17" count="133" type="stmt"/>
      </file>
    </package>
    <package name="src.app.components.null-state">
      <metrics statements="23" coveredstatements="23" conditionals="6" coveredconditionals="6" methods="6" coveredmethods="6"/>
      <file name="null-state.component.ts" path="/Users/juliabian/Desktop/RecipeSage/packages/frontend/src/app/components/null-state/null-state.component.ts">
        <metrics statements="17" coveredstatements="17" conditionals="4" coveredconditionals="4" methods="4" coveredmethods="4"/>
        <line num="3" count="133" type="stmt"/>
        <line num="4" count="133" type="stmt"/>
        <line num="5" count="133" type="stmt"/>
        <line num="9" count="133" type="stmt"/>
        <line num="10" count="61" type="cond" truecount="2" falsecount="0"/>
        <line num="12" count="133" type="stmt"/>
        <line num="20" count="1817" type="cond" truecount="2" falsecount="0"/>
        <line num="21" count="61" type="stmt"/>
        <line num="22" count="61" type="stmt"/>
        <line num="23" count="61" type="stmt"/>
        <line num="24" count="61" type="stmt"/>
        <line num="25" count="61" type="stmt"/>
        <line num="26" count="61" type="stmt"/>
        <line num="27" count="61" type="stmt"/>
        <line num="28" count="61" type="stmt"/>
        <line num="29" count="61" type="stmt"/>
        <line num="34" count="133" type="stmt"/>
      </file>
      <file name="null-state.module.ts" path="/Users/juliabian/Desktop/RecipeSage/packages/frontend/src/app/components/null-state/null-state.module.ts">
        <metrics statements="6" coveredstatements="6" conditionals="2" coveredconditionals="2" methods="2" coveredmethods="2"/>
        <line num="5" count="133" type="stmt"/>
        <line num="7" count="133" type="stmt"/>
        <line num="8" count="1330" type="cond" truecount="2" falsecount="0"/>
        <line num="10" count="133" type="stmt"/>
        <line num="13" count="133" type="stmt"/>
        <line num="16" count="133" type="stmt"/>
      </file>
    </package>
    <package name="src.app.components.rating">
      <metrics statements="44" coveredstatements="44" conditionals="16" coveredconditionals="14" methods="13" coveredmethods="13"/>
      <file name="rating.component.ts" path="/Users/juliabian/Desktop/RecipeSage/packages/frontend/src/app/components/rating/rating.component.ts">
        <metrics statements="38" coveredstatements="38" conditionals="14" coveredconditionals="12" methods="11" coveredmethods="11"/>
        <line num="5" count="133" type="stmt"/>
        <line num="6" count="113" type="stmt"/>
        <line num="11" count="5323" type="cond" truecount="2" falsecount="0"/>
        <line num="12" count="113" type="stmt"/>
        <line num="13" count="113" type="stmt"/>
        <line num="14" count="113" type="stmt"/>
        <line num="15" count="1" type="stmt"/>
        <line num="16" count="1" type="stmt"/>
        <line num="17" count="1" type="stmt"/>
        <line num="18" count="1" type="stmt"/>
        <line num="20" count="113" type="stmt"/>
        <line num="22" count="5323" type="cond" truecount="2" falsecount="0"/>
        <line num="23" count="5210" type="stmt"/>
        <line num="24" count="5210" type="stmt"/>
        <line num="25" count="5210" type="stmt"/>
        <line num="28" count="133" type="stmt"/>
        <line num="31" count="23" type="stmt"/>
        <line num="32" count="23" type="stmt"/>
        <line num="35" count="47" type="stmt"/>
        <line num="38" count="22" type="stmt"/>
        <line num="39" count="22" type="stmt"/>
        <line num="40" count="22" type="stmt"/>
        <line num="41" count="22" type="stmt"/>
        <line num="44" count="23" type="stmt"/>
        <line num="47" count="1" type="cond" truecount="1" falsecount="1"/>
        <line num="48" count="1" type="cond" truecount="1" falsecount="1"/>
        <line num="49" count="1" type="stmt"/>
        <line num="52" count="133" type="stmt"/>
        <line num="53" count="22" type="cond" truecount="2" falsecount="0"/>
        <line num="55" count="133" type="stmt"/>
        <line num="69" count="1064" type="cond" truecount="2" falsecount="0"/>
        <line num="70" count="22" type="stmt"/>
        <line num="71" count="22" type="stmt"/>
        <line num="72" count="22" type="stmt"/>
        <line num="74" count="1064" type="cond" truecount="2" falsecount="0"/>
        <line num="75" count="1042" type="stmt"/>
        <line num="76" count="1042" type="stmt"/>
        <line num="82" count="133" type="stmt"/>
      </file>
      <file name="rating.module.ts" path="/Users/juliabian/Desktop/RecipeSage/packages/frontend/src/app/components/rating/rating.module.ts">
        <metrics statements="6" coveredstatements="6" conditionals="2" coveredconditionals="2" methods="2" coveredmethods="2"/>
        <line num="6" count="133" type="stmt"/>
        <line num="8" count="133" type="stmt"/>
        <line num="9" count="266" type="cond" truecount="2" falsecount="0"/>
        <line num="11" count="133" type="stmt"/>
        <line num="14" count="133" type="stmt"/>
        <line num="17" count="133" type="stmt"/>
      </file>
    </package>
    <package name="src.app.components.rating-filter-popover">
      <metrics statements="87" coveredstatements="4" conditionals="20" coveredconditionals="0" methods="15" coveredmethods="1"/>
      <file name="rating-filter-popover.component.ts" path="/Users/juliabian/Desktop/RecipeSage/packages/frontend/src/app/components/rating-filter-popover/rating-filter-popover.component.ts">
        <metrics statements="87" coveredstatements="4" conditionals="20" coveredconditionals="0" methods="15" coveredmethods="1"/>
        <line num="8" count="0" type="cond" truecount="0" falsecount="2"/>
        <line num="9" count="0" type="stmt"/>
        <line num="10" count="0" type="stmt"/>
        <line num="11" count="0" type="stmt"/>
        <line num="12" count="0" type="stmt"/>
        <line num="13" count="0" type="stmt"/>
        <line num="14" count="0" type="stmt"/>
        <line num="15" count="0" type="stmt"/>
        <line num="17" count="0" type="stmt"/>
        <line num="18" count="0" type="stmt"/>
        <line num="19" count="0" type="stmt"/>
        <line num="20" count="0" type="stmt"/>
        <line num="22" count="0" type="cond" truecount="0" falsecount="2"/>
        <line num="23" count="0" type="stmt"/>
        <line num="24" count="0" type="stmt"/>
        <line num="25" count="0" type="stmt"/>
        <line num="26" count="0" type="cond" truecount="0" falsecount="2"/>
        <line num="27" count="0" type="stmt"/>
        <line num="28" count="0" type="stmt"/>
        <line num="32" count="0" type="cond" truecount="0" falsecount="2"/>
        <line num="33" count="0" type="stmt"/>
        <line num="34" count="0" type="stmt"/>
        <line num="35" count="0" type="stmt"/>
        <line num="36" count="0" type="stmt"/>
        <line num="37" count="0" type="stmt"/>
        <line num="38" count="0" type="stmt"/>
        <line num="40" count="0" type="stmt"/>
        <line num="41" count="0" type="stmt"/>
        <line num="42" count="0" type="stmt"/>
        <line num="43" count="0" type="stmt"/>
        <line num="44" count="0" type="stmt"/>
        <line num="45" count="0" type="stmt"/>
        <line num="46" count="0" type="stmt"/>
        <line num="48" count="0" type="cond" truecount="0" falsecount="2"/>
        <line num="49" count="0" type="stmt"/>
        <line num="50" count="0" type="stmt"/>
        <line num="51" count="0" type="cond" truecount="0" falsecount="2"/>
        <line num="52" count="0" type="stmt"/>
        <line num="53" count="0" type="stmt"/>
        <line num="54" count="0" type="stmt"/>
        <line num="55" count="0" type="stmt"/>
        <line num="58" count="133" type="stmt"/>
        <line num="61" count="0" type="stmt"/>
        <line num="64" count="0" type="stmt"/>
        <line num="67" count="0" type="stmt"/>
        <line num="68" count="0" type="stmt"/>
        <line num="69" count="0" type="stmt"/>
        <line num="72" count="0" type="stmt"/>
        <line num="73" count="0" type="stmt"/>
        <line num="76" count="0" type="stmt"/>
        <line num="77" count="0" type="cond" truecount="0" falsecount="2"/>
        <line num="80" count="0" type="stmt"/>
        <line num="85" count="133" type="stmt"/>
        <line num="86" count="0" type="cond" truecount="0" falsecount="2"/>
        <line num="88" count="133" type="stmt"/>
        <line num="98" count="0" type="cond" truecount="0" falsecount="2"/>
        <line num="99" count="0" type="stmt"/>
        <line num="100" count="0" type="stmt"/>
        <line num="101" count="0" type="stmt"/>
        <line num="102" count="0" type="stmt"/>
        <line num="103" count="0" type="stmt"/>
        <line num="104" count="0" type="stmt"/>
        <line num="105" count="0" type="stmt"/>
        <line num="106" count="0" type="stmt"/>
        <line num="107" count="0" type="stmt"/>
        <line num="108" count="0" type="stmt"/>
        <line num="110" count="0" type="stmt"/>
        <line num="111" count="0" type="stmt"/>
        <line num="112" count="0" type="stmt"/>
        <line num="113" count="0" type="stmt"/>
        <line num="114" count="0" type="stmt"/>
        <line num="115" count="0" type="stmt"/>
        <line num="116" count="0" type="stmt"/>
        <line num="118" count="0" type="stmt"/>
        <line num="119" count="0" type="stmt"/>
        <line num="120" count="0" type="stmt"/>
        <line num="121" count="0" type="stmt"/>
        <line num="123" count="0" type="cond" truecount="0" falsecount="2"/>
        <line num="124" count="0" type="stmt"/>
        <line num="125" count="0" type="stmt"/>
        <line num="126" count="0" type="stmt"/>
        <line num="127" count="0" type="stmt"/>
        <line num="128" count="0" type="stmt"/>
        <line num="129" count="0" type="stmt"/>
        <line num="130" count="0" type="stmt"/>
        <line num="131" count="0" type="stmt"/>
        <line num="137" count="133" type="stmt"/>
      </file>
    </package>
    <package name="src.app.components.recipe-preview">
      <metrics statements="33" coveredstatements="11" conditionals="12" coveredconditionals="2" methods="10" coveredmethods="3"/>
      <file name="recipe-preview.component.ts" path="/Users/juliabian/Desktop/RecipeSage/packages/frontend/src/app/components/recipe-preview/recipe-preview.component.ts">
        <metrics statements="27" coveredstatements="5" conditionals="10" coveredconditionals="0" methods="8" coveredmethods="1"/>
        <line num="6" count="133" type="stmt"/>
        <line num="7" count="0" type="stmt"/>
        <line num="12" count="133" type="stmt"/>
        <line num="15" count="0" type="cond" truecount="0" falsecount="2"/>
        <line num="18" count="0" type="stmt"/>
        <line num="19" count="0" type="stmt"/>
        <line num="20" count="0" type="stmt"/>
        <line num="23" count="0" type="stmt"/>
        <line num="26" count="133" type="stmt"/>
        <line num="27" count="0" type="cond" truecount="0" falsecount="2"/>
        <line num="29" count="133" type="stmt"/>
        <line num="45" count="0" type="cond" truecount="0" falsecount="2"/>
        <line num="46" count="0" type="stmt"/>
        <line num="47" count="0" type="stmt"/>
        <line num="48" count="0" type="stmt"/>
        <line num="50" count="0" type="stmt"/>
        <line num="51" count="0" type="stmt"/>
        <line num="52" count="0" type="stmt"/>
        <line num="53" count="0" type="stmt"/>
        <line num="55" count="0" type="cond" truecount="0" falsecount="2"/>
        <line num="56" count="0" type="stmt"/>
        <line num="57" count="0" type="stmt"/>
        <line num="58" count="0" type="cond" truecount="0" falsecount="2"/>
        <line num="59" count="0" type="stmt"/>
        <line num="60" count="0" type="stmt"/>
        <line num="61" count="0" type="stmt"/>
        <line num="67" count="133" type="stmt"/>
      </file>
      <file name="recipe-preview.module.ts" path="/Users/juliabian/Desktop/RecipeSage/packages/frontend/src/app/components/recipe-preview/recipe-preview.module.ts">
        <metrics statements="6" coveredstatements="6" conditionals="2" coveredconditionals="2" methods="2" coveredmethods="2"/>
        <line num="5" count="133" type="stmt"/>
        <line num="7" count="133" type="stmt"/>
        <line num="8" count="133" type="cond" truecount="2" falsecount="0"/>
        <line num="10" count="133" type="stmt"/>
        <line num="13" count="133" type="stmt"/>
        <line num="16" count="133" type="stmt"/>
      </file>
    </package>
    <package name="src.app.components.select-collaborators">
      <metrics statements="197" coveredstatements="54" conditionals="64" coveredconditionals="9" methods="39" coveredmethods="12"/>
      <file name="select-collaborators.component.ts" path="/Users/juliabian/Desktop/RecipeSage/packages/frontend/src/app/components/select-collaborators/select-collaborators.component.ts">
        <metrics statements="191" coveredstatements="48" conditionals="62" coveredconditionals="7" methods="37" coveredmethods="10"/>
        <line num="19" count="0" type="cond" truecount="0" falsecount="2"/>
        <line num="20" count="0" type="stmt"/>
        <line num="21" count="0" type="stmt"/>
        <line num="22" count="0" type="stmt"/>
        <line num="23" count="0" type="stmt"/>
        <line num="24" count="0" type="stmt"/>
        <line num="25" count="0" type="stmt"/>
        <line num="26" count="0" type="stmt"/>
        <line num="28" count="0" type="stmt"/>
        <line num="29" count="0" type="stmt"/>
        <line num="30" count="0" type="stmt"/>
        <line num="32" count="0" type="cond" truecount="0" falsecount="2"/>
        <line num="33" count="0" type="stmt"/>
        <line num="34" count="0" type="stmt"/>
        <line num="35" count="0" type="stmt"/>
        <line num="36" count="0" type="cond" truecount="0" falsecount="2"/>
        <line num="40" count="0" type="cond" truecount="0" falsecount="2"/>
        <line num="41" count="0" type="stmt"/>
        <line num="42" count="0" type="stmt"/>
        <line num="43" count="0" type="stmt"/>
        <line num="44" count="0" type="stmt"/>
        <line num="45" count="0" type="stmt"/>
        <line num="46" count="0" type="stmt"/>
        <line num="47" count="0" type="stmt"/>
        <line num="49" count="0" type="cond" truecount="0" falsecount="2"/>
        <line num="50" count="0" type="stmt"/>
        <line num="51" count="0" type="stmt"/>
        <line num="52" count="0" type="stmt"/>
        <line num="53" count="0" type="stmt"/>
        <line num="54" count="0" type="stmt"/>
        <line num="58" count="0" type="cond" truecount="0" falsecount="2"/>
        <line num="59" count="0" type="stmt"/>
        <line num="60" count="0" type="stmt"/>
        <line num="61" count="0" type="stmt"/>
        <line num="62" count="0" type="stmt"/>
        <line num="63" count="0" type="stmt"/>
        <line num="64" count="0" type="stmt"/>
        <line num="65" count="0" type="stmt"/>
[...]
        <line num="119" count="0" type="stmt"/>
        <line num="122" count="25" type="stmt"/>
        <line num="125" count="2" type="stmt"/>
        <line num="128" count="1" type="stmt"/>
        <line num="131" count="133" type="stmt"/>
        <line num="132" count="164" type="cond" truecount="2" falsecount="0"/>
        <line num="134" count="133" type="stmt"/>
        <line num="139" count="133" type="stmt"/>
      </file>
      <file name="shopping-list.service.ts" path="/Users/juliabian/Desktop/RecipeSage/packages/frontend/src/app/services/shopping-list.service.ts">
        <metrics statements="16" coveredstatements="15" conditionals="2" coveredconditionals="2" methods="11" coveredmethods="10"/>
        <line num="8" count="133" type="stmt"/>
        <line num="11" count="26" type="stmt"/>
        <line num="12" count="26" type="stmt"/>
        <line num="13" count="26" type="stmt"/>
        <line num="16" count="17" type="stmt"/>
        <line num="19" count="24" type="stmt"/>
        <line num="22" count="11" type="stmt"/>
        <line num="25" count="8" type="stmt"/>
        <line num="28" count="0" type="stmt"/>
        <line num="31" count="1" type="stmt"/>
        <line num="34" count="3" type="stmt"/>
        <line num="37" count="11" type="stmt"/>
        <line num="40" count="133" type="stmt"/>
        <line num="41" count="26" type="cond" truecount="2" falsecount="0"/>
        <line num="43" count="133" type="stmt"/>
        <line num="48" count="133" type="stmt"/>
      </file>
      <file name="unsaved-changes-guard.service.ts" path="/Users/juliabian/Desktop/RecipeSage/packages/frontend/src/app/services/unsaved-changes-guard.service.ts">
        <metrics statements="9" coveredstatements="9" conditionals="4" coveredconditionals="4" methods="4" coveredmethods="4"/>
        <line num="4" count="133" type="stmt"/>
        <line num="7" count="129" type="stmt"/>
        <line num="10" count="455" type="cond" truecount="2" falsecount="0"/>
        <line num="11" count="2" type="stmt"/>
        <line num="13" count="453" type="stmt"/>
        <line num="16" count="133" type="stmt"/>
        <line num="17" count="129" type="cond" truecount="2" falsecount="0"/>
        <line num="19" count="133" type="stmt"/>
        <line num="23" count="133" type="stmt"/>
      </file>
      <file name="unsaved-changes.service.ts" path="/Users/juliabian/Desktop/RecipeSage/packages/frontend/src/app/services/unsaved-changes.service.ts">
        <metrics statements="19" coveredstatements="17" conditionals="8" coveredconditionals="5" methods="8" coveredmethods="8"/>
        <line num="6" count="133" type="stmt"/>
        <line num="7" count="133" type="stmt"/>
        <line num="10" count="129" type="stmt"/>
        <line num="11" count="129" type="stmt"/>
        <line num="12" count="129" type="stmt"/>
        <line num="14" count="129" type="stmt"/>
        <line num="15" count="6910" type="cond" truecount="2" falsecount="0"/>
        <line num="16" count="456" type="stmt"/>
        <line num="20" count="129" type="stmt"/>
        <line num="21" count="6" type="cond" truecount="1" falsecount="1"/>
        <line num="22" count="0" type="cond" truecount="0" falsecount="2"/>
        <line num="23" count="0" type="stmt"/>
        <line num="28" count="194" type="stmt"/>
        <line num="31" count="455" type="stmt"/>
        <line num="34" count="474" type="stmt"/>
        <line num="37" count="133" type="stmt"/>
        <line num="38" count="129" type="cond" truecount="2" falsecount="0"/>
        <line num="40" count="133" type="stmt"/>
        <line num="45" count="133" type="stmt"/>
      </file>
      <file name="user.service.ts" path="/Users/juliabian/Desktop/RecipeSage/packages/frontend/src/app/services/user.service.ts">
        <metrics statements="30" coveredstatements="25" conditionals="2" coveredconditionals="2" methods="25" coveredmethods="20"/>
        <line num="8" count="133" type="stmt"/>
        <line num="11" count="267" type="stmt"/>
        <line num="12" count="267" type="stmt"/>
        <line num="13" count="267" type="stmt"/>
        <line num="16" count="1" type="stmt"/>
        <line num="19" count="117" type="stmt"/>
        <line num="22" count="8" type="stmt"/>
        <line num="25" count="0" type="stmt"/>
        <line num="28" count="0" type="stmt"/>
        <line num="31" count="66" type="stmt"/>
        <line num="34" count="4" type="stmt"/>
        <line num="37" count="11" type="stmt"/>
        <line num="40" count="70" type="stmt"/>
        <line num="43" count="190" type="stmt"/>
        <line num="46" count="0" type="stmt"/>
        <line num="49" count="15" type="stmt"/>
        <line num="52" count="6" type="stmt"/>
        <line num="55" count="19" type="stmt"/>
        <line num="58" count="1" type="stmt"/>
        <line num="61" count="275" type="stmt"/>
        <line num="64" count="7" type="stmt"/>
        <line num="67" count="5" type="stmt"/>
        <line num="70" count="1" type="stmt"/>
        <line num="73" count="177" type="stmt"/>
        <line num="76" count="0" type="stmt"/>
        <line num="79" count="0" type="stmt"/>
        <line num="82" count="133" type="stmt"/>
        <line num="83" count="267" type="cond" truecount="2" falsecount="0"/>
        <line num="85" count="133" type="stmt"/>
        <line num="90" count="133" type="stmt"/>
      </file>
      <file name="util.service.ts" path="/Users/juliabian/Desktop/RecipeSage/packages/frontend/src/app/services/util.service.ts">
        <metrics statements="109" coveredstatements="86" conditionals="79" coveredconditionals="46" methods="22" coveredmethods="15"/>
        <line num="7" count="133" type="stmt"/>
        <line num="8" count="133" type="stmt"/>
        <line num="9" count="133" type="stmt"/>
        <line num="10" count="133" type="stmt"/>
        <line num="12" count="133" type="stmt"/>
        <line num="14" count="133" type="stmt"/>
        <line num="17" count="1816" type="stmt"/>
        <line num="18" count="1816" type="stmt"/>
        <line num="19" count="1816" type="cond" truecount="5" falsecount="1"/>
        <line num="20" count="1816" type="cond" truecount="6" falsecount="0"/>
        <line num="21" count="1" type="stmt"/>
        <line num="23" count="1816" type="cond" truecount="2" falsecount="0"/>
        <line num="24" count="1816" type="stmt"/>
        <line num="30" count="837" type="stmt"/>
        <line num="36" count="1684" type="stmt"/>
        <line num="42" count="134" type="stmt"/>
        <line num="48" count="1674" type="stmt"/>
        <line num="54" count="1" type="stmt"/>
        <line num="60" count="139" type="stmt"/>
        <line num="66" count="1676" type="stmt"/>
        <line num="72" count="0" type="stmt"/>
        <line num="78" count="0" type="stmt"/>
        <line num="84" count="974" type="stmt"/>
        <line num="90" count="1802" type="stmt"/>
        <line num="96" count="850" type="stmt"/>
        <line num="102" count="13" type="stmt"/>
        <line num="108" count="841" type="stmt"/>
        <line num="114" count="4" type="stmt"/>
        <line num="120" count="846" type="stmt"/>
        <line num="126" count="10" type="stmt"/>
        <line num="132" count="870" type="stmt"/>
        <line num="138" count="1" type="stmt"/>
        <line num="144" count="19" type="stmt"/>
        <line num="150" count="8" type="stmt"/>
        <line num="156" count="972" type="stmt"/>
        <line num="162" count="7" type="stmt"/>
        <line num="168" count="1" type="stmt"/>
        <line num="174" count="6" type="stmt"/>
        <line num="180" count="1" type="stmt"/>
        <line num="186" count="0" type="stmt"/>
        <line num="192" count="1" type="stmt"/>
        <line num="198" count="1" type="stmt"/>
        <line num="204" count="852" type="stmt"/>
        <line num="210" count="13" type="stmt"/>
        <line num="217" count="133" type="stmt"/>
        <line num="222" count="133" type="stmt"/>
        <line num="225" count="133" type="stmt"/>
        <line num="228" count="133" type="stmt"/>
        <line num="229" count="133" type="stmt"/>
        <line num="232" count="133" type="stmt"/>
        <line num="233" count="133" type="stmt"/>
        <line num="234" count="133" type="stmt"/>
        <line num="236" count="133" type="cond" truecount="1" falsecount="1"/>
        <line num="238" count="0" type="cond" truecount="0" falsecount="2"/>
        <line num="240" count="0" type="cond" truecount="0" falsecount="2"/>
        <line num="241" count="0" type="stmt"/>
        <line num="244" count="133" type="cond" truecount="1" falsecount="1"/>
        <line num="245" count="133" type="stmt"/>
        <line num="246" count="133" type="cond" truecount="2" falsecount="1"/>
        <line num="249" count="9" type="stmt"/>
        <line num="252" count="0" type="stmt"/>
        <line num="255" count="6576" type="stmt"/>
        <line num="258" count="4893" type="stmt"/>
        <line num="261" count="1816" type="cond" truecount="2" falsecount="0"/>
        <line num="262" count="133" type="stmt"/>
        <line num="265" count="0" type="stmt"/>
        <line num="266" count="0" type="cond" truecount="0" falsecount="6"/>
        <line num="267" count="0" type="cond" truecount="0" falsecount="6"/>
        <line num="268" count="0" type="cond" truecount="0" falsecount="6"/>
        <line num="269" count="0" type="stmt"/>
        <line num="272" count="0" type="stmt"/>
        <line num="275" count="0" type="stmt"/>
        <line num="276" count="0" type="stmt"/>
        <line num="277" count="0" type="stmt"/>
        <line num="280" count="5025" type="cond" truecount="2" falsecount="0"/>
        <line num="281" count="5025" type="stmt"/>
        <line num="282" count="5025" type="stmt"/>
        <line num="283" count="5025" type="stmt"/>
        <line num="284" count="5025" type="stmt"/>
        <line num="285" count="5025" type="stmt"/>
        <line num="286" count="5025" type="stmt"/>
        <line num="287" count="5025" type="stmt"/>
        <line num="288" count="5025" type="stmt"/>
        <line num="289" count="5025" type="stmt"/>
        <line num="290" count="5025" type="stmt"/>
        <line num="291" count="5025" type="cond" truecount="4" falsecount="0"/>
        <line num="292" count="326" type="stmt"/>
        <line num="293" count="326" type="cond" truecount="1" falsecount="1"/>
        <line num="295" count="4699" type="cond" truecount="4" falsecount="0"/>
        <line num="296" count="2020" type="stmt"/>
        <line num="297" count="2020" type="cond" truecount="1" falsecount="1"/>
        <line num="299" count="2679" type="cond" truecount="4" falsecount="0"/>
        <line num="300" count="896" type="stmt"/>
        <line num="305" count="1783" type="cond" truecount="2" falsecount="2"/>
        <line num="306" count="0" type="stmt"/>
        <line num="312" count="1783" type="cond" truecount="4" falsecount="0"/>
        <line num="313" count="1782" type="stmt"/>
        <line num="317" count="1" type="cond" truecount="1" falsecount="1"/>
        <line num="318" count="1" type="stmt"/>
        <line num="324" count="0" type="stmt"/>
        <line num="334" count="0" type="stmt"/>
        <line num="337" count="0" type="stmt"/>
        <line num="338" count="0" type="stmt"/>
        <line num="339" count="0" type="cond" truecount="0" falsecount="2"/>
        <line num="340" count="0" type="stmt"/>
        <line num="343" count="133" type="stmt"/>
        <line num="344" count="133" type="cond" truecount="2" falsecount="0"/>
        <line num="346" count="133" type="stmt"/>
        <line num="351" count="133" type="stmt"/>
      </file>
      <file name="versioncheck.service.ts" path="/Users/juliabian/Desktop/RecipeSage/packages/frontend/src/app/services/versioncheck.service.ts">
        <metrics statements="23" coveredstatements="16" conditionals="9" coveredconditionals="7" methods="10" coveredmethods="7"/>
        <line num="9" count="133" type="stmt"/>
        <line num="12" count="133" type="stmt"/>
        <line num="13" count="133" type="stmt"/>
        <line num="14" count="133" type="stmt"/>
        <line num="15" count="133" type="stmt"/>
        <line num="18" count="133" type="stmt"/>
        <line num="19" count="133" type="stmt"/>
        <line num="20" count="133" type="cond" truecount="1" falsecount="1"/>
        <line num="21" count="133" type="stmt"/>
        <line num="22" count="133" type="stmt"/>
        <line num="25" count="133" type="stmt"/>
        <line num="26" count="133" type="cond" truecount="4" falsecount="1"/>
        <line num="27" count="0" type="stmt"/>
        <line num="34" count="0" type="stmt"/>
        <line num="35" count="0" type="stmt"/>
        <line num="36" count="0" type="stmt"/>
        <line num="39" count="0" type="stmt"/>
        <line num="44" count="0" type="stmt"/>
        <line num="47" count="0" type="stmt"/>
        <line num="52" count="133" type="stmt"/>
        <line num="53" count="133" type="cond" truecount="2" falsecount="0"/>
        <line num="55" count="133" type="stmt"/>
        <line num="60" count="133" type="stmt"/>
      </file>
      <file name="wakelock.service.ts" path="/Users/juliabian/Desktop/RecipeSage/packages/frontend/src/app/services/wakelock.service.ts">
        <metrics statements="35" coveredstatements="33" conditionals="16" coveredconditionals="10" methods="15" coveredmethods="14"/>
        <line num="3" count="133" type="stmt"/>
        <line num="6" count="9" type="stmt"/>
        <line num="7" count="9" type="stmt"/>
        <line num="8" count="9" type="stmt"/>
        <line num="9" count="9" type="stmt"/>
        <line num="10" count="9" type="stmt"/>
        <line num="13" count="10" type="stmt"/>
        <line num="14" count="10" type="stmt"/>
        <line num="16" count="3" type="stmt"/>
        <line num="19" count="10" type="stmt"/>
        <line num="20" count="10" type="stmt"/>
        <line num="21" count="10" type="stmt"/>
        <line num="25" count="3" type="stmt"/>
        <line num="26" count="3" type="cond" truecount="1" falsecount="1"/>
        <line num="27" count="3" type="cond" truecount="1" falsecount="1"/>
        <line num="30" count="10" type="stmt"/>
        <line num="31" count="10" type="cond" truecount="3" falsecount="1"/>
        <line num="32" count="10" type="stmt"/>
        <line num="33" count="10" type="stmt"/>
        <line num="34" count="10" type="stmt"/>
        <line num="35" count="3" type="stmt"/>
        <line num="37" count="10" type="stmt"/>
        <line num="39" count="0" type="stmt"/>
        <line num="45" count="3" type="stmt"/>
        <line num="46" count="3" type="cond" truecount="1" falsecount="1"/>
        <line num="47" count="3" type="stmt"/>
        <line num="48" count="3" type="stmt"/>
        <line num="50" count="3" type="stmt"/>
        <line num="51" count="3" type="stmt"/>
        <line num="56" count="1" type="cond" truecount="2" falsecount="2"/>
        <line num="57" count="0" type="stmt"/>
        <line num="61" count="133" type="stmt"/>
        <line num="62" count="9" type="cond" truecount="2" falsecount="0"/>
        <line num="64" count="133" type="stmt"/>
        <line num="69" count="133" type="stmt"/>
      </file>
      <file name="websocket.service.ts" path="/Users/juliabian/Desktop/RecipeSage/packages/frontend/src/app/services/websocket.service.ts">
        <metrics statements="41" coveredstatements="31" conditionals="18" coveredconditionals="12" methods="17" coveredmethods="11"/>
        <line num="5" count="133" type="stmt"/>
        <line num="8" count="133" type="stmt"/>
        <line num="9" count="133" type="stmt"/>
        <line num="10" count="133" type="stmt"/>
        <line num="12" count="133" type="stmt"/>
        <line num="13" count="6" type="stmt"/>
        <line num="14" count="6" type="stmt"/>
        <line num="15" count="5" type="stmt"/>
        <line num="20" count="0" type="cond" truecount="0" falsecount="2"/>
        <line num="21" count="0" type="stmt"/>
        <line num="25" count="344" type="cond" truecount="2" falsecount="0"/>
        <line num="26" count="344" type="stmt"/>
        <line num="33" count="0" type="stmt"/>
        <line num="37" count="295" type="cond" truecount="2" falsecount="0"/>
        <line num="38" count="164" type="stmt"/>
        <line num="39" count="164" type="cond" truecount="1" falsecount="1"/>
        <line num="40" count="164" type="cond" truecount="2" falsecount="0"/>
        <line num="41" count="164" type="stmt"/>
        <line num="42" count="164" type="stmt"/>
        <line num="43" count="0" type="stmt"/>
        <line num="48" count="164" type="stmt"/>
        <line num="49" count="0" type="stmt"/>
        <line num="51" count="164" type="stmt"/>
        <line num="52" count="164" type="cond" truecount="1" falsecount="1"/>
        <line num="53" count="164" type="stmt"/>
        <line num="55" count="164" type="stmt"/>
        <line num="56" count="163" type="stmt"/>
        <line num="60" count="458" type="stmt"/>
        <line num="61" count="458" type="cond" truecount="2" falsecount="0"/>
        <line num="62" count="293" type="stmt"/>
        <line num="63" count="162" type="stmt"/>
        <line num="64" count="162" type="stmt"/>
        <line num="68" count="0" type="stmt"/>
        <line num="71" count="0" type="stmt"/>
        <line num="72" count="0" type="cond" truecount="0" falsecount="2"/>
        <line num="73" count="0" type="stmt"/>
        <line num="74" count="0" type="stmt"/>
        <line num="78" count="133" type="stmt"/>
        <line num="79" count="133" type="cond" truecount="2" falsecount="0"/>
        <line num="81" count="133" type="stmt"/>
        <line num="86" count="133" type="stmt"/>
      </file>
    </package>
    <package name="src.app.utils">
      <metrics statements="10" coveredstatements="7" conditionals="6" coveredconditionals="2" methods="6" coveredmethods="5"/>
      <file name="linkify.ts" path="/Users/juliabian/Desktop/RecipeSage/packages/frontend/src/app/utils/linkify.ts">
        <metrics statements="5" coveredstatements="2" conditionals="4" coveredconditionals="0" methods="2" coveredmethods="1"/>
        <line num="2" count="133" type="stmt"/>
        <line num="3" count="193" type="stmt"/>
        <line num="5" count="0" type="cond" truecount="0" falsecount="2"/>
        <line num="6" count="0" type="cond" truecount="0" falsecount="2"/>
        <line num="7" count="0" type="stmt"/>
      </file>
      <file name="queryParams.ts" path="/Users/juliabian/Desktop/RecipeSage/packages/frontend/src/app/utils/queryParams.ts">
        <metrics statements="5" coveredstatements="5" conditionals="2" coveredconditionals="2" methods="4" coveredmethods="4"/>
        <line num="4" count="133" type="stmt"/>
        <line num="5" count="61" type="cond" truecount="2" falsecount="0"/>
        <line num="6" count="61" type="stmt"/>
        <line num="8" count="133" type="stmt"/>
        <line num="9" count="61" type="stmt"/>
      </file>
    </package>
    <package name="src.environments">
      <metrics statements="7" coveredstatements="7" conditionals="0" coveredconditionals="0" methods="0" coveredmethods="0"/>
      <file name="environment.ts" path="/Users/juliabian/Desktop/RecipeSage/packages/frontend/src/environments/environment.ts">
        <metrics statements="7" coveredstatements="7" conditionals="0" coveredconditionals="0" methods="0" coveredmethods="0"/>
        <line num="4" count="133" type="stmt"/>
        <line num="7" count="133" type="stmt"/>
        <line num="8" count="133" type="stmt"/>
        <line num="9" count="133" type="stmt"/>
        <line num="10" count="133" type="stmt"/>
        <line num="11" count="133" type="stmt"/>
        <line num="12" count="133" type="stmt"/>
      </file>
    </package>
  </project>
</coverage>
