{"total": {"lines":{"total":16991,"covered":10884,"skipped":0,"pct":64.05},"statements":{"total":17367,"covered":11032,"skipped":0,"pct":63.52},"functions":{"total":3008,"covered":1754,"skipped":0,"pct":58.31},"branches":{"total":4842,"covered":2661,"skipped":0,"pct":54.95},"branchesTrue":{"total":0,"covered":0,"skipped":0,"pct":100}}
,"/Users/juliabian/Desktop/RecipeSage/packages/frontend/src/main.ts": {"lines":{"total":3,"covered":2,"skipped":0,"pct":66.66},"functions":{"total":1,"covered":0,"skipped":0,"pct":0},"statements":{"total":4,"covered":2,"skipped":0,"pct":50},"branches":{"total":2,"covered":1,"skipped":0,"pct":50}}
,"/Users/juliabian/Desktop/RecipeSage/packages/frontend/src/polyfills.ts": {"lines":{"total":0,"covered":0,"skipped":0,"pct":0},"functions":{"total":0,"covered":0,"skipped":0,"pct":0},"statements":{"total":0,"covered":0,"skipped":0,"pct":0},"branches":{"total":0,"covered":0,"skipped":0,"pct":0}}
,"/Users/juliabian/Desktop/RecipeSage/packages/frontend/src/zone-flags.ts": {"lines":{"total":1,"covered":1,"skipped":0,"pct":100},"functions":{"total":0,"covered":0,"skipped":0,"pct":100},"statements":{"total":1,"covered":1,"skipped":0,"pct":100},"branches":{"total":0,"covered":0,"skipped":0,"pct":100}}
,"/Users/juliabian/Desktop/RecipeSage/packages/frontend/src/app/app-routing.module.ts": {"lines":{"total":40,"covered":40,"skipped":0,"pct":100},"functions":{"total":68,"covered":68,"skipped":0,"pct":100},"statements":{"total":73,"covered":73,"skipped":0,"pct":100},"branches":{"total":2,"covered":2,"skipped":0,"pct":100}}
,"/Users/juliabian/Desktop/RecipeSage/packages/frontend/src/app/app.component.ts": {"lines":{"total":244,"covered":195,"skipped":0,"pct":79.91},"functions":{"total":43,"covered":32,"skipped":0,"pct":74.41},"statements":{"total":255,"covered":201,"skipped":0,"pct":78.82},"branches":{"total":72,"covered":51,"skipped":0,"pct":70.83}}
,"/Users/juliabian/Desktop/RecipeSage/packages/frontend/src/app/app.module.ts": {"lines":{"total":45,"covered":40,"skipped":0,"pct":88.88},"functions":{"total":10,"covered":10,"skipped":0,"pct":100},"statements":{"total":47,"covered":40,"skipped":0,"pct":85.1},"branches":{"total":20,"covered":13,"skipped":0,"pct":65}}
,"/Users/juliabian/Desktop/RecipeSage/packages/frontend/src/app/global.module.ts": {"lines":{"total":6,"covered":6,"skipped":0,"pct":100},"functions":{"total":2,"covered":2,"skipped":0,"pct":100},"statements":{"total":6,"covered":6,"skipped":0,"pct":100},"branches":{"total":2,"covered":2,"skipped":0,"pct":100}}
,"/Users/juliabian/Desktop/RecipeSage/packages/frontend/src/app/components/cooking-toolbar/cooking-toolbar.component.ts": {"lines":{"total":60,"covered":42,"skipped":0,"pct":70},"functions":{"total":13,"covered":6,"skipped":0,"pct":46.15},"statements":{"total":60,"covered":42,"skipped":0,"pct":70},"branches":{"total":16,"covered":12,"skipped":0,"pct":75}}
,"/Users/juliabian/Desktop/RecipeSage/packages/frontend/src/app/components/cooking-toolbar/cooking-toolbar.module.ts": {"lines":{"total":6,"covered":6,"skipped":0,"pct":100},"functions":{"total":2,"covered":2,"skipped":0,"pct":100},"statements":{"total":6,"covered":6,"skipped":0,"pct":100},"branches":{"total":2,"covered":2,"skipped":0,"pct":100}}
,"/Users/juliabian/Desktop/RecipeSage/packages/frontend/src/app/components/copy-with-webshare/copy-with-webshare.component.ts": {"lines":{"total":73,"covered":54,"skipped":0,"pct":73.97},"functions":{"total":13,"covered":7,"skipped":0,"pct":53.84},"statements":{"total":73,"covered":54,"skipped":0,"pct":73.97},"branches":{"total":18,"covered":14,"skipped":0,"pct":77.77}}
,"/Users/juliabian/Desktop/RecipeSage/packages/frontend/src/app/components/copy-with-webshare/copy-with-webshare.module.ts": {"lines":{"total":6,"covered":6,"skipped":0,"pct":100},"functions":{"total":2,"covered":2,"skipped":0,"pct":100},"statements":{"total":6,"covered":6,"skipped":0,"pct":100},"branches":{"total":2,"covered":2,"skipped":0,"pct":100}}
,"/Users/juliabian/Desktop/RecipeSage/packages/frontend/src/app/components/logo-icon/logo-icon.component.ts": {"lines":{"total":16,"covered":16,"skipped":0,"pct":100},"functions":{"total":5,"covered":5,"skipped":0,"pct":100},"statements":{"total":16,"covered":16,"skipped":0,"pct":100},"branches":{"total":6,"covered":6,"skipped":0,"pct":100}}
,"/Users/juliabian/Desktop/RecipeSage/packages/frontend/src/app/components/logo-icon/logo-icon.module.ts": {"lines":{"total":6,"covered":6,"skipped":0,"pct":100},"functions":{"total":2,"covered":2,"skipped":0,"pct":100},"statements":{"total":6,"covered":6,"skipped":0,"pct":100},"branches":{"total":2,"covered":2,"skipped":0,"pct":100}}
,"/Users/juliabian/Desktop/RecipeSage/packages/frontend/src/app/components/meal-calendar/meal-calendar.component.ts": {"lines":{"total":331,"covered":185,"skipped":0,"pct":55.89},"functions":{"total":62,"covered":35,"skipped":0,"pct":56.45},"statements":{"total":338,"covered":187,"skipped":0,"pct":55.32},"branches":{"total":117,"covered":58,"skipped":0,"pct":49.57}}
,"/Users/juliabian/Desktop/RecipeSage/packages/frontend/src/app/components/meal-calendar/meal-calendar.module.ts": {"lines":{"total":6,"covered":6,"skipped":0,"pct":100},"functions":{"total":2,"covered":2,"skipped":0,"pct":100},"statements":{"total":6,"covered":6,"skipped":0,"pct":100},"branches":{"total":2,"covered":2,"skipped":0,"pct":100}}
,"/Users/juliabian/Desktop/RecipeSage/packages/frontend/src/app/components/meal-calendar/calendar-item/calendar-item.component.ts": {"lines":{"total":12,"covered":12,"skipped":0,"pct":100},"functions":{"total":4,"covered":4,"skipped":0,"pct":100},"statements":{"total":12,"covered":12,"skipped":0,"pct":100},"branches":{"total":10,"covered":10,"skipped":0,"pct":100}}
,"/Users/juliabian/Desktop/RecipeSage/packages/frontend/src/app/components/meal-calendar/calendar-item/calendar-item.module.ts": {"lines":{"total":6,"covered":6,"skipped":0,"pct":100},"functions":{"total":2,"covered":2,"skipped":0,"pct":100},"statements":{"total":6,"covered":6,"skipped":0,"pct":100},"branches":{"total":2,"covered":2,"skipped":0,"pct":100}}
,"/Users/juliabian/Desktop/RecipeSage/packages/frontend/src/app/components/meal-calendar/meal-group/meal-group.component.ts": {"lines":{"total":59,"covered":47,"skipped":0,"pct":79.66},"functions":{"total":13,"covered":9,"skipped":0,"pct":69.23},"statements":{"total":59,"covered":47,"skipped":0,"pct":79.66},"branches":{"total":18,"covered":18,"skipped":0,"pct":100}}
,"/Users/juliabian/Desktop/RecipeSage/packages/frontend/src/app/components/meal-calendar/meal-group/meal-group.module.ts": {"lines":{"total":6,"covered":6,"skipped":0,"pct":100},"functions":{"total":2,"covered":2,"skipped":0,"pct":100},"statements":{"total":6,"covered":6,"skipped":0,"pct":100},"branches":{"total":2,"covered":2,"skipped":0,"pct":100}}
,"/Users/juliabian/Desktop/RecipeSage/packages/frontend/src/app/components/multi-image-upload/multi-image-upload.component.ts": {"lines":{"total":136,"covered":76,"skipped":0,"pct":55.88},"functions":{"total":21,"covered":11,"skipped":0,"pct":52.38},"statements":{"total":139,"covered":77,"skipped":0,"pct":55.39},"branches":{"total":41,"covered":26,"skipped":0,"pct":63.41}}
,"/Users/juliabian/Desktop/RecipeSage/packages/frontend/src/app/components/multi-image-upload/multi-image-upload.module.ts": {"lines":{"total":6,"covered":6,"skipped":0,"pct":100},"functions":{"total":2,"covered":2,"skipped":0,"pct":100},"statements":{"total":6,"covered":6,"skipped":0,"pct":100},"branches":{"total":2,"covered":2,"skipped":0,"pct":100}}
,"/Users/juliabian/Desktop/RecipeSage/packages/frontend/src/app/components/null-state/null-state.component.ts": {"lines":{"total":17,"covered":17,"skipped":0,"pct":100},"functions":{"total":4,"covered":4,"skipped":0,"pct":100},"statements":{"total":17,"covered":17,"skipped":0,"pct":100},"branches":{"total":4,"covered":4,"skipped":0,"pct":100}}
,"/Users/juliabian/Desktop/RecipeSage/packages/frontend/src/app/components/null-state/null-state.module.ts": {"lines":{"total":6,"covered":6,"skipped":0,"pct":100},"functions":{"total":2,"covered":2,"skipped":0,"pct":100},"statements":{"total":6,"covered":6,"skipped":0,"pct":100},"branches":{"total":2,"covered":2,"skipped":0,"pct":100}}
,"/Users/juliabian/Desktop/RecipeSage/packages/frontend/src/app/components/rating/rating.component.ts": {"lines":{"total":38,"covered":38,"skipped":0,"pct":100},"functions":{"total":11,"covered":11,"skipped":0,"pct":100},"statements":{"total":40,"covered":38,"skipped":0,"pct":95},"branches":{"total":14,"covered":12,"skipped":0,"pct":85.71}}
,"/Users/juliabian/Desktop/RecipeSage/packages/frontend/src/app/components/rating/rating.module.ts": {"lines":{"total":6,"covered":6,"skipped":0,"pct":100},"functions":{"total":2,"covered":2,"skipped":0,"pct":100},"statements":{"total":6,"covered":6,"skipped":0,"pct":100},"branches":{"total":2,"covered":2,"skipped":0,"pct":100}}
,"/Users/juliabian/Desktop/RecipeSage/packages/frontend/src/app/components/rating-filter-popover/rating-filter-popover.component.ts": {"lines":{"total":87,"covered":4,"skipped":0,"pct":4.59},"functions":{"total":15,"covered":1,"skipped":0,"pct":6.66},"statements":{"total":89,"covered":4,"skipped":0,"pct":4.49},"branches":{"total":20,"covered":0,"skipped":0,"pct":0}}
,"/Users/juliabian/Desktop/RecipeSage/packages/frontend/src/app/components/recipe-preview/recipe-preview.component.ts": {"lines":{"total":27,"covered":5,"skipped":0,"pct":18.51},"functions":{"total":8,"covered":1,"skipped":0,"pct":12.5},"statements":{"total":27,"covered":5,"skipped":0,"pct":18.51},"branches":{"total":10,"covered":0,"skipped":0,"pct":0}}
,"/Users/juliabian/Desktop/RecipeSage/packages/frontend/src/app/components/recipe-preview/recipe-preview.module.ts": {"lines":{"total":6,"covered":6,"skipped":0,"pct":100},"functions":{"total":2,"covered":2,"skipped":0,"pct":100},"statements":{"total":6,"covered":6,"skipped":0,"pct":100},"branches":{"total":2,"covered":2,"skipped":0,"pct":100}}
,"/Users/juliabian/Desktop/RecipeSage/packages/frontend/src/app/components/select-collaborators/select-collaborators.component.ts": {"lines":{"total":191,"covered":48,"skipped":0,"pct":25.13},"functions":{"total":37,"covered":10,"skipped":0,"pct":27.02},"statements":{"total":196,"covered":48,"skipped":0,"pct":24.48},"branches":{"total":62,"covered":7,"skipped":0,"pct":11.29}}
,"/Users/juliabian/Desktop/RecipeSage/packages/frontend/src/app/components/select-collaborators/select-collaborators.module.ts": {"lines":{"total":6,"covered":6,"skipped":0,"pct":100},"functions":{"total":2,"covered":2,"skipped":0,"pct":100},"statements":{"total":6,"covered":6,"skipped":0,"pct":100},"branches":{"total":2,"covered":2,"skipped":0,"pct":100}}
,"/Users/juliabian/Desktop/RecipeSage/packages/frontend/src/app/components/select-ingredients/select-ingredients.component.ts": {"lines":{"total":125,"covered":82,"skipped":0,"pct":65.6},"functions":{"total":22,"covered":10,"skipped":0,"pct":45.45},"statements":{"total":128,"covered":85,"skipped":0,"pct":66.4},"branches":{"total":38,"covered":21,"skipped":0,"pct":55.26}}
,"/Users/juliabian/Desktop/RecipeSage/packages/frontend/src/app/components/select-ingredients/select-ingredients.module.ts": {"lines":{"total":6,"covered":6,"skipped":0,"pct":100},"functions":{"total":2,"covered":2,"skipped":0,"pct":100},"statements":{"total":6,"covered":6,"skipped":0,"pct":100},"branches":{"total":2,"covered":2,"skipped":0,"pct":100}}
,"/Users/juliabian/Desktop/RecipeSage/packages/frontend/src/app/components/select-knownuser/select-knownuser.component.ts": {"lines":{"total":138,"covered":4,"skipped":0,"pct":2.89},"functions":{"total":24,"covered":1,"skipped":0,"pct":4.16},"statements":{"total":146,"covered":4,"skipped":0,"pct":2.73},"branches":{"total":56,"covered":0,"skipped":0,"pct":0}}
,"/Users/juliabian/Desktop/RecipeSage/packages/frontend/src/app/components/select-knownuser/select-knownuser.module.ts": {"lines":{"total":6,"covered":6,"skipped":0,"pct":100},"functions":{"total":2,"covered":2,"skipped":0,"pct":100},"statements":{"total":6,"covered":6,"skipped":0,"pct":100},"branches":{"total":2,"covered":2,"skipped":0,"pct":100}}
,"/Users/juliabian/Desktop/RecipeSage/packages/frontend/src/app/components/select-label/index.ts": {"lines":{"total":110,"covered":92,"skipped":0,"pct":83.63},"functions":{"total":19,"covered":13,"skipped":0,"pct":68.42},"statements":{"total":112,"covered":92,"skipped":0,"pct":82.14},"branches":{"total":28,"covered":21,"skipped":0,"pct":75}}
,"/Users/juliabian/Desktop/RecipeSage/packages/frontend/src/app/components/select-label/module.ts": {"lines":{"total":6,"covered":6,"skipped":0,"pct":100},"functions":{"total":2,"covered":2,"skipped":0,"pct":100},"statements":{"total":6,"covered":6,"skipped":0,"pct":100},"branches":{"total":2,"covered":2,"skipped":0,"pct":100}}
,"/Users/juliabian/Desktop/RecipeSage/packages/frontend/src/app/components/select-meal/select-meal.component.ts": {"lines":{"total":48,"covered":48,"skipped":0,"pct":100},"functions":{"total":13,"covered":13,"skipped":0,"pct":100},"statements":{"total":49,"covered":49,"skipped":0,"pct":100},"branches":{"total":14,"covered":14,"skipped":0,"pct":100}}
,"/Users/juliabian/Desktop/RecipeSage/packages/frontend/src/app/components/select-meal/select-meal.module.ts": {"lines":{"total":6,"covered":6,"skipped":0,"pct":100},"functions":{"total":2,"covered":2,"skipped":0,"pct":100},"statements":{"total":6,"covered":6,"skipped":0,"pct":100},"branches":{"total":2,"covered":2,"skipped":0,"pct":100}}
,"/Users/juliabian/Desktop/RecipeSage/packages/frontend/src/app/components/select-recipe/select-recipe.component.ts": {"lines":{"total":153,"covered":143,"skipped":0,"pct":93.46},"functions":{"total":23,"covered":22,"skipped":0,"pct":95.65},"statements":{"total":156,"covered":143,"skipped":0,"pct":91.66},"branches":{"total":49,"covered":41,"skipped":0,"pct":83.67}}
,"/Users/juliabian/Desktop/RecipeSage/packages/frontend/src/app/components/select-recipe/select-recipe.module.ts": {"lines":{"total":6,"covered":6,"skipped":0,"pct":100},"functions":{"total":2,"covered":2,"skipped":0,"pct":100},"statements":{"total":6,"covered":6,"skipped":0,"pct":100},"branches":{"total":2,"covered":2,"skipped":0,"pct":100}}
,"/Users/juliabian/Desktop/RecipeSage/packages/frontend/src/app/components/select-user/select-user.component.ts": {"lines":{"total":165,"covered":142,"skipped":0,"pct":86.06},"functions":{"total":29,"covered":24,"skipped":0,"pct":82.75},"statements":{"total":168,"covered":144,"skipped":0,"pct":85.71},"branches":{"total":59,"covered":48,"skipped":0,"pct":81.35}}
,"/Users/juliabian/Desktop/RecipeSage/packages/frontend/src/app/components/select-user/select-user.module.ts": {"lines":{"total":6,"covered":6,"skipped":0,"pct":100},"functions":{"total":2,"covered":2,"skipped":0,"pct":100},"statements":{"total":6,"covered":6,"skipped":0,"pct":100},"branches":{"total":2,"covered":2,"skipped":0,"pct":100}}
,"/Users/juliabian/Desktop/RecipeSage/packages/frontend/src/app/components/select-user-knownuser/select-user-knownuser.component.ts": {"lines":{"total":38,"covered":4,"skipped":0,"pct":10.52},"functions":{"total":10,"covered":1,"skipped":0,"pct":10},"statements":{"total":38,"covered":4,"skipped":0,"pct":10.52},"branches":{"total":28,"covered":0,"skipped":0,"pct":0}}
,"/Users/juliabian/Desktop/RecipeSage/packages/frontend/src/app/components/select-user-knownuser/select-user-knownuser.module.ts": {"lines":{"total":6,"covered":6,"skipped":0,"pct":100},"functions":{"total":2,"covered":2,"skipped":0,"pct":100},"statements":{"total":6,"covered":6,"skipped":0,"pct":100},"branches":{"total":2,"covered":2,"skipped":0,"pct":100}}
,"/Users/juliabian/Desktop/RecipeSage/packages/frontend/src/app/components/shopping-list-group/shopping-list-group.component.ts": {"lines":{"total":87,"covered":77,"skipped":0,"pct":88.5},"functions":{"total":15,"covered":12,"skipped":0,"pct":80},"statements":{"total":88,"covered":78,"skipped":0,"pct":88.63},"branches":{"total":48,"covered":38,"skipped":0,"pct":79.16}}
,"/Users/juliabian/Desktop/RecipeSage/packages/frontend/src/app/components/shopping-list-group/shopping-list-group.module.ts": {"lines":{"total":6,"covered":6,"skipped":0,"pct":100},"functions":{"total":2,"covered":2,"skipped":0,"pct":100},"statements":{"total":6,"covered":6,"skipped":0,"pct":100},"branches":{"total":2,"covered":2,"skipped":0,"pct":100}}
,"/Users/juliabian/Desktop/RecipeSage/packages/frontend/src/app/components/shopping-list-item/shopping-list-item.component.ts": {"lines":{"total":70,"covered":43,"skipped":0,"pct":61.42},"functions":{"total":10,"covered":7,"skipped":0,"pct":70},"statements":{"total":70,"covered":43,"skipped":0,"pct":61.42},"branches":{"total":18,"covered":10,"skipped":0,"pct":55.55}}
,"/Users/juliabian/Desktop/RecipeSage/packages/frontend/src/app/components/shopping-list-item/shopping-list-item.module.ts": {"lines":{"total":6,"covered":6,"skipped":0,"pct":100},"functions":{"total":2,"covered":2,"skipped":0,"pct":100},"statements":{"total":6,"covered":6,"skipped":0,"pct":100},"branches":{"total":2,"covered":2,"skipped":0,"pct":100}}
,"/Users/juliabian/Desktop/RecipeSage/packages/frontend/src/app/components/social-links/social-links.component.ts": {"lines":{"total":21,"covered":21,"skipped":0,"pct":100},"functions":{"total":4,"covered":4,"skipped":0,"pct":100},"statements":{"total":21,"covered":21,"skipped":0,"pct":100},"branches":{"total":4,"covered":4,"skipped":0,"pct":100}}
,"/Users/juliabian/Desktop/RecipeSage/packages/frontend/src/app/components/social-links/social-links.module.ts": {"lines":{"total":6,"covered":6,"skipped":0,"pct":100},"functions":{"total":2,"covered":2,"skipped":0,"pct":100},"statements":{"total":6,"covered":6,"skipped":0,"pct":100},"branches":{"total":2,"covered":2,"skipped":0,"pct":100}}
,"/Users/juliabian/Desktop/RecipeSage/packages/frontend/src/app/components/tos-clickwrap-agreement/tos-clickwrap-agreement.component.ts": {"lines":{"total":21,"covered":21,"skipped":0,"pct":100},"functions":{"total":4,"covered":4,"skipped":0,"pct":100},"statements":{"total":21,"covered":21,"skipped":0,"pct":100},"branches":{"total":6,"covered":6,"skipped":0,"pct":100}}
,"/Users/juliabian/Desktop/RecipeSage/packages/frontend/src/app/components/tos-clickwrap-agreement/tos-clickwrap-agreement.module.ts": {"lines":{"total":6,"covered":6,"skipped":0,"pct":100},"functions":{"total":2,"covered":2,"skipped":0,"pct":100},"statements":{"total":6,"covered":6,"skipped":0,"pct":100},"branches":{"total":2,"covered":2,"skipped":0,"pct":100}}
,"/Users/juliabian/Desktop/RecipeSage/packages/frontend/src/app/modals/image-viewer/image-viewer.component.ts": {"lines":{"total":67,"covered":5,"skipped":0,"pct":7.46},"functions":{"total":16,"covered":1,"skipped":0,"pct":6.25},"statements":{"total":67,"covered":5,"skipped":0,"pct":7.46},"branches":{"total":20,"covered":0,"skipped":0,"pct":0}}
,"/Users/juliabian/Desktop/RecipeSage/packages/frontend/src/app/modals/image-viewer/image-viewer.module.ts": {"lines":{"total":6,"covered":6,"skipped":0,"pct":100},"functions":{"total":2,"covered":2,"skipped":0,"pct":100},"statements":{"total":6,"covered":6,"skipped":0,"pct":100},"branches":{"total":2,"covered":2,"skipped":0,"pct":100}}
,"/Users/juliabian/Desktop/RecipeSage/packages/frontend/src/app/modals/scale-recipe/scale-recipe.component.ts": {"lines":{"total":88,"covered":4,"skipped":0,"pct":4.54},"functions":{"total":15,"covered":1,"skipped":0,"pct":6.66},"statements":{"total":89,"covered":4,"skipped":0,"pct":4.49},"branches":{"total":10,"covered":0,"skipped":0,"pct":0}}
,"/Users/juliabian/Desktop/RecipeSage/packages/frontend/src/app/modals/scale-recipe/scale-recipe.module.ts": {"lines":{"total":6,"covered":6,"skipped":0,"pct":100},"functions":{"total":2,"covered":2,"skipped":0,"pct":100},"statements":{"total":6,"covered":6,"skipped":0,"pct":100},"branches":{"total":2,"covered":2,"skipped":0,"pct":100}}
,"/Users/juliabian/Desktop/RecipeSage/packages/frontend/src/app/pages/auth/auth.module.ts": {"lines":{"total":6,"covered":6,"skipped":0,"pct":100},"functions":{"total":2,"covered":2,"skipped":0,"pct":100},"statements":{"total":6,"covered":6,"skipped":0,"pct":100},"branches":{"total":2,"covered":2,"skipped":0,"pct":100}}
,"/Users/juliabian/Desktop/RecipeSage/packages/frontend/src/app/pages/auth/auth.page.ts": {"lines":{"total":382,"covered":339,"skipped":0,"pct":88.74},"functions":{"total":49,"covered":41,"skipped":0,"pct":83.67},"statements":{"total":385,"covered":340,"skipped":0,"pct":88.31},"branches":{"total":116,"covered":98,"skipped":0,"pct":84.48}}
,"/Users/juliabian/Desktop/RecipeSage/packages/frontend/src/app/pages/error-pages/not-found/not-found.module.ts": {"lines":{"total":6,"covered":6,"skipped":0,"pct":100},"functions":{"total":2,"covered":2,"skipped":0,"pct":100},"statements":{"total":6,"covered":6,"skipped":0,"pct":100},"branches":{"total":2,"covered":2,"skipped":0,"pct":100}}
,"/Users/juliabian/Desktop/RecipeSage/packages/frontend/src/app/pages/error-pages/not-found/not-found.page.ts": {"lines":{"total":65,"covered":4,"skipped":0,"pct":6.15},"functions":{"total":8,"covered":1,"skipped":0,"pct":12.5},"statements":{"total":65,"covered":4,"skipped":0,"pct":6.15},"branches":{"total":6,"covered":0,"skipped":0,"pct":0}}
,"/Users/juliabian/Desktop/RecipeSage/packages/frontend/src/app/pages/home/home.module.ts": {"lines":{"total":6,"covered":6,"skipped":0,"pct":100},"functions":{"total":2,"covered":2,"skipped":0,"pct":100},"statements":{"total":6,"covered":6,"skipped":0,"pct":100},"branches":{"total":2,"covered":2,"skipped":0,"pct":100}}
,"/Users/juliabian/Desktop/RecipeSage/packages/frontend/src/app/pages/home/home.page.ts": {"lines":{"total":968,"covered":452,"skipped":0,"pct":46.69},"functions":{"total":147,"covered":62,"skipped":0,"pct":42.17},"statements":{"total":995,"covered":462,"skipped":0,"pct":46.43},"branches":{"total":420,"covered":172,"skipped":0,"pct":40.95}}
,"/Users/juliabian/Desktop/RecipeSage/packages/frontend/src/app/pages/home-popover/home-popover.module.ts": {"lines":{"total":6,"covered":6,"skipped":0,"pct":100},"functions":{"total":2,"covered":2,"skipped":0,"pct":100},"statements":{"total":6,"covered":6,"skipped":0,"pct":100},"branches":{"total":2,"covered":2,"skipped":0,"pct":100}}
,"/Users/juliabian/Desktop/RecipeSage/packages/frontend/src/app/pages/home-popover/home-popover.page.ts": {"lines":{"total":337,"covered":5,"skipped":0,"pct":1.48},"functions":{"total":45,"covered":1,"skipped":0,"pct":2.22},"statements":{"total":341,"covered":5,"skipped":0,"pct":1.46},"branches":{"total":70,"covered":0,"skipped":0,"pct":0}}
,"/Users/juliabian/Desktop/RecipeSage/packages/frontend/src/app/pages/home-search-popover/home-search-filter-popover.module.ts": {"lines":{"total":6,"covered":6,"skipped":0,"pct":100},"functions":{"total":2,"covered":2,"skipped":0,"pct":100},"statements":{"total":6,"covered":6,"skipped":0,"pct":100},"branches":{"total":2,"covered":2,"skipped":0,"pct":100}}
,"/Users/juliabian/Desktop/RecipeSage/packages/frontend/src/app/pages/home-search-popover/home-search-filter-popover.page.ts": {"lines":{"total":182,"covered":5,"skipped":0,"pct":2.74},"functions":{"total":28,"covered":1,"skipped":0,"pct":3.57},"statements":{"total":186,"covered":5,"skipped":0,"pct":2.68},"branches":{"total":54,"covered":0,"skipped":0,"pct":0}}
,"/Users/juliabian/Desktop/RecipeSage/packages/frontend/src/app/pages/info-components/about/about.module.ts": {"lines":{"total":6,"covered":6,"skipped":0,"pct":100},"functions":{"total":2,"covered":2,"skipped":0,"pct":100},"statements":{"total":6,"covered":6,"skipped":0,"pct":100},"branches":{"total":2,"covered":2,"skipped":0,"pct":100}}
,"/Users/juliabian/Desktop/RecipeSage/packages/frontend/src/app/pages/info-components/about/about.page.ts": {"lines":{"total":86,"covered":80,"skipped":0,"pct":93.02},"functions":{"total":16,"covered":10,"skipped":0,"pct":62.5},"statements":{"total":86,"covered":80,"skipped":0,"pct":93.02},"branches":{"total":6,"covered":6,"skipped":0,"pct":100}}
,"/Users/juliabian/Desktop/RecipeSage/packages/frontend/src/app/pages/info-components/about-details/about-details.module.ts": {"lines":{"total":6,"covered":6,"skipped":0,"pct":100},"functions":{"total":2,"covered":2,"skipped":0,"pct":100},"statements":{"total":6,"covered":6,"skipped":0,"pct":100},"branches":{"total":2,"covered":2,"skipped":0,"pct":100}}
,"/Users/juliabian/Desktop/RecipeSage/packages/frontend/src/app/pages/info-components/about-details/about-details.page.ts": {"lines":{"total":69,"covered":69,"skipped":0,"pct":100},"functions":{"total":6,"covered":6,"skipped":0,"pct":100},"statements":{"total":69,"covered":69,"skipped":0,"pct":100},"branches":{"total":6,"covered":6,"skipped":0,"pct":100}}
,"/Users/juliabian/Desktop/RecipeSage/packages/frontend/src/app/pages/info-components/contact/contact.module.ts": {"lines":{"total":6,"covered":6,"skipped":0,"pct":100},"functions":{"total":2,"covered":2,"skipped":0,"pct":100},"statements":{"total":6,"covered":6,"skipped":0,"pct":100},"branches":{"total":2,"covered":2,"skipped":0,"pct":100}}
,"/Users/juliabian/Desktop/RecipeSage/packages/frontend/src/app/pages/info-components/contact/contact.page.ts": {"lines":{"total":50,"covered":50,"skipped":0,"pct":100},"functions":{"total":4,"covered":4,"skipped":0,"pct":100},"statements":{"total":50,"covered":50,"skipped":0,"pct":100},"branches":{"total":6,"covered":6,"skipped":0,"pct":100}}
,"/Users/juliabian/Desktop/RecipeSage/packages/frontend/src/app/pages/info-components/contribute/contribute.module.ts": {"lines":{"total":6,"covered":6,"skipped":0,"pct":100},"functions":{"total":2,"covered":2,"skipped":0,"pct":100},"statements":{"total":6,"covered":6,"skipped":0,"pct":100},"branches":{"total":2,"covered":2,"skipped":0,"pct":100}}
,"/Users/juliabian/Desktop/RecipeSage/packages/frontend/src/app/pages/info-components/contribute/contribute.page.ts": {"lines":{"total":294,"covered":249,"skipped":0,"pct":84.69},"functions":{"total":30,"covered":18,"skipped":0,"pct":60},"statements":{"total":295,"covered":249,"skipped":0,"pct":84.4},"branches":{"total":52,"covered":37,"skipped":0,"pct":71.15}}
,"/Users/juliabian/Desktop/RecipeSage/packages/frontend/src/app/pages/info-components/contribute-cancel/contribute-cancel.module.ts": {"lines":{"total":6,"covered":6,"skipped":0,"pct":100},"functions":{"total":2,"covered":2,"skipped":0,"pct":100},"statements":{"total":6,"covered":6,"skipped":0,"pct":100},"branches":{"total":2,"covered":2,"skipped":0,"pct":100}}
,"/Users/juliabian/Desktop/RecipeSage/packages/frontend/src/app/pages/info-components/contribute-cancel/contribute-cancel.page.ts": {"lines":{"total":65,"covered":4,"skipped":0,"pct":6.15},"functions":{"total":4,"covered":1,"skipped":0,"pct":25},"statements":{"total":65,"covered":4,"skipped":0,"pct":6.15},"branches":{"total":6,"covered":0,"skipped":0,"pct":0}}
,"/Users/juliabian/Desktop/RecipeSage/packages/frontend/src/app/pages/info-components/contribute-thankyou/contribute-thankyou.module.ts": {"lines":{"total":6,"covered":6,"skipped":0,"pct":100},"functions":{"total":2,"covered":2,"skipped":0,"pct":100},"statements":{"total":6,"covered":6,"skipped":0,"pct":100},"branches":{"total":2,"covered":2,"skipped":0,"pct":100}}
,"/Users/juliabian/Desktop/RecipeSage/packages/frontend/src/app/pages/info-components/contribute-thankyou/contribute-thankyou.page.ts": {"lines":{"total":57,"covered":4,"skipped":0,"pct":7.01},"functions":{"total":4,"covered":1,"skipped":0,"pct":25},"statements":{"total":57,"covered":4,"skipped":0,"pct":7.01},"branches":{"total":6,"covered":0,"skipped":0,"pct":0}}
,"/Users/juliabian/Desktop/RecipeSage/packages/frontend/src/app/pages/info-components/download-and-install/download-and-install.module.ts": {"lines":{"total":6,"covered":6,"skipped":0,"pct":100},"functions":{"total":2,"covered":2,"skipped":0,"pct":100},"statements":{"total":6,"covered":6,"skipped":0,"pct":100},"branches":{"total":2,"covered":2,"skipped":0,"pct":100}}
,"/Users/juliabian/Desktop/RecipeSage/packages/frontend/src/app/pages/info-components/download-and-install/download-and-install.page.ts": {"lines":{"total":255,"covered":230,"skipped":0,"pct":90.19},"functions":{"total":20,"covered":14,"skipped":0,"pct":70},"statements":{"total":256,"covered":230,"skipped":0,"pct":89.84},"branches":{"total":28,"covered":19,"skipped":0,"pct":67.85}}
,"/Users/juliabian/Desktop/RecipeSage/packages/frontend/src/app/pages/info-components/legal/legal.module.ts": {"lines":{"total":6,"covered":6,"skipped":0,"pct":100},"functions":{"total":2,"covered":2,"skipped":0,"pct":100},"statements":{"total":6,"covered":6,"skipped":0,"pct":100},"branches":{"total":2,"covered":2,"skipped":0,"pct":100}}
,"/Users/juliabian/Desktop/RecipeSage/packages/frontend/src/app/pages/info-components/legal/legal.page.ts": {"lines":{"total":160,"covered":139,"skipped":0,"pct":86.87},"functions":{"total":8,"covered":6,"skipped":0,"pct":75},"statements":{"total":160,"covered":139,"skipped":0,"pct":86.87},"branches":{"total":16,"covered":13,"skipped":0,"pct":81.25}}
,"/Users/juliabian/Desktop/RecipeSage/packages/frontend/src/app/pages/info-components/welcome/welcome.module.ts": {"lines":{"total":6,"covered":6,"skipped":0,"pct":100},"functions":{"total":2,"covered":2,"skipped":0,"pct":100},"statements":{"total":6,"covered":6,"skipped":0,"pct":100},"branches":{"total":2,"covered":2,"skipped":0,"pct":100}}
,"/Users/juliabian/Desktop/RecipeSage/packages/frontend/src/app/pages/info-components/welcome/welcome.page.ts": {"lines":{"total":295,"covered":269,"skipped":0,"pct":91.18},"functions":{"total":17,"covered":13,"skipped":0,"pct":76.47},"statements":{"total":295,"covered":269,"skipped":0,"pct":91.18},"branches":{"total":38,"covered":23,"skipped":0,"pct":60.52}}
,"/Users/juliabian/Desktop/RecipeSage/packages/frontend/src/app/pages/labels-pages/labels/labels.module.ts": {"lines":{"total":6,"covered":6,"skipped":0,"pct":100},"functions":{"total":2,"covered":2,"skipped":0,"pct":100},"statements":{"total":6,"covered":6,"skipped":0,"pct":100},"branches":{"total":2,"covered":2,"skipped":0,"pct":100}}
,"/Users/juliabian/Desktop/RecipeSage/packages/frontend/src/app/pages/labels-pages/labels/labels.page.ts": {"lines":{"total":240,"covered":193,"skipped":0,"pct":80.41},"functions":{"total":47,"covered":32,"skipped":0,"pct":68.08},"statements":{"total":245,"covered":194,"skipped":0,"pct":79.18},"branches":{"total":62,"covered":53,"skipped":0,"pct":85.48}}
,"/Users/juliabian/Desktop/RecipeSage/packages/frontend/src/app/pages/labels-pages/labels-popover/labels-popover.module.ts": {"lines":{"total":6,"covered":6,"skipped":0,"pct":100},"functions":{"total":2,"covered":2,"skipped":0,"pct":100},"statements":{"total":6,"covered":6,"skipped":0,"pct":100},"branches":{"total":2,"covered":2,"skipped":0,"pct":100}}
,"/Users/juliabian/Desktop/RecipeSage/packages/frontend/src/app/pages/labels-pages/labels-popover/labels-popover.page.ts": {"lines":{"total":77,"covered":77,"skipped":0,"pct":100},"functions":{"total":12,"covered":12,"skipped":0,"pct":100},"statements":{"total":77,"covered":77,"skipped":0,"pct":100},"branches":{"total":16,"covered":16,"skipped":0,"pct":100}}
,"/Users/juliabian/Desktop/RecipeSage/packages/frontend/src/app/pages/labels-pages/manage-label-modal/manage-label-modal.module.ts": {"lines":{"total":6,"covered":6,"skipped":0,"pct":100},"functions":{"total":2,"covered":2,"skipped":0,"pct":100},"statements":{"total":6,"covered":6,"skipped":0,"pct":100},"branches":{"total":2,"covered":2,"skipped":0,"pct":100}}
,"/Users/juliabian/Desktop/RecipeSage/packages/frontend/src/app/pages/labels-pages/manage-label-modal/manage-label-modal.page.ts": {"lines":{"total":204,"covered":195,"skipped":0,"pct":95.58},"functions":{"total":41,"covered":38,"skipped":0,"pct":92.68},"statements":{"total":209,"covered":195,"skipped":0,"pct":93.3},"branches":{"total":20,"covered":14,"skipped":0,"pct":70}}
,"/Users/juliabian/Desktop/RecipeSage/packages/frontend/src/app/pages/meal-plan-components/meal-plan/meal-plan.module.ts": {"lines":{"total":6,"covered":6,"skipped":0,"pct":100},"functions":{"total":2,"covered":2,"skipped":0,"pct":100},"statements":{"total":6,"covered":6,"skipped":0,"pct":100},"branches":{"total":2,"covered":2,"skipped":0,"pct":100}}
,"/Users/juliabian/Desktop/RecipeSage/packages/frontend/src/app/pages/meal-plan-components/meal-plan/meal-plan.page.ts": {"lines":{"total":246,"covered":193,"skipped":0,"pct":78.45},"functions":{"total":80,"covered":61,"skipped":0,"pct":76.25},"statements":{"total":268,"covered":206,"skipped":0,"pct":76.86},"branches":{"total":126,"covered":91,"skipped":0,"pct":72.22}}
,"/Users/juliabian/Desktop/RecipeSage/packages/frontend/src/app/pages/meal-plan-components/meal-plan-bulk-pin-modal/index.ts": {"lines":{"total":145,"covered":4,"skipped":0,"pct":2.75},"functions":{"total":24,"covered":1,"skipped":0,"pct":4.16},"statements":{"total":147,"covered":4,"skipped":0,"pct":2.72},"branches":{"total":52,"covered":0,"skipped":0,"pct":0}}
,"/Users/juliabian/Desktop/RecipeSage/packages/frontend/src/app/pages/meal-plan-components/meal-plan-bulk-pin-modal/module.ts": {"lines":{"total":6,"covered":6,"skipped":0,"pct":100},"functions":{"total":2,"covered":2,"skipped":0,"pct":100},"statements":{"total":6,"covered":6,"skipped":0,"pct":100},"branches":{"total":2,"covered":2,"skipped":0,"pct":100}}
,"/Users/juliabian/Desktop/RecipeSage/packages/frontend/src/app/pages/meal-plan-components/meal-plan-item-details-modal/meal-plan-item-details-modal.module.ts": {"lines":{"total":6,"covered":6,"skipped":0,"pct":100},"functions":{"total":2,"covered":2,"skipped":0,"pct":100},"statements":{"total":6,"covered":6,"skipped":0,"pct":100},"branches":{"total":2,"covered":2,"skipped":0,"pct":100}}
,"/Users/juliabian/Desktop/RecipeSage/packages/frontend/src/app/pages/meal-plan-components/meal-plan-item-details-modal/meal-plan-item-details-modal.page.ts": {"lines":{"total":225,"covered":202,"skipped":0,"pct":89.77},"functions":{"total":36,"covered":28,"skipped":0,"pct":77.77},"statements":{"total":230,"covered":202,"skipped":0,"pct":87.82},"branches":{"total":68,"covered":50,"skipped":0,"pct":73.52}}
,"/Users/juliabian/Desktop/RecipeSage/packages/frontend/src/app/pages/meal-plan-components/meal-plan-popover/meal-plan-popover.module.ts": {"lines":{"total":6,"covered":6,"skipped":0,"pct":100},"functions":{"total":2,"covered":2,"skipped":0,"pct":100},"statements":{"total":6,"covered":6,"skipped":0,"pct":100},"branches":{"total":2,"covered":2,"skipped":0,"pct":100}}
,"/Users/juliabian/Desktop/RecipeSage/packages/frontend/src/app/pages/meal-plan-components/meal-plan-popover/meal-plan-popover.page.ts": {"lines":{"total":151,"covered":133,"skipped":0,"pct":88.07},"functions":{"total":28,"covered":16,"skipped":0,"pct":57.14},"statements":{"total":152,"covered":133,"skipped":0,"pct":87.5},"branches":{"total":8,"covered":6,"skipped":0,"pct":75}}
,"/Users/juliabian/Desktop/RecipeSage/packages/frontend/src/app/pages/meal-plan-components/meal-plans/meal-plans.module.ts": {"lines":{"total":6,"covered":6,"skipped":0,"pct":100},"functions":{"total":2,"covered":2,"skipped":0,"pct":100},"statements":{"total":6,"covered":6,"skipped":0,"pct":100},"branches":{"total":2,"covered":2,"skipped":0,"pct":100}}
,"/Users/juliabian/Desktop/RecipeSage/packages/frontend/src/app/pages/meal-plan-components/meal-plans/meal-plans.page.ts": {"lines":{"total":192,"covered":106,"skipped":0,"pct":55.2},"functions":{"total":34,"covered":17,"skipped":0,"pct":50},"statements":{"total":193,"covered":106,"skipped":0,"pct":54.92},"branches":{"total":52,"covered":17,"skipped":0,"pct":32.69}}
,"/Users/juliabian/Desktop/RecipeSage/packages/frontend/src/app/pages/meal-plan-components/new-meal-plan-item-modal/new-meal-plan-item-modal.module.ts": {"lines":{"total":6,"covered":6,"skipped":0,"pct":100},"functions":{"total":2,"covered":2,"skipped":0,"pct":100},"statements":{"total":6,"covered":6,"skipped":0,"pct":100},"branches":{"total":2,"covered":2,"skipped":0,"pct":100}}
,"/Users/juliabian/Desktop/RecipeSage/packages/frontend/src/app/pages/meal-plan-components/new-meal-plan-item-modal/new-meal-plan-item-modal.page.ts": {"lines":{"total":177,"covered":170,"skipped":0,"pct":96.04},"functions":{"total":23,"covered":21,"skipped":0,"pct":91.3},"statements":{"total":180,"covered":173,"skipped":0,"pct":96.11},"branches":{"total":43,"covered":43,"skipped":0,"pct":100}}
,"/Users/juliabian/Desktop/RecipeSage/packages/frontend/src/app/pages/meal-plan-components/new-meal-plan-modal/new-meal-plan-modal.module.ts": {"lines":{"total":6,"covered":6,"skipped":0,"pct":100},"functions":{"total":2,"covered":2,"skipped":0,"pct":100},"statements":{"total":6,"covered":6,"skipped":0,"pct":100},"branches":{"total":2,"covered":2,"skipped":0,"pct":100}}
,"/Users/juliabian/Desktop/RecipeSage/packages/frontend/src/app/pages/meal-plan-components/new-meal-plan-modal/new-meal-plan-modal.page.ts": {"lines":{"total":83,"covered":74,"skipped":0,"pct":89.15},"functions":{"total":13,"covered":11,"skipped":0,"pct":84.61},"statements":{"total":84,"covered":74,"skipped":0,"pct":88.09},"branches":{"total":16,"covered":11,"skipped":0,"pct":68.75}}
,"/Users/juliabian/Desktop/RecipeSage/packages/frontend/src/app/pages/meal-plan-components/share-meal-plan-modal/share-meal-plan-modal.page.ts": {"lines":{"total":39,"covered":4,"skipped":0,"pct":10.25},"functions":{"total":7,"covered":1,"skipped":0,"pct":14.28},"statements":{"total":39,"covered":4,"skipped":0,"pct":10.25},"branches":{"total":6,"covered":0,"skipped":0,"pct":0}}
,"/Users/juliabian/Desktop/RecipeSage/packages/frontend/src/app/pages/messaging-components/message-thread/message-thread.module.ts": {"lines":{"total":6,"covered":6,"skipped":0,"pct":100},"functions":{"total":2,"covered":2,"skipped":0,"pct":100},"statements":{"total":6,"covered":6,"skipped":0,"pct":100},"branches":{"total":2,"covered":2,"skipped":0,"pct":100}}
,"/Users/juliabian/Desktop/RecipeSage/packages/frontend/src/app/pages/messaging-components/message-thread/message-thread.page.ts": {"lines":{"total":353,"covered":173,"skipped":0,"pct":49},"functions":{"total":67,"covered":37,"skipped":0,"pct":55.22},"statements":{"total":364,"covered":176,"skipped":0,"pct":48.35},"branches":{"total":120,"covered":50,"skipped":0,"pct":41.66}}
,"/Users/juliabian/Desktop/RecipeSage/packages/frontend/src/app/pages/messaging-components/messages/messages.module.ts": {"lines":{"total":6,"covered":6,"skipped":0,"pct":100},"functions":{"total":2,"covered":2,"skipped":0,"pct":100},"statements":{"total":6,"covered":6,"skipped":0,"pct":100},"branches":{"total":2,"covered":2,"skipped":0,"pct":100}}
,"/Users/juliabian/Desktop/RecipeSage/packages/frontend/src/app/pages/messaging-components/messages/messages.page.ts": {"lines":{"total":175,"covered":143,"skipped":0,"pct":81.71},"functions":{"total":29,"covered":22,"skipped":0,"pct":75.86},"statements":{"total":176,"covered":143,"skipped":0,"pct":81.25},"branches":{"total":44,"covered":33,"skipped":0,"pct":75}}
,"/Users/juliabian/Desktop/RecipeSage/packages/frontend/src/app/pages/messaging-components/new-message-modal/new-message-modal.module.ts": {"lines":{"total":6,"covered":6,"skipped":0,"pct":100},"functions":{"total":2,"covered":2,"skipped":0,"pct":100},"statements":{"total":6,"covered":6,"skipped":0,"pct":100},"branches":{"total":2,"covered":2,"skipped":0,"pct":100}}
,"/Users/juliabian/Desktop/RecipeSage/packages/frontend/src/app/pages/messaging-components/new-message-modal/new-message-modal.page.ts": {"lines":{"total":85,"covered":80,"skipped":0,"pct":94.11},"functions":{"total":16,"covered":12,"skipped":0,"pct":75},"statements":{"total":86,"covered":80,"skipped":0,"pct":93.02},"branches":{"total":18,"covered":16,"skipped":0,"pct":88.88}}
,"/Users/juliabian/Desktop/RecipeSage/packages/frontend/src/app/pages/recipe-components/add-recipe-to-meal-plan-modal/add-recipe-to-meal-plan-modal.module.ts": {"lines":{"total":6,"covered":6,"skipped":0,"pct":100},"functions":{"total":2,"covered":2,"skipped":0,"pct":100},"statements":{"total":6,"covered":6,"skipped":0,"pct":100},"branches":{"total":2,"covered":2,"skipped":0,"pct":100}}
,"/Users/juliabian/Desktop/RecipeSage/packages/frontend/src/app/pages/recipe-components/add-recipe-to-meal-plan-modal/add-recipe-to-meal-plan-modal.page.ts": {"lines":{"total":212,"covered":4,"skipped":0,"pct":1.88},"functions":{"total":39,"covered":1,"skipped":0,"pct":2.56},"statements":{"total":219,"covered":4,"skipped":0,"pct":1.82},"branches":{"total":68,"covered":0,"skipped":0,"pct":0}}
,"/Users/juliabian/Desktop/RecipeSage/packages/frontend/src/app/pages/recipe-components/add-recipe-to-shopping-list-modal/add-recipe-to-shopping-list-modal.module.ts": {"lines":{"total":6,"covered":6,"skipped":0,"pct":100},"functions":{"total":2,"covered":2,"skipped":0,"pct":100},"statements":{"total":6,"covered":6,"skipped":0,"pct":100},"branches":{"total":2,"covered":2,"skipped":0,"pct":100}}
,"/Users/juliabian/Desktop/RecipeSage/packages/frontend/src/app/pages/recipe-components/add-recipe-to-shopping-list-modal/add-recipe-to-shopping-list-modal.page.ts": {"lines":{"total":205,"covered":4,"skipped":0,"pct":1.95},"functions":{"total":37,"covered":1,"skipped":0,"pct":2.7},"statements":{"total":213,"covered":4,"skipped":0,"pct":1.87},"branches":{"total":62,"covered":0,"skipped":0,"pct":0}}
,"/Users/juliabian/Desktop/RecipeSage/packages/frontend/src/app/pages/recipe-components/edit-recipe/edit-recipe.module.ts": {"lines":{"total":6,"covered":6,"skipped":0,"pct":100},"functions":{"total":2,"covered":2,"skipped":0,"pct":100},"statements":{"total":6,"covered":6,"skipped":0,"pct":100},"branches":{"total":2,"covered":2,"skipped":0,"pct":100}}
,"/Users/juliabian/Desktop/RecipeSage/packages/frontend/src/app/pages/recipe-components/edit-recipe/edit-recipe.page.ts": {"lines":{"total":366,"covered":325,"skipped":0,"pct":88.79},"functions":{"total":67,"covered":54,"skipped":0,"pct":80.59},"statements":{"total":378,"covered":328,"skipped":0,"pct":86.77},"branches":{"total":80,"covered":53,"skipped":0,"pct":66.25}}
,"/Users/juliabian/Desktop/RecipeSage/packages/frontend/src/app/pages/recipe-components/edit-recipe-popover/edit-recipe-popover.module.ts": {"lines":{"total":6,"covered":6,"skipped":0,"pct":100},"functions":{"total":2,"covered":2,"skipped":0,"pct":100},"statements":{"total":6,"covered":6,"skipped":0,"pct":100},"branches":{"total":2,"covered":2,"skipped":0,"pct":100}}
,"/Users/juliabian/Desktop/RecipeSage/packages/frontend/src/app/pages/recipe-components/edit-recipe-popover/edit-recipe-popover.page.ts": {"lines":{"total":31,"covered":30,"skipped":0,"pct":96.77},"functions":{"total":7,"covered":6,"skipped":0,"pct":85.71},"statements":{"total":31,"covered":30,"skipped":0,"pct":96.77},"branches":{"total":6,"covered":6,"skipped":0,"pct":100}}
,"/Users/juliabian/Desktop/RecipeSage/packages/frontend/src/app/pages/recipe-components/print-recipe-modal/print-recipe-modal.module.ts": {"lines":{"total":6,"covered":6,"skipped":0,"pct":100},"functions":{"total":2,"covered":2,"skipped":0,"pct":100},"statements":{"total":6,"covered":6,"skipped":0,"pct":100},"branches":{"total":2,"covered":2,"skipped":0,"pct":100}}
,"/Users/juliabian/Desktop/RecipeSage/packages/frontend/src/app/pages/recipe-components/print-recipe-modal/print-recipe-modal.page.ts": {"lines":{"total":75,"covered":4,"skipped":0,"pct":5.33},"functions":{"total":13,"covered":1,"skipped":0,"pct":7.69},"statements":{"total":75,"covered":4,"skipped":0,"pct":5.33},"branches":{"total":10,"covered":0,"skipped":0,"pct":0}}
,"/Users/juliabian/Desktop/RecipeSage/packages/frontend/src/app/pages/recipe-components/recipe/recipe.module.ts": {"lines":{"total":6,"covered":6,"skipped":0,"pct":100},"functions":{"total":2,"covered":2,"skipped":0,"pct":100},"statements":{"total":6,"covered":6,"skipped":0,"pct":100},"branches":{"total":2,"covered":2,"skipped":0,"pct":100}}
,"/Users/juliabian/Desktop/RecipeSage/packages/frontend/src/app/pages/recipe-components/recipe/recipe.page.ts": {"lines":{"total":999,"covered":710,"skipped":0,"pct":71.07},"functions":{"total":148,"covered":74,"skipped":0,"pct":50},"statements":{"total":1018,"covered":717,"skipped":0,"pct":70.43},"branches":{"total":340,"covered":229,"skipped":0,"pct":67.35}}
,"/Users/juliabian/Desktop/RecipeSage/packages/frontend/src/app/pages/recipe-components/recipe-details-popover/recipe-details-popover.module.ts": {"lines":{"total":6,"covered":6,"skipped":0,"pct":100},"functions":{"total":2,"covered":2,"skipped":0,"pct":100},"statements":{"total":6,"covered":6,"skipped":0,"pct":100},"branches":{"total":2,"covered":2,"skipped":0,"pct":100}}
,"/Users/juliabian/Desktop/RecipeSage/packages/frontend/src/app/pages/recipe-components/recipe-details-popover/recipe-details-popover.page.ts": {"lines":{"total":156,"covered":4,"skipped":0,"pct":2.56},"functions":{"total":20,"covered":1,"skipped":0,"pct":5},"statements":{"total":156,"covered":4,"skipped":0,"pct":2.56},"branches":{"total":24,"covered":0,"skipped":0,"pct":0}}
,"/Users/juliabian/Desktop/RecipeSage/packages/frontend/src/app/pages/resettable-select-popover/resettable-select-popover.module.ts": {"lines":{"total":6,"covered":6,"skipped":0,"pct":100},"functions":{"total":2,"covered":2,"skipped":0,"pct":100},"statements":{"total":6,"covered":6,"skipped":0,"pct":100},"branches":{"total":2,"covered":2,"skipped":0,"pct":100}}
,"/Users/juliabian/Desktop/RecipeSage/packages/frontend/src/app/pages/resettable-select-popover/resettable-select-popover.page.ts": {"lines":{"total":70,"covered":4,"skipped":0,"pct":5.71},"functions":{"total":17,"covered":1,"skipped":0,"pct":5.88},"statements":{"total":73,"covered":4,"skipped":0,"pct":5.47},"branches":{"total":14,"covered":0,"skipped":0,"pct":0}}
,"/Users/juliabian/Desktop/RecipeSage/packages/frontend/src/app/pages/settings-components/account/account.module.ts": {"lines":{"total":6,"covered":6,"skipped":0,"pct":100},"functions":{"total":2,"covered":2,"skipped":0,"pct":100},"statements":{"total":6,"covered":6,"skipped":0,"pct":100},"branches":{"total":2,"covered":2,"skipped":0,"pct":100}}
,"/Users/juliabian/Desktop/RecipeSage/packages/frontend/src/app/pages/settings-components/account/account.page.ts": {"lines":{"total":570,"covered":304,"skipped":0,"pct":53.33},"functions":{"total":64,"covered":12,"skipped":0,"pct":18.75},"statements":{"total":584,"covered":306,"skipped":0,"pct":52.39},"branches":{"total":142,"covered":40,"skipped":0,"pct":28.16}}
,"/Users/juliabian/Desktop/RecipeSage/packages/frontend/src/app/pages/settings-components/export/export.module.ts": {"lines":{"total":6,"covered":6,"skipped":0,"pct":100},"functions":{"total":2,"covered":2,"skipped":0,"pct":100},"statements":{"total":6,"covered":6,"skipped":0,"pct":100},"branches":{"total":2,"covered":2,"skipped":0,"pct":100}}
,"/Users/juliabian/Desktop/RecipeSage/packages/frontend/src/app/pages/settings-components/export/export.page.ts": {"lines":{"total":80,"covered":69,"skipped":0,"pct":86.25},"functions":{"total":14,"covered":4,"skipped":0,"pct":28.57},"statements":{"total":80,"covered":69,"skipped":0,"pct":86.25},"branches":{"total":6,"covered":6,"skipped":0,"pct":100}}
,"/Users/juliabian/Desktop/RecipeSage/packages/frontend/src/app/pages/settings-components/import/import.module.ts": {"lines":{"total":6,"covered":6,"skipped":0,"pct":100},"functions":{"total":2,"covered":2,"skipped":0,"pct":100},"statements":{"total":6,"covered":6,"skipped":0,"pct":100},"branches":{"total":2,"covered":2,"skipped":0,"pct":100}}
,"/Users/juliabian/Desktop/RecipeSage/packages/frontend/src/app/pages/settings-components/import/import.page.ts": {"lines":{"total":85,"covered":83,"skipped":0,"pct":97.64},"functions":{"total":12,"covered":10,"skipped":0,"pct":83.33},"statements":{"total":85,"covered":83,"skipped":0,"pct":97.64},"branches":{"total":6,"covered":6,"skipped":0,"pct":100}}
,"/Users/juliabian/Desktop/RecipeSage/packages/frontend/src/app/pages/settings-components/import-json-ld/import-json-ld.module.ts": {"lines":{"total":6,"covered":6,"skipped":0,"pct":100},"functions":{"total":2,"covered":2,"skipped":0,"pct":100},"statements":{"total":6,"covered":6,"skipped":0,"pct":100},"branches":{"total":2,"covered":2,"skipped":0,"pct":100}}
,"/Users/juliabian/Desktop/RecipeSage/packages/frontend/src/app/pages/settings-components/import-json-ld/import-json-ld.page.ts": {"lines":{"total":215,"covered":104,"skipped":0,"pct":48.37},"functions":{"total":31,"covered":7,"skipped":0,"pct":22.58},"statements":{"total":218,"covered":105,"skipped":0,"pct":48.16},"branches":{"total":59,"covered":16,"skipped":0,"pct":27.11}}
,"/Users/juliabian/Desktop/RecipeSage/packages/frontend/src/app/pages/settings-components/import-livingcookbook/import-livingcookbook.module.ts": {"lines":{"total":6,"covered":6,"skipped":0,"pct":100},"functions":{"total":2,"covered":2,"skipped":0,"pct":100},"statements":{"total":6,"covered":6,"skipped":0,"pct":100},"branches":{"total":2,"covered":2,"skipped":0,"pct":100}}
,"/Users/juliabian/Desktop/RecipeSage/packages/frontend/src/app/pages/settings-components/import-livingcookbook/import-livingcookbook.page.ts": {"lines":{"total":380,"covered":184,"skipped":0,"pct":48.42},"functions":{"total":42,"covered":10,"skipped":0,"pct":23.8},"statements":{"total":387,"covered":187,"skipped":0,"pct":48.32},"branches":{"total":90,"covered":19,"skipped":0,"pct":21.11}}
,"/Users/juliabian/Desktop/RecipeSage/packages/frontend/src/app/pages/settings-components/import-paprika/import-paprika.module.ts": {"lines":{"total":6,"covered":6,"skipped":0,"pct":100},"functions":{"total":2,"covered":2,"skipped":0,"pct":100},"statements":{"total":6,"covered":6,"skipped":0,"pct":100},"branches":{"total":2,"covered":2,"skipped":0,"pct":100}}
,"/Users/juliabian/Desktop/RecipeSage/packages/frontend/src/app/pages/settings-components/import-paprika/import-paprika.page.ts": {"lines":{"total":225,"covered":5,"skipped":0,"pct":2.22},"functions":{"total":31,"covered":1,"skipped":0,"pct":3.22},"statements":{"total":228,"covered":5,"skipped":0,"pct":2.19},"branches":{"total":59,"covered":0,"skipped":0,"pct":0}}
,"/Users/juliabian/Desktop/RecipeSage/packages/frontend/src/app/pages/settings-components/import-pepperplate/import-pepperplate.module.ts": {"lines":{"total":6,"covered":6,"skipped":0,"pct":100},"functions":{"total":2,"covered":2,"skipped":0,"pct":100},"statements":{"total":6,"covered":6,"skipped":0,"pct":100},"branches":{"total":2,"covered":2,"skipped":0,"pct":100}}
,"/Users/juliabian/Desktop/RecipeSage/packages/frontend/src/app/pages/settings-components/import-pepperplate/import-pepperplate.page.ts": {"lines":{"total":171,"covered":132,"skipped":0,"pct":77.19},"functions":{"total":20,"covered":8,"skipped":0,"pct":40},"statements":{"total":174,"covered":132,"skipped":0,"pct":75.86},"branches":{"total":20,"covered":11,"skipped":0,"pct":55}}
,"/Users/juliabian/Desktop/RecipeSage/packages/frontend/src/app/pages/settings-components/settings/settings.module.ts": {"lines":{"total":6,"covered":6,"skipped":0,"pct":100},"functions":{"total":2,"covered":2,"skipped":0,"pct":100},"statements":{"total":6,"covered":6,"skipped":0,"pct":100},"branches":{"total":2,"covered":2,"skipped":0,"pct":100}}
,"/Users/juliabian/Desktop/RecipeSage/packages/frontend/src/app/pages/settings-components/settings/settings.page.ts": {"lines":{"total":295,"covered":237,"skipped":0,"pct":80.33},"functions":{"total":46,"covered":23,"skipped":0,"pct":50},"statements":{"total":299,"covered":239,"skipped":0,"pct":79.93},"branches":{"total":32,"covered":23,"skipped":0,"pct":71.87}}
,"/Users/juliabian/Desktop/RecipeSage/packages/frontend/src/app/pages/share-modal/share-modal.module.ts": {"lines":{"total":6,"covered":6,"skipped":0,"pct":100},"functions":{"total":2,"covered":2,"skipped":0,"pct":100},"statements":{"total":6,"covered":6,"skipped":0,"pct":100},"branches":{"total":2,"covered":2,"skipped":0,"pct":100}}
,"/Users/juliabian/Desktop/RecipeSage/packages/frontend/src/app/pages/share-modal/share-modal.page.ts": {"lines":{"total":378,"covered":5,"skipped":0,"pct":1.32},"functions":{"total":45,"covered":1,"skipped":0,"pct":2.22},"statements":{"total":381,"covered":5,"skipped":0,"pct":1.31},"branches":{"total":46,"covered":0,"skipped":0,"pct":0}}
,"/Users/juliabian/Desktop/RecipeSage/packages/frontend/src/app/pages/shopping-list-components/new-shopping-list-item-modal/new-shopping-list-item-modal.module.ts": {"lines":{"total":6,"covered":6,"skipped":0,"pct":100},"functions":{"total":2,"covered":2,"skipped":0,"pct":100},"statements":{"total":6,"covered":6,"skipped":0,"pct":100},"branches":{"total":2,"covered":2,"skipped":0,"pct":100}}
,"/Users/juliabian/Desktop/RecipeSage/packages/frontend/src/app/pages/shopping-list-components/new-shopping-list-item-modal/new-shopping-list-item-modal.page.ts": {"lines":{"total":140,"covered":140,"skipped":0,"pct":100},"functions":{"total":24,"covered":24,"skipped":0,"pct":100},"statements":{"total":142,"covered":142,"skipped":0,"pct":100},"branches":{"total":43,"covered":43,"skipped":0,"pct":100}}
,"/Users/juliabian/Desktop/RecipeSage/packages/frontend/src/app/pages/shopping-list-components/new-shopping-list-modal/new-shopping-list-modal.module.ts": {"lines":{"total":6,"covered":6,"skipped":0,"pct":100},"functions":{"total":2,"covered":2,"skipped":0,"pct":100},"statements":{"total":6,"covered":6,"skipped":0,"pct":100},"branches":{"total":2,"covered":2,"skipped":0,"pct":100}}
,"/Users/juliabian/Desktop/RecipeSage/packages/frontend/src/app/pages/shopping-list-components/new-shopping-list-modal/new-shopping-list-modal.page.ts": {"lines":{"total":78,"covered":67,"skipped":0,"pct":85.89},"functions":{"total":12,"covered":8,"skipped":0,"pct":66.66},"statements":{"total":79,"covered":67,"skipped":0,"pct":84.81},"branches":{"total":12,"covered":7,"skipped":0,"pct":58.33}}
,"/Users/juliabian/Desktop/RecipeSage/packages/frontend/src/app/pages/shopping-list-components/shopping-list/shopping-list.module.ts": {"lines":{"total":6,"covered":6,"skipped":0,"pct":100},"functions":{"total":2,"covered":2,"skipped":0,"pct":100},"statements":{"total":6,"covered":6,"skipped":0,"pct":100},"branches":{"total":2,"covered":2,"skipped":0,"pct":100}}
,"/Users/juliabian/Desktop/RecipeSage/packages/frontend/src/app/pages/shopping-list-components/shopping-list/shopping-list.page.ts": {"lines":{"total":451,"covered":312,"skipped":0,"pct":69.17},"functions":{"total":77,"covered":44,"skipped":0,"pct":57.14},"statements":{"total":461,"covered":319,"skipped":0,"pct":69.19},"branches":{"total":165,"covered":79,"skipped":0,"pct":47.87}}
,"/Users/juliabian/Desktop/RecipeSage/packages/frontend/src/app/pages/shopping-list-components/shopping-list-popover/shopping-list-popover.module.ts": {"lines":{"total":6,"covered":6,"skipped":0,"pct":100},"functions":{"total":2,"covered":2,"skipped":0,"pct":100},"statements":{"total":6,"covered":6,"skipped":0,"pct":100},"branches":{"total":2,"covered":2,"skipped":0,"pct":100}}
,"/Users/juliabian/Desktop/RecipeSage/packages/frontend/src/app/pages/shopping-list-components/shopping-list-popover/shopping-list-popover.page.ts": {"lines":{"total":205,"covered":172,"skipped":0,"pct":83.9},"functions":{"total":38,"covered":21,"skipped":0,"pct":55.26},"statements":{"total":209,"covered":173,"skipped":0,"pct":82.77},"branches":{"total":16,"covered":9,"skipped":0,"pct":56.25}}
,"/Users/juliabian/Desktop/RecipeSage/packages/frontend/src/app/pages/shopping-list-components/shopping-lists/shopping-lists.module.ts": {"lines":{"total":6,"covered":6,"skipped":0,"pct":100},"functions":{"total":2,"covered":2,"skipped":0,"pct":100},"statements":{"total":6,"covered":6,"skipped":0,"pct":100},"branches":{"total":2,"covered":2,"skipped":0,"pct":100}}
,"/Users/juliabian/Desktop/RecipeSage/packages/frontend/src/app/pages/shopping-list-components/shopping-lists/shopping-lists.page.ts": {"lines":{"total":191,"covered":125,"skipped":0,"pct":65.44},"functions":{"total":31,"covered":19,"skipped":0,"pct":61.29},"statements":{"total":192,"covered":125,"skipped":0,"pct":65.1},"branches":{"total":52,"covered":21,"skipped":0,"pct":40.38}}
,"/Users/juliabian/Desktop/RecipeSage/packages/frontend/src/app/pages/social/add-friend-modal/add-friend-modal.module.ts": {"lines":{"total":6,"covered":6,"skipped":0,"pct":100},"functions":{"total":2,"covered":2,"skipped":0,"pct":100},"statements":{"total":6,"covered":6,"skipped":0,"pct":100},"branches":{"total":2,"covered":2,"skipped":0,"pct":100}}
,"/Users/juliabian/Desktop/RecipeSage/packages/frontend/src/app/pages/social/add-friend-modal/add-friend-modal.page.ts": {"lines":{"total":89,"covered":78,"skipped":0,"pct":87.64},"functions":{"total":19,"covered":12,"skipped":0,"pct":63.15},"statements":{"total":92,"covered":78,"skipped":0,"pct":84.78},"branches":{"total":14,"covered":10,"skipped":0,"pct":71.42}}
,"/Users/juliabian/Desktop/RecipeSage/packages/frontend/src/app/pages/social/add-profile-item-modal/add-profile-item-modal.module.ts": {"lines":{"total":6,"covered":6,"skipped":0,"pct":100},"functions":{"total":2,"covered":2,"skipped":0,"pct":100},"statements":{"total":6,"covered":6,"skipped":0,"pct":100},"branches":{"total":2,"covered":2,"skipped":0,"pct":100}}
,"/Users/juliabian/Desktop/RecipeSage/packages/frontend/src/app/pages/social/add-profile-item-modal/add-profile-item-modal.page.ts": {"lines":{"total":328,"covered":303,"skipped":0,"pct":92.37},"functions":{"total":33,"covered":26,"skipped":0,"pct":78.78},"statements":{"total":328,"covered":303,"skipped":0,"pct":92.37},"branches":{"total":90,"covered":78,"skipped":0,"pct":86.66}}
,"/Users/juliabian/Desktop/RecipeSage/packages/frontend/src/app/pages/social/my-profile/my-profile.module.ts": {"lines":{"total":6,"covered":6,"skipped":0,"pct":100},"functions":{"total":2,"covered":2,"skipped":0,"pct":100},"statements":{"total":6,"covered":6,"skipped":0,"pct":100},"branches":{"total":2,"covered":2,"skipped":0,"pct":100}}
,"/Users/juliabian/Desktop/RecipeSage/packages/frontend/src/app/pages/social/my-profile/my-profile.page.ts": {"lines":{"total":601,"covered":494,"skipped":0,"pct":82.19},"functions":{"total":86,"covered":62,"skipped":0,"pct":72.09},"statements":{"total":610,"covered":499,"skipped":0,"pct":81.8},"branches":{"total":216,"covered":162,"skipped":0,"pct":75}}
,"/Users/juliabian/Desktop/RecipeSage/packages/frontend/src/app/pages/social/people/people.module.ts": {"lines":{"total":6,"covered":6,"skipped":0,"pct":100},"functions":{"total":2,"covered":2,"skipped":0,"pct":100},"statements":{"total":6,"covered":6,"skipped":0,"pct":100},"branches":{"total":2,"covered":2,"skipped":0,"pct":100}}
,"/Users/juliabian/Desktop/RecipeSage/packages/frontend/src/app/pages/social/people/people.page.ts": {"lines":{"total":353,"covered":305,"skipped":0,"pct":86.4},"functions":{"total":52,"covered":37,"skipped":0,"pct":71.15},"statements":{"total":354,"covered":306,"skipped":0,"pct":86.44},"branches":{"total":144,"covered":98,"skipped":0,"pct":68.05}}
,"/Users/juliabian/Desktop/RecipeSage/packages/frontend/src/app/pages/social/profile/profile.module.ts": {"lines":{"total":6,"covered":6,"skipped":0,"pct":100},"functions":{"total":2,"covered":2,"skipped":0,"pct":100},"statements":{"total":6,"covered":6,"skipped":0,"pct":100},"branches":{"total":2,"covered":2,"skipped":0,"pct":100}}
,"/Users/juliabian/Desktop/RecipeSage/packages/frontend/src/app/pages/social/profile/profile.page.ts": {"lines":{"total":442,"covered":288,"skipped":0,"pct":65.15},"functions":{"total":74,"covered":31,"skipped":0,"pct":41.89},"statements":{"total":444,"covered":290,"skipped":0,"pct":65.31},"branches":{"total":190,"covered":106,"skipped":0,"pct":55.78}}
,"/Users/juliabian/Desktop/RecipeSage/packages/frontend/src/app/pages/social/share-profile-modal/share-profile-modal.module.ts": {"lines":{"total":6,"covered":6,"skipped":0,"pct":100},"functions":{"total":2,"covered":2,"skipped":0,"pct":100},"statements":{"total":6,"covered":6,"skipped":0,"pct":100},"branches":{"total":2,"covered":2,"skipped":0,"pct":100}}
,"/Users/juliabian/Desktop/RecipeSage/packages/frontend/src/app/pages/social/share-profile-modal/share-profile-modal.page.ts": {"lines":{"total":98,"covered":65,"skipped":0,"pct":66.32},"functions":{"total":25,"covered":9,"skipped":0,"pct":36},"statements":{"total":101,"covered":65,"skipped":0,"pct":64.35},"branches":{"total":26,"covered":11,"skipped":0,"pct":42.3}}
,"/Users/juliabian/Desktop/RecipeSage/packages/frontend/src/app/pipes/label-autocomplete-filter.pipe.ts": {"lines":{"total":9,"covered":9,"skipped":0,"pct":100},"functions":{"total":4,"covered":4,"skipped":0,"pct":100},"statements":{"total":11,"covered":11,"skipped":0,"pct":100},"branches":{"total":8,"covered":8,"skipped":0,"pct":100}}
,"/Users/juliabian/Desktop/RecipeSage/packages/frontend/src/app/pipes/pipes.module.ts": {"lines":{"total":6,"covered":6,"skipped":0,"pct":100},"functions":{"total":2,"covered":2,"skipped":0,"pct":100},"statements":{"total":6,"covered":6,"skipped":0,"pct":100},"branches":{"total":2,"covered":2,"skipped":0,"pct":100}}
,"/Users/juliabian/Desktop/RecipeSage/packages/frontend/src/app/pipes/shopping-list-collaborator-filter.pipe.ts": {"lines":{"total":9,"covered":4,"skipped":0,"pct":44.44},"functions":{"total":4,"covered":1,"skipped":0,"pct":25},"statements":{"total":11,"covered":4,"skipped":0,"pct":36.36},"branches":{"total":10,"covered":0,"skipped":0,"pct":0}}
,"/Users/juliabian/Desktop/RecipeSage/packages/frontend/src/app/services/capabilities.service.ts": {"lines":{"total":19,"covered":19,"skipped":0,"pct":100},"functions":{"total":7,"covered":7,"skipped":0,"pct":100},"statements":{"total":21,"covered":20,"skipped":0,"pct":95.23},"branches":{"total":8,"covered":7,"skipped":0,"pct":87.5}}
,"/Users/juliabian/Desktop/RecipeSage/packages/frontend/src/app/services/cooking-toolbar.service.ts": {"lines":{"total":13,"covered":10,"skipped":0,"pct":76.92},"functions":{"total":9,"covered":6,"skipped":0,"pct":66.66},"statements":{"total":15,"covered":11,"skipped":0,"pct":73.33},"branches":{"total":2,"covered":2,"skipped":0,"pct":100}}
,"/Users/juliabian/Desktop/RecipeSage/packages/frontend/src/app/services/default-page-guard.service.ts": {"lines":{"total":10,"covered":10,"skipped":0,"pct":100},"functions":{"total":4,"covered":4,"skipped":0,"pct":100},"statements":{"total":12,"covered":11,"skipped":0,"pct":91.66},"branches":{"total":4,"covered":3,"skipped":0,"pct":75}}
,"/Users/juliabian/Desktop/RecipeSage/packages/frontend/src/app/services/event.service.ts": {"lines":{"total":9,"covered":9,"skipped":0,"pct":100},"functions":{"total":6,"covered":6,"skipped":0,"pct":100},"statements":{"total":10,"covered":10,"skipped":0,"pct":100},"branches":{"total":8,"covered":7,"skipped":0,"pct":87.5}}
,"/Users/juliabian/Desktop/RecipeSage/packages/frontend/src/app/services/feature-flag.service.ts": {"lines":{"total":15,"covered":15,"skipped":0,"pct":100},"functions":{"total":6,"covered":6,"skipped":0,"pct":100},"statements":{"total":15,"covered":15,"skipped":0,"pct":100},"branches":{"total":8,"covered":8,"skipped":0,"pct":100}}
,"/Users/juliabian/Desktop/RecipeSage/packages/frontend/src/app/services/http-error-handler.service.ts": {"lines":{"total":34,"covered":31,"skipped":0,"pct":91.17},"functions":{"total":11,"covered":10,"skipped":0,"pct":90.9},"statements":{"total":36,"covered":32,"skipped":0,"pct":88.88},"branches":{"total":28,"covered":23,"skipped":0,"pct":82.14}}
,"/Users/juliabian/Desktop/RecipeSage/packages/frontend/src/app/services/http.service.ts": {"lines":{"total":38,"covered":38,"skipped":0,"pct":100},"functions":{"total":13,"covered":13,"skipped":0,"pct":100},"statements":{"total":42,"covered":40,"skipped":0,"pct":95.23},"branches":{"total":25,"covered":17,"skipped":0,"pct":68}}
,"/Users/juliabian/Desktop/RecipeSage/packages/frontend/src/app/services/image.service.ts": {"lines":{"total":11,"covered":11,"skipped":0,"pct":100},"functions":{"total":5,"covered":5,"skipped":0,"pct":100},"statements":{"total":11,"covered":11,"skipped":0,"pct":100},"branches":{"total":2,"covered":2,"skipped":0,"pct":100}}
,"/Users/juliabian/Desktop/RecipeSage/packages/frontend/src/app/services/label.service.ts": {"lines":{"total":34,"covered":30,"skipped":0,"pct":88.23},"functions":{"total":16,"covered":14,"skipped":0,"pct":87.5},"statements":{"total":34,"covered":30,"skipped":0,"pct":88.23},"branches":{"total":2,"covered":2,"skipped":0,"pct":100}}
,"/Users/juliabian/Desktop/RecipeSage/packages/frontend/src/app/services/loading.service.ts": {"lines":{"total":11,"covered":11,"skipped":0,"pct":100},"functions":{"total":6,"covered":6,"skipped":0,"pct":100},"statements":{"total":11,"covered":11,"skipped":0,"pct":100},"branches":{"total":2,"covered":2,"skipped":0,"pct":100}}
,"/Users/juliabian/Desktop/RecipeSage/packages/frontend/src/app/services/meal-plan.service.ts": {"lines":{"total":19,"covered":16,"skipped":0,"pct":84.21},"functions":{"total":14,"covered":11,"skipped":0,"pct":78.57},"statements":{"total":19,"covered":16,"skipped":0,"pct":84.21},"branches":{"total":2,"covered":2,"skipped":0,"pct":100}}
,"/Users/juliabian/Desktop/RecipeSage/packages/frontend/src/app/services/messaging.service.ts": {"lines":{"total":68,"covered":56,"skipped":0,"pct":82.35},"functions":{"total":22,"covered":20,"skipped":0,"pct":90.9},"statements":{"total":79,"covered":61,"skipped":0,"pct":77.21},"branches":{"total":38,"covered":26,"skipped":0,"pct":68.42}}
,"/Users/juliabian/Desktop/RecipeSage/packages/frontend/src/app/services/offline-cache.service.ts": {"lines":{"total":45,"covered":13,"skipped":0,"pct":28.88},"functions":{"total":21,"covered":3,"skipped":0,"pct":14.28},"statements":{"total":49,"covered":13,"skipped":0,"pct":26.53},"branches":{"total":8,"covered":5,"skipped":0,"pct":62.5}}
,"/Users/juliabian/Desktop/RecipeSage/packages/frontend/src/app/services/payments.service.ts": {"lines":{"total":16,"covered":12,"skipped":0,"pct":75},"functions":{"total":9,"covered":5,"skipped":0,"pct":55.55},"statements":{"total":17,"covered":13,"skipped":0,"pct":76.47},"branches":{"total":2,"covered":2,"skipped":0,"pct":100}}
,"/Users/juliabian/Desktop/RecipeSage/packages/frontend/src/app/services/preferences.service.ts": {"lines":{"total":67,"covered":64,"skipped":0,"pct":95.52},"functions":{"total":20,"covered":19,"skipped":0,"pct":95},"statements":{"total":67,"covered":64,"skipped":0,"pct":95.52},"branches":{"total":20,"covered":19,"skipped":0,"pct":95}}
,"/Users/juliabian/Desktop/RecipeSage/packages/frontend/src/app/services/quick-tutorial.service.ts": {"lines":{"total":39,"covered":37,"skipped":0,"pct":94.87},"functions":{"total":10,"covered":10,"skipped":0,"pct":100},"statements":{"total":40,"covered":38,"skipped":0,"pct":95},"branches":{"total":8,"covered":6,"skipped":0,"pct":75}}
,"/Users/juliabian/Desktop/RecipeSage/packages/frontend/src/app/services/recipe-completion-tracker.service.ts": {"lines":{"total":18,"covered":11,"skipped":0,"pct":61.11},"functions":{"total":9,"covered":6,"skipped":0,"pct":66.66},"statements":{"total":18,"covered":11,"skipped":0,"pct":61.11},"branches":{"total":24,"covered":14,"skipped":0,"pct":58.33}}
,"/Users/juliabian/Desktop/RecipeSage/packages/frontend/src/app/services/recipe.service.ts": {"lines":{"total":65,"covered":35,"skipped":0,"pct":53.84},"functions":{"total":33,"covered":19,"skipped":0,"pct":57.57},"statements":{"total":65,"covered":35,"skipped":0,"pct":53.84},"branches":{"total":4,"covered":4,"skipped":0,"pct":100}}
,"/Users/juliabian/Desktop/RecipeSage/packages/frontend/src/app/services/shopping-list.service.ts": {"lines":{"total":16,"covered":15,"skipped":0,"pct":93.75},"functions":{"total":11,"covered":10,"skipped":0,"pct":90.9},"statements":{"total":16,"covered":15,"skipped":0,"pct":93.75},"branches":{"total":2,"covered":2,"skipped":0,"pct":100}}
,"/Users/juliabian/Desktop/RecipeSage/packages/frontend/src/app/services/unsaved-changes-guard.service.ts": {"lines":{"total":9,"covered":9,"skipped":0,"pct":100},"functions":{"total":4,"covered":4,"skipped":0,"pct":100},"statements":{"total":9,"covered":9,"skipped":0,"pct":100},"branches":{"total":4,"covered":4,"skipped":0,"pct":100}}
,"/Users/juliabian/Desktop/RecipeSage/packages/frontend/src/app/services/unsaved-changes.service.ts": {"lines":{"total":19,"covered":17,"skipped":0,"pct":89.47},"functions":{"total":8,"covered":8,"skipped":0,"pct":100},"statements":{"total":20,"covered":18,"skipped":0,"pct":90},"branches":{"total":8,"covered":5,"skipped":0,"pct":62.5}}
,"/Users/juliabian/Desktop/RecipeSage/packages/frontend/src/app/services/user.service.ts": {"lines":{"total":30,"covered":25,"skipped":0,"pct":83.33},"functions":{"total":25,"covered":20,"skipped":0,"pct":80},"statements":{"total":30,"covered":25,"skipped":0,"pct":83.33},"branches":{"total":2,"covered":2,"skipped":0,"pct":100}}
,"/Users/juliabian/Desktop/RecipeSage/packages/frontend/src/app/services/util.service.ts": {"lines":{"total":109,"covered":86,"skipped":0,"pct":78.89},"functions":{"total":22,"covered":15,"skipped":0,"pct":68.18},"statements":{"total":126,"covered":93,"skipped":0,"pct":73.8},"branches":{"total":79,"covered":46,"skipped":0,"pct":58.22}}
,"/Users/juliabian/Desktop/RecipeSage/packages/frontend/src/app/services/versioncheck.service.ts": {"lines":{"total":23,"covered":16,"skipped":0,"pct":69.56},"functions":{"total":10,"covered":7,"skipped":0,"pct":70},"statements":{"total":24,"covered":16,"skipped":0,"pct":66.66},"branches":{"total":9,"covered":7,"skipped":0,"pct":77.77}}
,"/Users/juliabian/Desktop/RecipeSage/packages/frontend/src/app/services/wakelock.service.ts": {"lines":{"total":35,"covered":33,"skipped":0,"pct":94.28},"functions":{"total":15,"covered":14,"skipped":0,"pct":93.33},"statements":{"total":39,"covered":36,"skipped":0,"pct":92.3},"branches":{"total":16,"covered":10,"skipped":0,"pct":62.5}}
,"/Users/juliabian/Desktop/RecipeSage/packages/frontend/src/app/services/websocket.service.ts": {"lines":{"total":41,"covered":31,"skipped":0,"pct":75.6},"functions":{"total":17,"covered":11,"skipped":0,"pct":64.7},"statements":{"total":48,"covered":34,"skipped":0,"pct":70.83},"branches":{"total":18,"covered":12,"skipped":0,"pct":66.66}}
,"/Users/juliabian/Desktop/RecipeSage/packages/frontend/src/app/utils/linkify.ts": {"lines":{"total":5,"covered":2,"skipped":0,"pct":40},"functions":{"total":2,"covered":1,"skipped":0,"pct":50},"statements":{"total":7,"covered":2,"skipped":0,"pct":28.57},"branches":{"total":4,"covered":0,"skipped":0,"pct":0}}
,"/Users/juliabian/Desktop/RecipeSage/packages/frontend/src/app/utils/queryParams.ts": {"lines":{"total":5,"covered":5,"skipped":0,"pct":100},"functions":{"total":4,"covered":4,"skipped":0,"pct":100},"statements":{"total":7,"covered":7,"skipped":0,"pct":100},"branches":{"total":2,"covered":2,"skipped":0,"pct":100}}
,"/Users/juliabian/Desktop/RecipeSage/packages/frontend/src/environments/environment.ts": {"lines":{"total":7,"covered":7,"skipped":0,"pct":100},"functions":{"total":0,"covered":0,"skipped":0,"pct":100},"statements":{"total":7,"covered":7,"skipped":0,"pct":100},"branches":{"total":0,"covered":0,"skipped":0,"pct":100}}
}
