TN:
SF:src/main.ts
FN:8,(anonymous_0)
FNF:1
FNH:0
FNDA:0,(anonymous_0)
DA:5,133
DA:6,0
DA:8,133
LF:3
LH:2
BRDA:5,0,0,0
BRDA:5,0,1,133
BRF:2
BRH:1
end_of_record
TN:
SF:src/polyfills.ts
FNF:0
FNH:0
LF:0
LH:0
BRF:0
BRH:0
end_of_record
TN:
SF:src/zone-flags.ts
FNF:0
FNH:0
DA:5,133
LF:1
LH:1
BRF:0
BRH:0
end_of_record
TN:
SF:src/app/app-routing.module.ts
FN:9,(anonymous_0)
FN:9,(anonymous_1)
FN:15,(anonymous_2)
FN:15,(anonymous_3)
FN:19,(anonymous_4)
FN:19,(anonymous_5)
FN:22,(anonymous_6)
FN:22,(anonymous_7)
FN:26,(anonymous_8)
FN:26,(anonymous_9)
FN:30,(anonymous_10)
FN:30,(anonymous_11)
FN:34,(anonymous_12)
FN:34,(anonymous_13)
FN:38,(anonymous_14)
FN:38,(anonymous_15)
FN:42,(anonymous_16)
FN:42,(anonymous_17)
FN:46,(anonymous_18)
FN:46,(anonymous_19)
FN:50,(anonymous_20)
FN:50,(anonymous_21)
FN:54,(anonymous_22)
FN:54,(anonymous_23)
FN:58,(anonymous_24)
FN:58,(anonymous_25)
FN:62,(anonymous_26)
FN:62,(anonymous_27)
FN:66,(anonymous_28)
FN:66,(anonymous_29)
FN:70,(anonymous_30)
FN:70,(anonymous_31)
FN:74,(anonymous_32)
FN:74,(anonymous_33)
FN:78,(anonymous_34)
FN:78,(anonymous_35)
FN:82,(anonymous_36)
FN:82,(anonymous_37)
FN:86,(anonymous_38)
FN:86,(anonymous_39)
FN:90,(anonymous_40)
FN:90,(anonymous_41)
FN:94,(anonymous_42)
FN:94,(anonymous_43)
FN:98,(anonymous_44)
FN:98,(anonymous_45)
FN:102,(anonymous_46)
FN:102,(anonymous_47)
FN:106,(anonymous_48)
FN:106,(anonymous_49)
FN:110,(anonymous_50)
FN:110,(anonymous_51)
FN:114,(anonymous_52)
FN:114,(anonymous_53)
FN:118,(anonymous_54)
FN:118,(anonymous_55)
FN:122,(anonymous_56)
FN:122,(anonymous_57)
FN:126,(anonymous_58)
FN:126,(anonymous_59)
FN:130,(anonymous_60)
FN:130,(anonymous_61)
FN:134,(anonymous_62)
FN:134,(anonymous_63)
FN:154,(anonymous_64)
FN:154,(anonymous_65)
FN:156,(anonymous_66)
FN:158,AppRoutingModule_Factory
FNF:68
FNH:68
FNDA:133,(anonymous_0)
FNDA:133,(anonymous_1)
FNDA:133,(anonymous_2)
FNDA:133,(anonymous_3)
FNDA:133,(anonymous_4)
FNDA:133,(anonymous_5)
FNDA:133,(anonymous_6)
FNDA:133,(anonymous_7)
FNDA:133,(anonymous_8)
FNDA:133,(anonymous_9)
FNDA:133,(anonymous_10)
FNDA:133,(anonymous_11)
FNDA:133,(anonymous_12)
FNDA:133,(anonymous_13)
FNDA:133,(anonymous_14)
FNDA:133,(anonymous_15)
FNDA:133,(anonymous_16)
FNDA:133,(anonymous_17)
FNDA:133,(anonymous_18)
FNDA:133,(anonymous_19)
FNDA:133,(anonymous_20)
FNDA:133,(anonymous_21)
FNDA:133,(anonymous_22)
FNDA:133,(anonymous_23)
FNDA:133,(anonymous_24)
FNDA:133,(anonymous_25)
FNDA:133,(anonymous_26)
FNDA:133,(anonymous_27)
FNDA:133,(anonymous_28)
FNDA:133,(anonymous_29)
FNDA:133,(anonymous_30)
FNDA:133,(anonymous_31)
FNDA:133,(anonymous_32)
FNDA:133,(anonymous_33)
FNDA:133,(anonymous_34)
FNDA:133,(anonymous_35)
FNDA:133,(anonymous_36)
FNDA:133,(anonymous_37)
FNDA:133,(anonymous_38)
FNDA:133,(anonymous_39)
FNDA:133,(anonymous_40)
FNDA:133,(anonymous_41)
FNDA:133,(anonymous_42)
FNDA:133,(anonymous_43)
FNDA:133,(anonymous_44)
FNDA:133,(anonymous_45)
FNDA:133,(anonymous_46)
FNDA:133,(anonymous_47)
FNDA:133,(anonymous_48)
FNDA:133,(anonymous_49)
FNDA:133,(anonymous_50)
FNDA:133,(anonymous_51)
FNDA:133,(anonymous_52)
FNDA:133,(anonymous_53)
FNDA:133,(anonymous_54)
FNDA:133,(anonymous_55)
FNDA:133,(anonymous_56)
FNDA:133,(anonymous_57)
FNDA:133,(anonymous_58)
FNDA:133,(anonymous_59)
FNDA:133,(anonymous_60)
FNDA:133,(anonymous_61)
FNDA:133,(anonymous_62)
FNDA:133,(anonymous_63)
FNDA:133,(anonymous_64)
FNDA:133,(anonymous_65)
FNDA:133,(anonymous_66)
FNDA:133,AppRoutingModule_Factory
DA:7,133
DA:9,133
DA:15,133
DA:19,133
DA:22,133
DA:26,133
DA:30,133
DA:34,133
DA:38,133
DA:42,133
DA:46,133
DA:50,133
DA:54,133
DA:58,133
DA:62,133
DA:66,133
DA:70,133
DA:74,133
DA:78,133
DA:82,133
DA:86,133
DA:90,133
DA:94,133
DA:98,133
DA:102,133
DA:106,133
DA:110,133
DA:114,133
DA:118,133
DA:122,133
DA:126,133
DA:130,133
DA:134,133
DA:154,133
DA:156,133
DA:158,133
DA:159,133
DA:161,133
DA:164,133
DA:170,133
LF:40
LH:40
BRDA:159,0,0,133
BRDA:159,0,1,133
BRF:2
BRH:2
end_of_record
TN:
SF:src/app/app.component.ts
FN:41,AppComponent_ion_menu_toggle_10_ion_badge_5_Template
FN:53,AppComponent_ion_menu_toggle_10_ion_badge_6_Template
FN:65,(anonymous_2)
FN:68,AppComponent_ion_menu_toggle_10_Template
FN:94,AppComponent_ion_item_12_Template
FN:98,AppComponent_ion_item_12_Template_ion_item_click_0_listener
FN:109,AppComponent_cooking_toolbar_22_Template
FN:114,(anonymous_7)
FN:119,(anonymous_8)
FN:121,(anonymous_9)
FN:168,(anonymous_10)
FN:169,(anonymous_11)
FN:179,(anonymous_12)
FN:189,(anonymous_13)
FN:206,(anonymous_14)
FN:209,(anonymous_15)
FN:210,(anonymous_16)
FN:213,(anonymous_17)
FN:216,(anonymous_18)
FN:219,(anonymous_19)
FN:225,(anonymous_20)
FN:225,(anonymous_21)
FN:235,(anonymous_22)
FN:243,(anonymous_23)
FN:246,(anonymous_24)
FN:247,(anonymous_25)
FN:251,(anonymous_26)
FN:252,(anonymous_27)
FN:363,(anonymous_28)
FN:363,(anonymous_29)
FN:366,(anonymous_30)
FN:367,(anonymous_31)
FN:376,(anonymous_32)
FN:378,(anonymous_33)
FN:381,(anonymous_34)
FN:387,(anonymous_35)
FN:388,(anonymous_36)
FN:394,(anonymous_37)
FN:420,(anonymous_38)
FN:424,(anonymous_39)
FN:427,(anonymous_40)
FN:432,AppComponent_Factory
FN:441,AppComponent_Template
FNF:43
FNH:32
FNDA:531,AppComponent_ion_menu_toggle_10_ion_badge_5_Template
FNDA:0,AppComponent_ion_menu_toggle_10_ion_badge_6_Template
FNDA:6457,(anonymous_2)
FNDA:313986,AppComponent_ion_menu_toggle_10_Template
FNDA:16694,AppComponent_ion_item_12_Template
FNDA:8,AppComponent_ion_item_12_Template_ion_item_click_0_listener
FNDA:31,AppComponent_cooking_toolbar_22_Template
FNDA:134,(anonymous_7)
FNDA:133,(anonymous_8)
FNDA:133,(anonymous_9)
FNDA:589,(anonymous_10)
FNDA:589,(anonymous_11)
FNDA:0,(anonymous_12)
FNDA:0,(anonymous_13)
FNDA:133,(anonymous_14)
FNDA:133,(anonymous_15)
FNDA:0,(anonymous_16)
FNDA:0,(anonymous_17)
FNDA:0,(anonymous_18)
FNDA:115,(anonymous_19)
FNDA:0,(anonymous_20)
FNDA:0,(anonymous_21)
FNDA:0,(anonymous_22)
FNDA:837,(anonymous_23)
FNDA:837,(anonymous_24)
FNDA:837,(anonymous_25)
FNDA:837,(anonymous_26)
FNDA:837,(anonymous_27)
FNDA:7656,(anonymous_28)
FNDA:7656,(anonymous_29)
FNDA:248,(anonymous_30)
FNDA:248,(anonymous_31)
FNDA:248,(anonymous_32)
FNDA:248,(anonymous_33)
FNDA:0,(anonymous_34)
FNDA:133,(anonymous_35)
FNDA:133,(anonymous_36)
FNDA:18971,(anonymous_37)
FNDA:8,(anonymous_38)
FNDA:8,(anonymous_39)
FNDA:0,(anonymous_40)
FNDA:133,AppComponent_Factory
FNDA:35538,AppComponent_Template
DA:42,531
DA:43,7
DA:44,7
DA:45,7
DA:47,531
DA:48,524
DA:49,524
DA:50,524
DA:54,0
DA:55,0
DA:56,0
DA:57,0
DA:59,0
DA:60,0
DA:61,0
DA:62,0
DA:65,133
DA:66,6457
DA:69,313986
DA:70,6324
DA:71,6324
DA:72,6324
DA:73,6324
DA:74,6324
DA:75,6324
DA:76,6324
DA:77,6324
DA:79,313986
DA:80,307662
DA:81,307662
DA:82,307662
DA:83,307662
DA:84,307662
DA:85,307662
DA:86,307662
DA:87,307662
DA:88,307662
DA:89,307662
DA:90,307662
DA:91,307662
DA:95,16694
DA:96,119
DA:97,119
DA:98,119
DA:99,8
DA:100,8
DA:101,8
DA:103,119
DA:104,119
DA:105,119
DA:106,119
DA:110,31
DA:111,1
DA:114,133
DA:115,134
DA:119,133
DA:122,133
DA:123,133
DA:124,133
DA:125,133
DA:126,133
DA:127,133
DA:128,133
DA:129,133
DA:130,133
DA:131,133
DA:132,133
DA:133,133
DA:134,133
DA:135,133
DA:136,133
DA:137,133
DA:138,133
DA:139,133
DA:140,133
DA:141,133
DA:142,133
DA:143,133
DA:144,133
DA:145,133
DA:146,133
DA:147,133
DA:148,133
DA:149,133
DA:150,133
DA:151,133
DA:152,133
DA:153,133
DA:154,0
DA:156,133
DA:157,133
DA:158,133
DA:159,133
DA:160,133
DA:161,133
DA:162,4
DA:164,133
DA:165,133
DA:169,589
DA:170,589
DA:171,0
DA:172,0
DA:173,0
DA:174,0
DA:180,0
DA:181,0
DA:185,0
DA:190,0
DA:193,0
DA:194,0
DA:195,0
DA:196,0
DA:197,0
DA:198,0
DA:199,0
DA:200,0
DA:201,0
DA:202,0
DA:203,0
DA:204,0
DA:207,133
DA:210,133
DA:211,0
DA:213,133
DA:214,0
DA:216,133
DA:217,0
DA:219,133
DA:220,115
DA:221,115
DA:222,115
DA:223,115
DA:225,133
DA:226,0
DA:227,0
DA:228,0
DA:229,0
DA:236,0
DA:240,0
DA:244,837
DA:247,837
DA:248,837
DA:252,837
DA:253,837
DA:254,837
DA:255,837
DA:256,837
DA:257,837
DA:258,837
DA:259,837
DA:260,837
DA:261,837
DA:262,837
DA:263,837
DA:264,837
DA:265,837
DA:266,837
DA:267,837
DA:268,837
DA:269,837
DA:270,837
DA:301,837
DA:362,837
DA:363,7656
DA:367,248
DA:368,248
DA:369,119
DA:372,118
DA:373,118
DA:378,248
DA:379,248
DA:380,119
DA:383,118
DA:384,118
DA:388,133
DA:389,133
DA:390,133
DA:391,133
DA:394,133
DA:395,18971
DA:396,589
DA:397,589
DA:398,589
DA:399,589
DA:400,589
DA:401,589
DA:402,589
DA:403,0
DA:404,0
DA:405,0
DA:406,0
DA:408,0
DA:409,0
DA:411,0
DA:412,0
DA:413,0
DA:414,0
DA:416,0
DA:421,8
DA:422,8
DA:425,8
DA:426,8
DA:429,8
DA:432,133
DA:433,133
DA:435,133
DA:442,35538
DA:443,133
DA:444,133
DA:445,133
DA:446,133
DA:447,133
DA:448,133
DA:449,133
DA:450,133
DA:451,133
DA:452,133
DA:453,133
DA:454,133
DA:455,133
DA:456,133
DA:457,133
DA:458,133
DA:459,133
DA:460,133
DA:462,35538
DA:463,35405
DA:464,35405
DA:465,35405
DA:466,35405
DA:467,35405
DA:468,35405
DA:469,35405
DA:470,35405
DA:471,35405
DA:472,35405
DA:473,35405
DA:474,35405
DA:475,35405
DA:476,35405
DA:477,35405
DA:478,35405
DA:479,35405
DA:485,133
LF:244
LH:195
BRDA:42,0,0,7
BRDA:42,0,1,524
BRDA:47,1,0,524
BRDA:47,1,1,7
BRDA:54,2,0,0
BRDA:54,2,1,0
BRDA:59,3,0,0
BRDA:59,3,1,0
BRDA:69,4,0,6324
BRDA:69,4,1,307662
BRDA:79,5,0,307662
BRDA:79,5,1,6324
BRDA:89,6,0,307662
BRDA:89,6,1,16547
BRDA:91,7,0,307662
BRDA:91,7,1,16547
BRDA:95,8,0,119
BRDA:95,8,1,16575
BRDA:110,9,0,1
BRDA:110,9,1,30
BRDA:152,10,0,133
BRDA:152,10,1,133
BRDA:153,11,0,0
BRDA:153,11,1,133
BRDA:161,12,0,4
BRDA:161,12,1,129
BRDA:161,13,0,133
BRDA:161,13,1,133
BRDA:161,13,2,133
BRDA:170,14,0,0
BRDA:170,14,1,589
BRDA:170,15,0,589
BRDA:170,15,1,0
BRDA:170,15,2,0
BRDA:190,16,0,0
BRDA:190,16,1,0
BRDA:226,17,0,0
BRDA:226,17,1,0
BRDA:227,18,0,0
BRDA:227,18,1,0
BRDA:362,19,0,439
BRDA:362,19,1,398
BRDA:368,20,0,129
BRDA:368,20,1,119
BRDA:372,21,0,0
BRDA:372,21,1,118
BRDA:379,22,0,129
BRDA:379,22,1,119
BRDA:383,23,0,0
BRDA:383,23,1,118
BRDA:384,24,0,118
BRDA:384,24,1,112
BRDA:384,25,0,0
BRDA:384,25,1,118
BRDA:384,26,0,118
BRDA:384,26,1,118
BRDA:395,27,0,18382
BRDA:395,27,1,589
BRDA:402,28,0,589
BRDA:402,28,1,0
BRDA:403,29,0,0
BRDA:403,29,1,0
BRDA:433,30,0,133
BRDA:433,30,1,133
BRDA:442,31,0,133
BRDA:442,31,1,35405
BRDA:462,32,0,35405
BRDA:462,32,1,133
BRDA:465,33,0,35405
BRDA:465,33,1,16575
BRDA:467,34,0,0
BRDA:467,34,1,35405
BRF:72
BRH:51
end_of_record
TN:
SF:src/app/app.module.ts
FN:22,(anonymous_0)
FN:34,(anonymous_1)
FN:39,(anonymous_2)
FN:57,createTranslateLoader
FN:62,(anonymous_4)
FN:64,(anonymous_5)
FN:82,(anonymous_6)
FN:84,SentryErrorHandler_Factory
FN:94,(anonymous_8)
FN:96,AppModule_Factory
FNF:10
FNH:10
FNDA:140,(anonymous_0)
FNDA:58,(anonymous_1)
FNDA:82,(anonymous_2)
FNDA:133,createTranslateLoader
FNDA:133,(anonymous_4)
FNDA:82,(anonymous_5)
FNDA:133,(anonymous_6)
FNDA:133,SentryErrorHandler_Factory
FNDA:133,(anonymous_8)
FNDA:133,AppModule_Factory
DA:22,133
DA:23,140
DA:24,140
DA:25,140
DA:26,0
DA:27,0
DA:28,0
DA:29,0
DA:32,140
DA:34,133
DA:35,58
DA:36,58
DA:38,133
DA:39,133
DA:40,82
DA:41,82
DA:43,82
DA:45,133
DA:51,58
DA:52,58
DA:53,58
DA:54,58
DA:58,133
DA:59,133
DA:60,133
DA:62,133
DA:65,82
DA:66,82
DA:67,82
DA:68,82
DA:70,82
DA:71,82
DA:76,82
DA:78,0
DA:82,133
DA:84,133
DA:85,133
DA:88,133
DA:92,133
DA:94,133
DA:96,133
DA:97,133
DA:99,133
DA:103,133
DA:120,133
LF:45
LH:40
BRDA:25,0,0,0
BRDA:25,0,1,140
BRDA:25,1,0,140
BRDA:25,1,1,0
BRDA:28,2,0,0
BRDA:28,2,1,0
BRDA:47,3,0,0
BRDA:47,3,1,133
BRDA:52,4,0,0
BRDA:52,4,1,58
BRDA:53,5,0,0
BRDA:53,5,1,58
BRDA:76,6,0,82
BRDA:76,6,1,82
BRDA:85,7,0,133
BRDA:85,7,1,133
BRDA:85,8,0,133
BRDA:85,8,1,133
BRDA:97,9,0,133
BRDA:97,9,1,133
BRF:20
BRH:13
end_of_record
TN:
SF:src/app/global.module.ts
FN:3,(anonymous_0)
FN:5,GlobalModule_Factory
FNF:2
FNH:2
FNDA:133,(anonymous_0)
FNDA:4522,GlobalModule_Factory
DA:3,133
DA:5,133
DA:6,4522
DA:8,133
DA:11,133
DA:14,133
LF:6
LH:6
BRDA:6,0,0,4522
BRDA:6,0,1,4522
BRF:2
BRH:2
end_of_record
TN:
SF:src/app/components/cooking-toolbar/cooking-toolbar.component.ts
FN:11,CookingToolbarComponent_div_3_img_1_Template
FN:20,CookingToolbarComponent_div_3_img_2_Template
FN:25,CookingToolbarComponent_div_3_Template
FN:29,CookingToolbarComponent_div_3_Template_div_click_0_listener
FN:53,(anonymous_4)
FN:55,(anonymous_5)
FN:61,(anonymous_6)
FN:64,(anonymous_7)
FN:65,(anonymous_8)
FN:76,(anonymous_9)
FN:85,CookingToolbarComponent_Factory
FN:94,CookingToolbarComponent_Template
FN:102,CookingToolbarComponent_Template_ion_icon_click_4_listener
FNF:13
FNH:6
FNDA:0,CookingToolbarComponent_div_3_img_1_Template
FNDA:31,CookingToolbarComponent_div_3_img_2_Template
FNDA:31,CookingToolbarComponent_div_3_Template
FNDA:0,CookingToolbarComponent_div_3_Template_div_click_0_listener
FNDA:133,(anonymous_4)
FNDA:1,(anonymous_5)
FNDA:0,(anonymous_6)
FNDA:0,(anonymous_7)
FNDA:0,(anonymous_8)
FNDA:0,(anonymous_9)
FNDA:1,CookingToolbarComponent_Factory
FNDA:31,CookingToolbarComponent_Template
FNDA:0,CookingToolbarComponent_Template_ion_icon_click_4_listener
DA:12,0
DA:13,0
DA:15,0
DA:16,0
DA:17,0
DA:21,31
DA:22,1
DA:26,31
DA:27,1
DA:28,1
DA:29,1
DA:30,0
DA:31,0
DA:32,0
DA:33,0
DA:35,1
DA:36,1
DA:37,1
DA:38,1
DA:39,1
DA:40,1
DA:41,1
DA:43,31
DA:44,30
DA:45,30
DA:46,30
DA:47,30
DA:48,30
DA:49,30
DA:50,30
DA:53,133
DA:56,1
DA:57,1
DA:58,1
DA:59,1
DA:62,0
DA:65,0
DA:66,0
DA:67,0
DA:68,0
DA:69,0
DA:77,0
DA:81,0
DA:85,133
DA:86,1
DA:88,133
DA:95,31
DA:96,1
DA:97,1
DA:98,1
DA:99,1
DA:100,1
DA:101,1
DA:102,1
DA:103,0
DA:105,1
DA:107,31
DA:108,30
DA:109,30
DA:115,133
LF:60
LH:42
BRDA:12,0,0,0
BRDA:12,0,1,0
BRDA:15,1,0,0
BRDA:15,1,1,0
BRDA:21,2,0,1
BRDA:21,2,1,30
BRDA:26,3,0,1
BRDA:26,3,1,30
BRDA:43,4,0,30
BRDA:43,4,1,1
BRDA:86,5,0,1
BRDA:86,5,1,1
BRDA:95,6,0,1
BRDA:95,6,1,30
BRDA:107,7,0,30
BRDA:107,7,1,1
BRF:16
BRH:12
end_of_record
TN:
SF:src/app/components/cooking-toolbar/cooking-toolbar.module.ts
FN:5,(anonymous_0)
FN:7,CookingToolbarModule_Factory
FNF:2
FNH:2
FNDA:133,(anonymous_0)
FNDA:133,CookingToolbarModule_Factory
DA:5,133
DA:7,133
DA:8,133
DA:10,133
DA:13,133
DA:16,133
LF:6
LH:6
BRDA:8,0,0,133
BRDA:8,0,1,133
BRF:2
BRH:2
end_of_record
TN:
SF:src/app/components/copy-with-webshare/copy-with-webshare.component.ts
FN:7,CopyWithWebshareComponent_span_7_Template
FN:19,CopyWithWebshareComponent_ion_button_11_Template
FN:23,CopyWithWebshareComponent_ion_button_11_Template_ion_button_click_0_listener
FN:32,CopyWithWebshareComponent_ion_button_12_Template
FN:36,CopyWithWebshareComponent_ion_button_12_Template_ion_button_click_0_listener
FN:45,(anonymous_5)
FN:50,(anonymous_6)
FN:52,(anonymous_7)
FN:56,(anonymous_8)
FN:57,(anonymous_9)
FN:71,(anonymous_10)
FN:77,CopyWithWebshareComponent_Factory
FN:92,CopyWithWebshareComponent_Template
FNF:13
FNH:7
FNDA:12,CopyWithWebshareComponent_span_7_Template
FNDA:0,CopyWithWebshareComponent_ion_button_11_Template
FNDA:0,CopyWithWebshareComponent_ion_button_11_Template_ion_button_click_0_listener
FNDA:12,CopyWithWebshareComponent_ion_button_12_Template
FNDA:0,CopyWithWebshareComponent_ion_button_12_Template_ion_button_click_0_listener
FNDA:1,(anonymous_5)
FNDA:133,(anonymous_6)
FNDA:1,(anonymous_7)
FNDA:0,(anonymous_8)
FNDA:0,(anonymous_9)
FNDA:0,(anonymous_10)
FNDA:1,CopyWithWebshareComponent_Factory
FNDA:12,CopyWithWebshareComponent_Template
DA:8,12
DA:9,1
DA:10,1
DA:11,1
DA:12,1
DA:14,12
DA:15,11
DA:16,11
DA:20,0
DA:21,0
DA:22,0
DA:23,0
DA:24,0
DA:25,0
DA:26,0
DA:28,0
DA:29,0
DA:33,12
DA:34,1
DA:35,1
DA:36,1
DA:37,0
DA:38,0
DA:39,0
DA:41,1
DA:42,1
DA:45,133
DA:46,1
DA:50,133
DA:53,1
DA:54,1
DA:57,0
DA:58,0
DA:59,0
DA:60,0
DA:72,0
DA:73,0
DA:74,0
DA:77,133
DA:78,1
DA:80,133
DA:93,12
DA:94,1
DA:95,1
DA:96,1
DA:97,1
DA:98,1
DA:99,1
DA:100,1
DA:101,1
DA:102,1
DA:103,1
DA:104,1
DA:105,1
DA:106,1
DA:107,1
DA:108,1
DA:110,12
DA:111,11
DA:112,11
DA:113,11
DA:114,11
DA:115,11
DA:116,11
DA:117,11
DA:118,11
DA:119,11
DA:120,11
DA:121,11
DA:122,11
DA:123,11
DA:124,11
DA:130,133
LF:73
LH:54
BRDA:8,0,0,1
BRDA:8,0,1,11
BRDA:14,1,0,11
BRDA:14,1,1,1
BRDA:20,2,0,0
BRDA:20,2,1,0
BRDA:33,3,0,1
BRDA:33,3,1,11
BRDA:58,4,0,0
BRDA:58,4,1,0
BRDA:78,5,0,1
BRDA:78,5,1,1
BRDA:93,6,0,1
BRDA:93,6,1,11
BRDA:110,7,0,11
BRDA:110,7,1,1
BRDA:122,8,0,11
BRDA:122,8,1,11
BRF:18
BRH:14
end_of_record
TN:
SF:src/app/components/copy-with-webshare/copy-with-webshare.module.ts
FN:6,(anonymous_0)
FN:8,CopyWithWebshareModule_Factory
FNF:2
FNH:2
FNDA:133,(anonymous_0)
FNDA:399,CopyWithWebshareModule_Factory
DA:6,133
DA:8,133
DA:9,399
DA:11,133
DA:14,133
DA:17,133
LF:6
LH:6
BRDA:9,0,0,399
BRDA:9,0,1,399
BRF:2
BRH:2
end_of_record
TN:
SF:src/app/components/logo-icon/logo-icon.component.ts
FN:3,(anonymous_0)
FN:8,(anonymous_1)
FN:10,(anonymous_2)
FN:12,LogoIconComponent_Factory
FN:25,LogoIconComponent_Template
FNF:5
FNH:5
FNDA:157,(anonymous_0)
FNDA:133,(anonymous_1)
FNDA:157,(anonymous_2)
FNDA:157,LogoIconComponent_Factory
FNDA:5985,LogoIconComponent_Template
DA:3,133
DA:4,157
DA:8,133
DA:12,133
DA:13,157
DA:15,133
DA:26,5985
DA:27,157
DA:28,157
DA:29,157
DA:31,5985
DA:32,5828
DA:33,5828
DA:34,5828
DA:35,5828
DA:41,133
LF:16
LH:16
BRDA:13,0,0,157
BRDA:13,0,1,157
BRDA:26,1,0,157
BRDA:26,1,1,5828
BRDA:31,2,0,5828
BRDA:31,2,1,157
BRF:6
BRH:6
end_of_record
TN:
SF:src/app/components/logo-icon/logo-icon.module.ts
FN:5,(anonymous_0)
FN:7,LogoIconModule_Factory
FNF:2
FNH:2
FNDA:133,(anonymous_0)
FNDA:798,LogoIconModule_Factory
DA:5,133
DA:7,133
DA:8,798
DA:10,133
DA:13,133
DA:16,133
LF:6
LH:6
BRDA:8,0,0,798
BRDA:8,0,1,798
BRF:2
BRH:2
end_of_record
TN:
SF:src/app/components/meal-calendar/meal-calendar.component.ts
FN:12,MealCalendarComponent_ion_col_11_Template
FN:24,MealCalendarComponent_ion_row_12_ion_col_1_div_3_Template
FN:28,MealCalendarComponent_ion_row_12_ion_col_1_div_3_Template_meal_group_itemClicked_1_listener
FN:32,MealCalendarComponent_ion_row_12_ion_col_1_div_3_Template_meal_group_itemDragEnd_1_listener
FN:46,MealCalendarComponent_ion_row_12_ion_col_1_div_4_div_1_Template
FN:51,MealCalendarComponent_ion_row_12_ion_col_1_div_4_Template
FN:64,(anonymous_6)
FN:70,(anonymous_7)
FN:77,MealCalendarComponent_ion_row_12_ion_col_1_Template
FN:81,MealCalendarComponent_ion_row_12_ion_col_1_Template_ion_col_keyup_enter_0_listener
FN:86,MealCalendarComponent_ion_row_12_ion_col_1_Template_ion_col_mousedown_0_listener
FN:91,MealCalendarComponent_ion_row_12_ion_col_1_Template_ion_col_mouseup_0_listener
FN:96,MealCalendarComponent_ion_row_12_ion_col_1_Template_ion_col_mouseover_0_listener
FN:101,MealCalendarComponent_ion_row_12_ion_col_1_Template_ion_col_dragover_0_listener
FN:106,MealCalendarComponent_ion_row_12_ion_col_1_Template_ion_col_drop_0_listener
FN:133,MealCalendarComponent_ion_row_12_Template
FN:145,MealCalendarComponent_p_13_span_1_Template
FN:162,MealCalendarComponent_p_13_span_2_Template
FN:174,MealCalendarComponent_p_13_Template
FN:189,MealCalendarComponent_ion_list_14_ion_item_5_Template
FN:203,MealCalendarComponent_ion_list_14_ion_item_6_Template
FN:217,MealCalendarComponent_ion_list_14_meal_group_7_Template
FN:221,MealCalendarComponent_ion_list_14_meal_group_7_Template_meal_group_itemClicked_0_listener
FN:233,MealCalendarComponent_ion_list_14_Template
FN:256,(anonymous_24)
FN:263,(anonymous_25)
FN:265,(anonymous_26)
FN:269,(anonymous_27)
FN:272,(anonymous_28)
FN:276,(anonymous_29)
FN:279,(anonymous_30)
FN:283,(anonymous_31)
FN:286,(anonymous_32)
FN:304,(anonymous_33)
FN:309,(anonymous_34)
FN:314,(anonymous_35)
FN:347,(anonymous_36)
FN:352,(anonymous_37)
FN:357,(anonymous_38)
FN:364,(anonymous_39)
FN:368,(anonymous_40)
FN:373,(anonymous_41)
FN:382,(anonymous_42)
FN:386,(anonymous_43)
FN:407,(anonymous_44)
FN:415,(anonymous_45)
FN:417,(anonymous_46)
FN:419,(anonymous_47)
FN:424,(anonymous_48)
FN:427,(anonymous_49)
FN:431,(anonymous_50)
FN:436,(anonymous_51)
FN:446,(anonymous_52)
FN:451,(anonymous_53)
FN:454,(anonymous_54)
FN:459,(anonymous_55)
FN:470,(anonymous_56)
FN:474,(anonymous_57)
FN:478,MealCalendarComponent_Factory
FN:499,MealCalendarComponent_Template
FN:502,MealCalendarComponent_Template_ion_button_click_3_listener
FN:511,MealCalendarComponent_Template_ion_button_click_7_listener
FNF:62
FNH:35
FNDA:13797,MealCalendarComponent_ion_col_11_Template
FNDA:82782,MealCalendarComponent_ion_row_12_ion_col_1_div_3_Template
FNDA:6,MealCalendarComponent_ion_row_12_ion_col_1_div_3_Template_meal_group_itemClicked_1_listener
FNDA:0,MealCalendarComponent_ion_row_12_ion_col_1_div_3_Template_meal_group_itemDragEnd_1_listener
FNDA:0,MealCalendarComponent_ion_row_12_ion_col_1_div_4_div_1_Template
FNDA:0,MealCalendarComponent_ion_row_12_ion_col_1_div_4_Template
FNDA:574,(anonymous_6)
FNDA:574,(anonymous_7)
FNDA:82782,MealCalendarComponent_ion_row_12_ion_col_1_Template
FNDA:0,MealCalendarComponent_ion_row_12_ion_col_1_Template_ion_col_keyup_enter_0_listener
FNDA:20,MealCalendarComponent_ion_row_12_ion_col_1_Template_ion_col_mousedown_0_listener
FNDA:20,MealCalendarComponent_ion_row_12_ion_col_1_Template_ion_col_mouseup_0_listener
FNDA:20,MealCalendarComponent_ion_row_12_ion_col_1_Template_ion_col_mouseover_0_listener
FNDA:0,MealCalendarComponent_ion_row_12_ion_col_1_Template_ion_col_dragover_0_listener
FNDA:0,MealCalendarComponent_ion_row_12_ion_col_1_Template_ion_col_drop_0_listener
FNDA:11826,MealCalendarComponent_ion_row_12_Template
FNDA:0,MealCalendarComponent_p_13_span_1_Template
FNDA:0,MealCalendarComponent_p_13_span_2_Template
FNDA:0,MealCalendarComponent_p_13_Template
FNDA:0,MealCalendarComponent_ion_list_14_ion_item_5_Template
FNDA:0,MealCalendarComponent_ion_list_14_ion_item_6_Template
FNDA:0,MealCalendarComponent_ion_list_14_meal_group_7_Template
FNDA:0,MealCalendarComponent_ion_list_14_meal_group_7_Template_meal_group_itemClicked_0_listener
FNDA:0,MealCalendarComponent_ion_list_14_Template
FNDA:13,(anonymous_24)
FNDA:133,(anonymous_25)
FNDA:48,(anonymous_26)
FNDA:48,(anonymous_27)
FNDA:48,(anonymous_28)
FNDA:82411,(anonymous_29)
FNDA:20,(anonymous_30)
FNDA:164485,(anonymous_31)
FNDA:13,(anonymous_32)
FNDA:13,(anonymous_33)
FNDA:197,(anonymous_34)
FNDA:13,(anonymous_35)
FNDA:0,(anonymous_36)
FNDA:13,(anonymous_37)
FNDA:0,(anonymous_38)
FNDA:1958,(anonymous_39)
FNDA:1958,(anonymous_40)
FNDA:48,(anonymous_41)
FNDA:10,(anonymous_42)
FNDA:27,(anonymous_43)
FNDA:82236,(anonymous_44)
FNDA:0,(anonymous_45)
FNDA:0,(anonymous_46)
FNDA:0,(anonymous_47)
FNDA:164472,(anonymous_48)
FNDA:0,(anonymous_49)
FNDA:20,(anonymous_50)
FNDA:0,(anonymous_51)
FNDA:20,(anonymous_52)
FNDA:20,(anonymous_53)
FNDA:0,(anonymous_54)
FNDA:0,(anonymous_55)
FNDA:0,(anonymous_56)
FNDA:0,(anonymous_57)
FNDA:13,MealCalendarComponent_Factory
FNDA:1971,MealCalendarComponent_Template
FNDA:0,MealCalendarComponent_Template_ion_button_click_3_listener
FNDA:0,MealCalendarComponent_Template_ion_button_click_7_listener
DA:13,13797
DA:14,91
DA:15,91
DA:16,91
DA:18,13797
DA:19,13706
DA:20,13706
DA:21,13706
DA:25,82782
DA:26,546
DA:27,546
DA:28,546
DA:29,6
DA:30,6
DA:31,6
DA:33,0
DA:34,0
DA:35,0
DA:37,546
DA:39,82782
DA:40,82236
DA:41,82236
DA:42,82236
DA:43,82236
DA:47,0
DA:48,0
DA:52,0
DA:53,0
DA:54,0
DA:55,0
DA:57,0
DA:58,0
DA:59,0
DA:60,0
DA:61,0
DA:64,133
DA:65,574
DA:70,133
DA:71,574
DA:78,82782
DA:79,546
DA:80,546
DA:81,546
DA:82,0
DA:83,0
DA:84,0
DA:85,0
DA:87,20
DA:88,20
DA:89,20
DA:90,20
DA:92,20
DA:93,20
DA:94,20
DA:95,20
DA:97,20
DA:98,20
DA:99,20
DA:100,20
DA:102,0
DA:103,0
DA:104,0
DA:105,0
DA:107,0
DA:108,0
DA:109,0
DA:110,0
DA:112,546
DA:113,546
DA:114,546
DA:115,546
DA:116,546
DA:117,546
DA:119,82782
DA:120,82236
DA:121,82236
DA:122,82236
DA:123,82236
DA:124,82236
DA:125,82236
DA:126,82236
DA:127,82236
DA:128,82236
DA:129,82236
DA:130,82236
DA:134,11826
DA:135,78
DA:136,78
DA:137,78
DA:139,11826
DA:140,11748
DA:141,11748
DA:142,11748
DA:146,0
DA:147,0
DA:148,0
DA:149,0
DA:150,0
DA:151,0
DA:152,0
DA:154,0
DA:155,0
DA:156,0
DA:157,0
DA:158,0
DA:159,0
DA:163,0
DA:164,0
DA:165,0
DA:166,0
DA:167,0
DA:169,0
DA:170,0
DA:171,0
DA:175,0
DA:176,0
DA:177,0
DA:178,0
DA:179,0
DA:181,0
DA:182,0
DA:183,0
DA:184,0
DA:185,0
DA:186,0
DA:190,0
DA:191,0
DA:192,0
DA:193,0
DA:194,0
DA:195,0
DA:196,0
DA:198,0
DA:199,0
DA:200,0
DA:204,0
DA:205,0
DA:206,0
DA:207,0
DA:208,0
DA:209,0
DA:210,0
DA:212,0
DA:213,0
DA:214,0
DA:218,0
DA:219,0
DA:220,0
DA:221,0
DA:222,0
DA:223,0
DA:224,0
DA:226,0
DA:228,0
DA:229,0
DA:230,0
DA:234,0
DA:235,0
DA:236,0
DA:237,0
DA:238,0
DA:239,0
DA:240,0
DA:241,0
DA:242,0
DA:244,0
DA:245,0
DA:246,0
DA:247,0
DA:248,0
DA:249,0
DA:250,0
DA:251,0
DA:252,0
DA:253,0
DA:256,133
DA:257,13
DA:263,133
DA:266,48
DA:267,48
DA:270,48
DA:273,48
DA:274,48
DA:277,82411
DA:280,20
DA:281,20
DA:284,164485
DA:287,13
DA:288,13
DA:289,13
DA:290,13
DA:291,13
DA:292,13
DA:293,13
DA:294,13
DA:295,13
DA:296,13
DA:297,13
DA:298,13
DA:299,13
DA:300,13
DA:301,13
DA:302,13
DA:303,13
DA:304,13
DA:305,13
DA:306,13
DA:308,13
DA:309,13
DA:310,197
DA:318,13
DA:319,13
DA:320,13
DA:321,13
DA:322,13
DA:323,13
DA:324,13
DA:325,13
DA:326,13
DA:327,13
DA:329,13
DA:330,0
DA:333,0
DA:335,13
DA:336,13
DA:337,78
DA:338,78
DA:339,546
DA:340,546
DA:342,78
DA:344,13
DA:348,0
DA:349,0
DA:350,0
DA:353,13
DA:354,13
DA:358,0
DA:359,0
DA:360,0
DA:361,0
DA:365,1958
DA:366,1958
DA:369,1958
DA:374,48
DA:375,48
DA:382,48
DA:383,10
DA:384,10
DA:385,0
DA:387,27
DA:388,27
DA:389,27
DA:390,27
DA:391,27
DA:402,27
DA:403,27
DA:404,27
DA:409,82236
DA:410,82236
DA:416,0
DA:417,0
DA:420,0
DA:425,164472
DA:428,0
DA:429,0
DA:432,20
DA:433,20
DA:434,20
DA:437,0
DA:438,0
DA:439,0
DA:440,0
DA:441,0
DA:442,0
DA:444,0
DA:447,20
DA:448,0
DA:452,20
DA:455,0
DA:456,0
DA:457,0
DA:458,0
DA:459,0
DA:460,0
DA:461,0
DA:462,0
DA:464,0
DA:465,0
DA:471,0
DA:472,0
DA:475,0
DA:478,133
DA:479,13
DA:481,133
DA:500,1971
DA:501,13
DA:502,13
DA:503,0
DA:505,13
DA:506,13
DA:507,13
DA:508,13
DA:509,13
DA:510,13
DA:511,13
DA:512,0
DA:514,13
DA:515,13
DA:516,13
DA:517,13
DA:518,13
DA:519,13
DA:520,13
DA:521,13
DA:522,13
DA:523,13
DA:524,13
DA:526,1971
DA:527,1958
DA:528,1958
DA:529,1958
DA:530,1958
DA:531,1958
DA:532,1958
DA:533,1958
DA:534,1958
DA:535,1958
DA:536,1958
DA:537,1958
DA:538,1958
DA:544,133
LF:331
LH:185
BRDA:13,0,0,91
BRDA:13,0,1,13706
BRDA:18,1,0,13706
BRDA:18,1,1,91
BRDA:25,2,0,546
BRDA:25,2,1,82236
BRDA:39,3,0,82236
BRDA:39,3,1,546
BRDA:47,4,0,0
BRDA:47,4,1,0
BRDA:52,5,0,0
BRDA:52,5,1,0
BRDA:57,6,0,0
BRDA:57,6,1,0
BRDA:78,7,0,546
BRDA:78,7,1,82236
BRDA:119,8,0,82236
BRDA:119,8,1,546
BRDA:122,9,0,82236
BRDA:122,9,1,82236
BRDA:122,9,2,58740
BRDA:122,10,0,82236
BRDA:122,10,1,82236
BRDA:124,11,0,82236
BRDA:124,11,1,82236
BRDA:124,11,2,58740
BRDA:124,12,0,82236
BRDA:124,12,1,82236
BRDA:130,13,0,82236
BRDA:130,13,1,82236
BRDA:134,14,0,78
BRDA:134,14,1,11748
BRDA:139,15,0,11748
BRDA:139,15,1,78
BRDA:146,16,0,0
BRDA:146,16,1,0
BRDA:154,17,0,0
BRDA:154,17,1,0
BRDA:163,18,0,0
BRDA:163,18,1,0
BRDA:169,19,0,0
BRDA:169,19,1,0
BRDA:175,20,0,0
BRDA:175,20,1,0
BRDA:181,21,0,0
BRDA:181,21,1,0
BRDA:190,22,0,0
BRDA:190,22,1,0
BRDA:198,23,0,0
BRDA:198,23,1,0
BRDA:204,24,0,0
BRDA:204,24,1,0
BRDA:212,25,0,0
BRDA:212,25,1,0
BRDA:218,26,0,0
BRDA:218,26,1,0
BRDA:228,27,0,0
BRDA:228,27,1,0
BRDA:234,28,0,0
BRDA:234,28,1,0
BRDA:244,29,0,0
BRDA:244,29,1,0
BRDA:249,30,0,0
BRDA:249,30,1,0
BRDA:251,31,0,0
BRDA:251,31,1,0
BRDA:325,32,0,13
BRDA:325,32,1,0
BRDA:329,33,0,0
BRDA:329,33,1,13
BRDA:349,34,0,0
BRDA:349,34,1,0
BRDA:360,35,0,0
BRDA:360,35,1,0
BRDA:360,36,0,0
BRDA:360,36,1,0
BRDA:366,37,0,0
BRDA:366,37,1,1958
BRDA:383,38,0,10
BRDA:383,38,1,0
BRDA:383,39,0,10
BRDA:383,39,1,0
BRDA:384,40,0,10
BRDA:384,40,1,0
BRDA:389,41,0,27
BRDA:389,41,1,19
BRDA:390,42,0,27
BRDA:390,42,1,19
BRDA:391,43,0,27
BRDA:391,43,1,20
BRDA:410,44,0,82236
BRDA:410,44,1,81473
BRDA:410,45,0,60006
BRDA:410,45,1,22230
BRDA:410,46,0,82236
BRDA:410,46,1,82236
BRDA:410,47,0,51114
BRDA:410,47,1,31122
BRDA:410,48,0,82236
BRDA:410,48,1,82236
BRDA:433,49,0,0
BRDA:433,49,1,20
BRDA:447,50,0,0
BRDA:447,50,1,20
BRDA:460,51,0,0
BRDA:460,51,1,0
BRDA:464,52,0,0
BRDA:464,52,1,0
BRDA:464,53,0,0
BRDA:464,53,1,0
BRDA:464,53,2,0
BRDA:479,54,0,13
BRDA:479,54,1,13
BRDA:500,55,0,13
BRDA:500,55,1,1958
BRDA:526,56,0,1958
BRDA:526,56,1,13
BRF:117
BRH:58
end_of_record
TN:
SF:src/app/components/meal-calendar/meal-calendar.module.ts
FN:7,(anonymous_0)
FN:9,MealCalendarModule_Factory
FNF:2
FNH:2
FNDA:133,(anonymous_0)
FNDA:266,MealCalendarModule_Factory
DA:7,133
DA:9,133
DA:10,266
DA:12,133
DA:15,133
DA:18,133
LF:6
LH:6
BRDA:10,0,0,266
BRDA:10,0,1,266
BRF:2
BRH:2
end_of_record
TN:
SF:src/app/components/meal-calendar/calendar-item/calendar-item.component.ts
FN:2,(anonymous_0)
FN:4,(anonymous_1)
FN:6,CalendarItemComponent_Factory
FN:18,CalendarItemComponent_Template
FNF:4
FNH:4
FNDA:133,(anonymous_0)
FNDA:27,(anonymous_1)
FNDA:27,CalendarItemComponent_Factory
FNDA:1002,CalendarItemComponent_Template
DA:2,133
DA:6,133
DA:7,27
DA:9,133
DA:19,1002
DA:20,27
DA:21,27
DA:22,27
DA:24,1002
DA:25,975
DA:26,975
DA:31,133
LF:12
LH:12
BRDA:7,0,0,27
BRDA:7,0,1,27
BRDA:19,1,0,27
BRDA:19,1,1,975
BRDA:24,2,0,975
BRDA:24,2,1,27
BRDA:26,3,0,975
BRDA:26,3,1,350
BRDA:26,4,0,350
BRDA:26,4,1,625
BRF:10
BRH:10
end_of_record
TN:
SF:src/app/components/meal-calendar/calendar-item/calendar-item.module.ts
FN:5,(anonymous_0)
FN:7,CalendarItemModule_Factory
FNF:2
FNH:2
FNDA:133,(anonymous_0)
FNDA:266,CalendarItemModule_Factory
DA:5,133
DA:7,133
DA:8,266
DA:10,133
DA:13,133
DA:16,133
LF:6
LH:6
BRDA:8,0,0,266
BRDA:8,0,1,266
BRF:2
BRH:2
end_of_record
TN:
SF:src/app/components/meal-calendar/meal-group/meal-group.component.ts
FN:5,MealGroupComponent_div_0_span_1_Template
FN:17,(anonymous_1)
FN:27,MealGroupComponent_div_0_calendar_item_2_Template
FN:31,MealGroupComponent_div_0_calendar_item_2_Template_calendar_item_click_0_listener
FN:36,MealGroupComponent_div_0_calendar_item_2_Template_calendar_item_dragstart_0_listener
FN:41,MealGroupComponent_div_0_calendar_item_2_Template_calendar_item_dragend_0_listener
FN:56,MealGroupComponent_div_0_Template
FN:72,(anonymous_7)
FN:74,(anonymous_8)
FN:78,(anonymous_9)
FN:83,(anonymous_10)
FN:88,MealGroupComponent_Factory
FN:105,MealGroupComponent_Template
FNF:13
FNH:9
FNDA:777,MealGroupComponent_div_0_span_1_Template
FNDA:27,(anonymous_1)
FNDA:1002,MealGroupComponent_div_0_calendar_item_2_Template
FNDA:6,MealGroupComponent_div_0_calendar_item_2_Template_calendar_item_click_0_listener
FNDA:0,MealGroupComponent_div_0_calendar_item_2_Template_calendar_item_dragstart_0_listener
FNDA:0,MealGroupComponent_div_0_calendar_item_2_Template_calendar_item_dragend_0_listener
FNDA:3880,MealGroupComponent_div_0_Template
FNDA:133,(anonymous_7)
FNDA:546,(anonymous_8)
FNDA:0,(anonymous_9)
FNDA:0,(anonymous_10)
FNDA:546,MealGroupComponent_Factory
FNDA:82782,MealGroupComponent_Template
DA:6,777
DA:7,14
DA:8,14
DA:9,14
DA:11,777
DA:12,763
DA:13,763
DA:14,763
DA:17,133
DA:18,27
DA:28,1002
DA:29,27
DA:30,27
DA:31,27
DA:32,6
DA:33,6
DA:34,6
DA:35,6
DA:37,0
DA:38,0
DA:39,0
DA:40,0
DA:42,0
DA:43,0
DA:44,0
DA:45,0
DA:47,27
DA:49,1002
DA:50,975
DA:51,975
DA:52,975
DA:53,975
DA:57,3880
DA:58,65
DA:59,65
DA:60,65
DA:61,65
DA:63,3880
DA:64,3815
DA:65,3815
DA:66,3815
DA:67,3815
DA:68,3815
DA:69,3815
DA:72,133
DA:75,546
DA:76,546
DA:79,0
DA:80,0
DA:84,0
DA:85,0
DA:88,133
DA:89,546
DA:91,133
DA:106,82782
DA:107,546
DA:109,82782
DA:110,82236
DA:116,133
LF:59
LH:47
BRDA:6,0,0,14
BRDA:6,0,1,763
BRDA:11,1,0,763
BRDA:11,1,1,14
BRDA:28,2,0,27
BRDA:28,2,1,975
BRDA:49,3,0,975
BRDA:49,3,1,27
BRDA:57,4,0,65
BRDA:57,4,1,3815
BRDA:63,5,0,3815
BRDA:63,5,1,65
BRDA:89,6,0,546
BRDA:89,6,1,546
BRDA:106,7,0,546
BRDA:106,7,1,82236
BRDA:109,8,0,82236
BRDA:109,8,1,546
BRF:18
BRH:18
end_of_record
TN:
SF:src/app/components/meal-calendar/meal-group/meal-group.module.ts
FN:6,(anonymous_0)
FN:8,MealGroupModule_Factory
FNF:2
FNH:2
FNDA:133,(anonymous_0)
FNDA:266,MealGroupModule_Factory
DA:6,133
DA:8,133
DA:9,266
DA:11,133
DA:14,133
DA:17,133
LF:6
LH:6
BRDA:9,0,0,266
BRDA:9,0,1,266
BRF:2
BRH:2
end_of_record
TN:
SF:src/app/components/multi-image-upload/multi-image-upload.component.ts
FN:19,(anonymous_0)
FN:24,MultiImageUploadComponent_div_3_div_4_Template
FN:28,MultiImageUploadComponent_div_3_div_4_Template_ion_icon_click_1_listener
FN:39,MultiImageUploadComponent_div_3_div_4_Template_ion_icon_click_4_listener
FN:58,MultiImageUploadComponent_div_3_Template
FN:62,MultiImageUploadComponent_div_3_Template_ion_icon_click_2_listener
FN:83,MultiImageUploadComponent_div_4_Template
FN:87,MultiImageUploadComponent_div_4_Template_div_click_0_listener
FN:104,(anonymous_8)
FN:106,(anonymous_9)
FN:109,(anonymous_10)
FN:112,(anonymous_11)
FN:122,(anonymous_12)
FN:125,(anonymous_13)
FN:126,(anonymous_14)
FN:154,(anonymous_15)
FN:174,(anonymous_16)
FN:183,(anonymous_17)
FN:189,MultiImageUploadComponent_Factory
FN:204,MultiImageUploadComponent_Template
FN:207,MultiImageUploadComponent_Template_input_change_1_listener
FNF:21
FNH:11
FNDA:0,(anonymous_0)
FNDA:0,MultiImageUploadComponent_div_3_div_4_Template
FNDA:0,MultiImageUploadComponent_div_3_div_4_Template_ion_icon_click_1_listener
FNDA:0,MultiImageUploadComponent_div_3_div_4_Template_ion_icon_click_4_listener
FNDA:63,MultiImageUploadComponent_div_3_Template
FNDA:0,MultiImageUploadComponent_div_3_Template_ion_icon_click_2_listener
FNDA:1532,MultiImageUploadComponent_div_4_Template
FNDA:0,MultiImageUploadComponent_div_4_Template_div_click_0_listener
FNDA:133,(anonymous_8)
FNDA:4730,(anonymous_9)
FNDA:39,(anonymous_10)
FNDA:35,(anonymous_11)
FNDA:0,(anonymous_12)
FNDA:1,(anonymous_13)
FNDA:1,(anonymous_14)
FNDA:0,(anonymous_15)
FNDA:0,(anonymous_16)
FNDA:0,(anonymous_17)
FNDA:35,MultiImageUploadComponent_Factory
FNDA:1591,MultiImageUploadComponent_Template
FNDA:1,MultiImageUploadComponent_Template_input_change_1_listener
DA:19,133
DA:20,0
DA:25,0
DA:26,0
DA:27,0
DA:28,0
DA:29,0
DA:30,0
DA:31,0
DA:32,0
DA:34,0
DA:35,0
DA:36,0
DA:37,0
DA:38,0
DA:39,0
DA:40,0
DA:41,0
DA:42,0
DA:43,0
DA:45,0
DA:47,0
DA:48,0
DA:49,0
DA:50,0
DA:51,0
DA:52,0
DA:53,0
DA:54,0
DA:55,0
DA:59,63
DA:60,4
DA:61,4
DA:62,4
DA:63,0
DA:64,0
DA:65,0
DA:66,0
DA:68,4
DA:69,4
DA:70,4
DA:71,4
DA:72,4
DA:74,63
DA:75,59
DA:76,59
DA:77,59
DA:78,59
DA:79,59
DA:80,59
DA:84,1532
DA:85,35
DA:86,35
DA:87,35
DA:88,0
DA:89,0
DA:90,0
DA:92,35
DA:93,35
DA:94,35
DA:95,35
DA:96,35
DA:97,35
DA:99,1532
DA:100,1497
DA:101,1497
DA:104,133
DA:107,4730
DA:110,39
DA:113,35
DA:114,35
DA:115,35
DA:116,35
DA:117,35
DA:118,35
DA:119,35
DA:120,35
DA:123,0
DA:126,1
DA:127,1
DA:128,1
DA:129,0
DA:131,1
DA:132,0
DA:133,0
DA:134,0
DA:141,0
DA:142,0
DA:144,1
DA:145,1
DA:146,1
DA:147,1
DA:148,1
DA:149,1
DA:150,0
DA:151,0
DA:153,1
DA:154,0
DA:156,1
DA:158,1
DA:159,0
DA:160,0
DA:161,0
DA:168,0
DA:170,1
DA:171,1
DA:175,0
DA:176,0
DA:177,0
DA:178,0
DA:179,0
DA:180,0
DA:181,0
DA:184,0
DA:185,0
DA:186,0
DA:189,133
DA:190,35
DA:192,133
DA:205,1591
DA:206,35
DA:207,35
DA:208,1
DA:210,35
DA:211,35
DA:212,35
DA:213,35
DA:214,35
DA:216,1591
DA:217,1556
DA:218,1556
DA:219,1556
DA:220,1556
DA:221,1556
DA:222,1556
DA:228,133
LF:136
LH:76
BRDA:25,0,0,0
BRDA:25,0,1,0
BRDA:47,1,0,0
BRDA:47,1,1,0
BRDA:59,2,0,4
BRDA:59,2,1,59
BRDA:74,3,0,59
BRDA:74,3,1,4
BRDA:84,4,0,35
BRDA:84,4,1,1497
BRDA:99,5,0,1497
BRDA:99,5,1,35
BRDA:107,6,0,4730
BRDA:107,6,1,0
BRDA:127,7,0,1
BRDA:127,7,1,0
BRDA:128,8,0,0
BRDA:128,8,1,1
BRDA:128,9,0,1
BRDA:128,9,1,1
BRDA:131,10,0,0
BRDA:131,10,1,1
BRDA:149,11,0,0
BRDA:149,11,1,1
BRDA:156,12,0,1
BRDA:156,12,1,0
BRDA:158,13,0,0
BRDA:158,13,1,1
BRDA:177,14,0,0
BRDA:177,14,1,0
BRDA:178,15,0,0
BRDA:178,15,1,0
BRDA:190,16,0,35
BRDA:190,16,1,35
BRDA:205,17,0,35
BRDA:205,17,1,1556
BRDA:216,18,0,1556
BRDA:216,18,1,35
BRDA:222,19,0,1556
BRDA:222,19,1,1556
BRDA:222,19,2,59
BRF:41
BRH:26
end_of_record
TN:
SF:src/app/components/multi-image-upload/multi-image-upload.module.ts
FN:6,(anonymous_0)
FN:8,MultiImageUploadModule_Factory
FNF:2
FNH:2
FNDA:133,(anonymous_0)
FNDA:266,MultiImageUploadModule_Factory
DA:6,133
DA:8,133
DA:9,266
DA:11,133
DA:14,133
DA:17,133
LF:6
LH:6
BRDA:9,0,0,266
BRDA:9,0,1,266
BRF:2
BRH:2
end_of_record
TN:
SF:src/app/components/null-state/null-state.component.ts
FN:5,(anonymous_0)
FN:7,(anonymous_1)
FN:9,NullStateComponent_Factory
FN:19,NullStateComponent_Template
FNF:4
FNH:4
FNDA:133,(anonymous_0)
FNDA:61,(anonymous_1)
FNDA:61,NullStateComponent_Factory
FNDA:1817,NullStateComponent_Template
DA:3,133
DA:4,133
DA:5,133
DA:9,133
DA:10,61
DA:12,133
DA:20,1817
DA:21,61
DA:22,61
DA:23,61
DA:24,61
DA:25,61
DA:26,61
DA:27,61
DA:28,61
DA:29,61
DA:34,133
LF:17
LH:17
BRDA:10,0,0,61
BRDA:10,0,1,61
BRDA:20,1,0,61
BRDA:20,1,1,1756
BRF:4
BRH:4
end_of_record
TN:
SF:src/app/components/null-state/null-state.module.ts
FN:5,(anonymous_0)
FN:7,NullStateModule_Factory
FNF:2
FNH:2
FNDA:133,(anonymous_0)
FNDA:1330,NullStateModule_Factory
DA:5,133
DA:7,133
DA:8,1330
DA:10,133
DA:13,133
DA:16,133
LF:6
LH:6
BRDA:8,0,0,1330
BRDA:8,0,1,1330
BRF:2
BRH:2
end_of_record
TN:
SF:src/app/components/rating/rating.component.ts
FN:5,(anonymous_0)
FN:10,RatingComponent_ion_icon_1_Template
FN:14,RatingComponent_ion_icon_1_Template_ion_icon_click_0_listener
FN:28,(anonymous_3)
FN:30,(anonymous_4)
FN:34,(anonymous_5)
FN:37,(anonymous_6)
FN:43,(anonymous_7)
FN:46,(anonymous_8)
FN:52,RatingComponent_Factory
FN:68,RatingComponent_Template
FNF:11
FNH:11
FNDA:113,(anonymous_0)
FNDA:5323,RatingComponent_ion_icon_1_Template
FNDA:1,RatingComponent_ion_icon_1_Template_ion_icon_click_0_listener
FNDA:133,(anonymous_3)
FNDA:23,(anonymous_4)
FNDA:47,(anonymous_5)
FNDA:22,(anonymous_6)
FNDA:23,(anonymous_7)
FNDA:1,(anonymous_8)
FNDA:22,RatingComponent_Factory
FNDA:1064,RatingComponent_Template
DA:5,133
DA:6,113
DA:11,5323
DA:12,113
DA:13,113
DA:14,113
DA:15,1
DA:16,1
DA:17,1
DA:18,1
DA:20,113
DA:22,5323
DA:23,5210
DA:24,5210
DA:25,5210
DA:28,133
DA:31,23
DA:32,23
DA:35,47
DA:38,22
DA:39,22
DA:40,22
DA:41,22
DA:44,23
DA:47,1
DA:48,1
DA:49,1
DA:52,133
DA:53,22
DA:55,133
DA:69,1064
DA:70,22
DA:71,22
DA:72,22
DA:74,1064
DA:75,1042
DA:76,1042
DA:82,133
LF:38
LH:38
BRDA:11,0,0,113
BRDA:11,0,1,5210
BRDA:22,1,0,5210
BRDA:22,1,1,113
BRDA:47,2,0,0
BRDA:47,2,1,1
BRDA:48,3,0,0
BRDA:48,3,1,1
BRDA:53,4,0,22
BRDA:53,4,1,22
BRDA:69,5,0,22
BRDA:69,5,1,1042
BRDA:74,6,0,1042
BRDA:74,6,1,22
BRF:14
BRH:12
end_of_record
TN:
SF:src/app/components/rating/rating.module.ts
FN:6,(anonymous_0)
FN:8,RatingModule_Factory
FNF:2
FNH:2
FNDA:133,(anonymous_0)
FNDA:266,RatingModule_Factory
DA:6,133
DA:8,133
DA:9,266
DA:11,133
DA:14,133
DA:17,133
LF:6
LH:6
BRDA:9,0,0,266
BRDA:9,0,1,266
BRF:2
BRH:2
end_of_record
TN:
SF:src/app/components/rating-filter-popover/rating-filter-popover.component.ts
FN:7,RatingFilterPopoverComponent_ion_list_6_ion_item_6_Template
FN:11,RatingFilterPopoverComponent_ion_list_6_ion_item_6_Template_ion_checkbox_ionChange_1_listener
FN:31,RatingFilterPopoverComponent_ion_list_6_Template
FN:35,RatingFilterPopoverComponent_ion_list_6_Template_ion_checkbox_ionChange_2_listener
FN:58,(anonymous_4)
FN:60,(anonymous_5)
FN:63,(anonymous_6)
FN:66,(anonymous_7)
FN:71,(anonymous_8)
FN:75,(anonymous_9)
FN:79,(anonymous_10)
FN:85,RatingFilterPopoverComponent_Factory
FN:97,RatingFilterPopoverComponent_Template
FN:107,RatingFilterPopoverComponent_Template_ion_button_click_8_listener
FN:115,RatingFilterPopoverComponent_Template_ion_button_click_12_listener
FNF:15
FNH:1
FNDA:0,RatingFilterPopoverComponent_ion_list_6_ion_item_6_Template
FNDA:0,RatingFilterPopoverComponent_ion_list_6_ion_item_6_Template_ion_checkbox_ionChange_1_listener
FNDA:0,RatingFilterPopoverComponent_ion_list_6_Template
FNDA:0,RatingFilterPopoverComponent_ion_list_6_Template_ion_checkbox_ionChange_2_listener
FNDA:133,(anonymous_4)
FNDA:0,(anonymous_5)
FNDA:0,(anonymous_6)
FNDA:0,(anonymous_7)
FNDA:0,(anonymous_8)
FNDA:0,(anonymous_9)
FNDA:0,(anonymous_10)
FNDA:0,RatingFilterPopoverComponent_Factory
FNDA:0,RatingFilterPopoverComponent_Template
FNDA:0,RatingFilterPopoverComponent_Template_ion_button_click_8_listener
FNDA:0,RatingFilterPopoverComponent_Template_ion_button_click_12_listener
DA:8,0
DA:9,0
DA:10,0
DA:11,0
DA:12,0
DA:13,0
DA:14,0
DA:15,0
DA:17,0
DA:18,0
DA:19,0
DA:20,0
DA:22,0
DA:23,0
DA:24,0
DA:25,0
DA:26,0
DA:27,0
DA:28,0
DA:32,0
DA:33,0
DA:34,0
DA:35,0
DA:36,0
DA:37,0
DA:38,0
DA:40,0
DA:41,0
DA:42,0
DA:43,0
DA:44,0
DA:45,0
DA:46,0
DA:48,0
DA:49,0
DA:50,0
DA:51,0
DA:52,0
DA:53,0
DA:54,0
DA:55,0
DA:58,133
DA:61,0
DA:64,0
DA:67,0
DA:68,0
DA:69,0
DA:72,0
DA:73,0
DA:76,0
DA:77,0
DA:80,0
DA:85,133
DA:86,0
DA:88,133
DA:98,0
DA:99,0
DA:100,0
DA:101,0
DA:102,0
DA:103,0
DA:104,0
DA:105,0
DA:106,0
DA:107,0
DA:108,0
DA:110,0
DA:111,0
DA:112,0
DA:113,0
DA:114,0
DA:115,0
DA:116,0
DA:118,0
DA:119,0
DA:120,0
DA:121,0
DA:123,0
DA:124,0
DA:125,0
DA:126,0
DA:127,0
DA:128,0
DA:129,0
DA:130,0
DA:131,0
DA:137,133
LF:87
LH:4
BRDA:8,0,0,0
BRDA:8,0,1,0
BRDA:22,1,0,0
BRDA:22,1,1,0
BRDA:26,2,0,0
BRDA:26,2,1,0
BRDA:32,3,0,0
BRDA:32,3,1,0
BRDA:48,4,0,0
BRDA:48,4,1,0
BRDA:51,5,0,0
BRDA:51,5,1,0
BRDA:77,6,0,0
BRDA:77,6,1,0
BRDA:86,7,0,0
BRDA:86,7,1,0
BRDA:98,8,0,0
BRDA:98,8,1,0
BRDA:123,9,0,0
BRDA:123,9,1,0
BRF:20
BRH:0
end_of_record
TN:
SF:src/app/components/recipe-preview/recipe-preview.component.ts
FN:6,(anonymous_0)
FN:12,(anonymous_1)
FN:14,(anonymous_2)
FN:17,(anonymous_3)
FN:22,(anonymous_4)
FN:26,RecipePreviewComponent_Factory
FN:44,RecipePreviewComponent_Template
FN:47,RecipePreviewComponent_Template_div_click_0_listener
FNF:8
FNH:1
FNDA:0,(anonymous_0)
FNDA:133,(anonymous_1)
FNDA:0,(anonymous_2)
FNDA:0,(anonymous_3)
FNDA:0,(anonymous_4)
FNDA:0,RecipePreviewComponent_Factory
FNDA:0,RecipePreviewComponent_Template
FNDA:0,RecipePreviewComponent_Template_div_click_0_listener
DA:6,133
DA:7,0
DA:12,133
DA:15,0
DA:18,0
DA:19,0
DA:20,0
DA:23,0
DA:26,133
DA:27,0
DA:29,133
DA:45,0
DA:46,0
DA:47,0
DA:48,0
DA:50,0
DA:51,0
DA:52,0
DA:53,0
DA:55,0
DA:56,0
DA:57,0
DA:58,0
DA:59,0
DA:60,0
DA:61,0
DA:67,133
LF:27
LH:5
BRDA:15,0,0,0
BRDA:15,0,1,0
BRDA:27,1,0,0
BRDA:27,1,1,0
BRDA:45,2,0,0
BRDA:45,2,1,0
BRDA:55,3,0,0
BRDA:55,3,1,0
BRDA:58,4,0,0
BRDA:58,4,1,0
BRF:10
BRH:0
end_of_record
TN:
SF:src/app/components/recipe-preview/recipe-preview.module.ts
FN:5,(anonymous_0)
FN:7,RecipePreviewModule_Factory
FNF:2
FNH:2
FNDA:133,(anonymous_0)
FNDA:133,RecipePreviewModule_Factory
DA:5,133
DA:7,133
DA:8,133
DA:10,133
DA:13,133
DA:16,133
LF:6
LH:6
BRDA:8,0,0,133
BRDA:8,0,1,133
BRF:2
BRH:2
end_of_record
TN:
SF:src/app/components/select-collaborators/select-collaborators.component.ts
FN:18,SelectCollaboratorsComponent_span_5_Template
FN:22,SelectCollaboratorsComponent_span_5_Template_ion_icon_click_1_listener
FN:39,SelectCollaboratorsComponent_div_8_button_1_Template
FN:57,SelectCollaboratorsComponent_div_8_button_2_Template
FN:61,SelectCollaboratorsComponent_div_8_button_2_Template_button_click_0_listener
FN:84,SelectCollaboratorsComponent_div_8_button_4_Template
FN:102,SelectCollaboratorsComponent_div_8_button_5_Template
FN:120,SelectCollaboratorsComponent_div_8_Template
FN:124,SelectCollaboratorsComponent_div_8_Template_div_focusout_0_listener
FN:148,(anonymous_9)
FN:150,(anonymous_10)
FN:153,(anonymous_11)
FN:156,(anonymous_12)
FN:172,(anonymous_13)
FN:172,(anonymous_14)
FN:174,(anonymous_15)
FN:175,(anonymous_16)
FN:178,(anonymous_17)
FN:185,(anonymous_18)
FN:188,(anonymous_19)
FN:188,(anonymous_20)
FN:192,(anonymous_21)
FN:210,(anonymous_22)
FN:218,(anonymous_23)
FN:219,(anonymous_24)
FN:219,(anonymous_25)
FN:232,(anonymous_26)
FN:233,(anonymous_27)
FN:247,(anonymous_28)
FN:251,SelectCollaboratorsComponent_Factory
FN:263,SelectCollaboratorsComponent_Template
FN:272,SelectCollaboratorsComponent_Template_input_ngModelChange_6_listener
FN:274,SelectCollaboratorsComponent_Template_input_ngModelChange_6_listener
FN:276,SelectCollaboratorsComponent_Template_input_focus_6_listener
FN:278,SelectCollaboratorsComponent_Template_input_focusout_6_listener
FN:280,SelectCollaboratorsComponent_Template_input_blur_6_listener
FN:282,SelectCollaboratorsComponent_Template_input_keyup_enter_6_listener
FNF:37
FNH:10
FNDA:0,SelectCollaboratorsComponent_span_5_Template
FNDA:0,SelectCollaboratorsComponent_span_5_Template_ion_icon_click_1_listener
FNDA:0,SelectCollaboratorsComponent_div_8_button_1_Template
FNDA:0,SelectCollaboratorsComponent_div_8_button_2_Template
FNDA:0,SelectCollaboratorsComponent_div_8_button_2_Template_button_click_0_listener
FNDA:0,SelectCollaboratorsComponent_div_8_button_4_Template
FNDA:0,SelectCollaboratorsComponent_div_8_button_5_Template
FNDA:0,SelectCollaboratorsComponent_div_8_Template
FNDA:0,SelectCollaboratorsComponent_div_8_Template_div_focusout_0_listener
FNDA:133,(anonymous_9)
FNDA:26,(anonymous_10)
FNDA:1056,(anonymous_11)
FNDA:26,(anonymous_12)
FNDA:25,(anonymous_13)
FNDA:0,(anonymous_14)
FNDA:26,(anonymous_15)
FNDA:26,(anonymous_16)
FNDA:36,(anonymous_17)
FNDA:0,(anonymous_18)
FNDA:0,(anonymous_19)
FNDA:0,(anonymous_20)
FNDA:0,(anonymous_21)
FNDA:0,(anonymous_22)
FNDA:0,(anonymous_23)
FNDA:0,(anonymous_24)
FNDA:0,(anonymous_25)
FNDA:0,(anonymous_26)
FNDA:0,(anonymous_27)
FNDA:0,(anonymous_28)
FNDA:26,SelectCollaboratorsComponent_Factory
FNDA:1082,SelectCollaboratorsComponent_Template
FNDA:0,SelectCollaboratorsComponent_Template_input_ngModelChange_6_listener
FNDA:0,SelectCollaboratorsComponent_Template_input_ngModelChange_6_listener
FNDA:0,SelectCollaboratorsComponent_Template_input_focus_6_listener
FNDA:0,SelectCollaboratorsComponent_Template_input_focusout_6_listener
FNDA:0,SelectCollaboratorsComponent_Template_input_blur_6_listener
FNDA:0,SelectCollaboratorsComponent_Template_input_keyup_enter_6_listener
DA:19,0
DA:20,0
DA:21,0
DA:22,0
DA:23,0
DA:24,0
DA:25,0
DA:26,0
DA:28,0
DA:29,0
DA:30,0
DA:32,0
DA:33,0
DA:34,0
DA:35,0
DA:36,0
DA:40,0
DA:41,0
DA:42,0
DA:43,0
DA:44,0
DA:45,0
DA:46,0
DA:47,0
DA:49,0
DA:50,0
DA:51,0
DA:52,0
DA:53,0
DA:54,0
DA:58,0
DA:59,0
DA:60,0
DA:61,0
DA:62,0
DA:63,0
DA:64,0
DA:65,0
DA:67,0
DA:68,0
DA:69,0
DA:70,0
DA:71,0
DA:72,0
DA:73,0
DA:75,0
DA:76,0
DA:77,0
DA:78,0
DA:79,0
DA:80,0
DA:81,0
DA:85,0
DA:86,0
DA:87,0
DA:88,0
DA:89,0
DA:90,0
DA:91,0
DA:92,0
DA:94,0
DA:95,0
DA:96,0
DA:97,0
DA:98,0
DA:99,0
DA:103,0
DA:104,0
DA:105,0
DA:106,0
DA:107,0
DA:108,0
DA:109,0
DA:110,0
DA:112,0
DA:113,0
DA:114,0
DA:115,0
DA:116,0
DA:117,0
DA:121,0
DA:122,0
DA:123,0
DA:124,0
DA:125,0
DA:126,0
DA:127,0
DA:129,0
DA:130,0
DA:131,0
DA:132,0
DA:133,0
DA:134,0
DA:136,0
DA:137,0
DA:138,0
DA:139,0
DA:140,0
DA:141,0
DA:142,0
DA:143,0
DA:144,0
DA:145,0
DA:148,133
DA:151,26
DA:154,1056
DA:157,26
DA:158,26
DA:159,26
DA:160,26
DA:161,26
DA:162,26
DA:163,26
DA:164,26
DA:165,26
DA:166,26
DA:167,26
DA:169,26
DA:170,26
DA:171,26
DA:172,26
DA:175,26
DA:176,26
DA:177,25
DA:178,25
DA:179,36
DA:180,36
DA:181,36
DA:186,0
DA:187,0
DA:188,0
DA:189,0
DA:194,0
DA:195,0
DA:196,0
DA:197,0
DA:198,0
DA:200,0
DA:201,0
DA:203,0
DA:204,0
DA:206,0
DA:207,0
DA:211,0
DA:212,0
DA:213,0
DA:216,0
DA:219,0
DA:220,0
DA:221,0
DA:222,0
DA:224,0
DA:225,0
DA:233,0
DA:234,0
DA:235,0
DA:236,0
DA:240,0
DA:242,0
DA:243,0
DA:244,0
DA:248,0
DA:251,133
DA:252,26
DA:254,133
DA:264,1082
DA:265,26
DA:266,26
DA:267,26
DA:268,26
DA:269,26
DA:270,26
DA:271,26
DA:272,26
DA:273,0
DA:275,0
DA:277,0
DA:279,0
DA:281,0
DA:283,0
DA:285,26
DA:286,26
DA:287,26
DA:289,1082
DA:290,1056
DA:291,1056
DA:292,1056
DA:293,1056
DA:294,1056
DA:295,1056
DA:300,133
LF:191
LH:48
BRDA:19,0,0,0
BRDA:19,0,1,0
BRDA:32,1,0,0
BRDA:32,1,1,0
BRDA:36,2,0,0
BRDA:36,2,1,0
BRDA:40,3,0,0
BRDA:40,3,1,0
BRDA:49,4,0,0
BRDA:49,4,1,0
BRDA:58,5,0,0
BRDA:58,5,1,0
BRDA:75,6,0,0
BRDA:75,6,1,0
BRDA:79,7,0,0
BRDA:79,7,1,0
BRDA:85,8,0,0
BRDA:85,8,1,0
BRDA:94,9,0,0
BRDA:94,9,1,0
BRDA:103,10,0,0
BRDA:103,10,1,0
BRDA:112,11,0,0
BRDA:112,11,1,0
BRDA:121,12,0,0
BRDA:121,12,1,0
BRDA:136,13,0,0
BRDA:136,13,1,0
BRDA:139,14,0,0
BRDA:139,14,1,0
BRDA:139,14,2,0
BRDA:145,15,0,0
BRDA:145,15,1,0
BRDA:145,15,2,0
BRDA:177,16,0,0
BRDA:177,16,1,25
BRDA:187,17,0,0
BRDA:187,17,1,0
BRDA:194,18,0,0
BRDA:194,18,1,0
BRDA:196,19,0,0
BRDA:196,19,1,0
BRDA:200,20,0,0
BRDA:200,20,1,0
BRDA:207,21,0,0
BRDA:207,21,1,0
BRDA:211,22,0,0
BRDA:211,22,1,0
BRDA:211,23,0,0
BRDA:211,23,1,0
BRDA:212,24,0,0
BRDA:212,24,1,0
BRDA:220,25,0,0
BRDA:220,25,1,0
BRDA:234,26,0,0
BRDA:234,26,1,0
BRDA:252,27,0,26
BRDA:252,27,1,26
BRDA:264,28,0,26
BRDA:264,28,1,1056
BRDA:289,29,0,1056
BRDA:289,29,1,26
BRF:62
BRH:7
end_of_record
TN:
SF:src/app/components/select-collaborators/select-collaborators.module.ts
FN:7,(anonymous_0)
FN:9,SelectCollaboratorsModule_Factory
FNF:2
FNH:2
FNDA:133,(anonymous_0)
FNDA:532,SelectCollaboratorsModule_Factory
DA:7,133
DA:9,133
DA:10,532
DA:12,133
DA:15,133
DA:18,133
LF:6
LH:6
BRDA:10,0,0,532
BRDA:10,0,1,532
BRF:2
BRH:2
end_of_record
TN:
SF:src/app/components/select-ingredients/select-ingredients.component.ts
FN:12,SelectIngredientsComponent_div_1_ion_item_9_Template
FN:19,SelectIngredientsComponent_div_1_ion_item_9_Template_ion_checkbox_ngModelChange_3_listener
FN:24,SelectIngredientsComponent_div_1_ion_item_9_Template_ion_checkbox_ngModelChange_3_listener
FN:42,(anonymous_3)
FN:47,SelectIngredientsComponent_div_1_Template
FN:59,SelectIngredientsComponent_div_1_Template_ion_checkbox_ngModelChange_8_listener
FN:63,SelectIngredientsComponent_div_1_Template_ion_checkbox_ngModelChange_8_listener
FN:72,SelectIngredientsComponent_div_1_Template_a_click_11_listener
FN:95,SelectIngredientsComponent_div_2_Template
FN:107,(anonymous_9)
FN:109,(anonymous_10)
FN:112,(anonymous_11)
FN:118,(anonymous_12)
FN:122,(anonymous_13)
FN:131,(anonymous_14)
FN:132,(anonymous_15)
FN:149,(anonymous_16)
FN:150,(anonymous_17)
FN:158,(anonymous_18)
FN:166,(anonymous_19)
FN:175,SelectIngredientsComponent_Factory
FN:191,SelectIngredientsComponent_Template
FNF:22
FNH:10
FNDA:30,SelectIngredientsComponent_div_1_ion_item_9_Template
FNDA:0,SelectIngredientsComponent_div_1_ion_item_9_Template_ion_checkbox_ngModelChange_3_listener
FNDA:0,SelectIngredientsComponent_div_1_ion_item_9_Template_ion_checkbox_ngModelChange_3_listener
FNDA:1,(anonymous_3)
FNDA:5,SelectIngredientsComponent_div_1_Template
FNDA:0,SelectIngredientsComponent_div_1_Template_ion_checkbox_ngModelChange_8_listener
FNDA:0,SelectIngredientsComponent_div_1_Template_ion_checkbox_ngModelChange_8_listener
FNDA:0,SelectIngredientsComponent_div_1_Template_a_click_11_listener
FNDA:0,SelectIngredientsComponent_div_2_Template
FNDA:133,(anonymous_9)
FNDA:0,(anonymous_10)
FNDA:1,(anonymous_11)
FNDA:0,(anonymous_12)
FNDA:1,(anonymous_13)
FNDA:0,(anonymous_14)
FNDA:0,(anonymous_15)
FNDA:1,(anonymous_16)
FNDA:6,(anonymous_17)
FNDA:0,(anonymous_18)
FNDA:0,(anonymous_19)
FNDA:1,SelectIngredientsComponent_Factory
FNDA:5,SelectIngredientsComponent_Template
DA:13,30
DA:14,6
DA:15,6
DA:16,6
DA:17,6
DA:18,6
DA:19,6
DA:20,0
DA:21,0
DA:22,0
DA:23,0
DA:25,0
DA:26,0
DA:27,0
DA:28,0
DA:30,6
DA:32,30
DA:33,24
DA:34,24
DA:35,24
DA:36,24
DA:37,24
DA:38,24
DA:39,24
DA:42,133
DA:43,1
DA:48,5
DA:49,1
DA:50,1
DA:51,1
DA:52,1
DA:53,1
DA:54,1
DA:55,1
DA:56,1
DA:57,1
DA:58,1
DA:59,1
DA:60,0
DA:61,0
DA:62,0
DA:64,0
DA:65,0
DA:66,0
DA:68,1
DA:69,1
DA:70,1
DA:71,1
DA:72,1
DA:73,0
DA:74,0
DA:75,0
DA:77,1
DA:78,1
DA:79,1
DA:81,5
DA:82,4
DA:83,4
DA:84,4
DA:85,4
DA:86,4
DA:87,4
DA:88,4
DA:89,4
DA:90,4
DA:91,4
DA:92,4
DA:96,0
DA:97,0
DA:98,0
DA:99,0
DA:100,0
DA:102,0
DA:103,0
DA:104,0
DA:107,133
DA:110,0
DA:113,1
DA:114,1
DA:115,1
DA:116,1
DA:119,0
DA:120,0
DA:123,1
DA:124,1
DA:125,1
DA:126,1
DA:127,1
DA:128,1
DA:129,1
DA:132,0
DA:133,0
DA:139,0
DA:142,0
DA:143,0
DA:144,0
DA:145,0
DA:150,6
DA:151,1
DA:152,1
DA:153,6
DA:154,6
DA:156,1
DA:159,0
DA:160,0
DA:162,0
DA:164,0
DA:167,0
DA:168,0
DA:169,0
DA:170,0
DA:175,133
DA:176,1
DA:178,133
DA:192,5
DA:193,1
DA:194,1
DA:195,1
DA:196,1
DA:198,5
DA:199,4
DA:200,4
DA:201,4
DA:202,4
DA:208,133
LF:125
LH:82
BRDA:13,0,0,6
BRDA:13,0,1,24
BRDA:32,1,0,24
BRDA:32,1,1,6
BRDA:48,2,0,1
BRDA:48,2,1,4
BRDA:81,3,0,4
BRDA:81,3,1,1
BRDA:96,4,0,0
BRDA:96,4,1,0
BRDA:102,5,0,0
BRDA:102,5,1,0
BRDA:143,6,0,0
BRDA:143,6,1,0
BRDA:143,7,0,0
BRDA:143,7,1,0
BRDA:143,8,0,0
BRDA:143,8,1,0
BRDA:152,9,0,7
BRDA:152,9,1,0
BRDA:153,10,0,6
BRDA:153,10,1,0
BRDA:154,11,0,6
BRDA:154,11,1,0
BRDA:159,12,0,0
BRDA:159,12,1,0
BRDA:168,13,0,0
BRDA:168,13,1,0
BRDA:176,14,0,1
BRDA:176,14,1,1
BRDA:192,15,0,1
BRDA:192,15,1,4
BRDA:198,16,0,4
BRDA:198,16,1,1
BRDA:200,17,0,4
BRDA:200,17,1,4
BRDA:202,18,0,4
BRDA:202,18,1,4
BRF:38
BRH:21
end_of_record
TN:
SF:src/app/components/select-ingredients/select-ingredients.module.ts
FN:7,(anonymous_0)
FN:9,SelectIngredientsModule_Factory
FNF:2
FNH:2
FNDA:133,(anonymous_0)
FNDA:399,SelectIngredientsModule_Factory
DA:7,133
DA:9,133
DA:10,399
DA:12,133
DA:15,133
DA:18,133
LF:6
LH:6
BRDA:10,0,0,399
BRDA:10,0,1,399
BRF:2
BRH:2
end_of_record
TN:
SF:src/app/components/select-knownuser/select-knownuser.component.ts
FN:16,SelectKnownUserComponent_ion_list_1_ion_item_5_img_2_Template
FN:21,SelectKnownUserComponent_ion_list_1_ion_item_5_img_3_Template
FN:30,SelectKnownUserComponent_ion_list_1_ion_item_5_Template
FN:59,SelectKnownUserComponent_ion_list_1_Template
FN:63,SelectKnownUserComponent_ion_list_1_Template_ion_radio_group_ionChange_1_listener
FN:85,SelectKnownUserComponent_ion_list_2_ion_item_5_Template
FN:106,SelectKnownUserComponent_ion_list_2_Template
FN:110,SelectKnownUserComponent_ion_list_2_Template_ion_radio_group_ionChange_1_listener
FN:132,(anonymous_8)
FN:134,(anonymous_9)
FN:137,(anonymous_10)
FN:147,(anonymous_11)
FN:158,(anonymous_12)
FN:159,(anonymous_13)
FN:162,(anonymous_14)
FN:166,(anonymous_15)
FN:167,(anonymous_16)
FN:172,(anonymous_17)
FN:173,(anonymous_18)
FN:173,(anonymous_19)
FN:176,(anonymous_20)
FN:181,(anonymous_21)
FN:187,SelectKnownUserComponent_Factory
FN:202,SelectKnownUserComponent_Template
FNF:24
FNH:1
FNDA:0,SelectKnownUserComponent_ion_list_1_ion_item_5_img_2_Template
FNDA:0,SelectKnownUserComponent_ion_list_1_ion_item_5_img_3_Template
FNDA:0,SelectKnownUserComponent_ion_list_1_ion_item_5_Template
FNDA:0,SelectKnownUserComponent_ion_list_1_Template
FNDA:0,SelectKnownUserComponent_ion_list_1_Template_ion_radio_group_ionChange_1_listener
FNDA:0,SelectKnownUserComponent_ion_list_2_ion_item_5_Template
FNDA:0,SelectKnownUserComponent_ion_list_2_Template
FNDA:0,SelectKnownUserComponent_ion_list_2_Template_ion_radio_group_ionChange_1_listener
FNDA:133,(anonymous_8)
FNDA:0,(anonymous_9)
FNDA:0,(anonymous_10)
FNDA:0,(anonymous_11)
FNDA:0,(anonymous_12)
FNDA:0,(anonymous_13)
FNDA:0,(anonymous_14)
FNDA:0,(anonymous_15)
FNDA:0,(anonymous_16)
FNDA:0,(anonymous_17)
FNDA:0,(anonymous_18)
FNDA:0,(anonymous_19)
FNDA:0,(anonymous_20)
FNDA:0,(anonymous_21)
FNDA:0,SelectKnownUserComponent_Factory
FNDA:0,SelectKnownUserComponent_Template
DA:17,0
DA:18,0
DA:22,0
DA:23,0
DA:25,0
DA:26,0
DA:27,0
DA:31,0
DA:32,0
DA:33,0
DA:34,0
DA:35,0
DA:36,0
DA:37,0
DA:38,0
DA:39,0
DA:40,0
DA:41,0
DA:42,0
DA:43,0
DA:45,0
DA:46,0
DA:47,0
DA:48,0
DA:49,0
DA:50,0
DA:51,0
DA:52,0
DA:53,0
DA:54,0
DA:55,0
DA:56,0
DA:60,0
DA:61,0
DA:62,0
DA:63,0
DA:64,0
DA:65,0
DA:66,0
DA:68,0
DA:69,0
DA:70,0
DA:71,0
DA:72,0
DA:73,0
DA:75,0
DA:76,0
DA:77,0
DA:78,0
DA:79,0
DA:80,0
DA:81,0
DA:82,0
DA:86,0
DA:87,0
DA:88,0
DA:89,0
DA:90,0
DA:91,0
DA:92,0
DA:93,0
DA:94,0
DA:96,0
DA:97,0
DA:98,0
DA:99,0
DA:100,0
DA:101,0
DA:102,0
DA:103,0
DA:107,0
DA:108,0
DA:109,0
DA:110,0
DA:111,0
DA:112,0
DA:113,0
DA:115,0
DA:116,0
DA:117,0
DA:118,0
DA:119,0
DA:120,0
DA:122,0
DA:123,0
DA:124,0
DA:125,0
DA:126,0
DA:127,0
DA:128,0
DA:129,0
DA:132,133
DA:135,0
DA:138,0
DA:139,0
DA:140,0
DA:141,0
DA:143,0
DA:144,0
DA:148,0
DA:149,0
DA:150,0
DA:151,0
DA:152,0
DA:153,0
DA:154,0
DA:155,0
DA:156,0
DA:159,0
DA:160,0
DA:161,0
DA:162,0
DA:163,0
DA:167,0
DA:168,0
DA:171,0
DA:172,0
DA:173,0
DA:177,0
DA:178,0
DA:179,0
DA:182,0
DA:183,0
DA:184,0
DA:187,133
DA:188,0
DA:190,133
DA:203,0
DA:204,0
DA:205,0
DA:206,0
DA:207,0
DA:209,0
DA:210,0
DA:211,0
DA:212,0
DA:213,0
DA:218,133
LF:138
LH:4
BRDA:17,0,0,0
BRDA:17,0,1,0
BRDA:22,1,0,0
BRDA:22,1,1,0
BRDA:25,2,0,0
BRDA:25,2,1,0
BRDA:31,3,0,0
BRDA:31,3,1,0
BRDA:45,4,0,0
BRDA:45,4,1,0
BRDA:48,5,0,0
BRDA:48,5,1,0
BRDA:50,6,0,0
BRDA:50,6,1,0
BRDA:60,7,0,0
BRDA:60,7,1,0
BRDA:75,8,0,0
BRDA:75,8,1,0
BRDA:86,9,0,0
BRDA:86,9,1,0
BRDA:96,10,0,0
BRDA:96,10,1,0
BRDA:107,11,0,0
BRDA:107,11,1,0
BRDA:122,12,0,0
BRDA:122,12,1,0
BRDA:140,13,0,0
BRDA:140,13,1,0
BRDA:140,14,0,0
BRDA:140,14,1,0
BRDA:140,15,0,0
BRDA:140,15,1,0
BRDA:140,16,0,0
BRDA:140,16,1,0
BRDA:143,17,0,0
BRDA:143,17,1,0
BRDA:143,18,0,0
BRDA:143,18,1,0
BRDA:143,19,0,0
BRDA:143,19,1,0
BRDA:143,20,0,0
BRDA:143,20,1,0
BRDA:161,21,0,0
BRDA:161,21,1,0
BRDA:171,22,0,0
BRDA:171,22,1,0
BRDA:177,23,0,0
BRDA:177,23,1,0
BRDA:182,24,0,0
BRDA:182,24,1,0
BRDA:188,25,0,0
BRDA:188,25,1,0
BRDA:203,26,0,0
BRDA:203,26,1,0
BRDA:209,27,0,0
BRDA:209,27,1,0
BRF:56
BRH:0
end_of_record
TN:
SF:src/app/components/select-knownuser/select-knownuser.module.ts
FN:6,(anonymous_0)
FN:8,SelectKnownUserModule_Factory
FNF:2
FNH:2
FNDA:133,(anonymous_0)
FNDA:133,SelectKnownUserModule_Factory
DA:6,133
DA:8,133
DA:9,133
DA:11,133
DA:14,133
DA:17,133
LF:6
LH:6
BRDA:9,0,0,133
BRDA:9,0,1,133
BRF:2
BRH:2
end_of_record
TN:
SF:src/app/components/select-label/index.ts
FN:14,SelectLabelComponent_ion_item_1_Template
FN:18,SelectLabelComponent_ion_item_1_Template_ion_item_click_0_listener
FN:39,SelectLabelComponent_div_2_button_3_Template
FN:43,SelectLabelComponent_div_2_button_3_Template_button_click_0_listener
FN:65,(anonymous_4)
FN:70,SelectLabelComponent_div_2_button_4_Template
FN:83,SelectLabelComponent_div_2_Template
FN:87,SelectLabelComponent_div_2_Template_ion_searchbar_ionChange_1_listener
FN:106,(anonymous_8)
FN:108,(anonymous_9)
FN:111,(anonymous_10)
FN:115,(anonymous_11)
FN:127,(anonymous_12)
FN:128,(anonymous_13)
FN:137,(anonymous_14)
FN:139,(anonymous_15)
FN:141,(anonymous_16)
FN:147,SelectLabelComponent_Factory
FN:162,SelectLabelComponent_Template
FNF:19
FNH:13
FNDA:18,SelectLabelComponent_ion_item_1_Template
FNDA:0,SelectLabelComponent_ion_item_1_Template_ion_item_click_0_listener
FNDA:12,SelectLabelComponent_div_2_button_3_Template
FNDA:1,SelectLabelComponent_div_2_button_3_Template_button_click_0_listener
FNDA:0,(anonymous_4)
FNDA:0,SelectLabelComponent_div_2_button_4_Template
FNDA:10,SelectLabelComponent_div_2_Template
FNDA:0,SelectLabelComponent_div_2_Template_ion_searchbar_ionChange_1_listener
FNDA:133,(anonymous_8)
FNDA:69,(anonymous_9)
FNDA:3,(anonymous_10)
FNDA:1,(anonymous_11)
FNDA:1,(anonymous_12)
FNDA:1,(anonymous_13)
FNDA:0,(anonymous_14)
FNDA:0,(anonymous_15)
FNDA:1,(anonymous_16)
FNDA:1,SelectLabelComponent_Factory
FNDA:27,SelectLabelComponent_Template
DA:15,18
DA:16,1
DA:17,1
DA:18,1
DA:19,0
DA:20,0
DA:21,0
DA:23,1
DA:24,1
DA:25,1
DA:26,1
DA:27,1
DA:28,1
DA:29,1
DA:31,18
DA:32,17
DA:33,17
DA:34,17
DA:35,17
DA:36,17
DA:40,12
DA:41,4
DA:42,4
DA:43,4
DA:44,1
DA:45,1
DA:46,1
DA:47,1
DA:49,4
DA:50,4
DA:51,4
DA:52,4
DA:53,4
DA:54,4
DA:55,4
DA:57,12
DA:58,8
DA:59,8
DA:60,8
DA:61,8
DA:62,8
DA:65,133
DA:66,0
DA:71,0
DA:72,0
DA:73,0
DA:74,0
DA:75,0
DA:77,0
DA:78,0
DA:79,0
DA:80,0
DA:84,10
DA:85,1
DA:86,1
DA:87,1
DA:88,0
DA:89,0
DA:90,0
DA:92,1
DA:93,1
DA:94,1
DA:95,1
DA:96,1
DA:98,10
DA:99,9
DA:100,9
DA:101,9
DA:102,9
DA:103,9
DA:106,133
DA:109,69
DA:112,3
DA:113,3
DA:116,1
DA:117,1
DA:118,1
DA:119,1
DA:120,1
DA:121,1
DA:122,1
DA:123,1
DA:124,1
DA:125,1
DA:128,1
DA:129,1
DA:130,1
DA:131,1
DA:132,1
DA:133,1
DA:134,1
DA:138,0
DA:139,0
DA:142,1
DA:143,1
DA:144,1
DA:147,133
DA:148,1
DA:150,133
DA:163,27
DA:164,1
DA:165,1
DA:166,1
DA:167,1
DA:169,27
DA:170,26
DA:171,26
DA:172,26
DA:173,26
DA:178,133
LF:110
LH:92
BRDA:15,0,0,1
BRDA:15,0,1,17
BRDA:31,1,0,17
BRDA:31,1,1,1
BRDA:40,2,0,4
BRDA:40,2,1,8
BRDA:57,3,0,8
BRDA:57,3,1,4
BRDA:71,4,0,0
BRDA:71,4,1,0
BRDA:77,5,0,0
BRDA:77,5,1,0
BRDA:84,6,0,1
BRDA:84,6,1,9
BRDA:98,7,0,9
BRDA:98,7,1,1
BRDA:103,8,0,9
BRDA:103,8,1,7
BRDA:132,9,0,0
BRDA:132,9,1,1
BRDA:138,10,0,0
BRDA:138,10,1,0
BRDA:148,11,0,1
BRDA:148,11,1,1
BRDA:163,12,0,1
BRDA:163,12,1,26
BRDA:169,13,0,26
BRDA:169,13,1,1
BRF:28
BRH:21
end_of_record
TN:
SF:src/app/components/select-label/module.ts
FN:5,(anonymous_0)
FN:7,SelectLabelModule_Factory
FNF:2
FNH:2
FNDA:133,(anonymous_0)
FNDA:133,SelectLabelModule_Factory
DA:5,133
DA:7,133
DA:8,133
DA:10,133
DA:13,133
DA:16,133
LF:6
LH:6
BRDA:8,0,0,133
BRDA:8,0,1,133
BRF:2
BRH:2
end_of_record
TN:
SF:src/app/components/select-meal/select-meal.component.ts
FN:7,SelectMealComponent_ion_select_option_6_Template
FN:21,(anonymous_1)
FN:23,(anonymous_2)
FN:43,(anonymous_3)
FN:49,(anonymous_4)
FN:51,(anonymous_5)
FN:54,(anonymous_6)
FN:59,(anonymous_7)
FN:62,(anonymous_8)
FN:67,SelectMealComponent_Factory
FN:82,SelectMealComponent_Template
FN:89,SelectMealComponent_Template_ion_select_ngModelChange_5_listener
FN:91,SelectMealComponent_Template_ion_select_ngModelChange_5_listener
FNF:13
FNH:13
FNDA:3520,SelectMealComponent_ion_select_option_6_Template
FNDA:133,(anonymous_1)
FNDA:18,(anonymous_2)
FNDA:18,(anonymous_3)
FNDA:15,(anonymous_4)
FNDA:63,(anonymous_5)
FNDA:3,(anonymous_6)
FNDA:15,(anonymous_7)
FNDA:15,(anonymous_8)
FNDA:18,SelectMealComponent_Factory
FNDA:704,SelectMealComponent_Template
FNDA:12,SelectMealComponent_Template_ion_select_ngModelChange_5_listener
FNDA:12,SelectMealComponent_Template_ion_select_ngModelChange_5_listener
DA:8,3520
DA:9,90
DA:10,90
DA:11,90
DA:13,3520
DA:14,3430
DA:15,3430
DA:16,3430
DA:17,3430
DA:20,133
DA:21,133
DA:24,18
DA:25,18
DA:26,18
DA:43,18
DA:44,18
DA:45,15
DA:50,15
DA:51,63
DA:52,15
DA:53,3
DA:54,3
DA:55,3
DA:60,15
DA:63,15
DA:64,15
DA:67,133
DA:68,18
DA:70,133
DA:83,704
DA:84,18
DA:85,18
DA:86,18
DA:87,18
DA:88,18
DA:89,18
DA:90,12
DA:92,12
DA:94,18
DA:95,18
DA:97,704
DA:98,686
DA:99,686
DA:100,686
DA:101,686
DA:102,686
DA:103,686
DA:108,133
LF:48
LH:48
BRDA:8,0,0,90
BRDA:8,0,1,3430
BRDA:13,1,0,3430
BRDA:13,1,1,90
BRDA:44,2,0,15
BRDA:44,2,1,3
BRDA:52,3,0,3
BRDA:52,3,1,12
BRDA:68,4,0,18
BRDA:68,4,1,18
BRDA:83,5,0,18
BRDA:83,5,1,686
BRDA:97,6,0,686
BRDA:97,6,1,18
BRF:14
BRH:14
end_of_record
TN:
SF:src/app/components/select-meal/select-meal.module.ts
FN:6,(anonymous_0)
FN:8,SelectMealModule_Factory
FNF:2
FNH:2
FNDA:133,(anonymous_0)
FNDA:266,SelectMealModule_Factory
DA:6,133
DA:8,133
DA:9,266
DA:11,133
DA:14,133
DA:17,133
LF:6
LH:6
BRDA:9,0,0,266
BRDA:9,0,1,266
BRF:2
BRH:2
end_of_record
TN:
SF:src/app/components/select-recipe/select-recipe.component.ts
FN:14,SelectRecipeComponent_ion_item_1_ion_avatar_1_Template
FN:26,SelectRecipeComponent_ion_item_1_Template
FN:30,SelectRecipeComponent_ion_item_1_Template_ion_item_click_0_listener
FN:54,SelectRecipeComponent_div_2_button_4_ion_avatar_2_Template
FN:66,SelectRecipeComponent_div_2_button_4_Template
FN:70,SelectRecipeComponent_div_2_button_4_Template_button_click_0_listener
FN:96,(anonymous_6)
FN:101,SelectRecipeComponent_div_2_button_5_Template
FN:114,SelectRecipeComponent_div_2_button_6_Template
FN:127,SelectRecipeComponent_div_2_Template
FN:131,SelectRecipeComponent_div_2_Template_ion_searchbar_ionChange_1_listener
FN:153,(anonymous_11)
FN:155,(anonymous_12)
FN:158,(anonymous_13)
FN:162,(anonymous_14)
FN:174,(anonymous_15)
FN:175,(anonymous_16)
FN:186,(anonymous_17)
FN:194,(anonymous_18)
FN:198,(anonymous_19)
FN:199,(anonymous_20)
FN:207,SelectRecipeComponent_Factory
FN:222,SelectRecipeComponent_Template
FNF:23
FNH:22
FNDA:11,SelectRecipeComponent_ion_item_1_ion_avatar_1_Template
FNDA:151,SelectRecipeComponent_ion_item_1_Template
FNDA:1,SelectRecipeComponent_ion_item_1_Template_ion_item_click_0_listener
FNDA:97,SelectRecipeComponent_div_2_button_4_ion_avatar_2_Template
FNDA:225,SelectRecipeComponent_div_2_button_4_Template
FNDA:10,SelectRecipeComponent_div_2_button_4_Template_button_click_0_listener
FNDA:11,(anonymous_6)
FNDA:100,SelectRecipeComponent_div_2_button_5_Template
FNDA:0,SelectRecipeComponent_div_2_button_6_Template
FNDA:466,SelectRecipeComponent_div_2_Template
FNDA:11,SelectRecipeComponent_div_2_Template_ion_searchbar_ionChange_1_listener
FNDA:133,(anonymous_11)
FNDA:1600,(anonymous_12)
FNDA:41,(anonymous_13)
FNDA:19,(anonymous_14)
FNDA:11,(anonymous_15)
FNDA:11,(anonymous_16)
FNDA:11,(anonymous_17)
FNDA:11,(anonymous_18)
FNDA:10,(anonymous_19)
FNDA:10,(anonymous_20)
FNDA:19,SelectRecipeComponent_Factory
FNDA:606,SelectRecipeComponent_Template
DA:15,11
DA:16,2
DA:17,2
DA:18,2
DA:20,11
DA:21,9
DA:22,9
DA:23,9
DA:27,151
DA:28,12
DA:29,12
DA:30,12
DA:31,1
DA:32,1
DA:33,1
DA:35,12
DA:36,12
DA:37,12
DA:38,12
DA:39,12
DA:40,12
DA:41,12
DA:42,12
DA:44,151
DA:45,139
DA:46,139
DA:47,139
DA:48,139
DA:49,139
DA:50,139
DA:51,139
DA:55,97
DA:56,9
DA:57,9
DA:58,9
DA:60,97
DA:61,88
DA:62,88
DA:63,88
DA:67,225
DA:68,19
DA:69,19
DA:70,19
DA:71,10
DA:72,10
DA:73,10
DA:74,10
DA:76,19
DA:77,19
DA:78,19
DA:79,19
DA:80,19
DA:81,19
DA:82,19
DA:83,19
DA:84,19
DA:86,225
DA:87,206
DA:88,206
DA:89,206
DA:90,206
DA:91,206
DA:92,206
DA:93,206
DA:96,133
DA:97,11
DA:102,100
DA:103,11
DA:104,11
DA:105,11
DA:106,11
DA:108,100
DA:109,89
DA:110,89
DA:111,89
DA:115,0
DA:116,0
DA:117,0
DA:118,0
DA:119,0
DA:121,0
DA:122,0
DA:123,0
DA:124,0
DA:128,466
DA:129,18
DA:130,18
DA:131,18
DA:132,11
DA:133,11
DA:134,11
DA:136,18
DA:137,18
DA:138,18
DA:139,18
DA:140,18
DA:141,18
DA:143,466
DA:144,448
DA:145,448
DA:146,448
DA:147,448
DA:148,448
DA:149,448
DA:150,448
DA:153,133
DA:156,1600
DA:159,41
DA:160,41
DA:163,19
DA:164,19
DA:165,19
DA:166,19
DA:167,19
DA:168,19
DA:169,19
DA:170,19
DA:171,19
DA:172,19
DA:175,11
DA:176,11
DA:177,11
DA:180,11
DA:181,11
DA:182,11
DA:183,11
DA:187,11
DA:188,11
DA:189,11
DA:190,0
DA:192,11
DA:193,11
DA:194,11
DA:195,11
DA:199,10
DA:200,10
DA:201,10
DA:202,10
DA:203,10
DA:207,133
DA:208,19
DA:210,133
DA:223,606
DA:224,19
DA:225,19
DA:226,19
DA:227,19
DA:229,606
DA:230,587
DA:231,587
DA:232,587
DA:233,587
DA:238,133
LF:153
LH:143
BRDA:15,0,0,2
BRDA:15,0,1,9
BRDA:20,1,0,9
BRDA:20,1,1,2
BRDA:27,2,0,12
BRDA:27,2,1,139
BRDA:44,3,0,139
BRDA:44,3,1,12
BRDA:47,4,0,139
BRDA:47,4,1,139
BRDA:55,5,0,9
BRDA:55,5,1,88
BRDA:60,6,0,88
BRDA:60,6,1,9
BRDA:67,7,0,19
BRDA:67,7,1,206
BRDA:86,8,0,206
BRDA:86,8,1,19
BRDA:89,9,0,206
BRDA:89,9,1,206
BRDA:102,10,0,11
BRDA:102,10,1,89
BRDA:108,11,0,89
BRDA:108,11,1,11
BRDA:115,12,0,0
BRDA:115,12,1,0
BRDA:121,13,0,0
BRDA:121,13,1,0
BRDA:128,14,0,18
BRDA:128,14,1,448
BRDA:143,15,0,448
BRDA:143,15,1,18
BRDA:150,16,0,448
BRDA:150,16,1,318
BRDA:150,16,2,89
BRDA:182,17,0,0
BRDA:182,17,1,11
BRDA:189,18,0,0
BRDA:189,18,1,11
BRDA:192,19,0,0
BRDA:192,19,1,11
BRDA:202,20,0,0
BRDA:202,20,1,10
BRDA:208,21,0,19
BRDA:208,21,1,19
BRDA:223,22,0,19
BRDA:223,22,1,587
BRDA:229,23,0,587
BRDA:229,23,1,19
BRF:49
BRH:41
end_of_record
TN:
SF:src/app/components/select-recipe/select-recipe.module.ts
FN:5,(anonymous_0)
FN:7,SelectRecipeModule_Factory
FNF:2
FNH:2
FNDA:133,(anonymous_0)
FNDA:399,SelectRecipeModule_Factory
DA:5,133
DA:7,133
DA:8,399
DA:10,133
DA:13,133
DA:16,133
LF:6
LH:6
BRDA:8,0,0,399
BRDA:8,0,1,399
BRF:2
BRH:2
end_of_record
TN:
SF:src/app/components/select-user/select-user.component.ts
FN:14,SelectUserComponent_ion_item_1_ion_avatar_1_Template
FN:26,SelectUserComponent_ion_item_1_Template
FN:30,SelectUserComponent_ion_item_1_Template_ion_item_click_0_listener
FN:54,SelectUserComponent_div_2_button_5_ion_avatar_2_Template
FN:66,SelectUserComponent_div_2_button_5_Template
FN:70,SelectUserComponent_div_2_button_5_Template_button_click_0_listener
FN:96,(anonymous_6)
FN:101,SelectUserComponent_div_2_button_6_Template
FN:114,SelectUserComponent_div_2_button_7_Template
FN:127,SelectUserComponent_div_2_Template
FN:131,SelectUserComponent_div_2_Template_ion_searchbar_ionChange_1_listener
FN:157,(anonymous_11)
FN:159,(anonymous_12)
FN:162,(anonymous_13)
FN:166,(anonymous_14)
FN:169,(anonymous_15)
FN:173,(anonymous_16)
FN:184,(anonymous_17)
FN:192,(anonymous_18)
FN:192,(anonymous_19)
FN:197,(anonymous_20)
FN:198,(anonymous_21)
FN:204,(anonymous_22)
FN:205,(anonymous_23)
FN:215,(anonymous_24)
FN:222,(anonymous_25)
FN:225,(anonymous_26)
FN:232,SelectUserComponent_Factory
FN:248,SelectUserComponent_Template
FNF:29
FNH:24
FNDA:0,SelectUserComponent_ion_item_1_ion_avatar_1_Template
FNDA:191,SelectUserComponent_ion_item_1_Template
FNDA:0,SelectUserComponent_ion_item_1_Template_ion_item_click_0_listener
FNDA:0,SelectUserComponent_div_2_button_5_ion_avatar_2_Template
FNDA:89,SelectUserComponent_div_2_button_5_Template
FNDA:10,SelectUserComponent_div_2_button_5_Template_button_click_0_listener
FNDA:113,(anonymous_6)
FNDA:286,SelectUserComponent_div_2_button_6_Template
FNDA:2,SelectUserComponent_div_2_button_7_Template
FNDA:415,SelectUserComponent_div_2_Template
FNDA:112,SelectUserComponent_div_2_Template_ion_searchbar_ionChange_1_listener
FNDA:133,(anonymous_11)
FNDA:1710,(anonymous_12)
FNDA:15,(anonymous_13)
FNDA:836,(anonymous_14)
FNDA:112,(anonymous_15)
FNDA:11,(anonymous_16)
FNDA:112,(anonymous_17)
FNDA:11,(anonymous_18)
FNDA:11,(anonymous_19)
FNDA:11,(anonymous_20)
FNDA:11,(anonymous_21)
FNDA:0,(anonymous_22)
FNDA:2,(anonymous_23)
FNDA:10,(anonymous_24)
FNDA:10,(anonymous_25)
FNDA:0,(anonymous_26)
FNDA:11,SelectUserComponent_Factory
FNDA:596,SelectUserComponent_Template
DA:15,0
DA:16,0
DA:17,0
DA:18,0
DA:20,0
DA:21,0
DA:22,0
DA:23,0
DA:27,191
DA:28,10
DA:29,10
DA:30,10
DA:31,0
DA:32,0
DA:33,0
DA:35,10
DA:36,10
DA:37,10
DA:38,10
DA:39,10
DA:40,10
DA:41,10
DA:42,10
DA:44,191
DA:45,181
DA:46,181
DA:47,181
DA:48,181
DA:49,181
DA:50,181
DA:51,181
DA:55,0
DA:56,0
DA:57,0
DA:58,0
DA:60,0
DA:61,0
DA:62,0
DA:63,0
DA:67,89
DA:68,10
DA:69,10
DA:70,10
DA:71,10
DA:72,10
DA:73,10
DA:74,10
DA:76,10
DA:77,10
DA:78,10
DA:79,10
DA:80,10
DA:81,10
DA:82,10
DA:83,10
DA:84,10
DA:86,89
DA:87,79
DA:88,79
DA:89,79
DA:90,79
DA:91,79
DA:92,79
DA:93,79
DA:96,133
DA:97,113
DA:102,286
DA:103,11
DA:104,11
DA:105,11
DA:106,11
DA:108,286
DA:109,275
DA:110,275
DA:111,275
DA:115,2
DA:116,1
DA:117,1
DA:118,1
DA:119,1
DA:121,2
DA:122,1
DA:123,1
DA:124,1
DA:128,415
DA:129,11
DA:130,11
DA:131,11
DA:132,112
DA:133,112
DA:134,112
DA:136,11
DA:137,11
DA:138,11
DA:139,11
DA:140,11
DA:141,11
DA:142,11
DA:144,415
DA:145,404
DA:146,404
DA:147,404
DA:148,404
DA:149,404
DA:150,404
DA:151,404
DA:152,404
DA:153,404
DA:156,133
DA:157,133
DA:160,1710
DA:163,15
DA:164,15
DA:167,836
DA:170,112
DA:171,112
DA:174,11
DA:175,11
DA:176,11
DA:177,11
DA:178,11
DA:179,11
DA:180,11
DA:181,11
DA:182,11
DA:185,112
DA:186,112
DA:187,112
DA:188,101
DA:190,112
DA:191,112
DA:192,112
DA:193,11
DA:194,11
DA:198,11
DA:199,11
DA:200,11
DA:201,11
DA:202,11
DA:203,11
DA:207,11
DA:210,9
DA:212,11
DA:217,11
DA:218,11
DA:219,11
DA:223,10
DA:226,0
DA:227,0
DA:228,0
DA:229,0
DA:232,133
DA:233,11
DA:235,133
DA:249,596
DA:250,11
DA:251,11
DA:252,11
DA:253,11
DA:255,596
DA:256,585
DA:257,585
DA:258,585
DA:259,585
DA:264,133
LF:165
LH:142
BRDA:15,0,0,0
BRDA:15,0,1,0
BRDA:20,1,0,0
BRDA:20,1,1,0
BRDA:27,2,0,10
BRDA:27,2,1,181
BRDA:44,3,0,181
BRDA:44,3,1,10
BRDA:47,4,0,3
BRDA:47,4,1,178
BRDA:55,5,0,0
BRDA:55,5,1,0
BRDA:60,6,0,0
BRDA:60,6,1,0
BRDA:67,7,0,10
BRDA:67,7,1,79
BRDA:86,8,0,79
BRDA:86,8,1,10
BRDA:89,9,0,4
BRDA:89,9,1,75
BRDA:102,10,0,11
BRDA:102,10,1,275
BRDA:108,11,0,275
BRDA:108,11,1,11
BRDA:115,12,0,1
BRDA:115,12,1,1
BRDA:121,13,0,1
BRDA:121,13,1,1
BRDA:128,14,0,11
BRDA:128,14,1,404
BRDA:144,15,0,404
BRDA:144,15,1,11
BRDA:153,16,0,404
BRDA:153,16,1,325
BRDA:153,16,2,276
BRDA:187,17,0,101
BRDA:187,17,1,11
BRDA:190,18,0,0
BRDA:190,18,1,112
BRDA:190,19,0,112
BRDA:190,19,1,112
BRDA:199,20,0,11
BRDA:199,20,1,0
BRDA:202,21,0,0
BRDA:202,21,1,11
BRDA:207,22,0,9
BRDA:207,22,1,2
BRDA:207,23,0,11
BRDA:207,23,1,9
BRDA:217,24,0,1
BRDA:217,24,1,10
BRDA:217,25,0,11
BRDA:217,25,1,1
BRDA:233,26,0,11
BRDA:233,26,1,11
BRDA:249,27,0,11
BRDA:249,27,1,585
BRDA:255,28,0,585
BRDA:255,28,1,11
BRF:59
BRH:48
end_of_record
TN:
SF:src/app/components/select-user/select-user.module.ts
FN:6,(anonymous_0)
FN:8,SelectUserModule_Factory
FNF:2
FNH:2
FNDA:133,(anonymous_0)
FNDA:532,SelectUserModule_Factory
DA:6,133
DA:8,133
DA:9,532
DA:11,133
DA:14,133
DA:17,133
LF:6
LH:6
BRDA:9,0,0,532
BRDA:9,0,1,532
BRF:2
BRH:2
end_of_record
TN:
SF:src/app/components/select-user-knownuser/select-user-knownuser.component.ts
FN:6,SelectUserKnownUserComponent_select_knownuser_2_Template
FN:10,SelectUserKnownUserComponent_select_knownuser_2_Template_select_knownuser_selectedUserChange_0_listener
FN:22,(anonymous_2)
FN:24,(anonymous_3)
FN:27,(anonymous_4)
FN:37,(anonymous_5)
FN:42,SelectUserKnownUserComponent_Factory
FN:57,SelectUserKnownUserComponent_Template
FN:60,SelectUserKnownUserComponent_Template_select_user_selectedUserChange_1_listener
FN:62,SelectUserKnownUserComponent_Template_select_user_searchInputChange_1_listener
FNF:10
FNH:1
FNDA:0,SelectUserKnownUserComponent_select_knownuser_2_Template
FNDA:0,SelectUserKnownUserComponent_select_knownuser_2_Template_select_knownuser_selectedUserChange_0_listener
FNDA:133,(anonymous_2)
FNDA:0,(anonymous_3)
FNDA:0,(anonymous_4)
FNDA:0,(anonymous_5)
FNDA:0,SelectUserKnownUserComponent_Factory
FNDA:0,SelectUserKnownUserComponent_Template
FNDA:0,SelectUserKnownUserComponent_Template_select_user_selectedUserChange_1_listener
FNDA:0,SelectUserKnownUserComponent_Template_select_user_searchInputChange_1_listener
DA:7,0
DA:8,0
DA:9,0
DA:10,0
DA:11,0
DA:12,0
DA:13,0
DA:15,0
DA:17,0
DA:18,0
DA:19,0
DA:22,133
DA:25,0
DA:28,0
DA:29,0
DA:30,0
DA:31,0
DA:33,0
DA:34,0
DA:38,0
DA:39,0
DA:42,133
DA:43,0
DA:45,133
DA:58,0
DA:59,0
DA:60,0
DA:61,0
DA:63,0
DA:65,0
DA:66,0
DA:67,0
DA:69,0
DA:70,0
DA:71,0
DA:72,0
DA:73,0
DA:78,133
LF:38
LH:4
BRDA:7,0,0,0
BRDA:7,0,1,0
BRDA:17,1,0,0
BRDA:17,1,1,0
BRDA:30,2,0,0
BRDA:30,2,1,0
BRDA:30,3,0,0
BRDA:30,3,1,0
BRDA:30,4,0,0
BRDA:30,4,1,0
BRDA:30,5,0,0
BRDA:30,5,1,0
BRDA:33,6,0,0
BRDA:33,6,1,0
BRDA:33,7,0,0
BRDA:33,7,1,0
BRDA:33,8,0,0
BRDA:33,8,1,0
BRDA:33,9,0,0
BRDA:33,9,1,0
BRDA:43,10,0,0
BRDA:43,10,1,0
BRDA:58,11,0,0
BRDA:58,11,1,0
BRDA:63,12,0,0
BRDA:63,12,1,0
BRDA:69,13,0,0
BRDA:69,13,1,0
BRF:28
BRH:0
end_of_record
TN:
SF:src/app/components/select-user-knownuser/select-user-knownuser.module.ts
FN:8,(anonymous_0)
FN:10,SelectUserKnownUserModule_Factory
FNF:2
FNH:2
FNDA:133,(anonymous_0)
FNDA:133,SelectUserKnownUserModule_Factory
DA:8,133
DA:10,133
DA:11,133
DA:13,133
DA:16,133
DA:19,133
LF:6
LH:6
BRDA:11,0,0,133
BRDA:11,0,1,133
BRF:2
BRH:2
end_of_record
TN:
SF:src/app/components/shopping-list-group/shopping-list-group.component.ts
FN:7,ShoppingListGroupComponent_shopping_list_item_0_Template
FN:11,ShoppingListGroupComponent_shopping_list_item_0_Template_shopping_list_item_completeToggle_0_listener
FN:23,ShoppingListGroupComponent_div_1_ion_icon_10_Template
FN:28,ShoppingListGroupComponent_div_1_ion_icon_11_Template
FN:33,ShoppingListGroupComponent_div_1_ion_row_12_shopping_list_item_2_Template
FN:37,ShoppingListGroupComponent_div_1_ion_row_12_shopping_list_item_2_Template_shopping_list_item_completeToggle_0_listener
FN:51,ShoppingListGroupComponent_div_1_ion_row_12_Template
FN:63,ShoppingListGroupComponent_div_1_Template
FN:70,ShoppingListGroupComponent_div_1_Template_ion_checkbox_ngModelChange_7_listener
FN:74,ShoppingListGroupComponent_div_1_Template_ion_checkbox_ngModelChange_7_listener
FN:81,ShoppingListGroupComponent_div_1_Template_ion_button_click_9_listener
FN:106,(anonymous_11)
FN:108,(anonymous_12)
FN:114,ShoppingListGroupComponent_Factory
FN:134,ShoppingListGroupComponent_Template
FNF:15
FNH:12
FNDA:398,ShoppingListGroupComponent_shopping_list_item_0_Template
FNDA:2,ShoppingListGroupComponent_shopping_list_item_0_Template_shopping_list_item_completeToggle_0_listener
FNDA:20,ShoppingListGroupComponent_div_1_ion_icon_10_Template
FNDA:8,ShoppingListGroupComponent_div_1_ion_icon_11_Template
FNDA:40,ShoppingListGroupComponent_div_1_ion_row_12_shopping_list_item_2_Template
FNDA:0,ShoppingListGroupComponent_div_1_ion_row_12_shopping_list_item_2_Template_shopping_list_item_completeToggle_0_listener
FNDA:20,ShoppingListGroupComponent_div_1_ion_row_12_Template
FNDA:27,ShoppingListGroupComponent_div_1_Template
FNDA:0,ShoppingListGroupComponent_div_1_Template_ion_checkbox_ngModelChange_7_listener
FNDA:0,ShoppingListGroupComponent_div_1_Template_ion_checkbox_ngModelChange_7_listener
FNDA:1,ShoppingListGroupComponent_div_1_Template_ion_button_click_9_listener
FNDA:133,(anonymous_11)
FNDA:19,(anonymous_12)
FNDA:19,ShoppingListGroupComponent_Factory
FNDA:425,ShoppingListGroupComponent_Template
DA:8,398
DA:9,18
DA:10,18
DA:11,18
DA:12,2
DA:13,2
DA:14,2
DA:16,18
DA:18,398
DA:19,380
DA:20,380
DA:24,20
DA:25,1
DA:29,8
DA:30,1
DA:34,40
DA:35,2
DA:36,2
DA:37,2
DA:38,0
DA:39,0
DA:40,0
DA:41,0
DA:43,2
DA:45,40
DA:46,38
DA:47,38
DA:48,38
DA:52,20
DA:53,1
DA:54,1
DA:55,1
DA:57,20
DA:58,19
DA:59,19
DA:60,19
DA:64,27
DA:65,1
DA:66,1
DA:67,1
DA:68,1
DA:69,1
DA:70,1
DA:71,0
DA:72,0
DA:73,0
DA:75,0
DA:76,0
DA:77,0
DA:79,1
DA:80,1
DA:81,1
DA:82,1
DA:83,1
DA:84,1
DA:86,1
DA:87,1
DA:88,1
DA:89,1
DA:90,1
DA:92,27
DA:93,26
DA:94,26
DA:95,26
DA:96,26
DA:97,26
DA:98,26
DA:99,26
DA:100,26
DA:101,26
DA:102,26
DA:103,26
DA:106,133
DA:109,19
DA:110,19
DA:111,19
DA:114,133
DA:115,19
DA:117,133
DA:135,425
DA:136,19
DA:137,19
DA:139,425
DA:140,406
DA:141,406
DA:142,406
DA:148,133
LF:87
LH:77
BRDA:8,0,0,18
BRDA:8,0,1,380
BRDA:18,1,0,380
BRDA:18,1,1,18
BRDA:20,2,0,380
BRDA:20,2,1,380
BRDA:20,3,0,248
BRDA:20,3,1,132
BRDA:20,4,0,380
BRDA:20,4,1,0
BRDA:20,5,0,380
BRDA:20,5,1,0
BRDA:20,6,0,0
BRDA:20,6,1,0
BRDA:24,7,0,1
BRDA:24,7,1,19
BRDA:29,8,0,1
BRDA:29,8,1,7
BRDA:34,9,0,2
BRDA:34,9,1,38
BRDA:45,10,0,38
BRDA:45,10,1,2
BRDA:48,11,0,38
BRDA:48,11,1,38
BRDA:48,12,0,38
BRDA:48,12,1,0
BRDA:48,13,0,38
BRDA:48,13,1,0
BRDA:48,14,0,38
BRDA:48,14,1,0
BRDA:48,15,0,0
BRDA:48,15,1,0
BRDA:52,16,0,1
BRDA:52,16,1,19
BRDA:57,17,0,19
BRDA:57,17,1,1
BRDA:64,18,0,1
BRDA:64,18,1,26
BRDA:92,19,0,26
BRDA:92,19,1,1
BRDA:111,20,0,19
BRDA:111,20,1,0
BRDA:115,21,0,19
BRDA:115,21,1,19
BRDA:135,22,0,19
BRDA:135,22,1,406
BRDA:139,23,0,406
BRDA:139,23,1,19
BRF:48
BRH:38
end_of_record
TN:
SF:src/app/components/shopping-list-group/shopping-list-group.module.ts
FN:7,(anonymous_0)
FN:9,ShoppingListGroupModule_Factory
FNF:2
FNH:2
FNDA:133,(anonymous_0)
FNDA:133,ShoppingListGroupModule_Factory
DA:7,133
DA:9,133
DA:10,133
DA:12,133
DA:15,133
DA:18,133
LF:6
LH:6
BRDA:10,0,0,133
BRDA:10,0,1,133
BRF:2
BRH:2
end_of_record
TN:
SF:src/app/components/shopping-list-item/shopping-list-item.component.ts
FN:8,ShoppingListItemComponent_p_3_Template
FN:25,ShoppingListItemComponent_p_4_Template
FN:42,ShoppingListItemComponent_p_5_Template
FN:59,(anonymous_3)
FN:61,(anonymous_4)
FN:65,(anonymous_5)
FN:68,(anonymous_6)
FN:74,ShoppingListItemComponent_Factory
FN:93,ShoppingListItemComponent_Template
FN:102,ShoppingListItemComponent_Template_ion_checkbox_ionChange_6_listener
FNF:10
FNH:7
FNDA:138,ShoppingListItemComponent_p_3_Template
FNDA:0,ShoppingListItemComponent_p_4_Template
FNDA:0,ShoppingListItemComponent_p_5_Template
FNDA:133,(anonymous_3)
FNDA:21,(anonymous_4)
FNDA:2,(anonymous_5)
FNDA:0,(anonymous_6)
FNDA:21,ShoppingListItemComponent_Factory
FNDA:460,ShoppingListItemComponent_Template
FNDA:2,ShoppingListItemComponent_Template_ion_checkbox_ionChange_6_listener
DA:9,138
DA:10,6
DA:11,6
DA:12,6
DA:13,6
DA:14,6
DA:15,6
DA:17,138
DA:18,132
DA:19,132
DA:20,132
DA:21,132
DA:22,132
DA:26,0
DA:27,0
DA:28,0
DA:29,0
DA:30,0
DA:31,0
DA:32,0
DA:34,0
DA:35,0
DA:36,0
DA:37,0
DA:38,0
DA:39,0
DA:43,0
DA:44,0
DA:45,0
DA:46,0
DA:47,0
DA:48,0
DA:49,0
DA:51,0
DA:52,0
DA:53,0
DA:54,0
DA:55,0
DA:56,0
DA:59,133
DA:62,21
DA:63,21
DA:66,2
DA:69,0
DA:74,133
DA:75,21
DA:77,133
DA:94,460
DA:95,21
DA:96,21
DA:97,21
DA:98,21
DA:99,21
DA:100,21
DA:101,21
DA:102,21
DA:103,2
DA:105,21
DA:107,460
DA:108,439
DA:109,439
DA:110,439
DA:111,439
DA:112,439
DA:113,439
DA:114,439
DA:115,439
DA:116,439
DA:117,439
DA:123,133
LF:70
LH:43
BRDA:9,0,0,6
BRDA:9,0,1,132
BRDA:17,1,0,132
BRDA:17,1,1,6
BRDA:26,2,0,0
BRDA:26,2,1,0
BRDA:34,3,0,0
BRDA:34,3,1,0
BRDA:43,4,0,0
BRDA:43,4,1,0
BRDA:51,5,0,0
BRDA:51,5,1,0
BRDA:75,6,0,21
BRDA:75,6,1,21
BRDA:94,7,0,21
BRDA:94,7,1,439
BRDA:107,8,0,439
BRDA:107,8,1,21
BRF:18
BRH:10
end_of_record
TN:
SF:src/app/components/shopping-list-item/shopping-list-item.module.ts
FN:6,(anonymous_0)
FN:8,ShoppingListItemModule_Factory
FNF:2
FNH:2
FNDA:133,(anonymous_0)
FNDA:133,ShoppingListItemModule_Factory
DA:6,133
DA:8,133
DA:9,133
DA:11,133
DA:14,133
DA:17,133
LF:6
LH:6
BRDA:9,0,0,133
BRDA:9,0,1,133
BRF:2
BRH:2
end_of_record
TN:
SF:src/app/components/social-links/social-links.component.ts
FN:3,(anonymous_0)
FN:5,(anonymous_1)
FN:7,SocialLinksComponent_Factory
FN:16,SocialLinksComponent_Template
FNF:4
FNH:4
FNDA:133,(anonymous_0)
FNDA:10,(anonymous_1)
FNDA:10,SocialLinksComponent_Factory
FNDA:148,SocialLinksComponent_Template
DA:3,133
DA:7,133
DA:8,10
DA:10,133
DA:17,148
DA:18,10
DA:19,10
DA:20,10
DA:21,10
DA:22,10
[...]
BRDA:126,14,0,0
BRDA:126,14,1,67
BRDA:126,15,0,67
BRDA:126,15,1,67
BRDA:131,16,0,0
BRDA:131,16,1,66
BRDA:143,17,0,133
BRDA:143,17,1,133
BRF:38
BRH:26
end_of_record
TN:
SF:src/app/services/offline-cache.service.ts
FN:11,(anonymous_0)
FN:13,(anonymous_1)
FN:22,(anonymous_2)
FN:25,(anonymous_3)
FN:28,(anonymous_4)
FN:33,(anonymous_5)
FN:34,(anonymous_6)
FN:39,(anonymous_7)
FN:40,(anonymous_8)
FN:41,(anonymous_9)
FN:44,(anonymous_10)
FN:45,(anonymous_11)
FN:53,(anonymous_12)
FN:54,(anonymous_13)
FN:58,(anonymous_14)
FN:59,(anonymous_15)
FN:66,(anonymous_16)
FN:67,(anonymous_17)
FN:75,(anonymous_18)
FN:85,(anonymous_19)
FN:91,OfflineCacheService_Factory
FNF:21
FNH:3
FNDA:133,(anonymous_0)
FNDA:133,(anonymous_1)
FNDA:0,(anonymous_2)
FNDA:0,(anonymous_3)
FNDA:0,(anonymous_4)
FNDA:0,(anonymous_5)
FNDA:0,(anonymous_6)
FNDA:0,(anonymous_7)
FNDA:0,(anonymous_8)
FNDA:0,(anonymous_9)
FNDA:0,(anonymous_10)
FNDA:0,(anonymous_11)
FNDA:0,(anonymous_12)
FNDA:0,(anonymous_13)
FNDA:0,(anonymous_14)
FNDA:0,(anonymous_15)
FNDA:0,(anonymous_16)
FNDA:0,(anonymous_17)
FNDA:0,(anonymous_18)
FNDA:0,(anonymous_19)
FNDA:133,OfflineCacheService_Factory
DA:11,133
DA:14,133
DA:15,133
DA:16,133
DA:17,133
DA:18,133
DA:19,133
DA:20,133
DA:21,133
DA:22,0
DA:23,0
DA:25,0
DA:26,0
DA:28,0
DA:29,0
DA:34,0
DA:35,0
DA:36,0
DA:40,0
DA:41,0
DA:45,0
DA:46,0
DA:47,0
DA:48,0
DA:49,0
DA:54,0
DA:55,0
DA:59,0
DA:60,0
DA:61,0
DA:62,0
DA:67,0
DA:68,0
DA:74,0
DA:75,0
DA:76,0
DA:77,0
DA:78,0
DA:79,0
DA:85,0
DA:86,0
DA:91,133
DA:92,133
DA:94,133
DA:99,133
LF:45
LH:13
BRDA:21,0,0,0
BRDA:21,0,1,133
BRDA:21,1,0,133
BRDA:21,1,1,133
BRDA:74,2,0,0
BRDA:74,2,1,0
BRDA:92,3,0,133
BRDA:92,3,1,133
BRF:8
BRH:5
end_of_record
TN:
SF:src/app/services/payments.service.ts
FN:8,(anonymous_0)
FN:10,(anonymous_1)
FN:14,(anonymous_2)
FN:18,(anonymous_3)
FN:21,(anonymous_4)
FN:24,(anonymous_5)
FN:25,(anonymous_6)
FN:28,(anonymous_7)
FN:34,PaymentsService_Factory
FNF:9
FNH:5
FNDA:133,(anonymous_0)
FNDA:6,(anonymous_1)
FNDA:4,(anonymous_2)
FNDA:4,(anonymous_3)
FNDA:0,(anonymous_4)
FNDA:0,(anonymous_5)
FNDA:0,(anonymous_6)
FNDA:0,(anonymous_7)
FNDA:6,PaymentsService_Factory
DA:8,133
DA:11,6
DA:12,6
DA:13,6
DA:14,6
DA:15,6
DA:16,6
DA:19,4
DA:22,0
DA:25,0
DA:26,0
DA:29,0
DA:34,133
DA:35,6
DA:37,133
DA:42,133
LF:16
LH:12
BRDA:35,0,0,6
BRDA:35,0,1,6
BRF:2
BRH:2
end_of_record
TN:
SF:src/app/services/preferences.service.ts
FN:3,(anonymous_0)
FN:4,(anonymous_1)
FN:12,(anonymous_2)
FN:13,(anonymous_3)
FN:20,(anonymous_4)
FN:21,(anonymous_5)
FN:34,(anonymous_6)
FN:35,(anonymous_7)
FN:40,(anonymous_8)
FN:41,(anonymous_9)
FN:46,(anonymous_10)
FN:47,(anonymous_11)
FN:54,(anonymous_12)
FN:55,(anonymous_13)
FN:66,(anonymous_14)
FN:68,(anonymous_15)
FN:100,(anonymous_16)
FN:106,(anonymous_17)
FN:113,(anonymous_18)
FN:120,PreferencesService_Factory
FNF:20
FNH:19
FNDA:133,(anonymous_0)
FNDA:133,(anonymous_1)
FNDA:133,(anonymous_2)
FNDA:133,(anonymous_3)
FNDA:133,(anonymous_4)
FNDA:133,(anonymous_5)
FNDA:133,(anonymous_6)
FNDA:133,(anonymous_7)
FNDA:133,(anonymous_8)
FNDA:133,(anonymous_9)
FNDA:133,(anonymous_10)
FNDA:133,(anonymous_11)
FNDA:133,(anonymous_12)
FNDA:133,(anonymous_13)
FNDA:133,(anonymous_14)
FNDA:133,(anonymous_15)
FNDA:138,(anonymous_16)
FNDA:133,(anonymous_17)
FNDA:0,(anonymous_18)
FNDA:133,PreferencesService_Factory
DA:2,133
DA:3,133
DA:4,133
DA:5,133
DA:6,133
DA:7,133
DA:9,133
DA:12,133
DA:13,133
DA:14,133
DA:15,133
DA:16,133
DA:18,133
DA:20,133
DA:21,133
DA:22,133
DA:23,133
DA:24,133
DA:25,133
DA:26,133
DA:27,133
DA:28,133
DA:29,133
DA:30,133
DA:32,133
DA:34,133
DA:35,133
DA:36,133
DA:38,133
DA:40,133
DA:41,133
DA:42,133
DA:44,133
DA:46,133
DA:47,133
DA:48,133
DA:49,133
DA:50,133
DA:52,133
DA:54,133
DA:55,133
DA:56,133
DA:57,133
DA:58,133
DA:59,133
DA:60,133
DA:61,133
DA:62,133
DA:64,133
DA:66,133
DA:70,133
DA:97,133
DA:98,133
DA:101,138
DA:102,138
DA:103,138
DA:107,133
DA:108,133
DA:109,133
DA:110,133
DA:114,0
DA:115,0
DA:116,0
DA:120,133
DA:121,133
DA:123,133
DA:128,133
LF:67
LH:64
BRDA:8,0,0,133
BRDA:8,0,1,133
BRDA:17,1,0,133
BRDA:17,1,1,133
BRDA:31,2,0,133
BRDA:31,2,1,133
BRDA:37,3,0,133
BRDA:37,3,1,133
BRDA:43,4,0,133
BRDA:43,4,1,133
BRDA:51,5,0,133
BRDA:51,5,1,133
BRDA:63,6,0,133
BRDA:63,6,1,133
BRDA:81,7,0,0
BRDA:81,7,1,133
BRDA:109,8,0,133
BRDA:109,8,1,127
BRDA:121,9,0,133
BRDA:121,9,1,133
BRF:20
BRH:19
end_of_record
TN:
SF:src/app/services/quick-tutorial.service.ts
FN:9,(anonymous_0)
FN:10,(anonymous_1)
FN:42,(anonymous_2)
FN:44,(anonymous_3)
FN:48,(anonymous_4)
FN:57,(anonymous_5)
FN:63,(anonymous_6)
FN:68,(anonymous_7)
FN:69,(anonymous_8)
FN:88,QuickTutorialService_Factory
FNF:10
FNH:10
FNDA:133,(anonymous_0)
FNDA:133,(anonymous_1)
FNDA:133,(anonymous_2)
FNDA:133,(anonymous_3)
FNDA:7,(anonymous_4)
FNDA:3,(anonymous_5)
FNDA:3,(anonymous_6)
FNDA:4,(anonymous_7)
FNDA:4,(anonymous_8)
FNDA:133,QuickTutorialService_Factory
DA:9,133
DA:10,133
DA:11,133
DA:12,133
DA:13,133
DA:14,133
DA:15,133
DA:17,133
DA:19,133
DA:41,133
DA:42,133
DA:45,133
DA:46,133
DA:49,7
DA:50,7
DA:51,7
DA:52,0
DA:54,0
DA:58,3
DA:59,3
DA:60,3
DA:64,3
DA:65,3
DA:66,3
DA:69,4
DA:70,4
DA:71,4
DA:72,4
DA:73,4
DA:74,4
DA:75,4
DA:76,4
DA:81,4
DA:82,3
DA:83,3
DA:88,133
DA:89,133
DA:91,133
DA:96,133
LF:39
LH:37
BRDA:16,0,0,133
BRDA:16,0,1,133
BRDA:51,1,0,7
BRDA:51,1,1,0
BRDA:71,2,0,4
BRDA:71,2,1,0
BRDA:89,3,0,133
BRDA:89,3,1,133
BRF:8
BRH:6
end_of_record
TN:
SF:src/app/services/recipe-completion-tracker.service.ts
FN:2,(anonymous_0)
FN:4,(anonymous_1)
FN:9,(anonymous_2)
FN:12,(anonymous_3)
FN:15,(anonymous_4)
FN:20,(anonymous_5)
FN:25,(anonymous_6)
FN:29,(anonymous_7)
FN:34,RecipeCompletionTrackerService_Factory
FNF:9
FNH:6
FNDA:133,(anonymous_0)
FNDA:9,(anonymous_1)
FNDA:0,(anonymous_2)
FNDA:10,(anonymous_3)
FNDA:0,(anonymous_4)
FNDA:0,(anonymous_5)
FNDA:887,(anonymous_6)
FNDA:104,(anonymous_7)
FNDA:9,RecipeCompletionTrackerService_Factory
DA:2,133
DA:5,9
DA:6,9
DA:7,9
DA:10,0
DA:13,10
DA:16,0
DA:17,0
DA:18,0
DA:21,0
DA:22,0
DA:23,0
DA:27,887
DA:31,104
DA:34,133
DA:35,9
DA:37,133
DA:42,133
LF:18
LH:11
BRDA:13,0,0,10
BRDA:13,0,1,10
BRDA:16,1,0,0
BRDA:16,1,1,0
BRDA:18,2,0,0
BRDA:18,2,1,0
BRDA:21,3,0,0
BRDA:21,3,1,0
BRDA:23,4,0,0
BRDA:23,4,1,0
BRDA:27,5,0,887
BRDA:27,5,1,887
BRDA:27,6,0,887
BRDA:27,6,1,0
BRDA:27,7,0,887
BRDA:27,7,1,887
BRDA:31,8,0,104
BRDA:31,8,1,104
BRDA:31,9,0,104
BRDA:31,9,1,0
BRDA:31,10,0,104
BRDA:31,10,1,104
BRDA:35,11,0,9
BRDA:35,11,1,9
BRF:24
BRH:14
end_of_record
TN:
SF:src/app/services/recipe.service.ts
FN:14,(anonymous_0)
FN:15,(anonymous_1)
FN:23,(anonymous_2)
FN:25,(anonymous_3)
FN:32,(anonymous_4)
FN:35,(anonymous_5)
FN:38,(anonymous_6)
FN:41,(anonymous_7)
FN:44,(anonymous_8)
FN:47,(anonymous_9)
FN:50,(anonymous_10)
FN:51,(anonymous_11)
FN:57,(anonymous_12)
FN:58,(anonymous_13)
FN:64,(anonymous_14)
FN:65,(anonymous_15)
FN:71,(anonymous_16)
FN:72,(anonymous_17)
FN:78,(anonymous_18)
FN:79,(anonymous_19)
FN:85,(anonymous_20)
FN:86,(anonymous_21)
FN:92,(anonymous_22)
FN:95,(anonymous_23)
FN:98,(anonymous_24)
FN:101,(anonymous_25)
FN:106,(anonymous_26)
FN:111,(anonymous_27)
FN:116,(anonymous_28)
FN:121,(anonymous_29)
FN:124,(anonymous_30)
FN:127,(anonymous_31)
FN:131,RecipeService_Factory
FNF:33
FNH:19
FNDA:133,(anonymous_0)
FNDA:133,(anonymous_1)
FNDA:133,(anonymous_2)
FNDA:164,(anonymous_3)
FNDA:0,(anonymous_4)
FNDA:119,(anonymous_5)
FNDA:115,(anonymous_6)
FNDA:11,(anonymous_7)
FNDA:24,(anonymous_8)
FNDA:0,(anonymous_9)
FNDA:9,(anonymous_10)
FNDA:9,(anonymous_11)
FNDA:0,(anonymous_12)
FNDA:0,(anonymous_13)
FNDA:1,(anonymous_14)
FNDA:1,(anonymous_15)
FNDA:0,(anonymous_16)
FNDA:0,(anonymous_17)
FNDA:7,(anonymous_18)
FNDA:7,(anonymous_19)
FNDA:0,(anonymous_20)
FNDA:0,(anonymous_21)
FNDA:4,(anonymous_22)
FNDA:0,(anonymous_23)
FNDA:0,(anonymous_24)
FNDA:0,(anonymous_25)
FNDA:0,(anonymous_26)
FNDA:0,(anonymous_27)
FNDA:0,(anonymous_28)
FNDA:25,(anonymous_29)
FNDA:2,(anonymous_30)
FNDA:1,(anonymous_31)
FNDA:164,RecipeService_Factory
DA:14,133
DA:15,133
DA:16,133
DA:17,133
DA:18,133
DA:19,133
DA:21,133
DA:23,133
DA:26,164
DA:27,164
DA:28,164
DA:29,164
DA:30,164
DA:33,0
DA:36,119
DA:39,115
DA:42,11
DA:45,24
DA:48,0
DA:51,9
DA:52,9
DA:53,9
DA:54,9
DA:58,0
DA:59,0
DA:60,0
DA:61,0
DA:65,1
DA:66,1
DA:67,1
DA:68,1
DA:72,0
DA:73,0
DA:74,0
DA:75,0
DA:79,7
DA:80,7
DA:81,0
DA:82,0
DA:86,0
DA:87,0
DA:88,0
DA:89,0
DA:93,4
DA:96,0
DA:99,0
DA:102,0
DA:103,0
DA:104,0
DA:107,0
DA:108,0
DA:109,0
DA:112,0
DA:113,0
DA:114,0
DA:117,0
DA:118,0
DA:119,0
DA:122,25
DA:125,2
DA:128,1
DA:131,133
DA:132,164
DA:134,133
DA:139,133
LF:65
LH:35
BRDA:20,0,0,133
BRDA:20,0,1,133
BRDA:132,1,0,164
BRDA:132,1,1,164
BRF:4
BRH:4
end_of_record
TN:
SF:src/app/services/shopping-list.service.ts
FN:8,(anonymous_0)
FN:10,(anonymous_1)
FN:15,(anonymous_2)
FN:18,(anonymous_3)
FN:21,(anonymous_4)
FN:24,(anonymous_5)
FN:27,(anonymous_6)
FN:30,(anonymous_7)
FN:33,(anonymous_8)
FN:36,(anonymous_9)
FN:40,ShoppingListService_Factory
FNF:11
FNH:10
FNDA:133,(anonymous_0)
FNDA:26,(anonymous_1)
FNDA:17,(anonymous_2)
FNDA:24,(anonymous_3)
FNDA:11,(anonymous_4)
FNDA:8,(anonymous_5)
FNDA:0,(anonymous_6)
FNDA:1,(anonymous_7)
FNDA:3,(anonymous_8)
FNDA:11,(anonymous_9)
FNDA:26,ShoppingListService_Factory
DA:8,133
DA:11,26
DA:12,26
DA:13,26
DA:16,17
DA:19,24
DA:22,11
DA:25,8
DA:28,0
DA:31,1
DA:34,3
DA:37,11
DA:40,133
DA:41,26
DA:43,133
DA:48,133
LF:16
LH:15
BRDA:41,0,0,26
BRDA:41,0,1,26
BRF:2
BRH:2
end_of_record
TN:
SF:src/app/services/unsaved-changes-guard.service.ts
FN:4,(anonymous_0)
FN:6,(anonymous_1)
FN:9,(anonymous_2)
FN:16,UnsavedChangesGuardService_Factory
FNF:4
FNH:4
FNDA:133,(anonymous_0)
FNDA:129,(anonymous_1)
FNDA:455,(anonymous_2)
FNDA:129,UnsavedChangesGuardService_Factory
DA:4,133
DA:7,129
DA:10,455
DA:11,2
DA:13,453
DA:16,133
DA:17,129
DA:19,133
DA:23,133
LF:9
LH:9
BRDA:10,0,0,2
BRDA:10,0,1,453
BRDA:17,1,0,129
BRDA:17,1,1,129
BRF:4
BRH:4
end_of_record
TN:
SF:src/app/services/unsaved-changes.service.ts
FN:7,(anonymous_0)
FN:9,(anonymous_1)
FN:14,(anonymous_2)
FN:20,(anonymous_3)
FN:27,(anonymous_4)
FN:30,(anonymous_5)
FN:33,(anonymous_6)
FN:37,UnsavedChangesService_Factory
FNF:8
FNH:8
FNDA:133,(anonymous_0)
FNDA:129,(anonymous_1)
FNDA:6910,(anonymous_2)
FNDA:6,(anonymous_3)
FNDA:194,(anonymous_4)
FNDA:455,(anonymous_5)
FNDA:474,(anonymous_6)
FNDA:129,UnsavedChangesService_Factory
DA:6,133
DA:7,133
DA:10,129
DA:11,129
DA:12,129
DA:14,129
DA:15,6910
DA:16,456
DA:20,129
DA:21,6
DA:22,0
DA:23,0
DA:28,194
DA:31,455
DA:34,474
DA:37,133
DA:38,129
DA:40,133
DA:45,133
LF:19
LH:17
BRDA:15,0,0,456
BRDA:15,0,1,6454
BRDA:21,1,0,6
BRDA:21,1,1,0
BRDA:22,2,0,0
BRDA:22,2,1,0
BRDA:38,3,0,129
BRDA:38,3,1,129
BRF:8
BRH:5
end_of_record
TN:
SF:src/app/services/user.service.ts
FN:8,(anonymous_0)
FN:10,(anonymous_1)
FN:15,(anonymous_2)
FN:18,(anonymous_3)
FN:21,(anonymous_4)
FN:24,(anonymous_5)
FN:27,(anonymous_6)
FN:30,(anonymous_7)
FN:33,(anonymous_8)
FN:36,(anonymous_9)
FN:39,(anonymous_10)
FN:42,(anonymous_11)
FN:45,(anonymous_12)
FN:48,(anonymous_13)
FN:51,(anonymous_14)
FN:54,(anonymous_15)
FN:57,(anonymous_16)
FN:60,(anonymous_17)
FN:63,(anonymous_18)
FN:66,(anonymous_19)
FN:69,(anonymous_20)
FN:72,(anonymous_21)
FN:75,(anonymous_22)
FN:78,(anonymous_23)
FN:82,UserService_Factory
FNF:25
FNH:20
FNDA:133,(anonymous_0)
FNDA:267,(anonymous_1)
FNDA:1,(anonymous_2)
FNDA:117,(anonymous_3)
FNDA:8,(anonymous_4)
FNDA:0,(anonymous_5)
FNDA:0,(anonymous_6)
FNDA:66,(anonymous_7)
FNDA:4,(anonymous_8)
FNDA:11,(anonymous_9)
FNDA:70,(anonymous_10)
FNDA:190,(anonymous_11)
FNDA:0,(anonymous_12)
FNDA:15,(anonymous_13)
FNDA:6,(anonymous_14)
FNDA:19,(anonymous_15)
FNDA:1,(anonymous_16)
FNDA:275,(anonymous_17)
FNDA:7,(anonymous_18)
FNDA:5,(anonymous_19)
FNDA:1,(anonymous_20)
FNDA:177,(anonymous_21)
FNDA:0,(anonymous_22)
FNDA:0,(anonymous_23)
FNDA:267,UserService_Factory
DA:8,133
DA:11,267
DA:12,267
DA:13,267
DA:16,1
DA:19,117
DA:22,8
DA:25,0
DA:28,0
DA:31,66
DA:34,4
DA:37,11
DA:40,70
DA:43,190
DA:46,0
DA:49,15
DA:52,6
DA:55,19
DA:58,1
DA:61,275
DA:64,7
DA:67,5
DA:70,1
DA:73,177
DA:76,0
DA:79,0
DA:82,133
DA:83,267
DA:85,133
DA:90,133
LF:30
LH:25
BRDA:83,0,0,267
BRDA:83,0,1,267
BRF:2
BRH:2
end_of_record
TN:
SF:src/app/services/util.service.ts
FN:7,(anonymous_0)
FN:8,(anonymous_1)
FN:21,(anonymous_2)
FN:222,(anonymous_3)
FN:224,(anonymous_4)
FN:227,(anonymous_5)
FN:228,(anonymous_6)
FN:229,(anonymous_7)
FN:243,(anonymous_8)
FN:248,(anonymous_9)
FN:251,(anonymous_10)
FN:254,(anonymous_11)
FN:257,(anonymous_12)
FN:260,(anonymous_13)
FN:264,(anonymous_14)
FN:271,(anonymous_15)
FN:275,(anonymous_16)
FN:275,(anonymous_17)
FN:279,(anonymous_18)
FN:333,(anonymous_19)
FN:336,(anonymous_20)
FN:343,UtilService_Factory
FNF:22
FNH:15
FNDA:133,(anonymous_0)
FNDA:133,(anonymous_1)
FNDA:1,(anonymous_2)
FNDA:133,(anonymous_3)
FNDA:133,(anonymous_4)
FNDA:133,(anonymous_5)
FNDA:133,(anonymous_6)
FNDA:133,(anonymous_7)
FNDA:133,(anonymous_8)
FNDA:9,(anonymous_9)
FNDA:0,(anonymous_10)
FNDA:6576,(anonymous_11)
FNDA:4893,(anonymous_12)
FNDA:1816,(anonymous_13)
FNDA:0,(anonymous_14)
FNDA:0,(anonymous_15)
FNDA:0,(anonymous_16)
FNDA:0,(anonymous_17)
FNDA:5025,(anonymous_18)
FNDA:0,(anonymous_19)
FNDA:0,(anonymous_20)
FNDA:133,UtilService_Factory
DA:7,133
DA:8,133
DA:9,133
DA:10,133
DA:12,133
DA:14,133
DA:17,1816
DA:18,1816
DA:19,1816
DA:20,1816
DA:21,1
DA:23,1816
DA:24,1816
DA:30,837
DA:36,1684
DA:42,134
DA:48,1674
DA:54,1
DA:60,139
DA:66,1676
DA:72,0
DA:78,0
DA:84,974
DA:90,1802
DA:96,850
DA:102,13
DA:108,841
DA:114,4
DA:120,846
DA:126,10
DA:132,870
DA:138,1
DA:144,19
DA:150,8
DA:156,972
DA:162,7
DA:168,1
DA:174,6
DA:180,1
DA:186,0
DA:192,1
DA:198,1
DA:204,852
DA:210,13
DA:217,133
DA:222,133
DA:225,133
DA:228,133
DA:229,133
DA:232,133
DA:233,133
DA:234,133
DA:236,133
DA:238,0
DA:240,0
DA:241,0
DA:244,133
DA:245,133
DA:246,133
DA:249,9
DA:252,0
DA:255,6576
DA:258,4893
DA:261,1816
DA:262,133
DA:265,0
DA:266,0
DA:267,0
DA:268,0
DA:269,0
DA:272,0
DA:275,0
DA:276,0
DA:277,0
DA:280,5025
DA:281,5025
DA:282,5025
DA:283,5025
DA:284,5025
DA:285,5025
DA:286,5025
DA:287,5025
DA:288,5025
DA:289,5025
DA:290,5025
DA:291,5025
DA:292,326
DA:293,326
DA:295,4699
DA:296,2020
DA:297,2020
DA:299,2679
DA:300,896
DA:305,1783
DA:306,0
DA:312,1783
DA:313,1782
DA:317,1
DA:318,1
DA:324,0
DA:334,0
DA:337,0
DA:338,0
DA:339,0
DA:340,0
DA:343,133
DA:344,133
DA:346,133
DA:351,133
LF:109
LH:86
BRDA:11,0,0,133
BRDA:11,0,1,133
BRDA:19,1,0,0
BRDA:19,1,1,1816
BRDA:19,2,0,1815
BRDA:19,2,1,1
BRDA:19,3,0,1816
BRDA:19,3,1,1816
BRDA:20,4,0,1
BRDA:20,4,1,1815
BRDA:20,5,0,1815
BRDA:20,5,1,1
BRDA:20,6,0,1816
BRDA:20,6,1,1816
BRDA:23,7,0,1
BRDA:23,7,1,1815
BRDA:236,8,0,133
BRDA:236,8,1,0
BRDA:238,9,0,0
BRDA:238,9,1,0
BRDA:240,10,0,0
BRDA:240,10,1,0
BRDA:244,11,0,0
BRDA:244,11,1,133
BRDA:246,12,0,133
BRDA:246,12,1,133
BRDA:246,12,2,0
BRDA:261,13,0,1683
BRDA:261,13,1,133
BRDA:266,14,0,0
BRDA:266,14,1,0
BRDA:266,15,0,0
BRDA:266,15,1,0
BRDA:266,16,0,0
BRDA:266,16,1,0
BRDA:267,17,0,0
BRDA:267,17,1,0
BRDA:267,18,0,0
BRDA:267,18,1,0
BRDA:267,19,0,0
BRDA:267,19,1,0
BRDA:268,20,0,0
BRDA:268,20,1,0
BRDA:268,21,0,0
BRDA:268,21,1,0
BRDA:268,22,0,0
BRDA:268,22,1,0
BRDA:280,23,0,5025
BRDA:280,23,1,1932
BRDA:291,24,0,326
BRDA:291,24,1,4699
BRDA:291,25,0,5025
BRDA:291,25,1,2495
BRDA:293,26,0,326
BRDA:293,26,1,0
BRDA:295,27,0,2020
BRDA:295,27,1,2679
BRDA:295,28,0,4699
BRDA:295,28,1,3803
BRDA:297,29,0,2020
BRDA:297,29,1,0
BRDA:299,30,0,896
BRDA:299,30,1,1783
BRDA:299,31,0,2679
BRDA:299,31,1,896
BRDA:305,32,0,0
BRDA:305,32,1,1783
BRDA:305,33,0,1783
BRDA:305,33,1,0
BRDA:312,34,0,1782
BRDA:312,34,1,1
BRDA:312,35,0,1783
BRDA:312,35,1,1783
BRDA:317,36,0,1
BRDA:317,36,1,0
BRDA:339,37,0,0
BRDA:339,37,1,0
BRDA:344,38,0,133
BRDA:344,38,1,133
BRF:79
BRH:46
end_of_record
TN:
SF:src/app/services/versioncheck.service.ts
FN:9,(anonymous_0)
FN:11,(anonymous_1)
FN:17,(anonymous_2)
FN:18,(anonymous_3)
FN:25,(anonymous_4)
FN:25,(anonymous_5)
FN:33,(anonymous_6)
FN:35,(anonymous_7)
FN:46,(anonymous_8)
FN:52,VersionCheckService_Factory
FNF:10
FNH:7
FNDA:133,(anonymous_0)
FNDA:133,(anonymous_1)
FNDA:133,(anonymous_2)
FNDA:133,(anonymous_3)
FNDA:133,(anonymous_4)
FNDA:133,(anonymous_5)
FNDA:0,(anonymous_6)
FNDA:0,(anonymous_7)
FNDA:0,(anonymous_8)
FNDA:133,VersionCheckService_Factory
DA:9,133
DA:12,133
DA:13,133
DA:14,133
DA:15,133
DA:18,133
DA:19,133
DA:20,133
DA:21,133
DA:22,133
DA:25,133
DA:26,133
DA:27,0
DA:34,0
DA:35,0
DA:36,0
DA:39,0
DA:44,0
DA:47,0
DA:52,133
DA:53,133
DA:55,133
DA:60,133
LF:23
LH:16
BRDA:20,0,0,0
BRDA:20,0,1,133
BRDA:26,1,0,0
BRDA:26,1,1,133
BRDA:26,2,0,133
BRDA:26,2,1,133
BRDA:26,2,2,133
BRDA:53,3,0,133
BRDA:53,3,1,133
BRF:9
BRH:7
end_of_record
TN:
SF:src/app/services/wakelock.service.ts
FN:3,(anonymous_0)
FN:5,(anonymous_1)
FN:9,(anonymous_2)
FN:10,(anonymous_3)
FN:12,(anonymous_4)
FN:13,(anonymous_5)
FN:15,(anonymous_6)
FN:24,(anonymous_7)
FN:29,(anonymous_8)
FN:30,(anonymous_9)
FN:34,(anonymous_10)
FN:44,(anonymous_11)
FN:45,(anonymous_12)
FN:55,(anonymous_13)
FN:61,WakeLockService_Factory
FNF:15
FNH:14
FNDA:133,(anonymous_0)
FNDA:9,(anonymous_1)
FNDA:1,(anonymous_2)
FNDA:0,(anonymous_3)
FNDA:10,(anonymous_4)
FNDA:10,(anonymous_5)
FNDA:3,(anonymous_6)
FNDA:3,(anonymous_7)
FNDA:10,(anonymous_8)
FNDA:10,(anonymous_9)
FNDA:3,(anonymous_10)
FNDA:3,(anonymous_11)
FNDA:3,(anonymous_12)
FNDA:1,(anonymous_13)
FNDA:9,WakeLockService_Factory
DA:3,133
DA:6,9
DA:7,9
DA:8,9
DA:9,9
DA:10,9
DA:13,10
DA:14,10
DA:16,3
DA:19,10
DA:20,10
DA:21,10
DA:25,3
DA:26,3
DA:27,3
DA:30,10
DA:31,10
DA:32,10
DA:33,10
DA:34,10
DA:35,3
DA:37,10
DA:39,0
DA:45,3
DA:46,3
DA:47,3
DA:48,3
DA:50,3
DA:51,3
DA:56,1
DA:57,0
DA:61,133
DA:62,9
DA:64,133
DA:69,133
LF:35
LH:33
BRDA:26,0,0,3
BRDA:26,0,1,0
BRDA:27,1,0,3
BRDA:27,1,1,0
BRDA:31,2,0,10
BRDA:31,2,1,0
BRDA:31,3,0,10
BRDA:31,3,1,10
BRDA:46,4,0,3
BRDA:46,4,1,0
BRDA:56,5,0,0
BRDA:56,5,1,1
BRDA:56,6,0,1
BRDA:56,6,1,0
BRDA:62,7,0,9
BRDA:62,7,1,9
BRF:16
BRH:10
end_of_record
TN:
SF:src/app/services/websocket.service.ts
FN:5,(anonymous_0)
FN:7,(anonymous_1)
FN:12,(anonymous_2)
FN:14,(anonymous_3)
FN:19,(anonymous_4)
FN:24,(anonymous_5)
FN:32,(anonymous_6)
FN:36,(anonymous_7)
FN:42,(anonymous_8)
FN:48,(anonymous_9)
FN:51,(anonymous_10)
FN:55,(anonymous_11)
FN:59,(anonymous_12)
FN:62,(anonymous_13)
FN:67,(anonymous_14)
FN:70,(anonymous_15)
FN:78,WebsocketService_Factory
FNF:17
FNH:11
FNDA:133,(anonymous_0)
FNDA:133,(anonymous_1)
FNDA:6,(anonymous_2)
FNDA:1,(anonymous_3)
FNDA:0,(anonymous_4)
FNDA:344,(anonymous_5)
FNDA:0,(anonymous_6)
FNDA:295,(anonymous_7)
FNDA:0,(anonymous_8)
FNDA:0,(anonymous_9)
FNDA:164,(anonymous_10)
FNDA:163,(anonymous_11)
FNDA:458,(anonymous_12)
FNDA:162,(anonymous_13)
FNDA:0,(anonymous_14)
FNDA:0,(anonymous_15)
FNDA:133,WebsocketService_Factory
DA:5,133
DA:8,133
DA:9,133
DA:10,133
DA:12,133
DA:13,6
DA:14,6
DA:15,5
DA:20,0
DA:21,0
DA:25,344
DA:26,344
DA:33,0
DA:37,295
DA:38,164
DA:39,164
DA:40,164
DA:41,164
DA:42,164
DA:43,0
DA:48,164
DA:49,0
DA:51,164
DA:52,164
DA:53,164
DA:55,164
DA:56,163
DA:60,458
DA:61,458
DA:62,293
DA:63,162
DA:64,162
DA:68,0
DA:71,0
DA:72,0
DA:73,0
DA:74,0
DA:78,133
DA:79,133
DA:81,133
DA:86,133
LF:41
LH:31
BRDA:20,0,0,0
BRDA:20,0,1,0
BRDA:25,1,0,211
BRDA:25,1,1,133
BRDA:37,2,0,131
BRDA:37,2,1,164
BRDA:39,3,0,0
BRDA:39,3,1,164
BRDA:40,4,0,164
BRDA:40,4,1,164
BRDA:52,5,0,0
BRDA:52,5,1,164
BRDA:61,6,0,165
BRDA:61,6,1,293
BRDA:72,7,0,0
BRDA:72,7,1,0
BRDA:79,8,0,133
BRDA:79,8,1,133
BRF:18
BRH:12
end_of_record
TN:
SF:src/app/utils/linkify.ts
FN:2,(anonymous_0)
FN:4,(anonymous_1)
FNF:2
FNH:1
FNDA:193,(anonymous_0)
FNDA:0,(anonymous_1)
DA:2,133
DA:3,193
DA:5,0
DA:6,0
DA:7,0
LF:5
LH:2
BRDA:5,0,0,0
BRDA:5,0,1,0
BRDA:6,1,0,0
BRDA:6,1,1,0
BRF:4
BRH:0
end_of_record
TN:
SF:src/app/utils/queryParams.ts
FN:4,(anonymous_0)
FN:6,(anonymous_1)
FN:6,(anonymous_2)
FN:8,(anonymous_3)
FNF:4
FNH:4
FNDA:61,(anonymous_0)
FNDA:61,(anonymous_1)
FNDA:61,(anonymous_2)
FNDA:61,(anonymous_3)
DA:4,133
DA:5,61
DA:6,61
DA:8,133
DA:9,61
LF:5
LH:5
BRDA:5,0,0,61
BRDA:5,0,1,61
BRF:2
BRH:2
end_of_record
TN:
SF:src/environments/environment.ts
FNF:0
FNH:0
DA:4,133
DA:7,133
DA:8,133
DA:9,133
DA:10,133
DA:11,133
DA:12,133
LF:7
LH:7
BRF:0
BRH:0
end_of_record
