{"/Users/luojiaxin/Desktop/RecipeSage/packages/backend/src/testutils.js": {"path":"/Users/luojiaxin/Desktop/RecipeSage/packages/backend/src/testutils.js","statementMap":{"0":{"start":{"line":2,"column":14},"end":{"line":2,"column":42}},"1":{"start":{"line":4,"column":12},"end":{"line":4,"column":14}},"2":{"start":{"line":5,"column":2},"end":{"line":5,"column":101}},"3":{"start":{"line":5,"column":15},"end":{"line":5,"column":16}},"4":{"start":{"line":5,"column":32},"end":{"line":5,"column":101}},"5":{"start":{"line":7,"column":2},"end":{"line":7,"column":22}},"6":{"start":{"line":9,"column":0},"end":{"line":9,"column":43}}},"fnMap":{"0":{"name":"randomString","decl":{"start":{"line":1,"column":9},"end":{"line":1,"column":21}},"loc":{"start":{"line":1,"column":27},"end":{"line":8,"column":1}},"line":1}},"branchMap":{},"s":{"0":4,"1":4,"2":4,"3":4,"4":80,"5":4,"6":2},"f":{"0":4},"b":{},"_coverageSchema":"1a1c01bbd47fc00a2c39e90264f33305004495a9","hash":"b6b3b5dcc09dc345954d0ea77a87924e5c4f5323"}
,"/Users/luojiaxin/Desktop/RecipeSage/packages/backend/src/config/sequelize-config.js": {"path":"/Users/luojiaxin/Desktop/RecipeSage/packages/backend/src/config/sequelize-config.js","statementMap":{"0":{"start":{"line":1,"column":15},"end":{"line":16,"column":1}},"1":{"start":{"line":18,"column":0},"end":{"line":24,"column":2}}},"fnMap":{},"branchMap":{"0":{"loc":{"start":{"line":10,"column":9},"end":{"line":13,"column":13}},"type":"cond-expr","locations":[{"start":{"line":10,"column":46},"end":{"line":13,"column":5}},{"start":{"line":13,"column":8},"end":{"line":13,"column":13}}],"line":10},"1":{"loc":{"start":{"line":15,"column":11},"end":{"line":15,"column":64}},"type":"binary-expr","locations":[{"start":{"line":15,"column":11},"end":{"line":15,"column":49}},{"start":{"line":15,"column":53},"end":{"line":15,"column":64}}],"line":15}},"s":{"0":2,"1":2},"f":{},"b":{"0":[0,2],"1":[2,0]},"_coverageSchema":"1a1c01bbd47fc00a2c39e90264f33305004495a9","hash":"d1edd4227a9af5d921abc6ddc69e154a61b6a9ef"}
,"/Users/luojiaxin/Desktop/RecipeSage/packages/backend/src/models/fcmtoken.js": {"path":"/Users/luojiaxin/Desktop/RecipeSage/packages/backend/src/models/fcmtoken.js","statementMap":{"0":{"start":{"line":2,"column":0},"end":{"line":25,"column":2}},"1":{"start":{"line":3,"column":19},"end":{"line":14,"column":8}},"2":{"start":{"line":15,"column":2},"end":{"line":23,"column":4}},"3":{"start":{"line":16,"column":4},"end":{"line":22,"column":7}},"4":{"start":{"line":24,"column":2},"end":{"line":24,"column":18}}},"fnMap":{"0":{"name":"(anonymous_0)","decl":{"start":{"line":2,"column":17},"end":{"line":2,"column":18}},"loc":{"start":{"line":2,"column":43},"end":{"line":25,"column":1}},"line":2},"1":{"name":"(anonymous_1)","decl":{"start":{"line":15,"column":23},"end":{"line":15,"column":24}},"loc":{"start":{"line":15,"column":40},"end":{"line":23,"column":3}},"line":15}},"branchMap":{},"s":{"0":2,"1":2,"2":2,"3":2,"4":2},"f":{"0":2,"1":2},"b":{},"_coverageSchema":"1a1c01bbd47fc00a2c39e90264f33305004495a9","hash":"4b76e91199564fc989f41819de6e62171a78ef5d"}
,"/Users/luojiaxin/Desktop/RecipeSage/packages/backend/src/models/image.js": {"path":"/Users/luojiaxin/Desktop/RecipeSage/packages/backend/src/models/image.js","statementMap":{"0":{"start":{"line":2,"column":0},"end":{"line":63,"column":2}},"1":{"start":{"line":3,"column":16},"end":{"line":22,"column":8}},"2":{"start":{"line":23,"column":2},"end":{"line":61,"column":4}},"3":{"start":{"line":24,"column":4},"end":{"line":30,"column":7}},"4":{"start":{"line":32,"column":4},"end":{"line":37,"column":7}},"5":{"start":{"line":39,"column":4},"end":{"line":45,"column":7}},"6":{"start":{"line":47,"column":4},"end":{"line":52,"column":7}},"7":{"start":{"line":54,"column":4},"end":{"line":60,"column":7}},"8":{"start":{"line":62,"column":2},"end":{"line":62,"column":15}}},"fnMap":{"0":{"name":"(anonymous_0)","decl":{"start":{"line":2,"column":17},"end":{"line":2,"column":18}},"loc":{"start":{"line":2,"column":43},"end":{"line":63,"column":1}},"line":2},"1":{"name":"(anonymous_1)","decl":{"start":{"line":23,"column":20},"end":{"line":23,"column":21}},"loc":{"start":{"line":23,"column":37},"end":{"line":61,"column":3}},"line":23}},"branchMap":{},"s":{"0":2,"1":2,"2":2,"3":2,"4":2,"5":2,"6":2,"7":2,"8":2},"f":{"0":2,"1":2},"b":{},"_coverageSchema":"1a1c01bbd47fc00a2c39e90264f33305004495a9","hash":"22a4e7d0dca018c239b236d48147f91b7e5d4536"}
,"/Users/luojiaxin/Desktop/RecipeSage/packages/backend/src/models/index.js": {"path":"/Users/luojiaxin/Desktop/RecipeSage/packages/backend/src/models/index.js","statementMap":{"0":{"start":{"line":3,"column":11},"end":{"line":3,"column":24}},"1":{"start":{"line":4,"column":13},"end":{"line":4,"column":28}},"2":{"start":{"line":5,"column":33},"end":{"line":5,"column":53}},"3":{"start":{"line":6,"column":17},"end":{"line":6,"column":42}},"4":{"start":{"line":7,"column":13},"end":{"line":7,"column":75}},"5":{"start":{"line":8,"column":11},"end":{"line":8,"column":13}},"6":{"start":{"line":10,"column":18},"end":{"line":10,"column":90}},"7":{"start":{"line":12,"column":0},"end":{"line":12,"column":19}},"8":{"start":{"line":14,"column":0},"end":{"line":23,"column":5}},"9":{"start":{"line":17,"column":4},"end":{"line":17,"column":125}},"10":{"start":{"line":20,"column":18},"end":{"line":20,"column":75}},"11":{"start":{"line":21,"column":4},"end":{"line":21,"column":27}},"12":{"start":{"line":22,"column":4},"end":{"line":22,"column":35}},"13":{"start":{"line":25,"column":0},"end":{"line":29,"column":3}},"14":{"start":{"line":26,"column":2},"end":{"line":28,"column":3}},"15":{"start":{"line":27,"column":4},"end":{"line":27,"column":32}},"16":{"start":{"line":31,"column":20},"end":{"line":31,"column":44}},"17":{"start":{"line":33,"column":0},"end":{"line":39,"column":1}},"18":{"start":{"line":34,"column":2},"end":{"line":38,"column":5}},"19":{"start":{"line":35,"column":4},"end":{"line":35,"column":51}},"20":{"start":{"line":37,"column":4},"end":{"line":37,"column":63}},"21":{"start":{"line":41,"column":0},"end":{"line":41,"column":25}},"22":{"start":{"line":42,"column":0},"end":{"line":42,"column":25}},"23":{"start":{"line":44,"column":0},"end":{"line":44,"column":20}}},"fnMap":{"0":{"name":"(anonymous_0)","decl":{"start":{"line":16,"column":10},"end":{"line":16,"column":11}},"loc":{"start":{"line":16,"column":18},"end":{"line":18,"column":3}},"line":16},"1":{"name":"(anonymous_1)","decl":{"start":{"line":19,"column":11},"end":{"line":19,"column":12}},"loc":{"start":{"line":19,"column":19},"end":{"line":23,"column":3}},"line":19},"2":{"name":"(anonymous_2)","decl":{"start":{"line":25,"column":24},"end":{"line":25,"column":25}},"loc":{"start":{"line":25,"column":37},"end":{"line":29,"column":1}},"line":25},"3":{"name":"(anonymous_3)","decl":{"start":{"line":34,"column":19},"end":{"line":34,"column":20}},"loc":{"start":{"line":34,"column":25},"end":{"line":36,"column":3}},"line":34},"4":{"name":"(anonymous_4)","decl":{"start":{"line":36,"column":11},"end":{"line":36,"column":12}},"loc":{"start":{"line":36,"column":22},"end":{"line":38,"column":3}},"line":36}},"branchMap":{"0":{"loc":{"start":{"line":17,"column":11},"end":{"line":17,"column":124}},"type":"binary-expr","locations":[{"start":{"line":17,"column":12},"end":{"line":17,"column":35}},{"start":{"line":17,"column":41},"end":{"line":17,"column":58}},{"start":{"line":17,"column":64},"end":{"line":17,"column":88}},{"start":{"line":17,"column":94},"end":{"line":17,"column":123}}],"line":17},"1":{"loc":{"start":{"line":26,"column":2},"end":{"line":28,"column":3}},"type":"if","locations":[{"start":{"line":26,"column":2},"end":{"line":28,"column":3}},{"start":{},"end":{}}],"line":26},"2":{"loc":{"start":{"line":33,"column":0},"end":{"line":39,"column":1}},"type":"if","locations":[{"start":{"line":33,"column":0},"end":{"line":39,"column":1}},{"start":{},"end":{}}],"line":33}},"s":{"0":2,"1":2,"2":2,"3":2,"4":2,"5":2,"6":2,"7":2,"8":2,"9":46,"10":38,"11":38,"12":38,"13":2,"14":40,"15":38,"16":2,"17":2,"18":0,"19":0,"20":0,"21":2,"22":2,"23":2},"f":{"0":46,"1":38,"2":40,"3":0,"4":0},"b":{"0":[46,46,44,42],"1":[38,2],"2":[0,2]},"_coverageSchema":"1a1c01bbd47fc00a2c39e90264f33305004495a9","hash":"5af487b7f0f218622b009bc547be66da8c977328"}
,"/Users/luojiaxin/Desktop/RecipeSage/packages/backend/src/models/label.js": {"path":"/Users/luojiaxin/Desktop/RecipeSage/packages/backend/src/models/label.js","statementMap":{"0":{"start":{"line":2,"column":0},"end":{"line":37,"column":2}},"1":{"start":{"line":3,"column":16},"end":{"line":14,"column":8}},"2":{"start":{"line":15,"column":2},"end":{"line":35,"column":4}},"3":{"start":{"line":16,"column":4},"end":{"line":22,"column":7}},"4":{"start":{"line":24,"column":4},"end":{"line":29,"column":7}},"5":{"start":{"line":31,"column":4},"end":{"line":34,"column":7}},"6":{"start":{"line":36,"column":2},"end":{"line":36,"column":15}}},"fnMap":{"0":{"name":"(anonymous_0)","decl":{"start":{"line":2,"column":17},"end":{"line":2,"column":18}},"loc":{"start":{"line":2,"column":43},"end":{"line":37,"column":1}},"line":2},"1":{"name":"(anonymous_1)","decl":{"start":{"line":15,"column":20},"end":{"line":15,"column":21}},"loc":{"start":{"line":15,"column":37},"end":{"line":35,"column":3}},"line":15}},"branchMap":{},"s":{"0":2,"1":2,"2":2,"3":2,"4":2,"5":2,"6":2},"f":{"0":2,"1":2},"b":{},"_coverageSchema":"1a1c01bbd47fc00a2c39e90264f33305004495a9","hash":"8c28a6df20ec973b5b0245da55e4a2c85659dbb6"}
,"/Users/luojiaxin/Desktop/RecipeSage/packages/backend/src/models/mealPlan_collaborator.js": {"path":"/Users/luojiaxin/Desktop/RecipeSage/packages/backend/src/models/mealPlan_collaborator.js","statementMap":{"0":{"start":{"line":2,"column":0},"end":{"line":15,"column":2}},"1":{"start":{"line":3,"column":31},"end":{"line":12,"column":4}},"2":{"start":{"line":13,"column":2},"end":{"line":13,"column":50}},"3":{"start":{"line":14,"column":2},"end":{"line":14,"column":30}}},"fnMap":{"0":{"name":"(anonymous_0)","decl":{"start":{"line":2,"column":17},"end":{"line":2,"column":18}},"loc":{"start":{"line":2,"column":43},"end":{"line":15,"column":1}},"line":2},"1":{"name":"(anonymous_1)","decl":{"start":{"line":13,"column":35},"end":{"line":13,"column":36}},"loc":{"start":{"line":13,"column":47},"end":{"line":13,"column":49}},"line":13}},"branchMap":{},"s":{"0":2,"1":2,"2":2,"3":2},"f":{"0":2,"1":2},"b":{},"_coverageSchema":"1a1c01bbd47fc00a2c39e90264f33305004495a9","hash":"8a7bf1a6ca70475e652eb761f68d296a6cbb9215"}
,"/Users/luojiaxin/Desktop/RecipeSage/packages/backend/src/models/mealplan.js": {"path":"/Users/luojiaxin/Desktop/RecipeSage/packages/backend/src/models/mealplan.js","statementMap":{"0":{"start":{"line":2,"column":0},"end":{"line":38,"column":2}},"1":{"start":{"line":3,"column":19},"end":{"line":14,"column":8}},"2":{"start":{"line":15,"column":2},"end":{"line":36,"column":4}},"3":{"start":{"line":16,"column":4},"end":{"line":23,"column":7}},"4":{"start":{"line":25,"column":4},"end":{"line":30,"column":7}},"5":{"start":{"line":32,"column":4},"end":{"line":35,"column":7}},"6":{"start":{"line":37,"column":2},"end":{"line":37,"column":18}}},"fnMap":{"0":{"name":"(anonymous_0)","decl":{"start":{"line":2,"column":17},"end":{"line":2,"column":18}},"loc":{"start":{"line":2,"column":43},"end":{"line":38,"column":1}},"line":2},"1":{"name":"(anonymous_1)","decl":{"start":{"line":15,"column":23},"end":{"line":15,"column":24}},"loc":{"start":{"line":15,"column":40},"end":{"line":36,"column":3}},"line":15}},"branchMap":{},"s":{"0":2,"1":2,"2":2,"3":2,"4":2,"5":2,"6":2},"f":{"0":2,"1":2},"b":{},"_coverageSchema":"1a1c01bbd47fc00a2c39e90264f33305004495a9","hash":"fb7a0188d0815c50a788ba6041c29976de27f5f9"}
,"/Users/luojiaxin/Desktop/RecipeSage/packages/backend/src/models/mealplanitem.js": {"path":"/Users/luojiaxin/Desktop/RecipeSage/packages/backend/src/models/mealplanitem.js","statementMap":{"0":{"start":{"line":2,"column":0},"end":{"line":56,"column":2}},"1":{"start":{"line":3,"column":23},"end":{"line":23,"column":8}},"2":{"start":{"line":24,"column":2},"end":{"line":54,"column":4}},"3":{"start":{"line":25,"column":4},"end":{"line":32,"column":7}},"4":{"start":{"line":34,"column":4},"end":{"line":38,"column":7}},"5":{"start":{"line":40,"column":4},"end":{"line":47,"column":7}},"6":{"start":{"line":49,"column":4},"end":{"line":53,"column":7}},"7":{"start":{"line":55,"column":2},"end":{"line":55,"column":22}}},"fnMap":{"0":{"name":"(anonymous_0)","decl":{"start":{"line":2,"column":17},"end":{"line":2,"column":18}},"loc":{"start":{"line":2,"column":43},"end":{"line":56,"column":1}},"line":2},"1":{"name":"(anonymous_1)","decl":{"start":{"line":24,"column":27},"end":{"line":24,"column":28}},"loc":{"start":{"line":24,"column":44},"end":{"line":54,"column":3}},"line":24}},"branchMap":{},"s":{"0":2,"1":2,"2":2,"3":2,"4":2,"5":2,"6":2,"7":2},"f":{"0":2,"1":2},"b":{},"_coverageSchema":"1a1c01bbd47fc00a2c39e90264f33305004495a9","hash":"3ec08c7c8c2ef6cc10b7ab115d99a6dfa144a8f9"}
,"/Users/luojiaxin/Desktop/RecipeSage/packages/backend/src/models/message.js": {"path":"/Users/luojiaxin/Desktop/RecipeSage/packages/backend/src/models/message.js","statementMap":{"0":{"start":{"line":2,"column":0},"end":{"line":48,"column":2}},"1":{"start":{"line":3,"column":18},"end":{"line":15,"column":8}},"2":{"start":{"line":16,"column":2},"end":{"line":46,"column":4}},"3":{"start":{"line":17,"column":4},"end":{"line":24,"column":7}},"4":{"start":{"line":26,"column":4},"end":{"line":33,"column":7}},"5":{"start":{"line":35,"column":4},"end":{"line":39,"column":7}},"6":{"start":{"line":41,"column":4},"end":{"line":45,"column":7}},"7":{"start":{"line":47,"column":2},"end":{"line":47,"column":17}}},"fnMap":{"0":{"name":"(anonymous_0)","decl":{"start":{"line":2,"column":17},"end":{"line":2,"column":18}},"loc":{"start":{"line":2,"column":43},"end":{"line":48,"column":1}},"line":2},"1":{"name":"(anonymous_1)","decl":{"start":{"line":16,"column":22},"end":{"line":16,"column":23}},"loc":{"start":{"line":16,"column":39},"end":{"line":46,"column":3}},"line":16}},"branchMap":{},"s":{"0":2,"1":2,"2":2,"3":2,"4":2,"5":2,"6":2,"7":2},"f":{"0":2,"1":2},"b":{},"_coverageSchema":"1a1c01bbd47fc00a2c39e90264f33305004495a9","hash":"d57345e21c0e790a69ddf1f743add44bd1e36d22"}
,"/Users/luojiaxin/Desktop/RecipeSage/packages/backend/src/models/profileitem.js": {"path":"/Users/luojiaxin/Desktop/RecipeSage/packages/backend/src/models/profileitem.js","statementMap":{"0":{"start":{"line":2,"column":0},"end":{"line":56,"column":2}},"1":{"start":{"line":3,"column":22},"end":{"line":26,"column":8}},"2":{"start":{"line":27,"column":2},"end":{"line":54,"column":4}},"3":{"start":{"line":28,"column":4},"end":{"line":35,"column":7}},"4":{"start":{"line":37,"column":4},"end":{"line":44,"column":7}},"5":{"start":{"line":46,"column":4},"end":{"line":53,"column":7}},"6":{"start":{"line":55,"column":2},"end":{"line":55,"column":21}}},"fnMap":{"0":{"name":"(anonymous_0)","decl":{"start":{"line":2,"column":17},"end":{"line":2,"column":18}},"loc":{"start":{"line":2,"column":43},"end":{"line":56,"column":1}},"line":2},"1":{"name":"(anonymous_1)","decl":{"start":{"line":27,"column":26},"end":{"line":27,"column":27}},"loc":{"start":{"line":27,"column":43},"end":{"line":54,"column":3}},"line":27}},"branchMap":{},"s":{"0":2,"1":2,"2":2,"3":2,"4":2,"5":2,"6":2},"f":{"0":2,"1":2},"b":{},"_coverageSchema":"1a1c01bbd47fc00a2c39e90264f33305004495a9","hash":"5db5e3e4e28b694f51a81203de12b5f2f560d1d0"}
,"/Users/luojiaxin/Desktop/RecipeSage/packages/backend/src/models/recipe.js": {"path":"/Users/luojiaxin/Desktop/RecipeSage/packages/backend/src/models/recipe.js","statementMap":{"0":{"start":{"line":1,"column":11},"end":{"line":1,"column":31}},"1":{"start":{"line":2,"column":11},"end":{"line":2,"column":16}},"2":{"start":{"line":4,"column":0},"end":{"line":4,"column":13}},"3":{"start":{"line":6,"column":0},"end":{"line":142,"column":2}},"4":{"start":{"line":7,"column":17},"end":{"line":78,"column":4}},"5":{"start":{"line":79,"column":2},"end":{"line":130,"column":4}},"6":{"start":{"line":80,"column":4},"end":{"line":86,"column":7}},"7":{"start":{"line":88,"column":4},"end":{"line":92,"column":7}},"8":{"start":{"line":94,"column":4},"end":{"line":99,"column":7}},"9":{"start":{"line":101,"column":4},"end":{"line":106,"column":7}},"10":{"start":{"line":108,"column":4},"end":{"line":110,"column":7}},"11":{"start":{"line":112,"column":4},"end":{"line":114,"column":7}},"12":{"start":{"line":116,"column":4},"end":{"line":118,"column":7}},"13":{"start":{"line":120,"column":4},"end":{"line":122,"column":7}},"14":{"start":{"line":124,"column":4},"end":{"line":129,"column":7}},"15":{"start":{"line":132,"column":2},"end":{"line":139,"column":4}},"16":{"start":{"line":133,"column":4},"end":{"line":138,"column":7}},"17":{"start":{"line":134,"column":6},"end":{"line":136,"column":7}},"18":{"start":{"line":135,"column":8},"end":{"line":135,"column":28}},"19":{"start":{"line":141,"column":2},"end":{"line":141,"column":16}}},"fnMap":{"0":{"name":"(anonymous_0)","decl":{"start":{"line":6,"column":17},"end":{"line":6,"column":18}},"loc":{"start":{"line":6,"column":43},"end":{"line":142,"column":1}},"line":6},"1":{"name":"(anonymous_1)","decl":{"start":{"line":79,"column":21},"end":{"line":79,"column":22}},"loc":{"start":{"line":79,"column":38},"end":{"line":130,"column":3}},"line":79},"2":{"name":"(anonymous_2)","decl":{"start":{"line":132,"column":17},"end":{"line":132,"column":18}},"loc":{"start":{"line":132,"column":62},"end":{"line":139,"column":3}},"line":132},"3":{"name":"(anonymous_3)","decl":{"start":{"line":133,"column":59},"end":{"line":133,"column":60}},"loc":{"start":{"line":133,"column":69},"end":{"line":138,"column":5}},"line":133}},"branchMap":{"0":{"loc":{"start":{"line":134,"column":6},"end":{"line":136,"column":7}},"type":"if","locations":[{"start":{"line":134,"column":6},"end":{"line":136,"column":7}},{"start":{},"end":{}}],"line":134}},"s":{"0":2,"1":2,"2":2,"3":2,"4":2,"5":2,"6":2,"7":2,"8":2,"9":2,"10":2,"11":2,"12":2,"13":2,"14":2,"15":2,"16":1,"17":1,"18":1,"19":2},"f":{"0":2,"1":2,"2":1,"3":1},"b":{"0":[1,0]},"_coverageSchema":"1a1c01bbd47fc00a2c39e90264f33305004495a9","hash":"64376df2e278a4575a0fd237512c2b49029ce6b5"}
,"/Users/luojiaxin/Desktop/RecipeSage/packages/backend/src/models/recipe_image.js": {"path":"/Users/luojiaxin/Desktop/RecipeSage/packages/backend/src/models/recipe_image.js","statementMap":{"0":{"start":{"line":2,"column":0},"end":{"line":14,"column":2}},"1":{"start":{"line":3,"column":23},"end":{"line":11,"column":8}},"2":{"start":{"line":12,"column":2},"end":{"line":12,"column":41}},"3":{"start":{"line":13,"column":2},"end":{"line":13,"column":22}}},"fnMap":{"0":{"name":"(anonymous_0)","decl":{"start":{"line":2,"column":17},"end":{"line":2,"column":18}},"loc":{"start":{"line":2,"column":43},"end":{"line":14,"column":1}},"line":2},"1":{"name":"(anonymous_1)","decl":{"start":{"line":12,"column":27},"end":{"line":12,"column":28}},"loc":{"start":{"line":12,"column":38},"end":{"line":12,"column":40}},"line":12}},"branchMap":{},"s":{"0":2,"1":2,"2":2,"3":2},"f":{"0":2,"1":2},"b":{},"_coverageSchema":"1a1c01bbd47fc00a2c39e90264f33305004495a9","hash":"a3a46525b9973ac1b54ae3d61b4fe37de3e43e9f"}
,"/Users/luojiaxin/Desktop/RecipeSage/packages/backend/src/models/recipe_label.js": {"path":"/Users/luojiaxin/Desktop/RecipeSage/packages/backend/src/models/recipe_label.js","statementMap":{"0":{"start":{"line":2,"column":0},"end":{"line":15,"column":2}},"1":{"start":{"line":3,"column":22},"end":{"line":12,"column":4}},"2":{"start":{"line":13,"column":2},"end":{"line":13,"column":41}},"3":{"start":{"line":14,"column":2},"end":{"line":14,"column":21}}},"fnMap":{"0":{"name":"(anonymous_0)","decl":{"start":{"line":2,"column":17},"end":{"line":2,"column":18}},"loc":{"start":{"line":2,"column":43},"end":{"line":15,"column":1}},"line":2},"1":{"name":"(anonymous_1)","decl":{"start":{"line":13,"column":26},"end":{"line":13,"column":27}},"loc":{"start":{"line":13,"column":38},"end":{"line":13,"column":40}},"line":13}},"branchMap":{},"s":{"0":2,"1":2,"2":2,"3":2},"f":{"0":2,"1":2},"b":{},"_coverageSchema":"1a1c01bbd47fc00a2c39e90264f33305004495a9","hash":"a67ab622cce6240f86c92a99ed44c3d5f935478e"}
,"/Users/luojiaxin/Desktop/RecipeSage/packages/backend/src/models/session.js": {"path":"/Users/luojiaxin/Desktop/RecipeSage/packages/backend/src/models/session.js","statementMap":{"0":{"start":{"line":2,"column":0},"end":{"line":33,"column":2}},"1":{"start":{"line":3,"column":18},"end":{"line":22,"column":8}},"2":{"start":{"line":23,"column":2},"end":{"line":31,"column":4}},"3":{"start":{"line":24,"column":4},"end":{"line":30,"column":7}},"4":{"start":{"line":32,"column":2},"end":{"line":32,"column":17}}},"fnMap":{"0":{"name":"(anonymous_0)","decl":{"start":{"line":2,"column":17},"end":{"line":2,"column":18}},"loc":{"start":{"line":2,"column":43},"end":{"line":33,"column":1}},"line":2},"1":{"name":"(anonymous_1)","decl":{"start":{"line":23,"column":22},"end":{"line":23,"column":23}},"loc":{"start":{"line":23,"column":39},"end":{"line":31,"column":3}},"line":23}},"branchMap":{},"s":{"0":2,"1":2,"2":2,"3":2,"4":2},"f":{"0":2,"1":2},"b":{},"_coverageSchema":"1a1c01bbd47fc00a2c39e90264f33305004495a9","hash":"de997de54300f81959086883ecd61890622d24b7"}
,"/Users/luojiaxin/Desktop/RecipeSage/packages/backend/src/models/shoppingList_collaborator.js": {"path":"/Users/luojiaxin/Desktop/RecipeSage/packages/backend/src/models/shoppingList_collaborator.js","statementMap":{"0":{"start":{"line":2,"column":0},"end":{"line":15,"column":2}},"1":{"start":{"line":3,"column":35},"end":{"line":12,"column":4}},"2":{"start":{"line":13,"column":2},"end":{"line":13,"column":55}},"3":{"start":{"line":14,"column":2},"end":{"line":14,"column":34}}},"fnMap":{"0":{"name":"(anonymous_0)","decl":{"start":{"line":2,"column":17},"end":{"line":2,"column":18}},"loc":{"start":{"line":2,"column":43},"end":{"line":15,"column":1}},"line":2},"1":{"name":"(anonymous_1)","decl":{"start":{"line":13,"column":39},"end":{"line":13,"column":40}},"loc":{"start":{"line":13,"column":51},"end":{"line":13,"column":54}},"line":13}},"branchMap":{},"s":{"0":2,"1":2,"2":2,"3":2},"f":{"0":2,"1":2},"b":{},"_coverageSchema":"1a1c01bbd47fc00a2c39e90264f33305004495a9","hash":"5943cdb845a4c76f141745eee7bd5d4d7cf8d2f1"}
,"/Users/luojiaxin/Desktop/RecipeSage/packages/backend/src/models/shoppinglist.js": {"path":"/Users/luojiaxin/Desktop/RecipeSage/packages/backend/src/models/shoppinglist.js","statementMap":{"0":{"start":{"line":2,"column":0},"end":{"line":38,"column":2}},"1":{"start":{"line":3,"column":23},"end":{"line":14,"column":8}},"2":{"start":{"line":15,"column":2},"end":{"line":36,"column":4}},"3":{"start":{"line":16,"column":4},"end":{"line":23,"column":7}},"4":{"start":{"line":25,"column":4},"end":{"line":30,"column":7}},"5":{"start":{"line":32,"column":4},"end":{"line":35,"column":7}},"6":{"start":{"line":37,"column":2},"end":{"line":37,"column":22}}},"fnMap":{"0":{"name":"(anonymous_0)","decl":{"start":{"line":2,"column":17},"end":{"line":2,"column":18}},"loc":{"start":{"line":2,"column":43},"end":{"line":38,"column":1}},"line":2},"1":{"name":"(anonymous_1)","decl":{"start":{"line":15,"column":27},"end":{"line":15,"column":28}},"loc":{"start":{"line":15,"column":44},"end":{"line":36,"column":3}},"line":15}},"branchMap":{},"s":{"0":2,"1":2,"2":2,"3":2,"4":2,"5":2,"6":2},"f":{"0":2,"1":2},"b":{},"_coverageSchema":"1a1c01bbd47fc00a2c39e90264f33305004495a9","hash":"75b73f5efffbe7f6737e22bd622fb7d5a65cb241"}
,"/Users/luojiaxin/Desktop/RecipeSage/packages/backend/src/models/shoppinglistitem.js": {"path":"/Users/luojiaxin/Desktop/RecipeSage/packages/backend/src/models/shoppinglistitem.js","statementMap":{"0":{"start":{"line":2,"column":0},"end":{"line":52,"column":2}},"1":{"start":{"line":3,"column":27},"end":{"line":19,"column":8}},"2":{"start":{"line":20,"column":2},"end":{"line":50,"column":4}},"3":{"start":{"line":21,"column":4},"end":{"line":28,"column":7}},"4":{"start":{"line":30,"column":4},"end":{"line":37,"column":7}},"5":{"start":{"line":39,"column":4},"end":{"line":43,"column":7}},"6":{"start":{"line":45,"column":4},"end":{"line":49,"column":7}},"7":{"start":{"line":51,"column":2},"end":{"line":51,"column":26}}},"fnMap":{"0":{"name":"(anonymous_0)","decl":{"start":{"line":2,"column":17},"end":{"line":2,"column":18}},"loc":{"start":{"line":2,"column":43},"end":{"line":52,"column":1}},"line":2},"1":{"name":"(anonymous_1)","decl":{"start":{"line":20,"column":31},"end":{"line":20,"column":32}},"loc":{"start":{"line":20,"column":48},"end":{"line":50,"column":3}},"line":20}},"branchMap":{},"s":{"0":2,"1":2,"2":2,"3":2,"4":2,"5":2,"6":2,"7":2},"f":{"0":2,"1":2},"b":{},"_coverageSchema":"1a1c01bbd47fc00a2c39e90264f33305004495a9","hash":"4bbe6900e2ed36bba8616c3a4b07c1c909be25ec"}
,"/Users/luojiaxin/Desktop/RecipeSage/packages/backend/src/models/stripePayment.js": {"path":"/Users/luojiaxin/Desktop/RecipeSage/packages/backend/src/models/stripePayment.js","statementMap":{"0":{"start":{"line":2,"column":0},"end":{"line":44,"column":2}},"1":{"start":{"line":3,"column":24},"end":{"line":33,"column":8}},"2":{"start":{"line":34,"column":2},"end":{"line":42,"column":4}},"3":{"start":{"line":35,"column":4},"end":{"line":41,"column":7}},"4":{"start":{"line":43,"column":2},"end":{"line":43,"column":23}}},"fnMap":{"0":{"name":"(anonymous_0)","decl":{"start":{"line":2,"column":17},"end":{"line":2,"column":18}},"loc":{"start":{"line":2,"column":43},"end":{"line":44,"column":1}},"line":2},"1":{"name":"(anonymous_1)","decl":{"start":{"line":34,"column":28},"end":{"line":34,"column":29}},"loc":{"start":{"line":34,"column":45},"end":{"line":42,"column":3}},"line":34}},"branchMap":{},"s":{"0":2,"1":2,"2":2,"3":2,"4":2},"f":{"0":2,"1":2},"b":{},"_coverageSchema":"1a1c01bbd47fc00a2c39e90264f33305004495a9","hash":"d91f623a03db4736a413a29081f00152a623287f"}
,"/Users/luojiaxin/Desktop/RecipeSage/packages/backend/src/models/user.js": {"path":"/Users/luojiaxin/Desktop/RecipeSage/packages/backend/src/models/user.js","statementMap":{"0":{"start":{"line":1,"column":15},"end":{"line":1,"column":32}},"1":{"start":{"line":3,"column":0},"end":{"line":3,"column":15}},"2":{"start":{"line":5,"column":0},"end":{"line":141,"column":2}},"3":{"start":{"line":6,"column":31},"end":{"line":6,"column":32}},"4":{"start":{"line":8,"column":15},"end":{"line":48,"column":3}},"5":{"start":{"line":49,"column":2},"end":{"line":120,"column":4}},"6":{"start":{"line":50,"column":4},"end":{"line":52,"column":7}},"7":{"start":{"line":54,"column":4},"end":{"line":59,"column":7}},"8":{"start":{"line":61,"column":4},"end":{"line":64,"column":7}},"9":{"start":{"line":66,"column":4},"end":{"line":68,"column":7}},"10":{"start":{"line":70,"column":4},"end":{"line":72,"column":7}},"11":{"start":{"line":74,"column":4},"end":{"line":77,"column":7}},"12":{"start":{"line":79,"column":4},"end":{"line":82,"column":7}},"13":{"start":{"line":84,"column":4},"end":{"line":87,"column":7}},"14":{"start":{"line":89,"column":4},"end":{"line":94,"column":7}},"15":{"start":{"line":96,"column":4},"end":{"line":99,"column":7}},"16":{"start":{"line":101,"column":4},"end":{"line":104,"column":7}},"17":{"start":{"line":106,"column":4},"end":{"line":111,"column":7}},"18":{"start":{"line":113,"column":4},"end":{"line":115,"column":7}},"19":{"start":{"line":117,"column":4},"end":{"line":119,"column":7}},"20":{"start":{"line":122,"column":2},"end":{"line":138,"column":4}},"21":{"start":{"line":123,"column":4},"end":{"line":135,"column":5}},"22":{"start":{"line":126,"column":8},"end":{"line":126,"column":79}},"23":{"start":{"line":129,"column":8},"end":{"line":134,"column":10}},"24":{"start":{"line":137,"column":4},"end":{"line":137,"column":17}},"25":{"start":{"line":140,"column":2},"end":{"line":140,"column":14}}},"fnMap":{"0":{"name":"(anonymous_0)","decl":{"start":{"line":5,"column":17},"end":{"line":5,"column":18}},"loc":{"start":{"line":5,"column":43},"end":{"line":141,"column":1}},"line":5},"1":{"name":"(anonymous_1)","decl":{"start":{"line":49,"column":19},"end":{"line":49,"column":20}},"loc":{"start":{"line":49,"column":37},"end":{"line":120,"column":3}},"line":49},"2":{"name":"(anonymous_2)","decl":{"start":{"line":122,"column":32},"end":{"line":122,"column":33}},"loc":{"start":{"line":122,"column":73},"end":{"line":138,"column":3}},"line":122}},"branchMap":{"0":{"loc":{"start":{"line":123,"column":4},"end":{"line":135,"column":5}},"type":"switch","locations":[{"start":{"line":124,"column":6},"end":{"line":124,"column":13}},{"start":{"line":125,"column":6},"end":{"line":126,"column":79}},{"start":{"line":127,"column":6},"end":{"line":127,"column":13}},{"start":{"line":128,"column":6},"end":{"line":134,"column":10}}],"line":123}},"s":{"0":2,"1":2,"2":2,"3":2,"4":2,"5":2,"6":2,"7":2,"8":2,"9":2,"10":2,"11":2,"12":2,"13":2,"14":2,"15":2,"16":2,"17":2,"18":2,"19":2,"20":2,"21":1,"22":1,"23":0,"24":0,"25":2},"f":{"0":2,"1":2,"2":1},"b":{"0":[1,1,0,0]},"_coverageSchema":"1a1c01bbd47fc00a2c39e90264f33305004495a9","hash":"e2c5bd52c2931e87aa32f3c77cb086fc0c833100"}
,"/Users/luojiaxin/Desktop/RecipeSage/packages/backend/src/models/userSubscription.js": {"path":"/Users/luojiaxin/Desktop/RecipeSage/packages/backend/src/models/userSubscription.js","statementMap":{"0":{"start":{"line":2,"column":0},"end":{"line":29,"column":2}},"1":{"start":{"line":3,"column":27},"end":{"line":18,"column":8}},"2":{"start":{"line":19,"column":2},"end":{"line":27,"column":4}},"3":{"start":{"line":20,"column":4},"end":{"line":26,"column":7}},"4":{"start":{"line":28,"column":2},"end":{"line":28,"column":26}}},"fnMap":{"0":{"name":"(anonymous_0)","decl":{"start":{"line":2,"column":17},"end":{"line":2,"column":18}},"loc":{"start":{"line":2,"column":43},"end":{"line":29,"column":1}},"line":2},"1":{"name":"(anonymous_1)","decl":{"start":{"line":19,"column":31},"end":{"line":19,"column":32}},"loc":{"start":{"line":19,"column":48},"end":{"line":27,"column":3}},"line":19}},"branchMap":{},"s":{"0":2,"1":2,"2":2,"3":2,"4":2},"f":{"0":2,"1":2},"b":{},"_coverageSchema":"1a1c01bbd47fc00a2c39e90264f33305004495a9","hash":"c7af5b88a475d29d67cf46ebb9f756565d5d02a5"}
,"/Users/luojiaxin/Desktop/RecipeSage/packages/backend/src/models/user_profile_image.js": {"path":"/Users/luojiaxin/Desktop/RecipeSage/packages/backend/src/models/user_profile_image.js","statementMap":{"0":{"start":{"line":2,"column":0},"end":{"line":14,"column":2}},"1":{"start":{"line":3,"column":29},"end":{"line":11,"column":8}},"2":{"start":{"line":12,"column":2},"end":{"line":12,"column":47}},"3":{"start":{"line":13,"column":2},"end":{"line":13,"column":28}}},"fnMap":{"0":{"name":"(anonymous_0)","decl":{"start":{"line":2,"column":17},"end":{"line":2,"column":18}},"loc":{"start":{"line":2,"column":43},"end":{"line":14,"column":1}},"line":2},"1":{"name":"(anonymous_1)","decl":{"start":{"line":12,"column":33},"end":{"line":12,"column":34}},"loc":{"start":{"line":12,"column":44},"end":{"line":12,"column":46}},"line":12}},"branchMap":{},"s":{"0":2,"1":2,"2":2,"3":2},"f":{"0":2,"1":2},"b":{},"_coverageSchema":"1a1c01bbd47fc00a2c39e90264f33305004495a9","hash":"7c406f48d31a079af5bd6061809c771d0f3dd1ca"}
}
