TN:
SF:src/testutils.js
FN:1,randomString
FNF:1
FNH:1
FNDA:4,randomString
DA:2,4
DA:4,4
DA:5,80
DA:7,4
DA:9,2
LF:5
LH:5
BRF:0
BRH:0
end_of_record
TN:
SF:src/config/sequelize-config.js
FNF:0
FNH:0
DA:1,2
DA:18,2
LF:2
LH:2
BRDA:10,0,0,0
BRDA:10,0,1,2
BRDA:15,1,0,2
BRDA:15,1,1,0
BRF:4
BRH:2
end_of_record
TN:
SF:src/models/fcmtoken.js
FN:2,(anonymous_0)
FN:15,(anonymous_1)
FNF:2
FNH:2
FNDA:2,(anonymous_0)
FNDA:2,(anonymous_1)
DA:2,2
DA:3,2
DA:15,2
DA:16,2
DA:24,2
LF:5
LH:5
BRF:0
BRH:0
end_of_record
TN:
SF:src/models/image.js
FN:2,(anonymous_0)
FN:23,(anonymous_1)
FNF:2
FNH:2
FNDA:2,(anonymous_0)
FNDA:2,(anonymous_1)
DA:2,2
DA:3,2
DA:23,2
DA:24,2
DA:32,2
DA:39,2
DA:47,2
DA:54,2
DA:62,2
LF:9
LH:9
BRF:0
BRH:0
end_of_record
TN:
SF:src/models/index.js
FN:16,(anonymous_0)
FN:19,(anonymous_1)
FN:25,(anonymous_2)
FN:34,(anonymous_3)
FN:36,(anonymous_4)
FNF:5
FNH:3
FNDA:46,(anonymous_0)
FNDA:38,(anonymous_1)
FNDA:40,(anonymous_2)
FNDA:0,(anonymous_3)
FNDA:0,(anonymous_4)
DA:3,2
DA:4,2
DA:5,2
DA:6,2
DA:7,2
DA:8,2
DA:10,2
DA:12,2
DA:14,2
DA:17,46
DA:20,38
DA:21,38
DA:22,38
DA:25,2
DA:26,40
DA:27,38
DA:31,2
DA:33,2
DA:34,0
DA:35,0
DA:37,0
DA:41,2
DA:42,2
DA:44,2
LF:24
LH:21
BRDA:17,0,0,46
BRDA:17,0,1,46
BRDA:17,0,2,44
BRDA:17,0,3,42
BRDA:26,1,0,38
BRDA:26,1,1,2
BRDA:33,2,0,0
BRDA:33,2,1,2
BRF:8
BRH:7
end_of_record
TN:
SF:src/models/label.js
FN:2,(anonymous_0)
FN:15,(anonymous_1)
FNF:2
FNH:2
FNDA:2,(anonymous_0)
FNDA:2,(anonymous_1)
DA:2,2
DA:3,2
DA:15,2
DA:16,2
DA:24,2
DA:31,2
DA:36,2
LF:7
LH:7
BRF:0
BRH:0
end_of_record
TN:
SF:src/models/mealPlan_collaborator.js
FN:2,(anonymous_0)
FN:13,(anonymous_1)
FNF:2
FNH:2
FNDA:2,(anonymous_0)
FNDA:2,(anonymous_1)
DA:2,2
DA:3,2
DA:13,2
DA:14,2
LF:4
LH:4
BRF:0
BRH:0
end_of_record
TN:
SF:src/models/mealplan.js
FN:2,(anonymous_0)
FN:15,(anonymous_1)
FNF:2
FNH:2
FNDA:2,(anonymous_0)
FNDA:2,(anonymous_1)
DA:2,2
DA:3,2
DA:15,2
DA:16,2
DA:25,2
DA:32,2
DA:37,2
LF:7
LH:7
BRF:0
BRH:0
end_of_record
TN:
SF:src/models/mealplanitem.js
FN:2,(anonymous_0)
FN:24,(anonymous_1)
FNF:2
FNH:2
FNDA:2,(anonymous_0)
FNDA:2,(anonymous_1)
DA:2,2
DA:3,2
DA:24,2
DA:25,2
DA:34,2
DA:40,2
DA:49,2
DA:55,2
LF:8
LH:8
BRF:0
BRH:0
end_of_record
TN:
SF:src/models/message.js
FN:2,(anonymous_0)
FN:16,(anonymous_1)
FNF:2
FNH:2
FNDA:2,(anonymous_0)
FNDA:2,(anonymous_1)
DA:2,2
DA:3,2
DA:16,2
DA:17,2
DA:26,2
DA:35,2
DA:41,2
DA:47,2
LF:8
LH:8
BRF:0
BRH:0
end_of_record
TN:
SF:src/models/profileitem.js
FN:2,(anonymous_0)
FN:27,(anonymous_1)
FNF:2
FNH:2
FNDA:2,(anonymous_0)
FNDA:2,(anonymous_1)
DA:2,2
DA:3,2
DA:27,2
DA:28,2
DA:37,2
DA:46,2
DA:55,2
LF:7
LH:7
BRF:0
BRH:0
end_of_record
TN:
SF:src/models/recipe.js
FN:6,(anonymous_0)
FN:79,(anonymous_1)
FN:132,(anonymous_2)
FN:133,(anonymous_3)
FNF:4
FNH:4
FNDA:2,(anonymous_0)
FNDA:2,(anonymous_1)
FNDA:1,(anonymous_2)
FNDA:1,(anonymous_3)
DA:1,2
DA:2,2
DA:4,2
DA:6,2
DA:7,2
DA:79,2
DA:80,2
DA:88,2
DA:94,2
DA:101,2
DA:108,2
DA:112,2
DA:116,2
DA:120,2
DA:124,2
DA:132,2
DA:133,1
DA:134,1
DA:135,1
DA:141,2
LF:20
LH:20
BRDA:134,0,0,1
BRDA:134,0,1,0
BRF:2
BRH:1
end_of_record
TN:
SF:src/models/recipe_image.js
FN:2,(anonymous_0)
FN:12,(anonymous_1)
FNF:2
FNH:2
FNDA:2,(anonymous_0)
FNDA:2,(anonymous_1)
DA:2,2
DA:3,2
DA:12,2
DA:13,2
LF:4
LH:4
BRF:0
BRH:0
end_of_record
TN:
SF:src/models/recipe_label.js
FN:2,(anonymous_0)
FN:13,(anonymous_1)
FNF:2
FNH:2
FNDA:2,(anonymous_0)
FNDA:2,(anonymous_1)
DA:2,2
DA:3,2
DA:13,2
DA:14,2
LF:4
LH:4
BRF:0
BRH:0
end_of_record
TN:
SF:src/models/session.js
FN:2,(anonymous_0)
FN:23,(anonymous_1)
FNF:2
FNH:2
FNDA:2,(anonymous_0)
FNDA:2,(anonymous_1)
DA:2,2
DA:3,2
DA:23,2
DA:24,2
DA:32,2
LF:5
LH:5
BRF:0
BRH:0
end_of_record
TN:
SF:src/models/shoppingList_collaborator.js
FN:2,(anonymous_0)
FN:13,(anonymous_1)
FNF:2
FNH:2
FNDA:2,(anonymous_0)
FNDA:2,(anonymous_1)
DA:2,2
DA:3,2
DA:13,2
DA:14,2
LF:4
LH:4
BRF:0
BRH:0
end_of_record
TN:
SF:src/models/shoppinglist.js
FN:2,(anonymous_0)
FN:15,(anonymous_1)
FNF:2
FNH:2
FNDA:2,(anonymous_0)
FNDA:2,(anonymous_1)
DA:2,2
DA:3,2
DA:15,2
DA:16,2
DA:25,2
DA:32,2
DA:37,2
LF:7
LH:7
BRF:0
BRH:0
end_of_record
TN:
SF:src/models/shoppinglistitem.js
FN:2,(anonymous_0)
FN:20,(anonymous_1)
FNF:2
FNH:2
FNDA:2,(anonymous_0)
FNDA:2,(anonymous_1)
DA:2,2
DA:3,2
DA:20,2
DA:21,2
DA:30,2
DA:39,2
DA:45,2
DA:51,2
LF:8
LH:8
BRF:0
BRH:0
end_of_record
TN:
SF:src/models/stripePayment.js
FN:2,(anonymous_0)
FN:34,(anonymous_1)
FNF:2
FNH:2
FNDA:2,(anonymous_0)
FNDA:2,(anonymous_1)
DA:2,2
DA:3,2
DA:34,2
DA:35,2
DA:43,2
LF:5
LH:5
BRF:0
BRH:0
end_of_record
TN:
SF:src/models/user.js
FN:5,(anonymous_0)
FN:49,(anonymous_1)
FN:122,(anonymous_2)
FNF:3
FNH:3
FNDA:2,(anonymous_0)
FNDA:2,(anonymous_1)
FNDA:1,(anonymous_2)
DA:1,2
DA:3,2
DA:5,2
DA:6,2
DA:8,2
DA:49,2
DA:50,2
DA:54,2
DA:61,2
DA:66,2
DA:70,2
DA:74,2
DA:79,2
DA:84,2
DA:89,2
DA:96,2
DA:101,2
DA:106,2
DA:113,2
DA:117,2
DA:122,2
DA:123,1
DA:126,1
DA:129,0
DA:137,0
DA:140,2
LF:26
LH:24
BRDA:123,0,0,1
BRDA:123,0,1,1
BRDA:123,0,2,0
BRDA:123,0,3,0
BRF:4
BRH:2
end_of_record
TN:
SF:src/models/userSubscription.js
FN:2,(anonymous_0)
FN:19,(anonymous_1)
FNF:2
FNH:2
FNDA:2,(anonymous_0)
FNDA:2,(anonymous_1)
DA:2,2
DA:3,2
DA:19,2
DA:20,2
DA:28,2
LF:5
LH:5
BRF:0
BRH:0
end_of_record
TN:
SF:src/models/user_profile_image.js
FN:2,(anonymous_0)
FN:12,(anonymous_1)
FNF:2
FNH:2
FNDA:2,(anonymous_0)
FNDA:2,(anonymous_1)
DA:2,2
DA:3,2
DA:12,2
DA:13,2
LF:4
LH:4
BRF:0
BRH:0
end_of_record
