<?xml version="1.0" encoding="UTF-8"?>
<coverage generated="1682708937943" clover="3.2.0">
  <project timestamp="1682708937943" name="All files">
    <metrics statements="156" coveredstatements="154" conditionals="73" coveredconditionals="68" methods="40" coveredmethods="40" elements="269" coveredelements="262" complexity="0" loc="156" ncloc="156" packages="1" files="4" classes="4"/>
    <file name="get-shopping-list-item-groupings.js" path="/Users/luojiaxin/Desktop/RecipeSage/packages/util/src/get-shopping-list-item-groupings.js">
      <metrics statements="31" coveredstatements="31" conditionals="12" coveredconditionals="12" methods="9" coveredmethods="9"/>
      <line num="2" count="2" type="stmt"/>
      <line num="3" count="15" type="cond" truecount="4" falsecount="0"/>
      <line num="5" count="4" type="stmt"/>
      <line num="6" count="4" type="cond" truecount="2" falsecount="0"/>
      <line num="7" count="1" type="stmt"/>
      <line num="9" count="3" type="stmt"/>
      <line num="11" count="4" type="stmt"/>
      <line num="12" count="4" type="cond" truecount="2" falsecount="0"/>
      <line num="13" count="1" type="stmt"/>
      <line num="15" count="3" type="stmt"/>
      <line num="18" count="7" type="stmt"/>
      <line num="19" count="7" type="cond" truecount="2" falsecount="0"/>
      <line num="20" count="1" type="stmt"/>
      <line num="22" count="6" type="stmt"/>
      <line num="26" count="2" type="stmt"/>
      <line num="27" count="8" type="stmt"/>
      <line num="28" count="30" type="stmt"/>
      <line num="29" count="30" type="cond" truecount="2" falsecount="0"/>
      <line num="30" count="30" type="stmt"/>
      <line num="31" count="30" type="stmt"/>
      <line num="33" count="24" type="stmt"/>
      <line num="34" count="6" type="stmt"/>
      <line num="36" count="24" type="stmt"/>
      <line num="40" count="2" type="stmt"/>
      <line num="41" count="9" type="stmt"/>
      <line num="42" count="9" type="stmt"/>
      <line num="46" count="2" type="stmt"/>
      <line num="47" count="4" type="stmt"/>
      <line num="49" count="2" type="stmt"/>
      <line num="50" count="4" type="stmt"/>
      <line num="52" count="2" type="stmt"/>
    </file>
    <file name="index.js" path="/Users/luojiaxin/Desktop/RecipeSage/packages/util/src/index.js">
      <metrics statements="103" coveredstatements="101" conditionals="50" coveredconditionals="45" methods="26" coveredmethods="26"/>
      <line num="1" count="1" type="stmt"/>
      <line num="2" count="1" type="stmt"/>
      <line num="3" count="1" type="stmt"/>
      <line num="6" count="1" type="stmt"/>
      <line num="9" count="1" type="stmt"/>
      <line num="14" count="1" type="stmt"/>
      <line num="15" count="19" type="cond" truecount="2" falsecount="0"/>
      <line num="16" count="16" type="cond" truecount="2" falsecount="0"/>
      <line num="18" count="8" type="stmt"/>
      <line num="19" count="15" type="cond" truecount="2" falsecount="0"/>
      <line num="22" count="6" type="stmt"/>
      <line num="25" count="1" type="stmt"/>
      <line num="46" count="18" type="stmt"/>
      <line num="48" count="1" type="stmt"/>
      <line num="49" count="77" type="stmt"/>
      <line num="50" count="20" type="stmt"/>
      <line num="51" count="20" type="cond" truecount="1" falsecount="1"/>
      <line num="56" count="1" type="stmt"/>
      <line num="58" count="1" type="stmt"/>
      <line num="60" count="1" type="stmt"/>
      <line num="64" count="1" type="stmt"/>
      <line num="66" count="1" type="stmt"/>
      <line num="68" count="1" type="stmt"/>
      <line num="70" count="1" type="stmt"/>
      <line num="73" count="21" type="stmt"/>
      <line num="77" count="10" type="stmt"/>
      <line num="79" count="10" type="stmt"/>
      <line num="80" count="10" type="stmt"/>
      <line num="83" count="10" type="cond" truecount="2" falsecount="0"/>
      <line num="84" count="3" type="stmt"/>
      <line num="85" count="10" type="stmt"/>
      <line num="89" count="11" type="stmt"/>
      <line num="91" count="11" type="stmt"/>
      <line num="93" count="11" type="stmt"/>
      <line num="96" count="11" type="stmt"/>
      <line num="98" count="11" type="cond" truecount="1" falsecount="3"/>
      <line num="103" count="8" type="stmt"/>
      <line num="107" count="17" type="stmt"/>
      <line num="112" count="17" type="cond" truecount="2" falsecount="0"/>
      <line num="113" count="6" type="stmt"/>
      <line num="115" count="11" type="stmt"/>
      <line num="120" count="10" type="cond" truecount="2" falsecount="0"/>
      <line num="122" count="9" type="stmt"/>
      <line num="124" count="12" type="stmt"/>
      <line num="131" count="9" type="stmt"/>
      <line num="132" count="12" type="stmt"/>
      <line num="134" count="12" type="stmt"/>
      <line num="136" count="12" type="stmt"/>
      <line num="137" count="12" type="stmt"/>
      <line num="138" count="13" type="stmt"/>
      <line num="140" count="12" type="cond" truecount="4" falsecount="0"/>
      <line num="141" count="3" type="stmt"/>
      <line num="142" count="3" type="stmt"/>
      <line num="144" count="3" type="cond" truecount="2" falsecount="0"/>
      <line num="145" count="3" type="stmt"/>
      <line num="146" count="3" type="stmt"/>
      <line num="147" count="9" type="cond" truecount="4" falsecount="0"/>
      <line num="148" count="8" type="stmt"/>
      <line num="149" count="9" type="cond" truecount="1" falsecount="1"/>
      <line num="151" count="9" type="stmt"/>
      <line num="152" count="9" type="stmt"/>
      <line num="154" count="9" type="stmt"/>
      <line num="155" count="9" type="stmt"/>
      <line num="157" count="9" type="stmt"/>
      <line num="159" count="11" type="stmt"/>
      <line num="162" count="11" type="cond" truecount="2" falsecount="0"/>
      <line num="163" count="1" type="stmt"/>
      <line num="166" count="11" type="cond" truecount="2" falsecount="0"/>
      <line num="167" count="9" type="stmt"/>
      <line num="171" count="9" type="cond" truecount="2" falsecount="0"/>
      <line num="172" count="4" type="cond" truecount="2" falsecount="0"/>
      <line num="174" count="7" type="stmt"/>
      <line num="177" count="9" type="stmt"/>
      <line num="179" count="0" type="stmt"/>
      <line num="180" count="0" type="stmt"/>
      <line num="184" count="8" type="cond" truecount="2" falsecount="0"/>
      <line num="185" count="2" type="cond" truecount="2" falsecount="0"/>
      <line num="187" count="7" type="stmt"/>
      <line num="190" count="8" type="stmt"/>
      <line num="195" count="9" type="stmt"/>
      <line num="199" count="21" type="stmt"/>
      <line num="202" count="21" type="stmt"/>
      <line num="204" count="21" type="stmt"/>
      <line num="205" count="21" type="stmt"/>
      <line num="207" count="32" type="stmt"/>
      <line num="209" count="27" type="stmt"/>
      <line num="210" count="27" type="stmt"/>
      <line num="212" count="27" type="cond" truecount="4" falsecount="0"/>
      <line num="213" count="12" type="stmt"/>
      <line num="214" count="12" type="stmt"/>
      <line num="216" count="12" type="stmt"/>
      <line num="218" count="12" type="stmt"/>
      <line num="225" count="15" type="stmt"/>
      <line num="237" count="19" type="stmt"/>
      <line num="239" count="19" type="stmt"/>
      <line num="240" count="29" type="stmt"/>
      <line num="241" count="29" type="stmt"/>
      <line num="243" count="29" type="cond" truecount="4" falsecount="0"/>
      <line num="244" count="11" type="stmt"/>
      <line num="245" count="11" type="stmt"/>
      <line num="247" count="11" type="stmt"/>
      <line num="252" count="18" type="stmt"/>
      <line num="260" count="1" type="stmt"/>
    </file>
    <file name="shopping-list-categorizer.js" path="/Users/luojiaxin/Desktop/RecipeSage/packages/util/src/shopping-list-categorizer.js">
      <metrics statements="15" coveredstatements="15" conditionals="11" coveredconditionals="11" methods="4" coveredmethods="4"/>
      <line num="1" count="1" type="stmt"/>
      <line num="3" count="4509" type="stmt"/>
      <line num="5" count="1" type="stmt"/>
      <line num="17" count="1" type="stmt"/>
      <line num="18" count="11" type="stmt"/>
      <line num="19" count="11" type="cond" truecount="5" falsecount="0"/>
      <line num="20" count="8" type="cond" truecount="2" falsecount="0"/>
      <line num="22" count="5" type="stmt"/>
      <line num="23" count="3178" type="cond" truecount="2" falsecount="0"/>
      <line num="24" count="4943" type="stmt"/>
      <line num="26" count="3178" type="stmt"/>
      <line num="28" count="5" type="cond" truecount="2" falsecount="0"/>
      <line num="30" count="2" type="stmt"/>
      <line num="31" count="2" type="stmt"/>
      <line num="35" count="1" type="stmt"/>
    </file>
    <file name="units.js" path="/Users/luojiaxin/Desktop/RecipeSage/packages/util/src/units.js">
      <metrics statements="7" coveredstatements="7" conditionals="0" coveredconditionals="0" methods="1" coveredmethods="1"/>
      <line num="1" count="1" type="stmt"/>
      <line num="3" count="1" type="stmt"/>
      <line num="5" count="1" type="stmt"/>
      <line num="17" count="1" type="stmt"/>
      <line num="29" count="1" type="stmt"/>
      <line num="33" count="10" type="stmt"/>
      <line num="35" count="1" type="stmt"/>
    </file>
  </project>
</coverage>
