{"/Users/luojiaxin/Desktop/RecipeSage/packages/util/src/get-shopping-list-item-groupings.js": {"path":"/Users/luojiaxin/Desktop/RecipeSage/packages/util/src/get-shopping-list-item-groupings.js","statementMap":{"0":{"start":{"line":2,"column":17},"end":{"line":24,"column":1}},"1":{"start":{"line":3,"column":2},"end":{"line":23,"column":3}},"2":{"start":{"line":5,"column":23},"end":{"line":5,"column":72}},"3":{"start":{"line":6,"column":6},"end":{"line":8,"column":7}},"4":{"start":{"line":7,"column":8},"end":{"line":7,"column":46}},"5":{"start":{"line":9,"column":6},"end":{"line":9,"column":22}},"6":{"start":{"line":11,"column":30},"end":{"line":11,"column":79}},"7":{"start":{"line":12,"column":6},"end":{"line":14,"column":7}},"8":{"start":{"line":13,"column":8},"end":{"line":13,"column":46}},"9":{"start":{"line":15,"column":6},"end":{"line":15,"column":29}},"10":{"start":{"line":18,"column":25},"end":{"line":18,"column":55}},"11":{"start":{"line":19,"column":6},"end":{"line":21,"column":7}},"12":{"start":{"line":20,"column":8},"end":{"line":20,"column":65}},"13":{"start":{"line":22,"column":6},"end":{"line":22,"column":24}},"14":{"start":{"line":26,"column":21},"end":{"line":38,"column":1}},"15":{"start":{"line":27,"column":2},"end":{"line":37,"column":9}},"16":{"start":{"line":28,"column":16},"end":{"line":28,"column":29}},"17":{"start":{"line":29,"column":4},"end":{"line":29,"column":30}},"18":{"start":{"line":30,"column":4},"end":{"line":30,"column":24}},"19":{"start":{"line":31,"column":4},"end":{"line":31,"column":15}},"20":{"start":{"line":33,"column":4},"end":{"line":35,"column":7}},"21":{"start":{"line":34,"column":6},"end":{"line":34,"column":36}},"22":{"start":{"line":36,"column":4},"end":{"line":36,"column":15}},"23":{"start":{"line":43,"column":0},"end":{"line":84,"column":2}},"24":{"start":{"line":44,"column":22},"end":{"line":46,"column":4}},"25":{"start":{"line":45,"column":4},"end":{"line":45,"column":34}},"26":{"start":{"line":48,"column":22},"end":{"line":51,"column":4}},"27":{"start":{"line":48,"column":59},"end":{"line":48,"column":74}},"28":{"start":{"line":50,"column":4},"end":{"line":50,"column":30}},"29":{"start":{"line":53,"column":25},"end":{"line":56,"column":4}},"30":{"start":{"line":53,"column":62},"end":{"line":53,"column":80}},"31":{"start":{"line":55,"column":4},"end":{"line":55,"column":30}},"32":{"start":{"line":58,"column":28},"end":{"line":58,"column":69}},"33":{"start":{"line":59,"column":31},"end":{"line":59,"column":75}},"34":{"start":{"line":61,"column":32},"end":{"line":74,"column":8}},"35":{"start":{"line":62,"column":4},"end":{"line":62,"column":60}},"36":{"start":{"line":63,"column":16},"end":{"line":63,"column":39}},"37":{"start":{"line":64,"column":19},"end":{"line":64,"column":63}},"38":{"start":{"line":64,"column":34},"end":{"line":64,"column":62}},"39":{"start":{"line":65,"column":4},"end":{"line":71,"column":5}},"40":{"start":{"line":66,"column":6},"end":{"line":69,"column":8}},"41":{"start":{"line":70,"column":6},"end":{"line":70,"column":25}},"42":{"start":{"line":72,"column":4},"end":{"line":72,"column":30}},"43":{"start":{"line":73,"column":4},"end":{"line":73,"column":15}},"44":{"start":{"line":76,"column":2},"end":{"line":83,"column":3}}},"fnMap":{"0":{"name":"(anonymous_0)","decl":{"start":{"line":2,"column":17},"end":{"line":2,"column":18}},"loc":{"start":{"line":2,"column":35},"end":{"line":24,"column":1}},"line":2},"1":{"name":"(anonymous_1)","decl":{"start":{"line":26,"column":21},"end":{"line":26,"column":22}},"loc":{"start":{"line":26,"column":49},"end":{"line":38,"column":1}},"line":26},"2":{"name":"(anonymous_2)","decl":{"start":{"line":27,"column":37},"end":{"line":27,"column":38}},"loc":{"start":{"line":27,"column":52},"end":{"line":32,"column":3}},"line":27},"3":{"name":"(anonymous_3)","decl":{"start":{"line":32,"column":17},"end":{"line":32,"column":18}},"loc":{"start":{"line":32,"column":40},"end":{"line":37,"column":3}},"line":32},"4":{"name":"(anonymous_4)","decl":{"start":{"line":33,"column":26},"end":{"line":33,"column":27}},"loc":{"start":{"line":33,"column":36},"end":{"line":35,"column":5}},"line":33},"5":{"name":"(anonymous_5)","decl":{"start":{"line":43,"column":17},"end":{"line":43,"column":18}},"loc":{"start":{"line":43,"column":36},"end":{"line":84,"column":1}},"line":43},"6":{"name":"(anonymous_6)","decl":{"start":{"line":44,"column":33},"end":{"line":44,"column":34}},"loc":{"start":{"line":44,"column":43},"end":{"line":46,"column":3}},"line":44},"7":{"name":"(anonymous_7)","decl":{"start":{"line":48,"column":51},"end":{"line":48,"column":52}},"loc":{"start":{"line":48,"column":59},"end":{"line":48,"column":74}},"line":48},"8":{"name":"(anonymous_8)","decl":{"start":{"line":48,"column":83},"end":{"line":48,"column":84}},"loc":{"start":{"line":48,"column":93},"end":{"line":51,"column":3}},"line":48},"9":{"name":"(anonymous_9)","decl":{"start":{"line":53,"column":54},"end":{"line":53,"column":55}},"loc":{"start":{"line":53,"column":62},"end":{"line":53,"column":80}},"line":53},"10":{"name":"(anonymous_10)","decl":{"start":{"line":53,"column":89},"end":{"line":53,"column":90}},"loc":{"start":{"line":53,"column":99},"end":{"line":56,"column":3}},"line":53},"11":{"name":"(anonymous_11)","decl":{"start":{"line":61,"column":45},"end":{"line":61,"column":46}},"loc":{"start":{"line":61,"column":60},"end":{"line":74,"column":3}},"line":61},"12":{"name":"(anonymous_12)","decl":{"start":{"line":64,"column":28},"end":{"line":64,"column":29}},"loc":{"start":{"line":64,"column":34},"end":{"line":64,"column":62}},"line":64}},"branchMap":{"0":{"loc":{"start":{"line":3,"column":2},"end":{"line":23,"column":3}},"type":"switch","locations":[{"start":{"line":4,"column":4},"end":{"line":9,"column":22}},{"start":{"line":10,"column":4},"end":{"line":15,"column":29}},{"start":{"line":16,"column":4},"end":{"line":16,"column":18}},{"start":{"line":17,"column":4},"end":{"line":22,"column":24}}],"line":3},"1":{"loc":{"start":{"line":6,"column":6},"end":{"line":8,"column":7}},"type":"if","locations":[{"start":{"line":6,"column":6},"end":{"line":8,"column":7}},{"start":{},"end":{}}],"line":6},"2":{"loc":{"start":{"line":12,"column":6},"end":{"line":14,"column":7}},"type":"if","locations":[{"start":{"line":12,"column":6},"end":{"line":14,"column":7}},{"start":{},"end":{}}],"line":12},"3":{"loc":{"start":{"line":19,"column":6},"end":{"line":21,"column":7}},"type":"if","locations":[{"start":{"line":19,"column":6},"end":{"line":21,"column":7}},{"start":{},"end":{}}],"line":19},"4":{"loc":{"start":{"line":29,"column":15},"end":{"line":29,"column":29}},"type":"binary-expr","locations":[{"start":{"line":29,"column":15},"end":{"line":29,"column":23}},{"start":{"line":29,"column":27},"end":{"line":29,"column":29}}],"line":29},"5":{"loc":{"start":{"line":62,"column":30},"end":{"line":62,"column":59}},"type":"binary-expr","locations":[{"start":{"line":62,"column":30},"end":{"line":62,"column":53}},{"start":{"line":62,"column":57},"end":{"line":62,"column":59}}],"line":62},"6":{"loc":{"start":{"line":65,"column":4},"end":{"line":71,"column":5}},"type":"if","locations":[{"start":{"line":65,"column":4},"end":{"line":71,"column":5}},{"start":{},"end":{}}],"line":65}},"s":{"0":1,"1":0,"2":0,"3":0,"4":0,"5":0,"6":0,"7":0,"8":0,"9":0,"10":0,"11":0,"12":0,"13":0,"14":1,"15":0,"16":0,"17":0,"18":0,"19":0,"20":0,"21":0,"22":0,"23":1,"24":0,"25":0,"26":0,"27":0,"28":0,"29":0,"30":0,"31":0,"32":0,"33":0,"34":0,"35":0,"36":0,"37":0,"38":0,"39":0,"40":0,"41":0,"42":0,"43":0,"44":0},"f":{"0":0,"1":0,"2":0,"3":0,"4":0,"5":0,"6":0,"7":0,"8":0,"9":0,"10":0,"11":0,"12":0},"b":{"0":[0,0,0,0],"1":[0,0],"2":[0,0],"3":[0,0],"4":[0,0],"5":[0,0],"6":[0,0]},"inputSourceMap":null,"_coverageSchema":"1a1c01bbd47fc00a2c39e90264f33305004495a9","hash":"998e35c1e99fdae34472cfbfbde7c4864c29f0d8"}
,"/Users/luojiaxin/Desktop/RecipeSage/packages/util/src/index.js": {"path":"/Users/luojiaxin/Desktop/RecipeSage/packages/util/src/index.js","statementMap":{"0":{"start":{"line":1,"column":19},"end":{"line":1,"column":41}},"1":{"start":{"line":2,"column":18},"end":{"line":2,"column":39}},"2":{"start":{"line":3,"column":37},"end":{"line":3,"column":85}},"3":{"start":{"line":6,"column":27},"end":{"line":6,"column":43}},"4":{"start":{"line":9,"column":24},"end":{"line":12,"column":1}},"5":{"start":{"line":14,"column":22},"end":{"line":23,"column":1}},"6":{"start":{"line":15,"column":2},"end":{"line":15,"column":28}},"7":{"start":{"line":15,"column":15},"end":{"line":15,"column":28}},"8":{"start":{"line":16,"column":2},"end":{"line":16,"column":53}},"9":{"start":{"line":16,"column":40},"end":{"line":16,"column":53}},"10":{"start":{"line":18,"column":2},"end":{"line":20,"column":3}},"11":{"start":{"line":18,"column":15},"end":{"line":18,"column":16}},"12":{"start":{"line":19,"column":4},"end":{"line":19,"column":76}},"13":{"start":{"line":19,"column":63},"end":{"line":19,"column":76}},"14":{"start":{"line":22,"column":2},"end":{"line":22,"column":14}},"15":{"start":{"line":25,"column":25},"end":{"line":44,"column":1}},"16":{"start":{"line":46,"column":28},"end":{"line":46,"column":148}},"17":{"start":{"line":46,"column":78},"end":{"line":46,"column":97}},"18":{"start":{"line":46,"column":114},"end":{"line":46,"column":131}},"19":{"start":{"line":48,"column":31},"end":{"line":53,"column":1}},"20":{"start":{"line":49,"column":2},"end":{"line":52,"column":5}},"21":{"start":{"line":50,"column":20},"end":{"line":50,"column":64}},"22":{"start":{"line":51,"column":4},"end":{"line":51,"column":40}},"23":{"start":{"line":56,"column":19},"end":{"line":56,"column":29}},"24":{"start":{"line":58,"column":34},"end":{"line":58,"column":47}},"25":{"start":{"line":60,"column":26},"end":{"line":60,"column":118}},"26":{"start":{"line":64,"column":23},"end":{"line":64,"column":121}},"27":{"start":{"line":66,"column":34},"end":{"line":66,"column":107}},"28":{"start":{"line":68,"column":26},"end":{"line":68,"column":90}},"29":{"start":{"line":70,"column":20},"end":{"line":70,"column":29}},"30":{"start":{"line":73,"column":2},"end":{"line":73,"column":69}},"31":{"start":{"line":77,"column":29},"end":{"line":77,"column":63}},"32":{"start":{"line":79,"column":2},"end":{"line":85,"column":40}},"33":{"start":{"line":80,"column":29},"end":{"line":81,"column":63}},"34":{"start":{"line":83,"column":4},"end":{"line":83,"column":60}},"35":{"start":{"line":83,"column":26},"end":{"line":83,"column":60}},"36":{"start":{"line":84,"column":4},"end":{"line":84,"column":16}},"37":{"start":{"line":85,"column":27},"end":{"line":85,"column":38}},"38":{"start":{"line":89,"column":29},"end":{"line":89,"column":63}},"39":{"start":{"line":91,"column":35},"end":{"line":91,"column":104}},"40":{"start":{"line":93,"column":2},"end":{"line":99,"column":12}},"41":{"start":{"line":96,"column":6},"end":{"line":96,"column":96}},"42":{"start":{"line":98,"column":42},"end":{"line":98,"column":134}},"43":{"start":{"line":103,"column":2},"end":{"line":103,"column":35}},"44":{"start":{"line":107,"column":18},"end":{"line":110,"column":74}},"45":{"start":{"line":112,"column":2},"end":{"line":116,"column":3}},"46":{"start":{"line":113,"column":4},"end":{"line":113,"column":36}},"47":{"start":{"line":115,"column":4},"end":{"line":115,"column":19}},"48":{"start":{"line":120,"column":2},"end":{"line":120,"column":30}},"49":{"start":{"line":120,"column":20},"end":{"line":120,"column":30}},"50":{"start":{"line":122,"column":2},"end":{"line":122,"column":52}},"51":{"start":{"line":124,"column":14},"end":{"line":129,"column":5}},"52":{"start":{"line":124,"column":59},"end":{"line":129,"column":3}},"53":{"start":{"line":131,"column":2},"end":{"line":193,"column":3}},"54":{"start":{"line":131,"column":15},"end":{"line":131,"column":16}},"55":{"start":{"line":132,"column":15},"end":{"line":132,"column":38}},"56":{"start":{"line":134,"column":24},"end":{"line":134,"column":48}},"57":{"start":{"line":136,"column":37},"end":{"line":136,"column":91}},"58":{"start":{"line":137,"column":28},"end":{"line":137,"column":65}},"59":{"start":{"line":138,"column":29},"end":{"line":138,"column":95}},"60":{"start":{"line":138,"column":61},"end":{"line":138,"column":94}},"61":{"start":{"line":140,"column":4},"end":{"line":192,"column":5}},"62":{"start":{"line":141,"column":19},"end":{"line":141,"column":35}},"63":{"start":{"line":142,"column":26},"end":{"line":142,"column":64}},"64":{"start":{"line":144,"column":6},"end":{"line":144,"column":83}},"65":{"start":{"line":144,"column":19},"end":{"line":144,"column":83}},"66":{"start":{"line":145,"column":6},"end":{"line":145,"column":39}},"67":{"start":{"line":146,"column":6},"end":{"line":146,"column":31}},"68":{"start":{"line":147,"column":11},"end":{"line":192,"column":5}},"69":{"start":{"line":147,"column":45},"end":{"line":147,"column":64}},"70":{"start":{"line":148,"column":37},"end":{"line":182,"column":8}},"71":{"start":{"line":149,"column":8},"end":{"line":149,"column":45}},"72":{"start":{"line":149,"column":17},"end":{"line":149,"column":45}},"73":{"start":{"line":151,"column":8},"end":{"line":181,"column":9}},"74":{"start":{"line":152,"column":28},"end":{"line":152,"column":33}},"75":{"start":{"line":154,"column":44},"end":{"line":154,"column":82}},"76":{"start":{"line":155,"column":35},"end":{"line":155,"column":60}},"77":{"start":{"line":157,"column":10},"end":{"line":168,"column":11}},"78":{"start":{"line":157,"column":23},"end":{"line":157,"column":24}},"79":{"start":{"line":159,"column":36},"end":{"line":159,"column":85}},"80":{"start":{"line":162,"column":12},"end":{"line":164,"column":13}},"81":{"start":{"line":163,"column":14},"end":{"line":163,"column":69}},"82":{"start":{"line":166,"column":12},"end":{"line":167,"column":57}},"83":{"start":{"line":166,"column":25},"end":{"line":166,"column":112}},"84":{"start":{"line":167,"column":17},"end":{"line":167,"column":57}},"85":{"start":{"line":171,"column":10},"end":{"line":175,"column":11}},"86":{"start":{"line":172,"column":12},"end":{"line":172,"column":156}},"87":{"start":{"line":172,"column":88},"end":{"line":172,"column":150}},"88":{"start":{"line":174,"column":12},"end":{"line":174,"column":63}},"89":{"start":{"line":177,"column":10},"end":{"line":177,"column":85}},"90":{"start":{"line":179,"column":10},"end":{"line":179,"column":45}},"91":{"start":{"line":180,"column":10},"end":{"line":180,"column":38}},"92":{"start":{"line":184,"column":6},"end":{"line":188,"column":7}},"93":{"start":{"line":185,"column":8},"end":{"line":185,"column":153}},"94":{"start":{"line":185,"column":87},"end":{"line":185,"column":147}},"95":{"start":{"line":187,"column":8},"end":{"line":187,"column":62}},"96":{"start":{"line":190,"column":6},"end":{"line":190,"column":32}},"97":{"start":{"line":195,"column":2},"end":{"line":195,"column":15}},"98":{"start":{"line":199,"column":2},"end":{"line":199,"column":54}},"99":{"start":{"line":202,"column":21},"end":{"line":202,"column":31}},"100":{"start":{"line":204,"column":18},"end":{"line":204,"column":19}},"101":{"start":{"line":205,"column":2},"end":{"line":232,"column":7}},"102":{"start":{"line":207,"column":27},"end":{"line":207,"column":52}},"103":{"start":{"line":209,"column":17},"end":{"line":209,"column":35}},"104":{"start":{"line":210,"column":26},"end":{"line":210,"column":50}},"105":{"start":{"line":212,"column":6},"end":{"line":231,"column":7}},"106":{"start":{"line":213,"column":21},"end":{"line":213,"column":37}},"107":{"start":{"line":214,"column":28},"end":{"line":214,"column":66}},"108":{"start":{"line":216,"column":8},"end":{"line":216,"column":22}},"109":{"start":{"line":218,"column":8},"end":{"line":223,"column":9}},"110":{"start":{"line":225,"column":8},"end":{"line":230,"column":9}},"111":{"start":{"line":237,"column":21},"end":{"line":237,"column":31}},"112":{"start":{"line":239,"column":2},"end":{"line":257,"column":5}},"113":{"start":{"line":240,"column":15},"end":{"line":240,"column":26}},"114":{"start":{"line":241,"column":24},"end":{"line":241,"column":48}},"115":{"start":{"line":243,"column":4},"end":{"line":256,"column":5}},"116":{"start":{"line":244,"column":19},"end":{"line":244,"column":35}},"117":{"start":{"line":245,"column":26},"end":{"line":245,"column":64}},"118":{"start":{"line":247,"column":6},"end":{"line":250,"column":7}},"119":{"start":{"line":252,"column":6},"end":{"line":255,"column":7}},"120":{"start":{"line":260,"column":0},"end":{"line":272,"column":1}}},"fnMap":{"0":{"name":"(anonymous_0)","decl":{"start":{"line":14,"column":22},"end":{"line":14,"column":23}},"loc":{"start":{"line":14,"column":32},"end":{"line":23,"column":1}},"line":14},"1":{"name":"(anonymous_1)","decl":{"start":{"line":46,"column":73},"end":{"line":46,"column":74}},"loc":{"start":{"line":46,"column":78},"end":{"line":46,"column":97}},"line":46},"2":{"name":"(anonymous_2)","decl":{"start":{"line":46,"column":103},"end":{"line":46,"column":104}},"loc":{"start":{"line":46,"column":114},"end":{"line":46,"column":131}},"line":46},"3":{"name":"(anonymous_3)","decl":{"start":{"line":48,"column":31},"end":{"line":48,"column":32}},"loc":{"start":{"line":48,"column":42},"end":{"line":53,"column":1}},"line":48},"4":{"name":"(anonymous_4)","decl":{"start":{"line":49,"column":46},"end":{"line":49,"column":47}},"loc":{"start":{"line":49,"column":55},"end":{"line":52,"column":3}},"line":49},"5":{"name":"stripNotes","decl":{"start":{"line":72,"column":9},"end":{"line":72,"column":19}},"loc":{"start":{"line":72,"column":32},"end":{"line":74,"column":1}},"line":72},"6":{"name":"getMeasurementsForIngredient","decl":{"start":{"line":76,"column":9},"end":{"line":76,"column":37}},"loc":{"start":{"line":76,"column":50},"end":{"line":86,"column":1}},"line":76},"7":{"name":"(anonymous_7)","decl":{"start":{"line":79,"column":65},"end":{"line":79,"column":66}},"loc":{"start":{"line":79,"column":83},"end":{"line":85,"column":3}},"line":79},"8":{"name":"(anonymous_8)","decl":{"start":{"line":85,"column":12},"end":{"line":85,"column":13}},"loc":{"start":{"line":85,"column":27},"end":{"line":85,"column":38}},"line":85},"9":{"name":"getTitleForIngredient","decl":{"start":{"line":88,"column":9},"end":{"line":88,"column":30}},"loc":{"start":{"line":88,"column":43},"end":{"line":100,"column":1}},"line":88},"10":{"name":"(anonymous_10)","decl":{"start":{"line":95,"column":9},"end":{"line":95,"column":10}},"loc":{"start":{"line":95,"column":27},"end":{"line":97,"column":5}},"line":95},"11":{"name":"(anonymous_11)","decl":{"start":{"line":98,"column":12},"end":{"line":98,"column":13}},"loc":{"start":{"line":98,"column":42},"end":{"line":98,"column":134}},"line":98},"12":{"name":"isHeader","decl":{"start":{"line":102,"column":9},"end":{"line":102,"column":17}},"loc":{"start":{"line":102,"column":25},"end":{"line":104,"column":1}},"line":102},"13":{"name":"stripIngredient","decl":{"start":{"line":106,"column":9},"end":{"line":106,"column":24}},"loc":{"start":{"line":106,"column":37},"end":{"line":117,"column":1}},"line":106},"14":{"name":"parseIngredients","decl":{"start":{"line":119,"column":9},"end":{"line":119,"column":25}},"loc":{"start":{"line":119,"column":55},"end":{"line":196,"column":1}},"line":119},"15":{"name":"(anonymous_15)","decl":{"start":{"line":124,"column":49},"end":{"line":124,"column":50}},"loc":{"start":{"line":124,"column":59},"end":{"line":129,"column":3}},"line":124},"16":{"name":"(anonymous_16)","decl":{"start":{"line":138,"column":49},"end":{"line":138,"column":50}},"loc":{"start":{"line":138,"column":61},"end":{"line":138,"column":94}},"line":138},"17":{"name":"(anonymous_17)","decl":{"start":{"line":147,"column":39},"end":{"line":147,"column":40}},"loc":{"start":{"line":147,"column":45},"end":{"line":147,"column":64}},"line":147},"18":{"name":"(anonymous_18)","decl":{"start":{"line":148,"column":60},"end":{"line":148,"column":61}},"loc":{"start":{"line":148,"column":73},"end":{"line":182,"column":7}},"line":148},"19":{"name":"(anonymous_19)","decl":{"start":{"line":172,"column":57},"end":{"line":172,"column":58}},"loc":{"start":{"line":172,"column":88},"end":{"line":172,"column":150}},"line":172},"20":{"name":"(anonymous_20)","decl":{"start":{"line":185,"column":57},"end":{"line":185,"column":58}},"loc":{"start":{"line":185,"column":87},"end":{"line":185,"column":147}},"line":185},"21":{"name":"parseInstructions","decl":{"start":{"line":198,"column":9},"end":{"line":198,"column":26}},"loc":{"start":{"line":198,"column":41},"end":{"line":233,"column":1}},"line":198},"22":{"name":"(anonymous_22)","decl":{"start":{"line":207,"column":12},"end":{"line":207,"column":13}},"loc":{"start":{"line":207,"column":27},"end":{"line":207,"column":52}},"line":207},"23":{"name":"(anonymous_23)","decl":{"start":{"line":208,"column":9},"end":{"line":208,"column":10}},"loc":{"start":{"line":208,"column":24},"end":{"line":232,"column":5}},"line":208},"24":{"name":"parseNotes","decl":{"start":{"line":235,"column":9},"end":{"line":235,"column":19}},"loc":{"start":{"line":235,"column":27},"end":{"line":258,"column":1}},"line":235},"25":{"name":"(anonymous_25)","decl":{"start":{"line":239,"column":34},"end":{"line":239,"column":35}},"loc":{"start":{"line":239,"column":42},"end":{"line":257,"column":3}},"line":239}},"branchMap":{"0":{"loc":{"start":{"line":15,"column":2},"end":{"line":15,"column":28}},"type":"if","locations":[{"start":{"line":15,"column":2},"end":{"line":15,"column":28}},{"start":{},"end":{}}],"line":15},"1":{"loc":{"start":{"line":16,"column":2},"end":{"line":16,"column":53}},"type":"if","locations":[{"start":{"line":16,"column":2},"end":{"line":16,"column":53}},{"start":{},"end":{}}],"line":16},"2":{"loc":{"start":{"line":19,"column":4},"end":{"line":19,"column":76}},"type":"if","locations":[{"start":{"line":19,"column":4},"end":{"line":19,"column":76}},{"start":{},"end":{}}],"line":19},"3":{"loc":{"start":{"line":51,"column":11},"end":{"line":51,"column":39}},"type":"cond-expr","locations":[{"start":{"line":51,"column":21},"end":{"line":51,"column":31}},{"start":{"line":51,"column":34},"end":{"line":51,"column":39}}],"line":51},"4":{"loc":{"start":{"line":83,"column":4},"end":{"line":83,"column":60}},"type":"if","locations":[{"start":{"line":83,"column":4},"end":{"line":83,"column":60}},{"start":{},"end":{}}],"line":83},"5":{"loc":{"start":{"line":98,"column":66},"end":{"line":98,"column":133}},"type":"cond-expr","locations":[{"start":{"line":98,"column":93},"end":{"line":98,"column":128}},{"start":{"line":98,"column":131},"end":{"line":98,"column":133}}],"line":98},"6":{"loc":{"start":{"line":98,"column":93},"end":{"line":98,"column":128}},"type":"binary-expr","locations":[{"start":{"line":98,"column":93},"end":{"line":98,"column":122}},{"start":{"line":98,"column":126},"end":{"line":98,"column":128}}],"line":98},"7":{"loc":{"start":{"line":112,"column":2},"end":{"line":116,"column":3}},"type":"if","locations":[{"start":{"line":112,"column":2},"end":{"line":116,"column":3}},{"start":{"line":114,"column":9},"end":{"line":116,"column":3}}],"line":112},"8":{"loc":{"start":{"line":120,"column":2},"end":{"line":120,"column":30}},"type":"if","locations":[{"start":{"line":120,"column":2},"end":{"line":120,"column":30}},{"start":{},"end":{}}],"line":120},"9":{"loc":{"start":{"line":140,"column":4},"end":{"line":192,"column":5}},"type":"if","locations":[{"start":{"line":140,"column":4},"end":{"line":192,"column":5}},{"start":{"line":147,"column":11},"end":{"line":192,"column":5}}],"line":140},"10":{"loc":{"start":{"line":140,"column":8},"end":{"line":140,"column":49}},"type":"binary-expr","locations":[{"start":{"line":140,"column":8},"end":{"line":140,"column":21}},{"start":{"line":140,"column":25},"end":{"line":140,"column":49}}],"line":140},"11":{"loc":{"start":{"line":144,"column":6},"end":{"line":144,"column":83}},"type":"if","locations":[{"start":{"line":144,"column":6},"end":{"line":144,"column":83}},{"start":{},"end":{}}],"line":144},"12":{"loc":{"start":{"line":147,"column":11},"end":{"line":192,"column":5}},"type":"if","locations":[{"start":{"line":147,"column":11},"end":{"line":192,"column":5}},{"start":{},"end":{}}],"line":147},"13":{"loc":{"start":{"line":147,"column":45},"end":{"line":147,"column":64}},"type":"binary-expr","locations":[{"start":{"line":147,"column":45},"end":{"line":147,"column":47}},{"start":{"line":147,"column":51},"end":{"line":147,"column":64}}],"line":147},"14":{"loc":{"start":{"line":149,"column":8},"end":{"line":149,"column":45}},"type":"if","locations":[{"start":{"line":149,"column":8},"end":{"line":149,"column":45}},{"start":{},"end":{}}],"line":149},"15":{"loc":{"start":{"line":162,"column":12},"end":{"line":164,"column":13}},"type":"if","locations":[{"start":{"line":162,"column":12},"end":{"line":164,"column":13}},{"start":{},"end":{}}],"line":162},"16":{"loc":{"start":{"line":166,"column":12},"end":{"line":167,"column":57}},"type":"if","locations":[{"start":{"line":166,"column":12},"end":{"line":167,"column":57}},{"start":{"line":167,"column":17},"end":{"line":167,"column":57}}],"line":166},"17":{"loc":{"start":{"line":171,"column":10},"end":{"line":175,"column":11}},"type":"if","locations":[{"start":{"line":171,"column":10},"end":{"line":175,"column":11}},{"start":{"line":173,"column":17},"end":{"line":175,"column":11}}],"line":171},"18":{"loc":{"start":{"line":172,"column":113},"end":{"line":172,"column":149}},"type":"binary-expr","locations":[{"start":{"line":172,"column":113},"end":{"line":172,"column":143}},{"start":{"line":172,"column":147},"end":{"line":172,"column":149}}],"line":172},"19":{"loc":{"start":{"line":184,"column":6},"end":{"line":188,"column":7}},"type":"if","locations":[{"start":{"line":184,"column":6},"end":{"line":188,"column":7}},{"start":{"line":186,"column":13},"end":{"line":188,"column":7}}],"line":184},"20":{"loc":{"start":{"line":185,"column":111},"end":{"line":185,"column":146}},"type":"binary-expr","locations":[{"start":{"line":185,"column":111},"end":{"line":185,"column":140}},{"start":{"line":185,"column":144},"end":{"line":185,"column":146}}],"line":185},"21":{"loc":{"start":{"line":212,"column":6},"end":{"line":231,"column":7}},"type":"if","locations":[{"start":{"line":212,"column":6},"end":{"line":231,"column":7}},{"start":{"line":224,"column":13},"end":{"line":231,"column":7}}],"line":212},"22":{"loc":{"start":{"line":212,"column":10},"end":{"line":212,"column":51}},"type":"binary-expr","locations":[{"start":{"line":212,"column":10},"end":{"line":212,"column":23}},{"start":{"line":212,"column":27},"end":{"line":212,"column":51}}],"line":212},"23":{"loc":{"start":{"line":243,"column":4},"end":{"line":256,"column":5}},"type":"if","locations":[{"start":{"line":243,"column":4},"end":{"line":256,"column":5}},{"start":{"line":251,"column":11},"end":{"line":256,"column":5}}],"line":243},"24":{"loc":{"start":{"line":243,"column":8},"end":{"line":243,"column":49}},"type":"binary-expr","locations":[{"start":{"line":243,"column":8},"end":{"line":243,"column":21}},{"start":{"line":243,"column":25},"end":{"line":243,"column":49}}],"line":243}},"s":{"0":1,"1":1,"2":1,"3":1,"4":1,"5":1,"6":19,"7":3,"8":16,"9":10,"10":6,"11":6,"12":11,"13":2,"14":4,"15":1,"16":1,"17":18,"18":18,"19":1,"20":51,"21":19,"22":19,"23":1,"24":1,"25":1,"26":1,"27":1,"28":1,"29":1,"30":21,"31":10,"32":10,"33":10,"34":10,"35":7,"36":3,"37":10,"38":11,"39":11,"40":11,"41":11,"42":11,"43":8,"44":0,"45":0,"46":0,"47":0,"48":0,"49":0,"50":0,"51":0,"52":0,"53":0,"54":0,"55":0,"56":0,"57":0,"58":0,"59":0,"60":0,"61":0,"62":0,"63":0,"64":0,"65":0,"66":0,"67":0,"68":0,"69":0,"70":0,"71":0,"72":0,"73":0,"74":0,"75":0,"76":0,"77":0,"78":0,"79":0,"80":0,"81":0,"82":0,"83":0,"84":0,"85":0,"86":0,"87":0,"88":0,"89":0,"90":0,"91":0,"92":0,"93":0,"94":0,"95":0,"96":0,"97":0,"98":21,"99":21,"100":21,"101":21,"102":32,"103":27,"104":27,"105":27,"106":12,"107":12,"108":12,"109":12,"110":15,"111":19,"112":19,"113":29,"114":29,"115":29,"116":11,"117":11,"118":11,"119":18,"120":1},"f":{"0":19,"1":18,"2":18,"3":51,"4":19,"5":21,"6":10,"7":10,"8":10,"9":11,"10":11,"11":11,"12":8,"13":0,"14":0,"15":0,"16":0,"17":0,"18":0,"19":0,"20":0,"21":21,"22":32,"23":27,"24":19,"25":29},"b":{"0":[3,16],"1":[10,6],"2":[2,9],"3":[19,0],"4":[7,3],"5":[0,11],"6":[0,0],"7":[0,0],"8":[0,0],"9":[0,0],"10":[0,0],"11":[0,0],"12":[0,0],"13":[0,0],"14":[0,0],"15":[0,0],"16":[0,0],"17":[0,0],"18":[0,0],"19":[0,0],"20":[0,0],"21":[12,15],"22":[27,12],"23":[11,18],"24":[29,11]},"inputSourceMap":null,"_coverageSchema":"1a1c01bbd47fc00a2c39e90264f33305004495a9","hash":"db7838c26924254813dc3ef354c89775980a00b5"}
,"/Users/luojiaxin/Desktop/RecipeSage/packages/util/src/units.js": {"path":"/Users/luojiaxin/Desktop/RecipeSage/packages/util/src/units.js","statementMap":{"0":{"start":{"line":1,"column":14},"end":{"line":1,"column":33}},"1":{"start":{"line":3,"column":0},"end":{"line":3,"column":28}},"2":{"start":{"line":5,"column":0},"end":{"line":15,"column":5}},"3":{"start":{"line":17,"column":0},"end":{"line":27,"column":5}},"4":{"start":{"line":29,"column":0},"end":{"line":31,"column":3}},"5":{"start":{"line":33,"column":18},"end":{"line":33,"column":142}},"6":{"start":{"line":33,"column":88},"end":{"line":33,"column":140}},"7":{"start":{"line":35,"column":0},"end":{"line":38,"column":2}}},"fnMap":{"0":{"name":"(anonymous_0)","decl":{"start":{"line":33,"column":75},"end":{"line":33,"column":76}},"loc":{"start":{"line":33,"column":88},"end":{"line":33,"column":140}},"line":33}},"branchMap":{},"s":{"0":1,"1":1,"2":1,"3":1,"4":1,"5":1,"6":10,"7":1},"f":{"0":10},"b":{},"inputSourceMap":null,"_coverageSchema":"1a1c01bbd47fc00a2c39e90264f33305004495a9","hash":"471640ac511f8ff323536d44993f512cac804bfa"}
}
