TN:
SF:src/get-shopping-list-item-groupings.js
FN:2,(anonymous_0)
FN:26,(anonymous_1)
FN:27,(anonymous_2)
FN:32,(anonymous_3)
FN:33,(anonymous_4)
FN:43,(anonymous_5)
FN:44,(anonymous_6)
FN:48,(anonymous_7)
FN:48,(anonymous_8)
FN:53,(anonymous_9)
FN:53,(anonymous_10)
FN:61,(anonymous_11)
FN:64,(anonymous_12)
FNF:13
FNH:0
FNDA:0,(anonymous_0)
FNDA:0,(anonymous_1)
FNDA:0,(anonymous_2)
FNDA:0,(anonymous_3)
FNDA:0,(anonymous_4)
FNDA:0,(anonymous_5)
FNDA:0,(anonymous_6)
FNDA:0,(anonymous_7)
FNDA:0,(anonymous_8)
FNDA:0,(anonymous_9)
FNDA:0,(anonymous_10)
FNDA:0,(anonymous_11)
FNDA:0,(anonymous_12)
DA:2,1
DA:3,0
DA:5,0
DA:6,0
DA:7,0
DA:9,0
DA:11,0
DA:12,0
DA:13,0
DA:15,0
DA:18,0
DA:19,0
DA:20,0
DA:22,0
DA:26,1
DA:27,0
DA:28,0
DA:29,0
DA:30,0
DA:31,0
DA:33,0
DA:34,0
DA:36,0
DA:43,1
DA:44,0
DA:45,0
DA:48,0
DA:50,0
DA:53,0
DA:55,0
DA:58,0
DA:59,0
DA:61,0
DA:62,0
DA:63,0
DA:64,0
DA:65,0
DA:66,0
DA:70,0
DA:72,0
DA:73,0
DA:76,0
LF:42
LH:3
BRDA:3,0,0,0
BRDA:3,0,1,0
BRDA:3,0,2,0
BRDA:3,0,3,0
BRDA:6,1,0,0
BRDA:6,1,1,0
BRDA:12,2,0,0
BRDA:12,2,1,0
BRDA:19,3,0,0
BRDA:19,3,1,0
BRDA:29,4,0,0
BRDA:29,4,1,0
BRDA:62,5,0,0
BRDA:62,5,1,0
BRDA:65,6,0,0
BRDA:65,6,1,0
BRF:16
BRH:0
end_of_record
TN:
SF:src/index.js
FN:14,(anonymous_0)
FN:46,(anonymous_1)
FN:46,(anonymous_2)
FN:48,(anonymous_3)
FN:49,(anonymous_4)
FN:72,stripNotes
FN:76,getMeasurementsForIngredient
FN:79,(anonymous_7)
FN:85,(anonymous_8)
FN:88,getTitleForIngredient
FN:95,(anonymous_10)
FN:98,(anonymous_11)
FN:102,isHeader
FN:106,stripIngredient
FN:119,parseIngredients
FN:124,(anonymous_15)
FN:138,(anonymous_16)
FN:147,(anonymous_17)
FN:148,(anonymous_18)
FN:172,(anonymous_19)
FN:185,(anonymous_20)
FN:198,parseInstructions
FN:207,(anonymous_22)
FN:208,(anonymous_23)
FN:235,parseNotes
FN:239,(anonymous_25)
FNF:26
FNH:18
FNDA:19,(anonymous_0)
FNDA:18,(anonymous_1)
FNDA:18,(anonymous_2)
FNDA:51,(anonymous_3)
FNDA:19,(anonymous_4)
FNDA:21,stripNotes
FNDA:10,getMeasurementsForIngredient
FNDA:10,(anonymous_7)
FNDA:10,(anonymous_8)
FNDA:11,getTitleForIngredient
FNDA:11,(anonymous_10)
FNDA:11,(anonymous_11)
FNDA:8,isHeader
FNDA:0,stripIngredient
FNDA:0,parseIngredients
FNDA:0,(anonymous_15)
FNDA:0,(anonymous_16)
FNDA:0,(anonymous_17)
FNDA:0,(anonymous_18)
FNDA:0,(anonymous_19)
FNDA:0,(anonymous_20)
FNDA:21,parseInstructions
FNDA:32,(anonymous_22)
FNDA:27,(anonymous_23)
FNDA:19,parseNotes
FNDA:29,(anonymous_25)
DA:1,1
DA:2,1
DA:3,1
DA:6,1
DA:9,1
DA:14,1
DA:15,19
DA:16,16
DA:18,6
DA:19,11
DA:22,4
DA:25,1
DA:46,18
DA:48,1
DA:49,51
DA:50,19
DA:51,19
DA:56,1
DA:58,1
DA:60,1
DA:64,1
DA:66,1
DA:68,1
DA:70,1
DA:73,21
DA:77,10
DA:79,10
DA:80,10
DA:83,10
DA:84,3
DA:85,10
DA:89,11
DA:91,11
DA:93,11
DA:96,11
DA:98,11
DA:103,8
DA:107,0
DA:112,0
DA:113,0
DA:115,0
DA:120,0
DA:122,0
DA:124,0
DA:131,0
DA:132,0
DA:134,0
DA:136,0
DA:137,0
DA:138,0
DA:140,0
DA:141,0
DA:142,0
DA:144,0
DA:145,0
DA:146,0
DA:147,0
DA:148,0
DA:149,0
DA:151,0
DA:152,0
DA:154,0
DA:155,0
DA:157,0
DA:159,0
DA:162,0
DA:163,0
DA:166,0
DA:167,0
DA:171,0
DA:172,0
DA:174,0
DA:177,0
DA:179,0
DA:180,0
DA:184,0
DA:185,0
DA:187,0
DA:190,0
DA:195,0
DA:199,21
DA:202,21
DA:204,21
DA:205,21
DA:207,32
DA:209,27
DA:210,27
DA:212,27
DA:213,12
DA:214,12
DA:216,12
DA:218,12
DA:225,15
DA:237,19
DA:239,19
DA:240,29
DA:241,29
DA:243,29
DA:244,11
DA:245,11
DA:247,11
DA:252,18
DA:260,1
LF:103
LH:60
BRDA:15,0,0,3
BRDA:15,0,1,16
BRDA:16,1,0,10
BRDA:16,1,1,6
BRDA:19,2,0,2
BRDA:19,2,1,9
BRDA:51,3,0,19
BRDA:51,3,1,0
BRDA:83,4,0,7
BRDA:83,4,1,3
BRDA:98,5,0,0
BRDA:98,5,1,11
BRDA:98,6,0,0
BRDA:98,6,1,0
BRDA:112,7,0,0
BRDA:112,7,1,0
BRDA:120,8,0,0
BRDA:120,8,1,0
BRDA:140,9,0,0
BRDA:140,9,1,0
BRDA:140,10,0,0
BRDA:140,10,1,0
BRDA:144,11,0,0
BRDA:144,11,1,0
BRDA:147,12,0,0
BRDA:147,12,1,0
BRDA:147,13,0,0
BRDA:147,13,1,0
BRDA:149,14,0,0
BRDA:149,14,1,0
BRDA:162,15,0,0
BRDA:162,15,1,0
BRDA:166,16,0,0
BRDA:166,16,1,0
BRDA:171,17,0,0
BRDA:171,17,1,0
BRDA:172,18,0,0
BRDA:172,18,1,0
BRDA:184,19,0,0
BRDA:184,19,1,0
BRDA:185,20,0,0
BRDA:185,20,1,0
BRDA:212,21,0,12
BRDA:212,21,1,15
BRDA:212,22,0,27
BRDA:212,22,1,12
BRDA:243,23,0,11
BRDA:243,23,1,18
BRDA:243,24,0,29
BRDA:243,24,1,11
BRF:50
BRH:18
end_of_record
TN:
SF:src/units.js
FN:33,(anonymous_0)
FNF:1
FNH:1
FNDA:10,(anonymous_0)
DA:1,1
DA:3,1
DA:5,1
DA:17,1
DA:29,1
DA:33,10
DA:35,1
LF:7
LH:7
BRF:0
BRH:0
end_of_record
