TN:
SF:src/get-shopping-list-item-groupings.js
FN:2,(anonymous_0)
FN:26,(anonymous_1)
FN:27,(anonymous_2)
FN:32,(anonymous_3)
FN:33,(anonymous_4)
FN:40,(anonymous_5)
FN:41,(anonymous_6)
FN:46,(anonymous_7)
FN:49,(anonymous_8)
FNF:9
FNH:9
FNDA:15,(anonymous_0)
FNDA:8,(anonymous_1)
FNDA:30,(anonymous_2)
FNDA:24,(anonymous_3)
FNDA:6,(anonymous_4)
FNDA:9,(anonymous_5)
FNDA:9,(anonymous_6)
FNDA:4,(anonymous_7)
FNDA:4,(anonymous_8)
DA:2,2
DA:3,15
DA:5,4
DA:6,4
DA:7,1
DA:9,3
DA:11,4
DA:12,4
DA:13,1
DA:15,3
DA:18,7
DA:19,7
DA:20,1
DA:22,6
DA:26,2
DA:27,8
DA:28,30
DA:29,30
DA:30,30
DA:31,30
DA:33,24
DA:34,6
DA:36,24
DA:40,2
DA:41,9
DA:42,9
DA:46,2
DA:47,4
DA:49,2
DA:50,4
DA:52,2
LF:31
LH:31
BRDA:3,0,0,4
BRDA:3,0,1,4
BRDA:3,0,2,4
BRDA:3,0,3,7
BRDA:6,1,0,1
BRDA:6,1,1,3
BRDA:12,2,0,1
BRDA:12,2,1,3
BRDA:19,3,0,1
BRDA:19,3,1,6
BRDA:29,4,0,30
BRDA:29,4,1,24
BRF:12
BRH:12
end_of_record
TN:
SF:src/index.js
FN:14,(anonymous_0)
FN:46,(anonymous_1)
FN:46,(anonymous_2)
FN:48,(anonymous_3)
FN:49,(anonymous_4)
FN:72,stripNotes
FN:76,getMeasurementsForIngredient
FN:79,(anonymous_7)
FN:85,(anonymous_8)
FN:88,getTitleForIngredient
FN:95,(anonymous_10)
FN:98,(anonymous_11)
FN:102,isHeader
FN:106,stripIngredient
FN:119,parseIngredients
FN:124,(anonymous_15)
FN:138,(anonymous_16)
FN:147,(anonymous_17)
FN:148,(anonymous_18)
FN:172,(anonymous_19)
FN:185,(anonymous_20)
FN:198,parseInstructions
FN:207,(anonymous_22)
FN:208,(anonymous_23)
FN:235,parseNotes
FN:239,(anonymous_25)
FNF:26
FNH:26
FNDA:19,(anonymous_0)
FNDA:18,(anonymous_1)
FNDA:18,(anonymous_2)
FNDA:77,(anonymous_3)
FNDA:20,(anonymous_4)
FNDA:21,stripNotes
FNDA:10,getMeasurementsForIngredient
FNDA:10,(anonymous_7)
FNDA:10,(anonymous_8)
FNDA:11,getTitleForIngredient
FNDA:11,(anonymous_10)
FNDA:11,(anonymous_11)
FNDA:8,isHeader
FNDA:17,stripIngredient
FNDA:10,parseIngredients
FNDA:12,(anonymous_15)
FNDA:13,(anonymous_16)
FNDA:9,(anonymous_17)
FNDA:9,(anonymous_18)
FNDA:4,(anonymous_19)
FNDA:2,(anonymous_20)
FNDA:21,parseInstructions
FNDA:32,(anonymous_22)
FNDA:27,(anonymous_23)
FNDA:19,parseNotes
FNDA:29,(anonymous_25)
DA:1,1
DA:2,1
DA:3,1
DA:6,1
DA:9,1
DA:14,1
DA:15,19
DA:16,16
DA:18,8
DA:19,15
DA:22,6
DA:25,1
DA:46,18
DA:48,1
DA:49,77
DA:50,20
DA:51,20
DA:56,1
DA:58,1
DA:60,1
DA:64,1
DA:66,1
DA:68,1
DA:70,1
DA:73,21
DA:77,10
DA:79,10
DA:80,10
DA:83,10
DA:84,3
DA:85,10
DA:89,11
DA:91,11
DA:93,11
DA:96,11
DA:98,11
DA:103,8
DA:107,17
DA:112,17
DA:113,6
DA:115,11
DA:120,10
DA:122,9
DA:124,12
DA:131,9
DA:132,12
DA:134,12
DA:136,12
DA:137,12
DA:138,13
DA:140,12
DA:141,3
DA:142,3
DA:144,3
DA:145,3
DA:146,3
DA:147,9
DA:148,8
DA:149,9
DA:151,9
DA:152,9
DA:154,9
DA:155,9
DA:157,9
DA:159,11
DA:162,11
DA:163,1
DA:166,11
DA:167,9
DA:171,9
DA:172,4
DA:174,7
DA:177,9
DA:179,0
DA:180,0
DA:184,8
DA:185,2
DA:187,7
DA:190,8
DA:195,9
DA:199,21
DA:202,21
DA:204,21
DA:205,21
DA:207,32
DA:209,27
DA:210,27
DA:212,27
DA:213,12
DA:214,12
DA:216,12
DA:218,12
DA:225,15
DA:237,19
DA:239,19
DA:240,29
DA:241,29
DA:243,29
DA:244,11
DA:245,11
DA:247,11
DA:252,18
DA:260,1
LF:103
LH:101
BRDA:15,0,0,3
BRDA:15,0,1,16
BRDA:16,1,0,8
BRDA:16,1,1,8
BRDA:19,2,0,2
BRDA:19,2,1,13
BRDA:51,3,0,20
BRDA:51,3,1,0
BRDA:83,4,0,7
BRDA:83,4,1,3
BRDA:98,5,0,0
BRDA:98,5,1,11
BRDA:98,6,0,0
BRDA:98,6,1,0
BRDA:112,7,0,6
BRDA:112,7,1,11
BRDA:120,8,0,1
BRDA:120,8,1,9
BRDA:140,9,0,3
BRDA:140,9,1,9
BRDA:140,10,0,12
BRDA:140,10,1,3
BRDA:144,11,0,1
BRDA:144,11,1,2
BRDA:147,12,0,8
BRDA:147,12,1,1
BRDA:147,13,0,9
BRDA:147,13,1,8
BRDA:149,14,0,0
BRDA:149,14,1,9
BRDA:162,15,0,1
BRDA:162,15,1,10
BRDA:166,16,0,2
BRDA:166,16,1,9
BRDA:171,17,0,2
BRDA:171,17,1,7
BRDA:172,18,0,4
BRDA:172,18,1,2
BRDA:184,19,0,1
BRDA:184,19,1,7
BRDA:185,20,0,2
BRDA:185,20,1,1
BRDA:212,21,0,12
BRDA:212,21,1,15
BRDA:212,22,0,27
BRDA:212,22,1,12
BRDA:243,23,0,11
BRDA:243,23,1,18
BRDA:243,24,0,29
BRDA:243,24,1,11
BRF:50
BRH:45
end_of_record
TN:
SF:src/shopping-list-categorizer.js
FN:3,(anonymous_0)
FN:17,(anonymous_1)
FN:22,(anonymous_2)
FN:24,(anonymous_3)
FNF:4
FNH:4
FNDA:4509,(anonymous_0)
FNDA:11,(anonymous_1)
FNDA:3178,(anonymous_2)
FNDA:4943,(anonymous_3)
DA:1,1
DA:3,4509
DA:5,1
DA:17,1
DA:18,11
DA:19,11
DA:20,8
DA:22,5
DA:23,3178
DA:24,4943
DA:26,3178
DA:28,5
DA:30,2
DA:31,2
DA:35,1
LF:15
LH:15
BRDA:19,0,0,3
BRDA:19,0,1,8
BRDA:19,1,0,11
BRDA:19,1,1,10
BRDA:19,1,2,9
BRDA:20,2,0,3
BRDA:20,2,1,5
BRDA:23,3,0,80
BRDA:23,3,1,3098
BRDA:28,4,0,3
BRDA:28,4,1,2
BRF:11
BRH:11
end_of_record
TN:
SF:src/units.js
FN:33,(anonymous_0)
FNF:1
FNH:1
FNDA:10,(anonymous_0)
DA:1,1
DA:3,1
DA:5,1
DA:17,1
DA:29,1
DA:33,10
DA:35,1
LF:7
LH:7
BRF:0
BRH:0
end_of_record
